#-----------------------------------------------------------
# Vivado v2020.2 (64-bit)
# SW Build 3064766 on Wed Nov 18 09:12:45 MST 2020
# IP Build 3064653 on Wed Nov 18 14:17:31 MST 2020
# Start of session at: Thu Mar 14 18:29:56 2024
# Process ID: 22756
# Current directory: C:/Users/rlatk/OneDrive/Study/SNU 2-2/Digital Logic Design and Lab/final_project
# Command line: vivado.exe -gui_launcher_event rodinguilauncherevent21200 C:\Users\rlatk\OneDrive\Study\SNU 2-2\Digital Logic Design and Lab\final_project\final_project.xpr
# Log file: C:/Users/rlatk/OneDrive/Study/SNU 2-2/Digital Logic Design and Lab/final_project/vivado.log
# Journal file: C:/Users/rlatk/OneDrive/Study/SNU 2-2/Digital Logic Design and Lab/final_project\vivado.jou
#-----------------------------------------------------------
start_gui
open_project {C:/Users/rlatk/OneDrive/Study/SNU 2-2/Digital Logic Design and Lab/final_project/final_project.xpr}
WARNING: [filemgmt 56-3] Default IP Output Path : Could not find the directory 'C:/Users/rlatk/OneDrive/Study/SNU 2-2/Digital Logic Design and Lab/final_project/final_project.gen/sources_1'.
Scanning sources...
Finished scanning sources
INFO: [IP_Flow 19-234] Refreshing IP repositories
INFO: [IP_Flow 19-1704] No user IP repositories specified
INFO: [IP_Flow 19-2313] Loaded Vivado IP repository 'C:/Xilinx/Vivado/2020.2/data/ip'.
open_project: Time (s): cpu = 00:00:19 ; elapsed = 00:00:23 . Memory (MB): peak = 1074.625 ; gain = 0.000
update_compile_order -fileset sources_1
exit
INFO: [Common 17-206] Exiting Vivado at Tue Mar 19 20:50:45 2024...
