#-----------------------------------------------------------
# Vivado v2020.2 (64-bit)
# SW Build 3064766 on Wed Nov 18 09:12:45 MST 2020
# IP Build 3064653 on Wed Nov 18 14:17:31 MST 2020
# Start of session at: Wed Dec  6 18:13:41 2023
# Process ID: 18796
# Current directory: C:/Users/rlatk/OneDrive - SNU/Study/SNU 2-2/Digital Logic Design and Lab/final_project
# Command line: vivado.exe -gui_launcher_event rodinguilauncherevent19336 C:\Users\rlatk\OneDrive - SNU\Study\SNU 2-2\Digital Logic Design and Lab\final_project\final_project.xpr
# Log file: C:/Users/rlatk/OneDrive - SNU/Study/SNU 2-2/Digital Logic Design and Lab/final_project/vivado.log
# Journal file: C:/Users/rlatk/OneDrive - SNU/Study/SNU 2-2/Digital Logic Design and Lab/final_project\vivado.jou
#-----------------------------------------------------------
start_gui
open_project {C:/Users/rlatk/OneDrive - SNU/Study/SNU 2-2/Digital Logic Design and Lab/final_project/final_project.xpr}
INFO: [ProjectBase 1-489] The host OS only allows 260 characters in a normal path. The project is stored in a path with more than 80 characters. If you experience issues with IP, Block Designs, or files not being found, please consider moving the project to a location with a shorter path. Alternately consider using the OS subst command to map part of the path to a drive letter.
Current project path is 'C:/Users/rlatk/OneDrive - SNU/Study/SNU 2-2/Digital Logic Design and Lab/final_project'
WARNING: [filemgmt 56-3] Default IP Output Path : Could not find the directory 'C:/Users/rlatk/OneDrive - SNU/Study/SNU 2-2/Digital Logic Design and Lab/final_project/final_project.gen/sources_1'.
Scanning sources...
Finished scanning sources
INFO: [IP_Flow 19-234] Refreshing IP repositories
INFO: [IP_Flow 19-1704] No user IP repositories specified
INFO: [IP_Flow 19-2313] Loaded Vivado IP repository 'C:/Xilinx/Vivado/2020.2/data/ip'.
open_project: Time (s): cpu = 00:00:09 ; elapsed = 00:00:10 . Memory (MB): peak = 1088.852 ; gain = 0.000
launch_simulation
Command: launch_simulation 
boost::filesystem::remove: 다른 프로세스가 파일을 사용 중이기 때문에 프로세스가 액세스 할 수 없습니다: "C:/Users/rlatk/OneDrive - SNU/Study/SNU 2-2/Digital Logic Design and Lab/final_project/final_project.sim/sim_1/behav/xsim/simulate.log"
update_compile_order -fileset sources_1
launch_simulation
Command: launch_simulation 
boost::filesystem::remove: 다른 프로세스가 파일을 사용 중이기 때문에 프로세스가 액세스 할 수 없습니다: "C:/Users/rlatk/OneDrive - SNU/Study/SNU 2-2/Digital Logic Design and Lab/final_project/final_project.sim/sim_1/behav/xsim/simulate.log"
exit
INFO: [Common 17-206] Exiting Vivado at Wed Dec  6 18:14:42 2023...
