#
# A fatal error has been detected by the Java Runtime Environment:
#
#  EXCEPTION_ACCESS_VIOLATION (0xc0000005) at pc=0x00007ff9c9982745, pid=13268, tid=14644
#
# JRE version: OpenJDK Runtime Environment (11.0.2+9) (build 11.0.2+9)
# Java VM: OpenJDK 64-Bit Server VM (11.0.2+9, mixed mode, tiered, compressed oops, g1 gc, windows-amd64)
# Problematic frame:
# C  [librdi_common.dll+0x192745]
#
# No core dump will be written. Minidumps are not enabled by default on client versions of Windows
#
# If you would like to submit a bug report, please visit:
#   http://bugreport.java.com/bugreport/crash.jsp
# The crash happened outside the Java Virtual Machine in native code.
# See problematic frame for where to report the bug.
#

---------------  S U M M A R Y ------------

Command Line: -Dsun.java2d.pmoffscreen=false -Dhttps.protocols=TLSv1,TLSv1.1,TLSv1.2 -Dsun.java2d.xrender=false -Dsun.java2d.d3d=false -Dsun.awt.nopixfmt=true -Dsun.java2d.dpiaware=true -Dsun.java2d.uiScale.enabled=false -Xverify:none -Dswing.aatext=true -XX:-UsePerfData -Djdk.map.althashing.threshold=512 -XX:StringTableSize=4072 --add-opens=java.base/java.nio=ALL-UNNAMED --add-opens=java.desktop/sun.swing=ALL-UNNAMED --add-opens=java.desktop/javax.swing=ALL-UNNAMED --add-opens=java.desktop/javax.swing.tree=ALL-UNNAMED --add-opens=java.desktop/javax.swing.plaf.basic=ALL-UNNAMED --add-opens=java.desktop/javax.swing.plaf.synth=ALL-UNNAMED --add-opens=java.desktop/com.sun.awt=ALL-UNNAMED -XX:NewSize=60m -XX:MaxNewSize=60m -Xms128m -Xmx3072m -Xss5m 

Host: Intel(R) Core(TM) i5-10210U CPU @ 1.60GHz, 8 cores, 15G,  Windows 10 , 64 bit Build 22621 (10.0.22621.2506)
Time: Wed Dec  6 18:19:24 2023 대한민국 표준시 elapsed time: 188 seconds (0d 0h 3m 8s)

---------------  T H R E A D  ---------------

Current thread (0x0000026046a21000):  JavaThread "AWT-EventQueue-0" [_thread_in_native, id=14644, stack(0x000000791c700000,0x000000791cc00000)]

Stack: [0x000000791c700000,0x000000791cc00000],  sp=0x000000791cbfab40,  free space=5098k
Native frames: (J=compiled Java code, j=interpreted, Vv=VM code, C=native code)
C  [librdi_common.dll+0x192745]
C  [librdi_common.dll+0x187998]
C  [librdi_common.dll+0x15073d]
C  0x00007ff993af3750
C  0x00007ff993b77ebd
C  0x00007ff993b800ab
C  0x00007ff993b5159a
C  0x00007ff993b8ea98
C  0x0000026056b4aead

Java frames: (J=compiled Java code, j=interpreted, Vv=VM code)
J 17176  ui.views.waveform.waveformi.WVExecutive_getTooltipTextDelayed(J)Ljava/lang/String; (0 bytes) @ 0x0000026056b4ae11 [0x0000026056b4adc0+0x0000000000000051]
J 17171 c1 ui.views.waveform.b.a.ca(Ljava/awt/event/MouseEvent;)V (135 bytes) @ 0x000002604faeec0c [0x000002604faee6a0+0x000000000000056c]
J 17183 c1 ui.views.waveform.b.a.mouseMoved(Ljava/awt/event/MouseEvent;)V (32 bytes) @ 0x000002604faf7eec [0x000002604faf7a20+0x00000000000004cc]
J 15589 c1 java.awt.AWTEventMulticaster.mouseMoved(Ljava/awt/event/MouseEvent;)V java.desktop@11.0.2 (27 bytes) @ 0x0000026050842704 [0x0000026050842300+0x0000000000000404]
J 15589 c1 java.awt.AWTEventMulticaster.mouseMoved(Ljava/awt/event/MouseEvent;)V java.desktop@11.0.2 (27 bytes) @ 0x000002605084252c [0x0000026050842300+0x000000000000022c]
J 15607 c1 java.awt.Component.processMouseMotionEvent(Ljava/awt/event/MouseEvent;)V java.desktop@11.0.2 (58 bytes) @ 0x000002605086d684 [0x000002605086d360+0x0000000000000324]
J 15606 c1 javax.swing.JComponent.processMouseMotionEvent(Ljava/awt/event/MouseEvent;)V java.desktop@11.0.2 (46 bytes) @ 0x000002605086cd04 [0x000002605086c740+0x00000000000005c4]
J 16472 c1 ui.frmwork.b.j.processMouseMotionEvent(Ljava/awt/event/MouseEvent;)V (131 bytes) @ 0x0000026050b1d4cc [0x0000026050b1c800+0x0000000000000ccc]
J 14187 c2 java.awt.Container.processEvent(Ljava/awt/AWTEvent;)V java.desktop@11.0.2 (22 bytes) @ 0x0000026056729dd8 [0x0000026056729c20+0x00000000000001b8]
J 16525 c2 java.awt.Component.dispatchEventImpl(Ljava/awt/AWTEvent;)V java.desktop@11.0.2 (777 bytes) @ 0x0000026056a5ce24 [0x0000026056a5c1a0+0x0000000000000c84]
j  java.awt.Container.dispatchEventImpl(Ljava/awt/AWTEvent;)V+42 java.desktop@11.0.2
J 16506 c2 java.awt.LightweightDispatcher.retargetMouseEvent(Ljava/awt/Component;ILjava/awt/event/MouseEvent;)V java.desktop@11.0.2 (372 bytes) @ 0x0000026056050c48 [0x00000260560506e0+0x0000000000000568]
J 15612 c1 java.awt.LightweightDispatcher.processMouseEvent(Ljava/awt/event/MouseEvent;)Z java.desktop@11.0.2 (265 bytes) @ 0x000002605086ec44 [0x000002605086dc60+0x0000000000000fe4]
J 15534 c1 java.awt.LightweightDispatcher.dispatchEvent(Ljava/awt/AWTEvent;)Z java.desktop@11.0.2 (73 bytes) @ 0x00000260507d078c [0x00000260507d0320+0x000000000000046c]
j  java.awt.Container.dispatchEventImpl(Ljava/awt/AWTEvent;)V+12 java.desktop@11.0.2
J 15506 c1 java.awt.Window.dispatchEventImpl(Ljava/awt/AWTEvent;)V java.desktop@11.0.2 (23 bytes) @ 0x00000260507bfa4c [0x00000260507bf420+0x000000000000062c]
J 14010 c2 java.awt.EventQueue$4.run()Ljava/lang/Object; java.desktop@11.0.2 (5 bytes) @ 0x00000260566dcbc0 [0x00000260566dc6e0+0x00000000000004e0]
v  ~StubRoutines::call_stub
J 3680  java.security.AccessController.doPrivileged(Ljava/security/PrivilegedAction;Ljava/security/AccessControlContext;)Ljava/lang/Object; java.base@11.0.2 (0 bytes) @ 0x0000026055d13f36 [0x0000026055d13ec0+0x0000000000000076]
J 11199 c1 java.awt.EventQueue$5.run()Ljava/lang/Object; java.desktop@11.0.2 (5 bytes) @ 0x000002604f0e2c3c [0x000002604f0e28e0+0x000000000000035c]
v  ~StubRoutines::call_stub
J 3680  java.security.AccessController.doPrivileged(Ljava/security/PrivilegedAction;Ljava/security/AccessControlContext;)Ljava/lang/Object; java.base@11.0.2 (0 bytes) @ 0x0000026055d13f36 [0x0000026055d13ec0+0x0000000000000076]
J 13997 c2 java.awt.EventQueue.dispatchEvent(Ljava/awt/AWTEvent;)V java.desktop@11.0.2 (80 bytes) @ 0x00000260566c6164 [0x00000260566c5bc0+0x00000000000005a4]
J 13999 c2 ui.frmwork.a.d.dispatchEvent(Ljava/awt/AWTEvent;)V (42 bytes) @ 0x00000260566c7054 [0x00000260566c6f60+0x00000000000000f4]
j  java.awt.EventDispatchThread.pumpOneEventForFilters(I)V+78 java.desktop@11.0.2
j  java.awt.EventDispatchThread.pumpEventsForFilter(ILjava/awt/Conditional;Ljava/awt/EventFilter;)V+35 java.desktop@11.0.2
j  java.awt.EventDispatchThread.pumpEventsForHierarchy(ILjava/awt/Conditional;Ljava/awt/Component;)V+11 java.desktop@11.0.2
j  java.awt.EventDispatchThread.pumpEvents(ILjava/awt/Conditional;)V+4 java.desktop@11.0.2
j  java.awt.EventDispatchThread.pumpEvents(Ljava/awt/Conditional;)V+3 java.desktop@11.0.2
j  java.awt.EventDispatchThread.run()V+9 java.desktop@11.0.2
v  ~StubRoutines::call_stub

siginfo: EXCEPTION_ACCESS_VIOLATION (0xc0000005), reading address 0xffffffffffffffff


Register to memory mapping:

RIP=0x00007ff9c9982745 librdi_common.dll
RAX=0x000002602ae5ab01 points into unknown readable memory: 00 00 00 00 00 00 00
RBX=0x9003faffbb6a9692 is an unknown value
RCX=0x000002602ae5ab10 points into unknown readable memory: b0 4b e7 2a 60 02 00 00
RDX=0x9003faffbb6a9692 is an unknown value
RSP=0x000000791cbfab40 is pointing into the stack for thread: 0x0000026046a21000
RBP=0x000000791cbfac70 is pointing into the stack for thread: 0x0000026046a21000
RSI=0x00000260726d35b0 points into unknown readable memory: b8 e1 d3 93 f9 7f 00 00
RDI=0x000000791cbfaf08 is pointing into the stack for thread: 0x0000026046a21000
R8 =0x000000791cbfad88 is pointing into the stack for thread: 0x0000026046a21000
R9 =0x0 is NULL
R10=0x00007ff9caa90000 VCRUNTIME140.dll
R11=0xe7ffffbfff6fffbf is an unknown value
R12=0x0 is NULL
R13=0x000000791cbfad88 is pointing into the stack for thread: 0x0000026046a21000
R14=0x000002602748f790 points into unknown readable memory: 10 54 40 2a 60 02 00 00
R15=0x9003faffbb6a9692 is an unknown value


Registers:
RAX=0x000002602ae5ab01, RBX=0x9003faffbb6a9692, RCX=0x000002602ae5ab10, RDX=0x9003faffbb6a9692
RSP=0x000000791cbfab40, RBP=0x000000791cbfac70, RSI=0x00000260726d35b0, RDI=0x000000791cbfaf08
R8 =0x000000791cbfad88, R9 =0x0000000000000000, R10=0x00007ff9caa90000, R11=0xe7ffffbfff6fffbf
R12=0x0000000000000000, R13=0x000000791cbfad88, R14=0x000002602748f790, R15=0x9003faffbb6a9692
RIP=0x00007ff9c9982745, EFLAGS=0x0000000000010202

Top of Stack: (sp=0x000000791cbfab40)
0x000000791cbfab40:   0000026027390000 00007ff900000005
0x000000791cbfab50:   00000000000000a8 9003faffbb6a9692
0x000000791cbfab60:   9003faffbb6a9692 00007ff9c9977998
0x000000791cbfab70:   0000000000000000 0000000000000000
0x000000791cbfab80:   0000000000000000 000002606e58d1b8
0x000000791cbfab90:   0000000000000000 00007ffa260d1b06
0x000000791cbfaba0:   0000000000000000 0000000000000018
0x000000791cbfabb0:   000000791cbfacfb 000002606e58d168
0x000000791cbfabc0:   00007ff9ca8a2e20 00007ff9caa132c5
0x000000791cbfabd0:   0000000000000000 00007ff993b13712
0x000000791cbfabe0:   0000000000000000 fffffffffffffffe
0x000000791cbfabf0:   0000000000000000 00007ff9caa1365f
0x000000791cbfac00:   0000e0340dd65e98 00007ff9caa13598
0x000000791cbfac10:   00000011d18ff6a4 000002606f8e10a0
0x000000791cbfac20:   000002606e58d120 00007ff9c99e24ce
0x000000791cbfac30:   000002606e58d1b8 00007ff9c99e1908 

Instructions: (pc=0x00007ff9c9982745)
0x00007ff9c9982725:   20 48 8b d9 e8 b2 cc 04 00 48 8b c8 48 8b d3 e8
0x00007ff9c9982735:   27 0f 05 00 84 c0 75 08 33 c0 48 83 c4 20 5b c3
0x00007ff9c9982745:   48 8b 4b 50 48 85 c9 74 0a 48 83 c4 20 5b e9 28
0x00007ff9c9982755:   e9 04 00 48 8b d3 48 8d 0d 66 6a 8f 00 e8 f9 c7 


Stack slot to memory mapping:
stack at sp + 0 slots: 0x0000026027390000 points into unknown readable memory: 00 00 00 00 00 00 00 00
stack at sp + 1 slots: 0x00007ff900000005 is an unknown value
stack at sp + 2 slots: 0x00000000000000a8 is an unknown value
stack at sp + 3 slots: 0x9003faffbb6a9692 is an unknown value
stack at sp + 4 slots: 0x9003faffbb6a9692 is an unknown value
stack at sp + 5 slots: 0x00007ff9c9977998 librdi_common.dll
stack at sp + 6 slots: 0x0 is NULL
stack at sp + 7 slots: 0x0 is NULL


---------------  P R O C E S S  ---------------

Threads class SMR info:
_java_thread_list=0x00000260651a2830, length=34, elements={
0x0000026067743800, 0x0000026032ed8000, 0x0000026032ed9800, 0x000002602cbfa000,
0x000002602cbfb000, 0x0000026032ee0000, 0x000002602cc40800, 0x000002602cc43000,
0x000002602ce62800, 0x000002602ce64800, 0x00000260440b1000, 0x000002604454c800,
0x00000260447e9800, 0x00000260440b1800, 0x0000026046a21000, 0x0000026045f69800,
0x0000026046466800, 0x0000026045f20800, 0x00000260465b0000, 0x00000260465ac000,
0x00000260465af000, 0x00000260465ae800, 0x000002605f8e0000, 0x000002605f8e3800,
0x000002605f8e4000, 0x000002605f8ea000, 0x000002605f8e6000, 0x000002605f8ea800,
0x000002605f8eb800, 0x000002605f8e9000, 0x000002605f8e1000, 0x000002605f8e7800,
0x000002605f8e2800, 0x000002605f8ee000
}

Java Threads: ( => current thread )
  0x0000026067743800 JavaThread "main" [_thread_blocked, id=15116, stack(0x0000007917f00000,0x0000007918000000)]
  0x0000026032ed8000 JavaThread "Reference Handler" daemon [_thread_blocked, id=11232, stack(0x0000007918600000,0x0000007918b00000)]
  0x0000026032ed9800 JavaThread "Finalizer" daemon [_thread_blocked, id=11292, stack(0x0000007918b00000,0x0000007919000000)]
  0x000002602cbfa000 JavaThread "Signal Dispatcher" daemon [_thread_blocked, id=12796, stack(0x0000007919000000,0x0000007919500000)]
  0x000002602cbfb000 JavaThread "Attach Listener" daemon [_thread_blocked, id=12800, stack(0x0000007919500000,0x0000007919a00000)]
  0x0000026032ee0000 JavaThread "C2 CompilerThread0" daemon [_thread_blocked, id=12716, stack(0x0000007919a00000,0x0000007919b00000)]
  0x000002602cc40800 JavaThread "C1 CompilerThread0" daemon [_thread_blocked, id=12132, stack(0x0000007919b00000,0x0000007919c00000)]
  0x000002602cc43000 JavaThread "Sweeper thread" daemon [_thread_blocked, id=3804, stack(0x0000007919c00000,0x000000791a100000)]
  0x000002602ce62800 JavaThread "Common-Cleaner" daemon [_thread_blocked, id=12720, stack(0x000000791a100000,0x000000791a600000)]
  0x000002602ce64800 JavaThread "Service Thread" daemon [_thread_blocked, id=12936, stack(0x000000791a600000,0x000000791ab00000)]
  0x00000260440b1000 JavaThread "Java2D Disposer" daemon [_thread_blocked, id=2092, stack(0x000000791ac00000,0x000000791b100000)]
  0x000002604454c800 JavaThread "AWT-Windows" daemon [_thread_in_native, id=2080, stack(0x000000791b600000,0x000000791bb00000)]
  0x00000260447e9800 JavaThread "TimerQueue" daemon [_thread_blocked, id=3468, stack(0x000000791bb00000,0x000000791c000000)]
  0x00000260440b1800 JavaThread "AWT-Shutdown" [_thread_blocked, id=3244, stack(0x000000791b100000,0x000000791b600000)]
=>0x0000026046a21000 JavaThread "AWT-EventQueue-0" [_thread_in_native, id=14644, stack(0x000000791c700000,0x000000791cc00000)]
  0x0000026045f69800 JavaThread "Thread-1" [_thread_in_native, id=14864, stack(0x0000007916900000,0x0000007917d00000)]
  0x0000026046466800 JavaThread "Process Messages Thread" [_thread_blocked, id=3236, stack(0x000000791d100000,0x000000791d600000)]
  0x0000026045f20800 JavaThread "Batik CleanerThread" daemon [_thread_blocked, id=4472, stack(0x000000791de00000,0x000000791e300000)]
  0x00000260465b0000 JavaThread "SyntheticaCleanerThread" daemon [_thread_blocked, id=10204, stack(0x000000791e800000,0x000000791ed00000)]
  0x00000260465ac000 JavaThread "Monitor HEventQueue Thread" [_thread_blocked, id=16288, stack(0x000000791f200000,0x000000791f700000)]
  0x00000260465af000 JavaThread "SyntheticaAnimation 50" daemon [_thread_blocked, id=16292, stack(0x000000791f700000,0x000000791fc00000)]
  0x00000260465ae800 JavaThread "SyntheticaAnimation 25" daemon [_thread_blocked, id=16300, stack(0x000000791fd00000,0x0000007920200000)]
  0x000002605f8e0000 JavaThread "SyntheticaAnimation 70" daemon [_thread_blocked, id=16208, stack(0x0000007920200000,0x0000007920700000)]
  0x000002605f8e3800 JavaThread "Refresh Filesets Swing Worker Thread" [_thread_blocked, id=16192, stack(0x000000791c000000,0x000000791c500000)]
  0x000002605f8e4000 JavaThread "hw_ila_monitor" [_thread_blocked, id=2820, stack(0x000000791ed00000,0x000000791f200000)]
  0x000002605f8ea000 JavaThread "pool-1-thread-1" [_thread_blocked, id=13972, stack(0x0000007921100000,0x0000007921600000)]
  0x000002605f8e6000 JavaThread "pool-2-thread-1" [_thread_blocked, id=13656, stack(0x0000007921600000,0x0000007921b00000)]
  0x000002605f8ea800 JavaThread "pool-3-thread-1" [_thread_blocked, id=15844, stack(0x0000007921b00000,0x0000007922000000)]
  0x000002605f8eb800 JavaThread "Update Runs Swing Worker Thread" [_thread_blocked, id=15888, stack(0x0000007922000000,0x0000007922500000)]
  0x000002605f8e9000 JavaThread "SyntheticaAnimation 50" daemon [_thread_blocked, id=6276, stack(0x0000007923b00000,0x0000007924000000)]
  0x000002605f8e1000 JavaThread "Timer-0" [_thread_blocked, id=7456, stack(0x0000007920900000,0x0000007920e00000)]
  0x000002605f8e7800 JavaThread "Monitor File Timestamp Swing Worker Thread" [_thread_blocked, id=9884, stack(0x0000007922600000,0x0000007922b00000)]
  0x000002605f8e2800 JavaThread "Image Animator 3" daemon [_thread_blocked, id=14448, stack(0x0000007922c00000,0x0000007923100000)]
  0x000002605f8ee000 JavaThread "Relaunch Simulation Thread" [_thread_blocked, id=4980, stack(0x000000791e300000,0x000000791e800000)]

Other Threads:
  0x0000026032ec2800 VMThread "VM Thread" [stack: 0x0000007918500000,0x0000007918600000] [id=14504]
  0x000002602ce65000 WatcherThread [stack: 0x000000791ab00000,0x000000791ac00000] [id=12948]
  0x0000026067df6800 GCTaskThread "GC Thread#0" [stack: 0x0000007918000000,0x0000007918100000] [id=7788]
  0x0000026045f0a800 GCTaskThread "GC Thread#1" [stack: 0x000000791d600000,0x000000791d700000] [id=3988]
  0x0000026045d47800 GCTaskThread "GC Thread#2" [stack: 0x000000791d700000,0x000000791d800000] [id=3588]
  0x000002605d3b7000 GCTaskThread "GC Thread#3" [stack: 0x000000791d800000,0x000000791d900000] [id=4188]
  0x00000260465ba800 GCTaskThread "GC Thread#4" [stack: 0x000000791d900000,0x000000791da00000] [id=4232]
  0x0000026046c1d000 GCTaskThread "GC Thread#5" [stack: 0x000000791da00000,0x000000791db00000] [id=11440]
  0x0000026046c1e000 GCTaskThread "GC Thread#6" [stack: 0x000000791db00000,0x000000791dc00000] [id=7736]
  0x0000026046176800 GCTaskThread "GC Thread#7" [stack: 0x000000791dc00000,0x000000791dd00000] [id=4332]
  0x000002604700e000 ConcurrentGCThread "G1 Main Marker" [stack: 0x0000007918100000,0x0000007918200000] [id=3740]
  0x000002604700e800 ConcurrentGCThread "G1 Conc#0" [stack: 0x0000007918200000,0x0000007918300000] [id=10436]
  0x0000026044a4a800 ConcurrentGCThread "G1 Conc#1" [stack: 0x000000791cc00000,0x000000791cd00000] [id=4484]
  0x000002602e252800 ConcurrentGCThread "G1 Refine#0" [stack: 0x0000007918300000,0x0000007918400000] [id=13152]
  0x0000026044966000 ConcurrentGCThread "G1 Refine#1" [stack: 0x000000791dd00000,0x000000791de00000] [id=14792]
  0x0000026045d0c000 ConcurrentGCThread "G1 Refine#2" [stack: 0x000000791cd00000,0x000000791ce00000] [id=7784]
  0x000002605f133800 ConcurrentGCThread "G1 Refine#3" [stack: 0x000000791fc00000,0x000000791fd00000] [id=16296]
  0x000002604d434800 ConcurrentGCThread "G1 Young RemSet Sampling" [stack: 0x0000007918400000,0x0000007918500000] [id=11156]

Threads with active compile tasks:

VM state:not at safepoint (normal execution)

VM Mutex/Monitor currently owned by a thread: None

Heap address: 0x0000000740000000, size: 3072 MB, Compressed Oops mode: Zero based, Oop shift amount: 3
Narrow klass base: 0x0000000800000000, Narrow klass shift: 0
Compressed class space size: 1073741824 Address: 0x0000000800000000

Heap:
 garbage-first heap   total 236544K, used 144686K [0x0000000740000000, 0x0000000800000000)
  region size 1024K, 41 young (41984K), 0 survivors (0K)
 Metaspace       used 88774K, capacity 91064K, committed 91088K, reserved 1126400K
  class space    used 12411K, capacity 13439K, committed 13440K, reserved 1048576K
Heap Regions: E=young(eden), S=young(survivor), O=old, HS=humongous(starts), HC=humongous(continues), CS=collection set, F=free, A=archive, TAMS=top-at-mark-start (previous, next)
|   0|0x0000000740000000, 0x0000000740100000, 0x0000000740100000|100%|HS|  |TAMS 0x0000000740000000, 0x0000000740000000| Untracked 
|   1|0x0000000740100000, 0x0000000740200000, 0x0000000740200000|100%|HC|  |TAMS 0x0000000740100000, 0x0000000740100000| Untracked 
|   2|0x0000000740200000, 0x0000000740300000, 0x0000000740300000|100%|HS|  |TAMS 0x0000000740200000, 0x0000000740200000| Untracked 
|   3|0x0000000740300000, 0x00000007403ffff0, 0x0000000740400000| 99%| O|  |TAMS 0x0000000740300000, 0x0000000740300000| Untracked 
|   4|0x0000000740400000, 0x00000007404ffff8, 0x0000000740500000| 99%| O|  |TAMS 0x0000000740400000, 0x0000000740400000| Untracked 
|   5|0x0000000740500000, 0x00000007405fffe8, 0x0000000740600000| 99%| O|  |TAMS 0x0000000740500000, 0x0000000740500000| Untracked 
|   6|0x0000000740600000, 0x00000007406ffff8, 0x0000000740700000| 99%| O|  |TAMS 0x0000000740600000, 0x0000000740600000| Untracked 
|   7|0x0000000740700000, 0x00000007407fffe8, 0x0000000740800000| 99%| O|  |TAMS 0x0000000740700000, 0x0000000740700000| Untracked 
|   8|0x0000000740800000, 0x0000000740900000, 0x0000000740900000|100%| O|  |TAMS 0x0000000740800000, 0x0000000740800000| Untracked 
|   9|0x0000000740900000, 0x00000007409ffff8, 0x0000000740a00000| 99%| O|  |TAMS 0x0000000740900000, 0x0000000740900000| Untracked 
|  10|0x0000000740a00000, 0x0000000740afff40, 0x0000000740b00000| 99%| O|  |TAMS 0x0000000740a00000, 0x0000000740a00000| Untracked 
|  11|0x0000000740b00000, 0x0000000740c00000, 0x0000000740c00000|100%| O|  |TAMS 0x0000000740b00000, 0x0000000740b00000| Untracked 
|  12|0x0000000740c00000, 0x0000000740d00000, 0x0000000740d00000|100%| O|  |TAMS 0x0000000740c00000, 0x0000000740c00000| Untracked 
|  13|0x0000000740d00000, 0x0000000740dfa1d8, 0x0000000740e00000| 97%| O|  |TAMS 0x0000000740d00000, 0x0000000740d00000| Untracked 
|  14|0x0000000740e00000, 0x0000000740ef0788, 0x0000000740f00000| 93%| O|  |TAMS 0x0000000740e00000, 0x0000000740e00000| Untracked 
|  15|0x0000000740f00000, 0x0000000740fffff8, 0x0000000741000000| 99%| O|  |TAMS 0x0000000740f00000, 0x0000000740f00000| Untracked 
|  16|0x0000000741000000, 0x00000007410ffff0, 0x0000000741100000| 99%| O|  |TAMS 0x0000000741000000, 0x0000000741000000| Untracked 
|  17|0x0000000741100000, 0x0000000741200000, 0x0000000741200000|100%| O|  |TAMS 0x0000000741100000, 0x0000000741100000| Untracked 
|  18|0x0000000741200000, 0x00000007412ffff8, 0x0000000741300000| 99%| O|  |TAMS 0x0000000741200000, 0x0000000741200000| Untracked 
|  19|0x0000000741300000, 0x00000007413ffff8, 0x0000000741400000| 99%| O|  |TAMS 0x0000000741300000, 0x0000000741300000| Untracked 
|  20|0x0000000741400000, 0x00000007414ffff8, 0x0000000741500000| 99%| O|  |TAMS 0x0000000741400000, 0x0000000741400000| Untracked 
|  21|0x0000000741500000, 0x0000000741600000, 0x0000000741600000|100%| O|  |TAMS 0x0000000741500000, 0x0000000741500000| Untracked 
|  22|0x0000000741600000, 0x0000000741700000, 0x0000000741700000|100%|HS|  |TAMS 0x0000000741600000, 0x0000000741600000| Untracked 
|  23|0x0000000741700000, 0x0000000741800000, 0x0000000741800000|100%|HC|  |TAMS 0x0000000741700000, 0x0000000741700000| Untracked 
|  24|0x0000000741800000, 0x0000000741900000, 0x0000000741900000|100%|HS|  |TAMS 0x0000000741800000, 0x0000000741800000| Untracked 
|  25|0x0000000741900000, 0x0000000741a00000, 0x0000000741a00000|100%|HS|  |TAMS 0x0000000741900000, 0x0000000741900000| Untracked 
|  26|0x0000000741a00000, 0x0000000741b00000, 0x0000000741b00000|100%| O|  |TAMS 0x0000000741a00000, 0x0000000741a00000| Untracked 
|  27|0x0000000741b00000, 0x0000000741bffff0, 0x0000000741c00000| 99%| O|  |TAMS 0x0000000741b00000, 0x0000000741b00000| Untracked 
|  28|0x0000000741c00000, 0x0000000741cffff8, 0x0000000741d00000| 99%| O|  |TAMS 0x0000000741c00000, 0x0000000741c00000| Untracked 
|  29|0x0000000741d00000, 0x0000000741e00000, 0x0000000741e00000|100%| O|  |TAMS 0x0000000741d00000, 0x0000000741d00000| Untracked 
|  30|0x0000000741e00000, 0x0000000741f00000, 0x0000000741f00000|100%| O|  |TAMS 0x0000000741e00000, 0x0000000741e00000| Untracked 
|  31|0x0000000741f00000, 0x0000000741fffff0, 0x0000000742000000| 99%| O|  |TAMS 0x0000000741f00000, 0x0000000741f00000| Untracked 
|  32|0x0000000742000000, 0x0000000742100000, 0x0000000742100000|100%| O|  |TAMS 0x0000000742000000, 0x0000000742000000| Untracked 
|  33|0x0000000742100000, 0x00000007421ffff8, 0x0000000742200000| 99%| O|  |TAMS 0x0000000742100000, 0x0000000742100000| Untracked 
|  34|0x0000000742200000, 0x0000000742300000, 0x0000000742300000|100%| O|  |TAMS 0x0000000742200000, 0x0000000742200000| Untracked 
|  35|0x0000000742300000, 0x0000000742400000, 0x0000000742400000|100%| O|  |TAMS 0x0000000742300000, 0x0000000742300000| Untracked 
|  36|0x0000000742400000, 0x0000000742500000, 0x0000000742500000|100%| O|  |TAMS 0x0000000742400000, 0x0000000742400000| Untracked 
|  37|0x0000000742500000, 0x00000007425ffff8, 0x0000000742600000| 99%| O|  |TAMS 0x0000000742500000, 0x0000000742500000| Untracked 
|  38|0x0000000742600000, 0x0000000742700000, 0x0000000742700000|100%| O|  |TAMS 0x0000000742600000, 0x0000000742600000| Untracked 
|  39|0x0000000742700000, 0x00000007427ffff8, 0x0000000742800000| 99%| O|  |TAMS 0x0000000742700000, 0x0000000742700000| Untracked 
|  40|0x0000000742800000, 0x00000007428fffe8, 0x0000000742900000| 99%| O|  |TAMS 0x0000000742800000, 0x0000000742800000| Untracked 
|  41|0x0000000742900000, 0x00000007429ffff0, 0x0000000742a00000| 99%| O|  |TAMS 0x0000000742900000, 0x0000000742900000| Untracked 
|  42|0x0000000742a00000, 0x0000000742affff0, 0x0000000742b00000| 99%| O|  |TAMS 0x0000000742a00000, 0x0000000742a00000| Untracked 
|  43|0x0000000742b00000, 0x0000000742bffff8, 0x0000000742c00000| 99%| O|  |TAMS 0x0000000742b00000, 0x0000000742b00000| Untracked 
|  44|0x0000000742c00000, 0x0000000742cffff0, 0x0000000742d00000| 99%| O|  |TAMS 0x0000000742c00000, 0x0000000742c00000| Untracked 
|  45|0x0000000742d00000, 0x0000000742dffff8, 0x0000000742e00000| 99%| O|  |TAMS 0x0000000742d00000, 0x0000000742d00000| Untracked 
|  46|0x0000000742e00000, 0x0000000742f00000, 0x0000000742f00000|100%| O|  |TAMS 0x0000000742e00000, 0x0000000742e00000| Untracked 
|  47|0x0000000742f00000, 0x0000000743000000, 0x0000000743000000|100%|HS|  |TAMS 0x0000000742f00000, 0x0000000742f00000| Untracked 
|  48|0x0000000743000000, 0x0000000743100000, 0x0000000743100000|100%|HC|  |TAMS 0x0000000743000000, 0x0000000743000000| Untracked 
|  49|0x0000000743100000, 0x0000000743200000, 0x0000000743200000|100%|HC|  |TAMS 0x0000000743100000, 0x0000000743100000| Untracked 
|  50|0x0000000743200000, 0x0000000743300000, 0x0000000743300000|100%|HC|  |TAMS 0x0000000743200000, 0x0000000743200000| Untracked 
|  51|0x0000000743300000, 0x0000000743400000, 0x0000000743400000|100%|HC|  |TAMS 0x0000000743300000, 0x0000000743300000| Untracked 
|  52|0x0000000743400000, 0x0000000743500000, 0x0000000743500000|100%|HC|  |TAMS 0x0000000743400000, 0x0000000743400000| Untracked 
|  53|0x0000000743500000, 0x0000000743600000, 0x0000000743600000|100%|HC|  |TAMS 0x0000000743500000, 0x0000000743500000| Untracked 
|  54|0x0000000743600000, 0x0000000743700000, 0x0000000743700000|100%|HC|  |TAMS 0x0000000743600000, 0x0000000743600000| Untracked 
|  55|0x0000000743700000, 0x00000007437ffff0, 0x0000000743800000| 99%| O|  |TAMS 0x0000000743700000, 0x0000000743700000| Untracked 
|  56|0x0000000743800000, 0x0000000743900000, 0x0000000743900000|100%| O|  |TAMS 0x0000000743800000, 0x0000000743800000| Untracked 
|  57|0x0000000743900000, 0x0000000743a00000, 0x0000000743a00000|100%|HS|  |TAMS 0x0000000743900000, 0x0000000743900000| Untracked 
|  58|0x0000000743a00000, 0x0000000743affff0, 0x0000000743b00000| 99%| O|  |TAMS 0x0000000743a00000, 0x0000000743a00000| Untracked 
|  59|0x0000000743b00000, 0x0000000743bffff8, 0x0000000743c00000| 99%| O|  |TAMS 0x0000000743b00000, 0x0000000743b00000| Untracked 
|  60|0x0000000743c00000, 0x0000000743cffff0, 0x0000000743d00000| 99%| O|  |TAMS 0x0000000743c00000, 0x0000000743c00000| Untracked 
|  61|0x0000000743d00000, 0x0000000743e00000, 0x0000000743e00000|100%| O|  |TAMS 0x0000000743d00000, 0x0000000743d00000| Untracked 
|  62|0x0000000743e00000, 0x0000000743effff0, 0x0000000743f00000| 99%| O|  |TAMS 0x0000000743e00000, 0x0000000743e00000| Untracked 
|  63|0x0000000743f00000, 0x0000000743fffff8, 0x0000000744000000| 99%| O|  |TAMS 0x0000000743f00000, 0x0000000743f00000| Untracked 
|  64|0x0000000744000000, 0x0000000744100000, 0x0000000744100000|100%| O|  |TAMS 0x0000000744000000, 0x0000000744000000| Untracked 
|  65|0x0000000744100000, 0x00000007441ffff0, 0x0000000744200000| 99%| O|  |TAMS 0x0000000744100000, 0x0000000744100000| Untracked 
|  66|0x0000000744200000, 0x00000007442ffff8, 0x0000000744300000| 99%| O|  |TAMS 0x0000000744200000, 0x0000000744200000| Untracked 
|  67|0x0000000744300000, 0x0000000744400000, 0x0000000744400000|100%|HS|  |TAMS 0x0000000744300000, 0x0000000744300000| Untracked 
|  68|0x0000000744400000, 0x0000000744500000, 0x0000000744500000|100%|HC|  |TAMS 0x0000000744400000, 0x0000000744400000| Untracked 
|  69|0x0000000744500000, 0x0000000744600000, 0x0000000744600000|100%|HC|  |TAMS 0x0000000744500000, 0x0000000744500000| Untracked 
|  70|0x0000000744600000, 0x0000000744700000, 0x0000000744700000|100%|HC|  |TAMS 0x0000000744600000, 0x0000000744600000| Untracked 
|  71|0x0000000744700000, 0x0000000744800000, 0x0000000744800000|100%|HC|  |TAMS 0x0000000744700000, 0x0000000744700000| Untracked 
|  72|0x0000000744800000, 0x0000000744900000, 0x0000000744900000|100%| O|  |TAMS 0x0000000744800000, 0x0000000744800000| Untracked 
|  73|0x0000000744900000, 0x0000000744a00000, 0x0000000744a00000|100%| O|  |TAMS 0x0000000744900000, 0x0000000744900000| Untracked 
|  74|0x0000000744a00000, 0x0000000744b00000, 0x0000000744b00000|100%| O|  |TAMS 0x0000000744a00000, 0x0000000744a00000| Untracked 
|  75|0x0000000744b00000, 0x0000000744bffff0, 0x0000000744c00000| 99%| O|  |TAMS 0x0000000744b00000, 0x0000000744b00000| Untracked 
|  76|0x0000000744c00000, 0x0000000744d00000, 0x0000000744d00000|100%| O|  |TAMS 0x0000000744c00000, 0x0000000744c00000| Untracked 
|  77|0x0000000744d00000, 0x0000000744dffff8, 0x0000000744e00000| 99%| O|  |TAMS 0x0000000744d00000, 0x0000000744d00000| Untracked 
|  78|0x0000000744e00000, 0x0000000744effff0, 0x0000000744f00000| 99%| O|  |TAMS 0x0000000744e00000, 0x0000000744e00000| Untracked 
|  79|0x0000000744f00000, 0x0000000745000000, 0x0000000745000000|100%| O|  |TAMS 0x0000000744f00000, 0x0000000744f00000| Untracked 
|  80|0x0000000745000000, 0x00000007450fffe8, 0x0000000745100000| 99%| O|  |TAMS 0x0000000745000000, 0x0000000745000000| Untracked 
|  81|0x0000000745100000, 0x0000000745200000, 0x0000000745200000|100%| O|  |TAMS 0x0000000745100000, 0x0000000745100000| Untracked 
|  82|0x0000000745200000, 0x00000007452ffff8, 0x0000000745300000| 99%| O|  |TAMS 0x0000000745200000, 0x0000000745200000| Untracked 
|  83|0x0000000745300000, 0x0000000745400000, 0x0000000745400000|100%| O|  |TAMS 0x0000000745300000, 0x0000000745300000| Untracked 
|  84|0x0000000745400000, 0x00000007454ffff0, 0x0000000745500000| 99%| O|  |TAMS 0x0000000745400000, 0x0000000745400000| Untracked 
|  85|0x0000000745500000, 0x00000007455ffff8, 0x0000000745600000| 99%| O|  |TAMS 0x0000000745500000, 0x0000000745500000| Untracked 
|  86|0x0000000745600000, 0x00000007456ffff8, 0x0000000745700000| 99%| O|  |TAMS 0x0000000745600000, 0x0000000745600000| Untracked 
|  87|0x0000000745700000, 0x00000007457ffff0, 0x0000000745800000| 99%| O|  |TAMS 0x0000000745700000, 0x0000000745700000| Untracked 
|  88|0x0000000745800000, 0x00000007458fff98, 0x0000000745900000| 99%| O|  |TAMS 0x0000000745800000, 0x0000000745800000| Untracked 
|  89|0x0000000745900000, 0x0000000745952e38, 0x0000000745a00000| 32%| O|  |TAMS 0x0000000745900000, 0x0000000745900000| Untracked 
|  90|0x0000000745a00000, 0x0000000745a0e538, 0x0000000745b00000|  5%| O|  |TAMS 0x0000000745a00000, 0x0000000745a00000| Untracked 
|  91|0x0000000745b00000, 0x0000000745c00000, 0x0000000745c00000|100%|HS|  |TAMS 0x0000000745b00000, 0x0000000745b00000| Complete 
|  92|0x0000000745c00000, 0x0000000745d00000, 0x0000000745d00000|100%|HC|  |TAMS 0x0000000745c00000, 0x0000000745c00000| Complete 
|  93|0x0000000745d00000, 0x0000000745e00000, 0x0000000745e00000|100%|HC|  |TAMS 0x0000000745d00000, 0x0000000745d00000| Complete 
|  94|0x0000000745e00000, 0x0000000745f00000, 0x0000000745f00000|100%|HC|  |TAMS 0x0000000745e00000, 0x0000000745e00000| Complete 
|  95|0x0000000745f00000, 0x0000000745f00000, 0x0000000746000000|  0%| F|  |TAMS 0x0000000745f00000, 0x0000000745f00000| Untracked 
|  96|0x0000000746000000, 0x0000000746000000, 0x0000000746100000|  0%| F|  |TAMS 0x0000000746000000, 0x0000000746000000| Untracked 
|  97|0x0000000746100000, 0x0000000746100000, 0x0000000746200000|  0%| F|  |TAMS 0x0000000746100000, 0x0000000746100000| Untracked 
|  98|0x0000000746200000, 0x0000000746300000, 0x0000000746300000|100%|HS|  |TAMS 0x0000000746200000, 0x0000000746200000| Untracked 
|  99|0x0000000746300000, 0x0000000746400000, 0x0000000746400000|100%|HC|  |TAMS 0x0000000746300000, 0x0000000746300000| Untracked 
| 100|0x0000000746400000, 0x0000000746500000, 0x0000000746500000|100%|HC|  |TAMS 0x0000000746400000, 0x0000000746400000| Untracked 
| 101|0x0000000746500000, 0x0000000746600000, 0x0000000746600000|100%|HC|  |TAMS 0x0000000746500000, 0x0000000746500000| Untracked 
| 102|0x0000000746600000, 0x0000000746700000, 0x0000000746700000|100%|HS|  |TAMS 0x0000000746600000, 0x0000000746600000| Complete 
| 103|0x0000000746700000, 0x0000000746800000, 0x0000000746800000|100%|HC|  |TAMS 0x0000000746700000, 0x0000000746700000| Complete 
| 104|0x0000000746800000, 0x0000000746900000, 0x0000000746900000|100%|HC|  |TAMS 0x0000000746800000, 0x0000000746800000| Complete 
| 105|0x0000000746900000, 0x0000000746a00000, 0x0000000746a00000|100%|HC|  |TAMS 0x0000000746900000, 0x0000000746900000| Complete 
| 106|0x0000000746a00000, 0x0000000746a00000, 0x0000000746b00000|  0%| F|  |TAMS 0x0000000746a00000, 0x0000000746a00000| Untracked 
| 107|0x0000000746b00000, 0x0000000746b00000, 0x0000000746c00000|  0%| F|  |TAMS 0x0000000746b00000, 0x0000000746b00000| Untracked 
| 108|0x0000000746c00000, 0x0000000746c00000, 0x0000000746d00000|  0%| F|  |TAMS 0x0000000746c00000, 0x0000000746c00000| Untracked 
| 109|0x0000000746d00000, 0x0000000746d00000, 0x0000000746e00000|  0%| F|  |TAMS 0x0000000746d00000, 0x0000000746d00000| Untracked 
| 110|0x0000000746e00000, 0x0000000746e00000, 0x0000000746f00000|  0%| F|  |TAMS 0x0000000746e00000, 0x0000000746e00000| Untracked 
| 111|0x0000000746f00000, 0x0000000746f00000, 0x0000000747000000|  0%| F|  |TAMS 0x0000000746f00000, 0x0000000746f00000| Untracked 
| 112|0x0000000747000000, 0x0000000747000000, 0x0000000747100000|  0%| F|  |TAMS 0x0000000747000000, 0x0000000747000000| Untracked 
| 113|0x0000000747100000, 0x0000000747100000, 0x0000000747200000|  0%| F|  |TAMS 0x0000000747100000, 0x0000000747100000| Untracked 
| 114|0x0000000747200000, 0x0000000747200000, 0x0000000747300000|  0%| F|  |TAMS 0x0000000747200000, 0x0000000747200000| Untracked 
| 115|0x0000000747300000, 0x0000000747300000, 0x0000000747400000|  0%| F|  |TAMS 0x0000000747300000, 0x0000000747300000| Untracked 
| 116|0x0000000747400000, 0x0000000747400000, 0x0000000747500000|  0%| F|  |TAMS 0x0000000747400000, 0x0000000747400000| Untracked 
| 117|0x0000000747500000, 0x0000000747500000, 0x0000000747600000|  0%| F|  |TAMS 0x0000000747500000, 0x0000000747500000| Untracked 
| 118|0x0000000747600000, 0x0000000747600000, 0x0000000747700000|  0%| F|  |TAMS 0x0000000747600000, 0x0000000747600000| Untracked 
| 119|0x0000000747700000, 0x0000000747700000, 0x0000000747800000|  0%| F|  |TAMS 0x0000000747700000, 0x0000000747700000| Untracked 
| 120|0x0000000747800000, 0x0000000747800000, 0x0000000747900000|  0%| F|  |TAMS 0x0000000747800000, 0x0000000747800000| Untracked 
| 121|0x0000000747900000, 0x0000000747900000, 0x0000000747a00000|  0%| F|  |TAMS 0x0000000747900000, 0x0000000747900000| Untracked 
| 122|0x0000000747a00000, 0x0000000747a00000, 0x0000000747b00000|  0%| F|  |TAMS 0x0000000747a00000, 0x0000000747a00000| Untracked 
| 123|0x0000000747b00000, 0x0000000747b00000, 0x0000000747c00000|  0%| F|  |TAMS 0x0000000747b00000, 0x0000000747b00000| Untracked 
| 124|0x0000000747c00000, 0x0000000747c00000, 0x0000000747d00000|  0%| F|  |TAMS 0x0000000747c00000, 0x0000000747c00000| Untracked 
| 125|0x0000000747d00000, 0x0000000747d00000, 0x0000000747e00000|  0%| F|  |TAMS 0x0000000747d00000, 0x0000000747d00000| Untracked 
| 126|0x0000000747e00000, 0x0000000747e00000, 0x0000000747f00000|  0%| F|  |TAMS 0x0000000747e00000, 0x0000000747e00000| Untracked 
| 127|0x0000000747f00000, 0x0000000747f00000, 0x0000000748000000|  0%| F|  |TAMS 0x0000000747f00000, 0x0000000747f00000| Untracked 
| 128|0x0000000748000000, 0x0000000748000000, 0x0000000748100000|  0%| F|  |TAMS 0x0000000748000000, 0x0000000748000000| Untracked 
| 129|0x0000000748100000, 0x0000000748100000, 0x0000000748200000|  0%| F|  |TAMS 0x0000000748100000, 0x0000000748100000| Untracked 
| 130|0x0000000748200000, 0x0000000748200000, 0x0000000748300000|  0%| F|  |TAMS 0x0000000748200000, 0x0000000748200000| Untracked 
| 131|0x0000000748300000, 0x0000000748300000, 0x0000000748400000|  0%| F|  |TAMS 0x0000000748300000, 0x0000000748300000| Untracked 
| 132|0x0000000748400000, 0x0000000748400000, 0x0000000748500000|  0%| F|  |TAMS 0x0000000748400000, 0x0000000748400000| Untracked 
| 133|0x0000000748500000, 0x0000000748500000, 0x0000000748600000|  0%| F|  |TAMS 0x0000000748500000, 0x0000000748500000| Untracked 
| 134|0x0000000748600000, 0x0000000748600000, 0x0000000748700000|  0%| F|  |TAMS 0x0000000748600000, 0x0000000748600000| Untracked 
| 135|0x0000000748700000, 0x0000000748700000, 0x0000000748800000|  0%| F|  |TAMS 0x0000000748700000, 0x0000000748700000| Untracked 
| 136|0x0000000748800000, 0x0000000748800000, 0x0000000748900000|  0%| F|  |TAMS 0x0000000748800000, 0x0000000748800000| Untracked 
| 137|0x0000000748900000, 0x0000000748900000, 0x0000000748a00000|  0%| F|  |TAMS 0x0000000748900000, 0x0000000748900000| Untracked 
| 138|0x0000000748a00000, 0x0000000748a00000, 0x0000000748b00000|  0%| F|  |TAMS 0x0000000748a00000, 0x0000000748a00000| Untracked 
| 139|0x0000000748b00000, 0x0000000748b00000, 0x0000000748c00000|  0%| F|  |TAMS 0x0000000748b00000, 0x0000000748b00000| Untracked 
| 140|0x0000000748c00000, 0x0000000748c00000, 0x0000000748d00000|  0%| F|  |TAMS 0x0000000748c00000, 0x0000000748c00000| Untracked 
| 141|0x0000000748d00000, 0x0000000748d00000, 0x0000000748e00000|  0%| F|  |TAMS 0x0000000748d00000, 0x0000000748d00000| Untracked 
| 142|0x0000000748e00000, 0x0000000748e00000, 0x0000000748f00000|  0%| F|  |TAMS 0x0000000748e00000, 0x0000000748e00000| Untracked 
| 143|0x0000000748f00000, 0x0000000748f00000, 0x0000000749000000|  0%| F|  |TAMS 0x0000000748f00000, 0x0000000748f00000| Untracked 
| 144|0x0000000749000000, 0x0000000749000000, 0x0000000749100000|  0%| F|  |TAMS 0x0000000749000000, 0x0000000749000000| Untracked 
| 145|0x0000000749100000, 0x0000000749100000, 0x0000000749200000|  0%| F|  |TAMS 0x0000000749100000, 0x0000000749100000| Untracked 
| 146|0x0000000749200000, 0x0000000749200000, 0x0000000749300000|  0%| F|  |TAMS 0x0000000749200000, 0x0000000749200000| Untracked 
| 147|0x0000000749300000, 0x0000000749300000, 0x0000000749400000|  0%| F|  |TAMS 0x0000000749300000, 0x0000000749300000| Untracked 
| 148|0x0000000749400000, 0x0000000749400000, 0x0000000749500000|  0%| F|  |TAMS 0x0000000749400000, 0x0000000749400000| Untracked 
| 149|0x0000000749500000, 0x0000000749500000, 0x0000000749600000|  0%| F|  |TAMS 0x0000000749500000, 0x0000000749500000| Untracked 
| 150|0x0000000749600000, 0x0000000749600000, 0x0000000749700000|  0%| F|  |TAMS 0x0000000749600000, 0x0000000749600000| Untracked 
| 151|0x0000000749700000, 0x0000000749700000, 0x0000000749800000|  0%| F|  |TAMS 0x0000000749700000, 0x0000000749700000| Untracked 
| 152|0x0000000749800000, 0x0000000749800000, 0x0000000749900000|  0%| F|  |TAMS 0x0000000749800000, 0x0000000749800000| Untracked 
| 153|0x0000000749900000, 0x0000000749900000, 0x0000000749a00000|  0%| F|  |TAMS 0x0000000749900000, 0x0000000749900000| Untracked 
| 154|0x0000000749a00000, 0x0000000749a00000, 0x0000000749b00000|  0%| F|  |TAMS 0x0000000749a00000, 0x0000000749a00000| Untracked 
| 155|0x0000000749b00000, 0x0000000749b00000, 0x0000000749c00000|  0%| F|  |TAMS 0x0000000749b00000, 0x0000000749b00000| Untracked 
| 156|0x0000000749c00000, 0x0000000749c00000, 0x0000000749d00000|  0%| F|  |TAMS 0x0000000749c00000, 0x0000000749c00000| Untracked 
| 157|0x0000000749d00000, 0x0000000749d00000, 0x0000000749e00000|  0%| F|  |TAMS 0x0000000749d00000, 0x0000000749d00000| Untracked 
| 158|0x0000000749e00000, 0x0000000749e00000, 0x0000000749f00000|  0%| F|  |TAMS 0x0000000749e00000, 0x0000000749e00000| Untracked 
| 159|0x0000000749f00000, 0x0000000749f00000, 0x000000074a000000|  0%| F|  |TAMS 0x0000000749f00000, 0x0000000749f00000| Untracked 
| 160|0x000000074a000000, 0x000000074a000000, 0x000000074a100000|  0%| F|  |TAMS 0x000000074a000000, 0x000000074a000000| Untracked 
| 161|0x000000074a100000, 0x000000074a100000, 0x000000074a200000|  0%| F|  |TAMS 0x000000074a100000, 0x000000074a100000| Untracked 
| 162|0x000000074a200000, 0x000000074a200000, 0x000000074a300000|  0%| F|  |TAMS 0x000000074a200000, 0x000000074a200000| Untracked 
| 163|0x000000074a300000, 0x000000074a300000, 0x000000074a400000|  0%| F|  |TAMS 0x000000074a300000, 0x000000074a300000| Untracked 
| 164|0x000000074a400000, 0x000000074a400000, 0x000000074a500000|  0%| F|  |TAMS 0x000000074a400000, 0x000000074a400000| Untracked 
| 165|0x000000074a500000, 0x000000074a500000, 0x000000074a600000|  0%| F|  |TAMS 0x000000074a500000, 0x000000074a500000| Untracked 
| 166|0x000000074a600000, 0x000000074a600000, 0x000000074a700000|  0%| F|  |TAMS 0x000000074a600000, 0x000000074a600000| Untracked 
| 167|0x000000074a700000, 0x000000074a700000, 0x000000074a800000|  0%| F|  |TAMS 0x000000074a700000, 0x000000074a700000| Untracked 
| 168|0x000000074a800000, 0x000000074a800000, 0x000000074a900000|  0%| F|  |TAMS 0x000000074a800000, 0x000000074a800000| Untracked 
| 169|0x000000074a900000, 0x000000074a900000, 0x000000074aa00000|  0%| F|  |TAMS 0x000000074a900000, 0x000000074a900000| Untracked 
| 170|0x000000074aa00000, 0x000000074aa00000, 0x000000074ab00000|  0%| F|  |TAMS 0x000000074aa00000, 0x000000074aa00000| Untracked 
| 171|0x000000074ab00000, 0x000000074ab00000, 0x000000074ac00000|  0%| F|  |TAMS 0x000000074ab00000, 0x000000074ab00000| Untracked 
| 172|0x000000074ac00000, 0x000000074ac00000, 0x000000074ad00000|  0%| F|  |TAMS 0x000000074ac00000, 0x000000074ac00000| Untracked 
| 173|0x000000074ad00000, 0x000000074ad00000, 0x000000074ae00000|  0%| F|  |TAMS 0x000000074ad00000, 0x000000074ad00000| Untracked 
| 174|0x000000074ae00000, 0x000000074ae00000, 0x000000074af00000|  0%| F|  |TAMS 0x000000074ae00000, 0x000000074ae00000| Untracked 
| 175|0x000000074af00000, 0x000000074af00000, 0x000000074b000000|  0%| F|  |TAMS 0x000000074af00000, 0x000000074af00000| Untracked 
| 176|0x000000074b000000, 0x000000074b000000, 0x000000074b100000|  0%| F|  |TAMS 0x000000074b000000, 0x000000074b000000| Untracked 
| 177|0x000000074b100000, 0x000000074b100000, 0x000000074b200000|  0%| F|  |TAMS 0x000000074b100000, 0x000000074b100000| Untracked 
| 178|0x000000074b200000, 0x000000074b200000, 0x000000074b300000|  0%| F|  |TAMS 0x000000074b200000, 0x000000074b200000| Untracked 
| 179|0x000000074b300000, 0x000000074b300000, 0x000000074b400000|  0%| F|  |TAMS 0x000000074b300000, 0x000000074b300000| Untracked 
| 180|0x000000074b400000, 0x000000074b400000, 0x000000074b500000|  0%| F|  |TAMS 0x000000074b400000, 0x000000074b400000| Untracked 
| 181|0x000000074b500000, 0x000000074b500000, 0x000000074b600000|  0%| F|  |TAMS 0x000000074b500000, 0x000000074b500000| Untracked 
| 182|0x000000074b600000, 0x000000074b600000, 0x000000074b700000|  0%| F|  |TAMS 0x000000074b600000, 0x000000074b600000| Untracked 
| 183|0x000000074b700000, 0x000000074b700000, 0x000000074b800000|  0%| F|  |TAMS 0x000000074b700000, 0x000000074b700000| Untracked 
| 184|0x000000074b800000, 0x000000074b800000, 0x000000074b900000|  0%| F|  |TAMS 0x000000074b800000, 0x000000074b800000| Untracked 
| 185|0x000000074b900000, 0x000000074b900000, 0x000000074ba00000|  0%| F|  |TAMS 0x000000074b900000, 0x000000074b900000| Untracked 
| 186|0x000000074ba00000, 0x000000074ba00000, 0x000000074bb00000|  0%| F|  |TAMS 0x000000074ba00000, 0x000000074ba00000| Untracked 
| 187|0x000000074bb00000, 0x000000074bb00000, 0x000000074bc00000|  0%| F|  |TAMS 0x000000074bb00000, 0x000000074bb00000| Untracked 
| 188|0x000000074bc00000, 0x000000074bc00000, 0x000000074bd00000|  0%| F|  |TAMS 0x000000074bc00000, 0x000000074bc00000| Untracked 
| 189|0x000000074bd00000, 0x000000074bd925c8, 0x000000074be00000| 57%| E|  |TAMS 0x000000074bd00000, 0x000000074bd00000| Complete 
| 190|0x000000074be00000, 0x000000074bf00000, 0x000000074bf00000|100%| E|CS|TAMS 0x000000074be00000, 0x000000074be00000| Complete 
| 191|0x000000074bf00000, 0x000000074c000000, 0x000000074c000000|100%| E|CS|TAMS 0x000000074bf00000, 0x000000074bf00000| Complete 
| 192|0x000000074c000000, 0x000000074c100000, 0x000000074c100000|100%| E|CS|TAMS 0x000000074c000000, 0x000000074c000000| Complete 
| 193|0x000000074c100000, 0x000000074c200000, 0x000000074c200000|100%| E|CS|TAMS 0x000000074c100000, 0x000000074c100000| Complete 
| 194|0x000000074c200000, 0x000000074c300000, 0x000000074c300000|100%| E|CS|TAMS 0x000000074c200000, 0x000000074c200000| Complete 
| 195|0x000000074c300000, 0x000000074c400000, 0x000000074c400000|100%| E|CS|TAMS 0x000000074c300000, 0x000000074c300000| Complete 
| 196|0x000000074c400000, 0x000000074c500000, 0x000000074c500000|100%| E|CS|TAMS 0x000000074c400000, 0x000000074c400000| Complete 
| 197|0x000000074c500000, 0x000000074c600000, 0x000000074c600000|100%| E|CS|TAMS 0x000000074c500000, 0x000000074c500000| Complete 
| 198|0x000000074c600000, 0x000000074c700000, 0x000000074c700000|100%| E|CS|TAMS 0x000000074c600000, 0x000000074c600000| Complete 
| 199|0x000000074c700000, 0x000000074c800000, 0x000000074c800000|100%| E|CS|TAMS 0x000000074c700000, 0x000000074c700000| Complete 
| 200|0x000000074c800000, 0x000000074c900000, 0x000000074c900000|100%| E|CS|TAMS 0x000000074c800000, 0x000000074c800000| Complete 
| 201|0x000000074c900000, 0x000000074ca00000, 0x000000074ca00000|100%| E|CS|TAMS 0x000000074c900000, 0x000000074c900000| Complete 
| 202|0x000000074ca00000, 0x000000074cb00000, 0x000000074cb00000|100%| E|CS|TAMS 0x000000074ca00000, 0x000000074ca00000| Complete 
| 203|0x000000074cb00000, 0x000000074cc00000, 0x000000074cc00000|100%| E|CS|TAMS 0x000000074cb00000, 0x000000074cb00000| Complete 
| 204|0x000000074cc00000, 0x000000074cd00000, 0x000000074cd00000|100%| E|CS|TAMS 0x000000074cc00000, 0x000000074cc00000| Complete 
| 205|0x000000074cd00000, 0x000000074ce00000, 0x000000074ce00000|100%| E|CS|TAMS 0x000000074cd00000, 0x000000074cd00000| Complete 
| 206|0x000000074ce00000, 0x000000074cf00000, 0x000000074cf00000|100%| E|CS|TAMS 0x000000074ce00000, 0x000000074ce00000| Complete 
| 207|0x000000074cf00000, 0x000000074d000000, 0x000000074d000000|100%| E|CS|TAMS 0x000000074cf00000, 0x000000074cf00000| Complete 
| 208|0x000000074d000000, 0x000000074d100000, 0x000000074d100000|100%| E|CS|TAMS 0x000000074d000000, 0x000000074d000000| Complete 
| 209|0x000000074d100000, 0x000000074d200000, 0x000000074d200000|100%| E|CS|TAMS 0x000000074d100000, 0x000000074d100000| Complete 
| 210|0x000000074d200000, 0x000000074d300000, 0x000000074d300000|100%| E|CS|TAMS 0x000000074d200000, 0x000000074d200000| Complete 
| 211|0x000000074d300000, 0x000000074d400000, 0x000000074d400000|100%| E|CS|TAMS 0x000000074d300000, 0x000000074d300000| Complete 
| 212|0x000000074d400000, 0x000000074d500000, 0x000000074d500000|100%| E|CS|TAMS 0x000000074d400000, 0x000000074d400000| Complete 
| 213|0x000000074d500000, 0x000000074d600000, 0x000000074d600000|100%| E|CS|TAMS 0x000000074d500000, 0x000000074d500000| Complete 
| 214|0x000000074d600000, 0x000000074d700000, 0x000000074d700000|100%| E|CS|TAMS 0x000000074d600000, 0x000000074d600000| Complete 
| 215|0x000000074d700000, 0x000000074d800000, 0x000000074d800000|100%| E|CS|TAMS 0x000000074d700000, 0x000000074d700000| Complete 
| 216|0x000000074d800000, 0x000000074d900000, 0x000000074d900000|100%| E|CS|TAMS 0x000000074d800000, 0x000000074d800000| Complete 
| 217|0x000000074d900000, 0x000000074da00000, 0x000000074da00000|100%| E|CS|TAMS 0x000000074d900000, 0x000000074d900000| Complete 
| 218|0x000000074da00000, 0x000000074db00000, 0x000000074db00000|100%| E|CS|TAMS 0x000000074da00000, 0x000000074da00000| Complete 
| 219|0x000000074db00000, 0x000000074dc00000, 0x000000074dc00000|100%| E|CS|TAMS 0x000000074db00000, 0x000000074db00000| Complete 
| 220|0x000000074dc00000, 0x000000074dd00000, 0x000000074dd00000|100%| E|CS|TAMS 0x000000074dc00000, 0x000000074dc00000| Complete 
| 221|0x000000074dd00000, 0x000000074de00000, 0x000000074de00000|100%| E|CS|TAMS 0x000000074dd00000, 0x000000074dd00000| Complete 
| 222|0x000000074de00000, 0x000000074df00000, 0x000000074df00000|100%| E|CS|TAMS 0x000000074de00000, 0x000000074de00000| Complete 
| 223|0x000000074df00000, 0x000000074e000000, 0x000000074e000000|100%| E|CS|TAMS 0x000000074df00000, 0x000000074df00000| Complete 
| 224|0x000000074e000000, 0x000000074e100000, 0x000000074e100000|100%| E|CS|TAMS 0x000000074e000000, 0x000000074e000000| Complete 
| 225|0x000000074e100000, 0x000000074e200000, 0x000000074e200000|100%| E|CS|TAMS 0x000000074e100000, 0x000000074e100000| Complete 
| 226|0x000000074e200000, 0x000000074e300000, 0x000000074e300000|100%| E|CS|TAMS 0x000000074e200000, 0x000000074e200000| Complete 
| 227|0x000000074e300000, 0x000000074e400000, 0x000000074e400000|100%| E|CS|TAMS 0x000000074e300000, 0x000000074e300000| Complete 
| 228|0x000000074e400000, 0x000000074e500000, 0x000000074e500000|100%| E|CS|TAMS 0x000000074e400000, 0x000000074e400000| Complete 
| 229|0x000000074e500000, 0x000000074e600000, 0x000000074e600000|100%| E|CS|TAMS 0x000000074e500000, 0x000000074e500000| Complete 
| 230|0x000000074e600000, 0x000000074e6000e0, 0x000000074e700000|  0%| O|  |TAMS 0x000000074e600000, 0x000000074e600000| Untracked 

Card table byte_map: [0x0000026031060000,0x0000026031660000] _byte_map_base: 0x000002602d660000

Marking Bits (Prev, Next): (CMBitMap*) 0x000002602d640238, (CMBitMap*) 0x000002602d640270
 Prev Bits: [0x000002603b170000, 0x000002603e170000)
 Next Bits: [0x000002603e170000, 0x0000026041170000)

Polling page: 0x000002602a310000

Metaspace:

Usage:
  Non-class:     75.81 MB capacity,    74.57 MB ( 98%) used,   957.02 KB (  1%) free+waste,   304.38 KB ( <1%) overhead. 
      Class:     13.12 MB capacity,    12.12 MB ( 92%) used,   879.05 KB (  7%) free+waste,   148.69 KB (  1%) overhead. 
       Both:     88.93 MB capacity,    86.69 MB ( 97%) used,     1.79 MB (  2%) free+waste,   453.06 KB ( <1%) overhead. 

Virtual space:
  Non-class space:       76.00 MB reserved,      75.83 MB (>99%) committed 
      Class space:        1.00 GB reserved,      13.13 MB (  1%) committed 
             Both:        1.07 GB reserved,      88.95 MB (  8%) committed 

Chunk freelists:
   Non-Class:  2.88 KB
       Class:  0 bytes
        Both:  2.88 KB

CodeHeap 'non-profiled nmethods': size=120000Kb used=15541Kb max_used=15541Kb free=104458Kb
 bounds [0x0000026055ce0000, 0x0000026056c10000, 0x000002605d210000]
CodeHeap 'profiled nmethods': size=120000Kb used=36771Kb max_used=36771Kb free=83228Kb
 bounds [0x000002604e7b0000, 0x0000026050bc0000, 0x0000026055ce0000]
CodeHeap 'non-nmethods': size=5760Kb used=1618Kb max_used=1676Kb free=4141Kb
 bounds [0x000002604e210000, 0x000002604e480000, 0x000002604e7b0000]
 total_blobs=24860 nmethods=14595 adapters=1062
 compilation: enabled
              stopped_count=0, restarted_count=0
 full_count=0

Compilation events (10 events):
Event: 187.880 Thread 0x000002602cc40800 17550       3       javax.swing.JLayeredPane::getObjectForLayer (77 bytes)
Event: 187.880 Thread 0x000002602cc40800 nmethod 17550 0x0000026050bbbd90 code [0x0000026050bbbf80, 0x0000026050bbc4d8]
Event: 187.886 Thread 0x000002602cc40800 17551       1       javax.swing.tree.DefaultTreeCellRenderer::validate (1 bytes)
Event: 187.886 Thread 0x000002602cc40800 nmethod 17551 0x0000026056bf2890 code [0x0000026056bf2a40, 0x0000026056bf2b58]
Event: 187.975 Thread 0x000002602cc40800 17552       3       ui.views.U.a.J::aPG (29 bytes)
Event: 187.976 Thread 0x000002602cc40800 nmethod 17552 0x0000026050bbc690 code [0x0000026050bbc880, 0x0000026050bbcf30]
Event: 187.976 Thread 0x000002602cc40800 17553       3       ui.views.U.a.ai::krB (17 bytes)
Event: 187.976 Thread 0x000002602cc40800 nmethod 17553 0x0000026050bbd090 code [0x0000026050bbd260, 0x0000026050bbd4f0]
Event: 188.003 Thread 0x000002602cc40800 17554       3       javax.swing.plaf.synth.SynthRootPaneUI::updateStyle (50 bytes)
Event: 188.004 Thread 0x000002602cc40800 nmethod 17554 0x0000026050bbd590 code [0x0000026050bbd800, 0x0000026050bbe3a0]

GC Heap History (10 events):
Event: 178.588 GC heap before
{Heap before GC invocations=143 (full 72):
 garbage-first heap   total 236544K, used 108845K [0x0000000740000000, 0x0000000800000000)
  region size 1024K, 2 young (2048K), 0 survivors (0K)
 Metaspace       used 88713K, capacity 91000K, committed 91088K, reserved 1126400K
  class space    used 12405K, capacity 13439K, committed 13440K, reserved 1048576K
}
Event: 178.672 GC heap after
{Heap after GC invocations=144 (full 73):
 garbage-first heap   total 236544K, used 95533K [0x0000000740000000, 0x0000000800000000)
  region size 1024K, 0 young (0K), 0 survivors (0K)
 Metaspace       used 88713K, capacity 91000K, committed 91088K, reserved 1126400K
  class space    used 12405K, capacity 13439K, committed 13440K, reserved 1048576K
}
Event: 178.838 GC heap before
{Heap before GC invocations=144 (full 73):
 garbage-first heap   total 236544K, used 109869K [0x0000000740000000, 0x0000000800000000)
  region size 1024K, 3 young (3072K), 0 survivors (0K)
 Metaspace       used 88713K, capacity 91000K, committed 91088K, reserved 1126400K
  class space    used 12405K, capacity 13439K, committed 13440K, reserved 1048576K
}
Event: 178.925 GC heap after
{Heap after GC invocations=145 (full 74):
 garbage-first heap   total 236544K, used 95534K [0x0000000740000000, 0x0000000800000000)
  region size 1024K, 0 young (0K), 0 survivors (0K)
 Metaspace       used 88713K, capacity 91000K, committed 91088K, reserved 1126400K
  class space    used 12405K, capacity 13439K, committed 13440K, reserved 1048576K
}
Event: 179.097 GC heap before
{Heap before GC invocations=145 (full 74):
 garbage-first heap   total 236544K, used 108846K [0x0000000740000000, 0x0000000800000000)
  region size 1024K, 2 young (2048K), 0 survivors (0K)
 Metaspace       used 88713K, capacity 91000K, committed 91088K, reserved 1126400K
  class space    used 12405K, capacity 13439K, committed 13440K, reserved 1048576K
}
Event: 179.172 GC heap after
{Heap after GC invocations=146 (full 75):
 garbage-first heap   total 236544K, used 95534K [0x0000000740000000, 0x0000000800000000)
  region size 1024K, 0 young (0K), 0 survivors (0K)
 Metaspace       used 88713K, capacity 91000K, committed 91088K, reserved 1126400K
  class space    used 12405K, capacity 13439K, committed 13440K, reserved 1048576K
}
Event: 179.333 GC heap before
{Heap before GC invocations=146 (full 75):
 garbage-first heap   total 236544K, used 108846K [0x0000000740000000, 0x0000000800000000)
  region size 1024K, 2 young (2048K), 0 survivors (0K)
 Metaspace       used 88713K, capacity 91000K, committed 91088K, reserved 1126400K
  class space    used 12405K, capacity 13439K, committed 13440K, reserved 1048576K
}
Event: 179.406 GC heap after
{Heap after GC invocations=147 (full 76):
 garbage-first heap   total 236544K, used 95531K [0x0000000740000000, 0x0000000800000000)
  region size 1024K, 0 young (0K), 0 survivors (0K)
 Metaspace       used 88713K, capacity 91000K, committed 91088K, reserved 1126400K
  class space    used 12405K, capacity 13439K, committed 13440K, reserved 1048576K
}
Event: 179.577 GC heap before
{Heap before GC invocations=147 (full 76):
 garbage-first heap   total 236544K, used 108843K [0x0000000740000000, 0x0000000800000000)
  region size 1024K, 2 young (2048K), 0 survivors (0K)
 Metaspace       used 88713K, capacity 91000K, committed 91088K, reserved 1126400K
  class space    used 12405K, capacity 13439K, committed 13440K, reserved 1048576K
}
Event: 179.659 GC heap after
{Heap after GC invocations=148 (full 77):
 garbage-first heap   total 236544K, used 95534K [0x0000000740000000, 0x0000000800000000)
  region size 1024K, 0 young (0K), 0 survivors (0K)
 Metaspace       used 88713K, capacity 91000K, committed 91088K, reserved 1126400K
  class space    used 12405K, capacity 13439K, committed 13440K, reserved 1048576K
}

Deoptimization events (10 events):
Event: 187.237 Thread 0x0000026046a21000 Uncommon trap: reason=class_check action=maybe_recompile pc=0x0000026056bea92c method=java.awt.Container.findComponentAt(IIZ)Ljava/awt/Component; @ 9 c2
Event: 187.237 Thread 0x0000026046a21000 Uncommon trap: reason=class_check action=maybe_recompile pc=0x00000260566db63c method=java.awt.ModalEventFilter.acceptEvent(Ljava/awt/AWTEvent;)Ljava/awt/EventFilter$FilterAction; @ 77 c2
Event: 187.237 Thread 0x0000026046a21000 Uncommon trap: reason=class_check action=maybe_recompile pc=0x0000026056bea92c method=java.awt.Container.findComponentAt(IIZ)Ljava/awt/Component; @ 9 c2
Event: 187.244 Thread 0x0000026046a21000 Uncommon trap: reason=class_check action=maybe_recompile pc=0x0000026056bea92c method=java.awt.Container.findComponentAt(IIZ)Ljava/awt/Component; @ 9 c2
Event: 187.244 Thread 0x0000026046a21000 Uncommon trap: reason=class_check action=maybe_recompile pc=0x00000260566db63c method=java.awt.ModalEventFilter.acceptEvent(Ljava/awt/AWTEvent;)Ljava/awt/EventFilter$FilterAction; @ 77 c2
Event: 187.252 Thread 0x0000026046a21000 Uncommon trap: reason=class_check action=maybe_recompile pc=0x00000260566db63c method=java.awt.ModalEventFilter.acceptEvent(Ljava/awt/AWTEvent;)Ljava/awt/EventFilter$FilterAction; @ 77 c2
Event: 187.526 Thread 0x0000026046a21000 Uncommon trap: reason=class_check action=maybe_recompile pc=0x0000026056627d90 method=java.awt.Container.dispatchEventImpl(Ljava/awt/AWTEvent;)V @ 34 c2
Event: 187.534 Thread 0x0000026046a21000 Uncommon trap: reason=class_check action=maybe_recompile pc=0x0000026056627d90 method=java.awt.Container.dispatchEventImpl(Ljava/awt/AWTEvent;)V @ 34 c2
Event: 187.728 Thread 0x0000026046a21000 Uncommon trap: reason=class_check action=maybe_recompile pc=0x0000026056627d90 method=java.awt.Container.dispatchEventImpl(Ljava/awt/AWTEvent;)V @ 34 c2
Event: 187.787 Thread 0x0000026046a21000 Uncommon trap: reason=class_check action=maybe_recompile pc=0x0000026056627d90 method=java.awt.Container.dispatchEventImpl(Ljava/awt/AWTEvent;)V @ 34 c2

Classes redefined (0 events):
No events

Internal exceptions (10 events):
Event: 166.934 Thread 0x0000026046a21000 Exception <a 'java/io/FileNotFoundException'{0x000000074e64f748}> (0x000000074e64f748) thrown at [t:/workspace/open/src/hotspot/share/prims/jni.cpp, line 615]
Event: 166.981 Thread 0x0000026046a21000 Exception <a 'java/io/FileNotFoundException'{0x000000074e681550}> (0x000000074e681550) thrown at [t:/workspace/open/src/hotspot/share/prims/jni.cpp, line 615]
Event: 171.940 Thread 0x0000026046a21000 Exception <a 'java/io/FileNotFoundException'{0x000000074e626978}> (0x000000074e626978) thrown at [t:/workspace/open/src/hotspot/share/prims/jni.cpp, line 615]
Event: 171.959 Thread 0x0000026046a21000 Exception <a 'java/io/FileNotFoundException'{0x000000074e627400}> (0x000000074e627400) thrown at [t:/workspace/open/src/hotspot/share/prims/jni.cpp, line 615]
Event: 176.966 Thread 0x0000026046a21000 Exception <a 'java/io/FileNotFoundException'{0x000000074e6cbd08}> (0x000000074e6cbd08) thrown at [t:/workspace/open/src/hotspot/share/prims/jni.cpp, line 615]
Event: 176.966 Thread 0x0000026046a21000 Exception <a 'java/io/FileNotFoundException'{0x000000074e6cc688}> (0x000000074e6cc688) thrown at [t:/workspace/open/src/hotspot/share/prims/jni.cpp, line 615]
Event: 181.943 Thread 0x0000026046a21000 Exception <a 'java/io/FileNotFoundException'{0x000000074e021400}> (0x000000074e021400) thrown at [t:/workspace/open/src/hotspot/share/prims/jni.cpp, line 615]
Event: 181.960 Thread 0x0000026046a21000 Exception <a 'java/io/FileNotFoundException'{0x000000074e021da0}> (0x000000074e021da0) thrown at [t:/workspace/open/src/hotspot/share/prims/jni.cpp, line 615]
Event: 186.944 Thread 0x0000026046a21000 Exception <a 'java/io/FileNotFoundException'{0x000000074d32b478}> (0x000000074d32b478) thrown at [t:/workspace/open/src/hotspot/share/prims/jni.cpp, line 615]
Event: 186.961 Thread 0x0000026046a21000 Exception <a 'java/io/FileNotFoundException'{0x000000074d330a98}> (0x000000074d330a98) thrown at [t:/workspace/open/src/hotspot/share/prims/jni.cpp, line 615]

Events (10 events):
Event: 187.534 Thread 0x0000026046a21000 DEOPT PACKING pc=0x0000026056627d90 sp=0x000000791cbf59d0
Event: 187.534 Thread 0x0000026046a21000 DEOPT UNPACKING pc=0x000002604e2391af sp=0x000000791cbf5968 mode 2
Event: 187.701 Thread 0x000002605f8e8000 Thread added: 0x000002605f8e8000
Event: 187.705 Thread 0x000002605f8e8000 Thread exited: 0x000002605f8e8000
Event: 187.728 Thread 0x0000026046a21000 Uncommon trap: trap_request=0xffffffde fr.pc=0x0000026056627d90 relative=0x00000000000004b0
Event: 187.728 Thread 0x0000026046a21000 DEOPT PACKING pc=0x0000026056627d90 sp=0x000000791cbf59d0
Event: 187.728 Thread 0x0000026046a21000 DEOPT UNPACKING pc=0x000002604e2391af sp=0x000000791cbf5968 mode 2
Event: 187.787 Thread 0x0000026046a21000 Uncommon trap: trap_request=0xffffffde fr.pc=0x0000026056627d90 relative=0x00000000000004b0
Event: 187.787 Thread 0x0000026046a21000 DEOPT PACKING pc=0x0000026056627d90 sp=0x000000791cbf59d0
Event: 187.787 Thread 0x0000026046a21000 DEOPT UNPACKING pc=0x000002604e2391af sp=0x000000791cbf5968 mode 2


Dynamic libraries:
0x00007ff697ea0000 - 0x00007ff697ecf000 	C:\Xilinx\Vivado\2020.2\bin\unwrapped\win64.o\vivado.exe
0x00007ffa28a70000 - 0x00007ffa28c87000 	C:\Windows\SYSTEM32\ntdll.dll
0x00007ffa28060000 - 0x00007ffa28124000 	C:\Windows\System32\KERNEL32.DLL
0x00007ffa26410000 - 0x00007ffa267b6000 	C:\Windows\System32\KERNELBASE.dll
0x00007ffa260c0000 - 0x00007ffa261d1000 	C:\Windows\System32\ucrtbase.dll
0x00007ff9caa00000 - 0x00007ff9caa8e000 	C:\Windows\SYSTEM32\MSVCP140.dll
0x00007ff9caa90000 - 0x00007ff9caaab000 	C:\Windows\SYSTEM32\VCRUNTIME140.dll
0x00007ff9ca9f0000 - 0x00007ff9ca9fc000 	C:\Windows\SYSTEM32\VCRUNTIME140_1.dll
0x00007ff9ca990000 - 0x00007ff9ca9a8000 	C:\Xilinx\Vivado\2020.2\lib\win64.o\librdi_commonmain.dll
0x00007ff9ca970000 - 0x00007ff9ca983000 	C:\Xilinx\Vivado\2020.2\lib\win64.o\libboost_signals.dll
0x00007ff9c97e0000 - 0x00007ff9c97e9000 	C:\Xilinx\Vivado\2020.2\lib\win64.o\librdi_commonversion.dll
0x00007ff9c97b0000 - 0x00007ff9c97d2000 	C:\Xilinx\Vivado\2020.2\lib\win64.o\libboost_filesystem.dll
0x00007ffa27ce0000 - 0x00007ffa27d91000 	C:\Windows\System32\ADVAPI32.dll
0x00007ffa27c30000 - 0x00007ffa27cd7000 	C:\Windows\System32\msvcrt.dll
0x00007ffa28980000 - 0x00007ffa28a25000 	C:\Windows\System32\sechost.dll
0x00007ffa27e30000 - 0x00007ffa27f47000 	C:\Windows\System32\RPCRT4.dll
0x00007ff9c97f0000 - 0x00007ff9ca967000 	C:\Xilinx\Vivado\2020.2\lib\win64.o\librdi_common.dll
0x00007ffa287d0000 - 0x00007ffa2897e000 	C:\Windows\System32\USER32.dll
0x00007ffa25de0000 - 0x00007ffa25e06000 	C:\Windows\System32\win32u.dll
0x00007ff9c9610000 - 0x00007ff9c97a9000 	C:\Xilinx\Vivado\2020.2\lib\win64.o\librdi_commonxillic.dll
0x00007ffa28750000 - 0x00007ffa287c1000 	C:\Windows\System32\WS2_32.dll
0x00007ffa270c0000 - 0x00007ffa270e9000 	C:\Windows\System32\GDI32.dll
0x00007ffa25f20000 - 0x00007ffa26038000 	C:\Windows\System32\gdi32full.dll
0x00007ffa25e80000 - 0x00007ffa25f1a000 	C:\Windows\System32\msvcp_win.dll
0x00007ffa26840000 - 0x00007ffa2709a000 	C:\Windows\System32\SHELL32.dll
0x00007ff9c9600000 - 0x00007ff9c9609000 	C:\Xilinx\Vivado\2020.2\lib\win64.o\libboost_system.dll
0x000000005d170000 - 0x000000005d29b000 	C:\Xilinx\Vivado\2020.2\lib\win64.o\tcl85t.dll
0x00007ff9c9290000 - 0x00007ff9c95fe000 	C:\Xilinx\Vivado\2020.2\lib\win64.o\libCOIN-all.dll
0x00007ff9c9280000 - 0x00007ff9c9290000 	C:\Xilinx\Vivado\2020.2\lib\win64.o\libboost_date_time.dll
0x00007ff9c9200000 - 0x00007ff9c9273000 	C:\Xilinx\Vivado\2020.2\lib\win64.o\libboost_program_options.dll
0x00007ff9c90e0000 - 0x00007ff9c91f1000 	C:\Xilinx\Vivado\2020.2\lib\win64.o\libboost_regex.dll
0x00007ff9c90d0000 - 0x00007ff9c90dc000 	C:\Xilinx\Vivado\2020.2\lib\win64.o\libboost_xilinx.dll
0x00007ff9c90b0000 - 0x00007ff9c90ce000 	C:\Xilinx\Vivado\2020.2\lib\win64.o\libboost_thread.dll
0x00007ff9c9020000 - 0x00007ff9c90a2000 	C:\Xilinx\Vivado\2020.2\lib\win64.o\libhdlpsolve.dll
0x00007ff9c8f70000 - 0x00007ff9c9015000 	C:\Xilinx\Vivado\2020.2\lib\win64.o\libhdxml.dll
0x00007ff9c80d0000 - 0x00007ff9c80f8000 	C:\Xilinx\Vivado\2020.2\lib\win64.o\libisl_sysinfo.dll
0x00007ff9c8f00000 - 0x00007ff9c8f65000 	C:\Xilinx\Vivado\2020.2\lib\win64.o\liblmx6.0.dll
0x00007ff9c80b0000 - 0x00007ff9c80ca000 	C:\Xilinx\Vivado\2020.2\lib\win64.o\pthreadVC2.dll
0x00007ff9c8090000 - 0x00007ff9c80ac000 	C:\Xilinx\Vivado\2020.2\lib\win64.o\librdiconfig.dll
0x00007ffa284c0000 - 0x00007ffa2851e000 	C:\Windows\System32\SHLWAPI.dll
0x00007ff9c8060000 - 0x00007ff9c8081000 	C:\Xilinx\Vivado\2020.2\lib\win64.o\librdizlib.dll
0x0000000012000000 - 0x0000000012270000 	C:\Xilinx\Vivado\2020.2\lib\win64.o\xerces-c_3_1.dll
0x00007ff9c7d80000 - 0x00007ff9c805b000 	C:\Xilinx\Vivado\2020.2\lib\win64.o\libXil_lmgr11.dll
0x00007ffa27b30000 - 0x00007ffa27c29000 	C:\Windows\System32\COMDLG32.dll
0x00007ffa28130000 - 0x00007ffa284b9000 	C:\Windows\System32\combase.dll
0x00007ffa27f60000 - 0x00007ffa28053000 	C:\Windows\System32\shcore.dll
0x00007ffa27a50000 - 0x00007ffa27b27000 	C:\Windows\System32\OLEAUT32.dll
0x00007ffa277c0000 - 0x00007ffa27960000 	C:\Windows\System32\ole32.dll
0x00007ff9c8100000 - 0x00007ff9c8ef2600 	C:\Xilinx\Vivado\2020.2\lib\win64.o\libisl_iostreams.dll
0x00007ffa25e10000 - 0x00007ffa25e7b000 	C:\Windows\System32\WINTRUST.dll
0x00007ffa25790000 - 0x00007ffa257b8000 	C:\Windows\SYSTEM32\bcrypt.dll
0x00007ffa262a0000 - 0x00007ffa26406000 	C:\Windows\System32\CRYPT32.dll
0x00007ffa0b560000 - 0x00007ffa0ba54000 	C:\Windows\SYSTEM32\WININET.dll
0x00007ffa08760000 - 0x00007ffa08779000 	C:\Windows\SYSTEM32\NETAPI32.dll
0x00007ffa19fe0000 - 0x00007ffa1a117000 	C:\Windows\SYSTEM32\WINHTTP.dll
0x00007ffa047d0000 - 0x00007ffa049c0000 	C:\Windows\SYSTEM32\urlmon.dll
0x00007ffa008a0000 - 0x00007ffa008a9000 	C:\Windows\SYSTEM32\WSOCK32.dll
0x00007ff9c7d40000 - 0x00007ff9c7d71000 	C:\Windows\SYSTEM32\VCOMP140.DLL
0x00007ff9fe1f0000 - 0x00007ff9fe2a3000 	C:\Windows\WinSxS\amd64_microsoft.windows.common-controls_6595b64144ccf1df_5.82.22621.2506_none_b43bab19638c9595\COMCTL32.dll
0x00007ff9c5e10000 - 0x00007ff9c5e1c000 	C:\Xilinx\Vivado\2020.2\lib\win64.o\libboost_chrono.dll
0x00007ff9c5e20000 - 0x00007ff9c7d37000 	C:\Xilinx\Vivado\2020.2\lib\win64.o\gurobi90.dll
0x00007ffa267c0000 - 0x00007ffa26822000 	C:\Windows\System32\WLDAP32.dll
0x00007ffa27f50000 - 0x00007ffa27f58000 	C:\Windows\System32\Normaliz.dll
0x00007ffa19f00000 - 0x00007ffa19f1f000 	C:\Windows\SYSTEM32\dhcpcsvc.DLL
0x00007ff9c5de0000 - 0x00007ff9c5e03000 	C:\Xilinx\Vivado\2020.2\lib\win64.o\libisl_iosutils.dll
0x00007ff9c5dc0000 - 0x00007ff9c5dd6000 	C:\Xilinx\Vivado\2020.2\lib\win64.o\libboost_iostreams.dll
0x00007ffa0e4c0000 - 0x00007ffa0e77c000 	C:\Windows\SYSTEM32\iertutil.dll
0x00007ffa24810000 - 0x00007ffa2481c000 	C:\Windows\SYSTEM32\netutils.dll
0x00007ffa047a0000 - 0x00007ffa047c8000 	C:\Windows\SYSTEM32\srvcli.dll
0x00007ffa25310000 - 0x00007ffa25379000 	C:\Windows\SYSTEM32\MSWSOCK.DLL
0x00007ffa27780000 - 0x00007ffa277b1000 	C:\Windows\System32\IMM32.DLL
0x00007ffa255e0000 - 0x00007ffa255f2000 	C:\Windows\SYSTEM32\MSASN1.dll
0x00007ffa24e90000 - 0x00007ffa24ea8000 	C:\Windows\SYSTEM32\kernel.appcore.dll
0x00007ff9c5890000 - 0x00007ff9c5db2000 	C:\Xilinx\Vivado\2020.2\lib\win64.o\librdi_commontasks.dll
0x00007ffa114b0000 - 0x00007ffa114ba000 	C:\Windows\SYSTEM32\VERSION.dll
0x00007ff9c4a80000 - 0x00007ff9c4d55000 	C:\Xilinx\Vivado\2020.2\lib\win64.o\librdi_sio.dll
0x00007ff9c4d60000 - 0x00007ff9c5883000 	C:\Xilinx\Vivado\2020.2\tps\win64\jre11.0.2\bin\server\jvm.dll
0x00007ffa24890000 - 0x00007ffa248bd000 	C:\Windows\SYSTEM32\IPHLPAPI.DLL
0x00007ffa28720000 - 0x00007ffa28728000 	C:\Windows\System32\PSAPI.DLL
0x00007ffa16610000 - 0x00007ffa16644000 	C:\Windows\SYSTEM32\WINMM.dll
0x00007ffa23cc0000 - 0x00007ffa245b6000 	C:\Windows\SYSTEM32\windows.storage.dll
0x00007ffa23b80000 - 0x00007ffa23cbe000 	C:\Windows\SYSTEM32\wintypes.dll
0x00007ff9c1fc0000 - 0x00007ff9c4a7e000 	C:\Xilinx\Vivado\2020.2\lib\win64.o\librdi_tcltasks.dll
0x00007ff9c1e00000 - 0x00007ff9c1fb3000 	C:\Xilinx\Vivado\2020.2\lib\win64.o\librdi_board.dll
0x00007ff9c18d0000 - 0x00007ff9c194e000 	C:\Xilinx\Vivado\2020.2\lib\win64.o\librdi_boarddep.dll
0x00007ff9c1950000 - 0x00007ff9c1df6000 	C:\Xilinx\Vivado\2020.2\lib\win64.o\librdi_bitstream.dll
0x00007ff9c16e0000 - 0x00007ff9c18ca000 	C:\Xilinx\Vivado\2020.2\lib\win64.o\librdi_chipscopeimpl.dll
0x00007ff9bf740000 - 0x00007ff9bf8a1000 	C:\Xilinx\Vivado\2020.2\lib\win64.o\librdi_containers.dll
0x00007ff9bf8b0000 - 0x00007ff9c16dc000 	C:\Xilinx\Vivado\2020.2\lib\win64.o\librdi_constraints.dll
0x00007ff9bcc60000 - 0x00007ff9bd378000 	C:\Xilinx\Vivado\2020.2\lib\win64.o\librdi_coregenipxact.dll
0x00007ff9bd380000 - 0x00007ff9bf73d000 	C:\Xilinx\Vivado\2020.2\lib\win64.o\librdi_coregen.dll
0x00007ff9baef0000 - 0x00007ff9bcc51000 	C:\Xilinx\Vivado\2020.2\lib\win64.o\librdi_designutils.dll
0x00007ff9a25a0000 - 0x00007ff9a2908000 	C:\Xilinx\Vivado\2020.2\lib\win64.o\librdi_dlyest.dll
0x00007ff9a1f40000 - 0x00007ff9a259d000 	C:\Xilinx\Vivado\2020.2\lib\win64.o\librdi_drc.dll
0x00007ff9a1e80000 - 0x00007ff9a1f33000 	C:\Xilinx\Vivado\2020.2\lib\win64.o\librdi_dsp.dll
0x00007ff9a1490000 - 0x00007ff9a17ad000 	C:\Xilinx\Vivado\2020.2\lib\win64.o\librdi_guitools.dll
0x00007ff9a17b0000 - 0x00007ff9a1e72000 	C:\Xilinx\Vivado\2020.2\lib\win64.o\librdi_filemgmt.dll
0x00007ff9a2910000 - 0x00007ff9baeef000 	C:\Xilinx\Vivado\2020.2\lib\win64.o\librdi_device.dll
0x00007ff9a1420000 - 0x00007ff9a148b000 	C:\Xilinx\Vivado\2020.2\lib\win64.o\librdi_hdf.dll
0x00007ff9a11a0000 - 0x00007ff9a1417000 	C:\Xilinx\Vivado\2020.2\lib\win64.o\librdi_hip_devdesign.dll
0x00007ff9a10a0000 - 0x00007ff9a1196000 	C:\Xilinx\Vivado\2020.2\lib\win64.o\librdi_chipscope.dll
0x00007ff9a0f50000 - 0x00007ff9a1097000 	C:\Xilinx\Vivado\2020.2\lib\win64.o\librdi_hip_perf_analysis.dll
0x00007ff9a0900000 - 0x00007ff9a0f4c000 	C:\Xilinx\Vivado\2020.2\lib\win64.o\librdi_memdata.dll
0x00007ff9a0880000 - 0x00007ff9a08f2000 	C:\Xilinx\Vivado\2020.2\lib\win64.o\librdi_memoryarray.dll
0x00007ff99eca0000 - 0x00007ff9a0874000 	C:\Xilinx\Vivado\2020.2\lib\win64.o\librdi_implflow.dll
0x00007ff99c7f0000 - 0x00007ff99c844000 	C:\Xilinx\Vivado\2020.2\lib\win64.o\librdi_pfi.dll
0x00007ff99c850000 - 0x00007ff99ec94000 	C:\Xilinx\Vivado\2020.2\lib\win64.o\librdi_mig.dll
0x00007ff99c0c0000 - 0x00007ff99c7ec000 	C:\Xilinx\Vivado\2020.2\lib\win64.o\librdi_netlist.dll
0x00007ff99b8a0000 - 0x00007ff99c0b7000 	C:\Xilinx\Vivado\2020.2\lib\win64.o\librdi_power.dll
0x00007ff99b500000 - 0x00007ff99b89e000 	C:\Xilinx\Vivado\2020.2\lib\win64.o\librdi_platform.dll
0x00007ff99add0000 - 0x00007ff99b4f2000 	C:\Xilinx\Vivado\2020.2\lib\win64.o\librdi_psta.dll
0x00007ff99a750000 - 0x00007ff99adc4000 	C:\Xilinx\Vivado\2020.2\lib\win64.o\librdi_project.dll
0x00007ff999f40000 - 0x00007ff99a74c000 	C:\Xilinx\Vivado\2020.2\lib\win64.o\librdi_rsb.dll
0x00007ff996d30000 - 0x00007ff999f37000 	C:\Xilinx\Vivado\2020.2\lib\win64.o\librdi_place.dll
0x00007ff996ab0000 - 0x00007ff996d24000 	C:\Xilinx\Vivado\2020.2\lib\win64.o\librdi_simdata.dll
0x00007ff9969a0000 - 0x00007ff996aa9000 	C:\Xilinx\Vivado\2020.2\lib\win64.o\librdi_runsbase.dll
0x00007ff996470000 - 0x00007ff99699b000 	C:\Xilinx\Vivado\2020.2\lib\win64.o\librdi_runs.dll
0x00007ff996350000 - 0x00007ff996466000 	C:\Xilinx\Vivado\2020.2\lib\win64.o\librdi_xhub.dll
0x00007ff9962a0000 - 0x00007ff996347000 	C:\Xilinx\Vivado\2020.2\lib\win64.o\librdi_xhubtasks.dll
0x00007ff9961b0000 - 0x00007ff99629b000 	C:\Xilinx\Vivado\2020.2\lib\win64.o\librdi_ipconfig_readwrite.dll
0x00007ff996160000 - 0x00007ff9961a7000 	C:\Xilinx\Vivado\2020.2\lib\win64.o\libboost_serialization.dll
0x00007ff996110000 - 0x00007ff996156000 	C:\Xilinx\Vivado\2020.2\lib\win64.o\libboost_graph.dll
0x00007ff9960a0000 - 0x00007ff99610a000 	C:\Xilinx\Vivado\2020.2\lib\win64.o\librdi_noc_frameworks.dll
0x00007ff995fd0000 - 0x00007ff996096000 	C:\Xilinx\Vivado\2020.2\lib\win64.o\librdi_bda.dll
0x00007ff995860000 - 0x00007ff995fc7000 	C:\Xilinx\Vivado\2020.2\lib\win64.o\librdi_ippcw.dll
0x00007ff995560000 - 0x00007ff99585b000 	C:\Xilinx\Vivado\2020.2\lib\win64.o\librdi_hip_config.dll
0x00007ff995010000 - 0x00007ff99555e000 	C:\Xilinx\Vivado\2020.2\lib\win64.o\librdi_xdm.dll
0x00007ff994080000 - 0x00007ff995001000 	C:\Xilinx\Vivado\2020.2\lib\win64.o\librdi_timing.dll

dbghelp: loaded successfully - version: 4.0.5 - missing functions: none
symbol engine: initialized successfully - sym options: 0x614 - pdb path: .;C:\Xilinx\Vivado\2020.2\bin\unwrapped\win64.o;C:\Windows\SYSTEM32;C:\Xilinx\Vivado\2020.2\lib\win64.o;C:\Windows\WinSxS\amd64_microsoft.windows.common-controls_6595b64144ccf1df_5.82.22621.2506_none_b43bab19638c9595;C:\Xilinx\Vivado\2020.2\tps\win64\jre11.0.2\bin\server;C:\Xilinx\Vivado\2020.2\tps\win64\python-3.8.3;C:\Xilinx\Vivado\2020.2\tps\win64\jre11.0.2\bin;C:\Windows\WinSxS\amd64_microsoft.windows.common-controls_6595b64144ccf1df_6.0.22621.2506_none_270c5ae97388e100

VM Arguments:
jvm_args: -Dsun.java2d.pmoffscreen=false -Dhttps.protocols=TLSv1,TLSv1.1,TLSv1.2 -Dsun.java2d.xrender=false -Dsun.java2d.d3d=false -Dsun.awt.nopixfmt=true -Dsun.java2d.dpiaware=true -Dsun.java2d.uiScale.enabled=false -Xverify:none -Dswing.aatext=true -XX:-UsePerfData -Djdk.map.althashing.threshold=512 -XX:StringTableSize=4072 --add-opens=java.base/java.nio=ALL-UNNAMED --add-opens=java.desktop/sun.swing=ALL-UNNAMED --add-opens=java.desktop/javax.swing=ALL-UNNAMED --add-opens=java.desktop/javax.swing.tree=ALL-UNNAMED --add-opens=java.desktop/javax.swing.plaf.basic=ALL-UNNAMED --add-opens=java.desktop/javax.swing.plaf.synth=ALL-UNNAMED --add-opens=java.desktop/com.sun.awt=ALL-UNNAMED -XX:NewSize=60m -XX:MaxNewSize=60m -Xms128m -Xmx3072m -Xss5m 
java_command: <unknown>
java_class_path (initial): C:/Xilinx/Vivado/2020.2\lib\classes\alloy.jar;C:/Xilinx/Vivado/2020.2\lib\classes\ArchiveSummary.jar;C:/Xilinx/Vivado/2020.2\lib\classes\autoesl-models.jar;C:/Xilinx/Vivado/2020.2\lib\classes\autopilot.scelaborator.jar;C:/Xilinx/Vivado/2020.2\lib\classes\autopilot.sourceprocessor.jar;C:/Xilinx/Vivado/2020.2\lib\classes\autopilot.tbprocessor.jar;C:/Xilinx/Vivado/2020.2\lib\classes\batik-anim.jar;C:/Xilinx/Vivado/2020.2\lib\classes\batik-awt-util.jar;C:/Xilinx/Vivado/2020.2\lib\classes\batik-bridge.jar;C:/Xilinx/Vivado/2020.2\lib\classes\batik-codec.jar;C:/Xilinx/Vivado/2020.2\lib\classes\batik-css.jar;C:/Xilinx/Vivado/2020.2\lib\classes\batik-dom.jar;C:/Xilinx/Vivado/2020.2\lib\classes\batik-ext.jar;C:/Xilinx/Vivado/2020.2\lib\classes\batik-gui-util.jar;C:/Xilinx/Vivado/2020.2\lib\classes\batik-gvt.jar;C:/Xilinx/Vivado/2020.2\lib\classes\batik-parser.jar;C:/Xilinx/Vivado/2020.2\lib\classes\batik-script.jar;C:/Xilinx/Vivado/2020.2\lib\classes\batik-svg-dom.jar;C:/Xilinx/Vivado/2020.2\lib\classes\batik-swing.jar;C:/Xilinx/Vivado/2020.2\lib\classes\batik-transcoder.jar;C:/Xilinx/Vivado/2020.2\lib\classes\batik-util.jar;C:/Xilinx/Vivado/2020.2\lib\classes\batik-xml.jar;C:/Xilinx/Vivado/2020.2\lib\classes\com.google.gson_2.8.2.v20180104-1110.jar;C:/Xilinx/Vivado/2020.2\lib\classes\com.google.guava_27.1.0.v20190517-1946.jar;C:/Xilinx/Vivado/2020.2\lib\classes\com.ibm.icu_4.4.2.v20110208.jar;C:/Xilinx/Vivado/2020.2\lib\classes\com.sigasi.hdt.connection_4.9.0.202009050929.jar;C:/Xilinx/Vivado/2020.2\lib\classes\com.sigasi.hdt.epl_4.9.0.202009050929.jar;C:/Xilinx/Vivado/2020.2\lib\classes\com.sigasi.hdt.project_4.9.0.202009050929.jar;C:/Xilinx/Vivado/2020.2\lib\classes\com.sigasi.hdt.readonlyfilesystem_4.9.0.202009050929.jar;C:/Xilinx/Vivado/2020.2\lib\classes\com.sigasi.lcm_4.9.0.202009050929.jar;C:/Xilinx/Vivado/2020.2\lib\classes\com.sigasi.sdk.client_4.9.0.202009050929.jar;C:/Xilinx/Vivado/2020.2\lib\classes\com.xilinx.hls.services.jar;C:/Xili
Launcher Type: generic

[Global flags]
     bool BytecodeVerificationLocal                = false                                     {product} {command line}
     bool BytecodeVerificationRemote               = false                                     {product} {command line}
     intx CICompilerCount                          = 4                                         {product} {ergonomic}
     uint ConcGCThreads                            = 2                                         {product} {ergonomic}
     uint G1ConcRefinementThreads                  = 8                                         {product} {ergonomic}
   size_t G1HeapRegionSize                         = 1048576                                   {product} {ergonomic}
    uintx GCDrainStackTargetSize                   = 64                                        {product} {ergonomic}
   size_t InitialHeapSize                          = 134217728                                 {product} {command line}
   size_t MarkStackSize                            = 4194304                                   {product} {ergonomic}
   size_t MaxHeapSize                              = 3221225472                                {product} {command line}
   size_t MaxNewSize                               = 62914560                                  {product} {command line}
   size_t MinHeapDeltaBytes                        = 1048576                                   {product} {ergonomic}
   size_t NewSize                                  = 62914560                                  {product} {command line}
    uintx NonNMethodCodeHeapSize                   = 5835340                                {pd product} {ergonomic}
    uintx NonProfiledCodeHeapSize                  = 122911450                              {pd product} {ergonomic}
    uintx ProfiledCodeHeapSize                     = 122911450                              {pd product} {ergonomic}
    uintx ReservedCodeCacheSize                    = 251658240                              {pd product} {ergonomic}
     bool SegmentedCodeCache                       = true                                      {product} {ergonomic}
    uintx StringTableSize                          = 4072                                      {product} {command line}
     intx ThreadStackSize                          = 5120                                   {pd product} {command line}
     bool UseCompressedClassPointers               = true                                 {lp64_product} {ergonomic}
     bool UseCompressedOops                        = true                                 {lp64_product} {ergonomic}
     bool UseG1GC                                  = true                                      {product} {ergonomic}
     bool UseLargePagesIndividualAllocation        = false                                  {pd product} {ergonomic}
     bool UsePerfData                              = false                                     {product} {command line}

Logging:
Log output configuration:
 #0: stdout all=warning uptime,level,tags
 #1: stderr all=off uptime,level,tags

Environment Variables:
PATH=C:/Xilinx/Vivado/2020.2\gnuwin\bin;C:/Xilinx/Vivado/2020.2\gnu\microblaze\nt\bin;C:/Xilinx/Vivado/2020.2/bin;C:/Xilinx/Vivado/2020.2/tps/win64/javafx-sdk-11.0.2/lib;C:/Xilinx/Vivado/2020.2/tps/win64/javafx-sdk-11.0.2/bin;C:/Xilinx/Vivado/2020.2/lib/win64.o;C:/Xilinx/Vivado/2020.2/tps/win64/jre11.0.2/bin/server;C:/Xilinx/Vivado/2020.2/tps/win64/jre11.0.2/bin;C:/Xilinx/Vivado/2020.2/ids_lite/ISE/bin/nt64;C:/Xilinx/Vivado/2020.2/ids_lite/ISE/lib/nt64;C:/Xilinx/Vitis_HLS/2020.2/bin;C:\Windows\system32;C:\Windows;C:\Windows\System32\Wbem;C:\Windows\System32\WindowsPowerShell\v1.0\;C:\Windows\System32\OpenSSH\;C:\Program Files\Git\cmd;C:\mingw64\bin;C:\Program Files (x86)\Vim\vim90;C:\Program Files\dotnet\;C:\Program Files (x86)\GnuWin32\bin;C:\Program Files\MATLAB\R2023a\bin;C:\msys64\ucrt64\bin;C:\Users\rlatk\AppData\Local\Microsoft\WindowsApps;C:\Users\rlatk\AppData\Local\Programs\Microsoft VS Code\bin;;C:/Xilinx/Vivado/2020.2\tps\mingw\6.2.0\win64.o\nt\bin;C:/Xilinx/Vivado/2020.2\tps\mingw\6.2.0\win64.o\nt\libexec\gcc\x86_64-w64-mingw32\6.2.0;C:/Xilinx/Vivado/2020.2\tps\win64\python-3.8.3;C:/Xilinx/Vivado/2020.2\tps\win64\python-3.8.3\bin;C:/Xilinx/Vivado/2020.2\tps\win64\python-3.8.3\lib;C:/Xilinx/Vivado/2020.2\tps\win64\python-3.8.3\lib\site-packages
USERNAME=Kim San
OS=Windows_NT
PROCESSOR_IDENTIFIER=Intel64 Family 6 Model 142 Stepping 12, GenuineIntel



---------------  S Y S T E M  ---------------

OS: Windows 10 , 64 bit Build 22621 (10.0.22621.2506)

CPU:total 8 (initial active 8) (4 cores per cpu, 2 threads per core) family 6 model 142 stepping 12, cmov, cx8, fxsr, mmx, sse, sse2, sse3, ssse3, sse4.1, sse4.2, popcnt, avx, avx2, aes, clmul, erms, 3dnowpref, lzcnt, ht, tsc, tscinvbit, bmi1, bmi2, adx, fma

Memory: 4k page, system-wide physical 16138M (9902M free)
TotalPageFile size 17162M (AvailPageFile size 11139M)
current process WorkingSet (physical memory assigned to process): 1043M, peak: 1081M
current process commit charge ("private bytes"): 1108M, peak: 1149M

vm_info: OpenJDK 64-Bit Server VM (11.0.2+9) for windows-amd64 JRE (11.0.2+9), built on Jan 18 2019 05:23:22 by "mach5one" with MS VC++ 15.5 (VS2017)

END.
