#
# A fatal error has been detected by the Java Runtime Environment:
#
#  EXCEPTION_ACCESS_VIOLATION (0xc0000005) at pc=0x00007ffc1bab9670, pid=2056, tid=16448
#
# JRE version: OpenJDK Runtime Environment (11.0.2+9) (build 11.0.2+9)
# Java VM: OpenJDK 64-Bit Server VM (11.0.2+9, mixed mode, tiered, compressed oops, g1 gc, windows-amd64)
# Problematic frame:
# C  0x00007ffc1bab9670
#
# No core dump will be written. Minidumps are not enabled by default on client versions of Windows
#
# If you would like to submit a bug report, please visit:
#   http://bugreport.java.com/bugreport/crash.jsp
# The crash happened outside the Java Virtual Machine in native code.
# See problematic frame for where to report the bug.
#

---------------  S U M M A R Y ------------

Command Line: -Dsun.java2d.pmoffscreen=false -Dhttps.protocols=TLSv1,TLSv1.1,TLSv1.2 -Dsun.java2d.xrender=false -Dsun.java2d.d3d=false -Dsun.awt.nopixfmt=true -Dsun.java2d.dpiaware=true -Dsun.java2d.uiScale.enabled=false -Xverify:none -Dswing.aatext=true -XX:-UsePerfData -Djdk.map.althashing.threshold=512 -XX:StringTableSize=4072 --add-opens=java.base/java.nio=ALL-UNNAMED --add-opens=java.desktop/sun.swing=ALL-UNNAMED --add-opens=java.desktop/javax.swing=ALL-UNNAMED --add-opens=java.desktop/javax.swing.tree=ALL-UNNAMED --add-opens=java.desktop/javax.swing.plaf.basic=ALL-UNNAMED --add-opens=java.desktop/javax.swing.plaf.synth=ALL-UNNAMED --add-opens=java.desktop/com.sun.awt=ALL-UNNAMED -XX:NewSize=60m -XX:MaxNewSize=60m -Xms128m -Xmx3072m -Xss5m 

Host: Intel(R) Core(TM) i5-10210U CPU @ 1.60GHz, 8 cores, 15G,  Windows 10 , 64 bit Build 22621 (10.0.22621.2506)
Time: Thu Nov 23 10:14:58 2023 대한민국 표준시 elapsed time: 40112 seconds (0d 11h 8m 32s)

---------------  T H R E A D  ---------------

Current thread (0x000002052e220000):  JavaThread "AWT-EventQueue-0" [_thread_in_native, id=16448, stack(0x000000a772100000,0x000000a772600000)]

Stack: [0x000000a772100000,0x000000a772600000],  sp=0x000000a7725fb128,  free space=5100k
Native frames: (J=compiled Java code, j=interpreted, Vv=VM code, C=native code)
C  0x00007ffc1bab9670

Java frames: (J=compiled Java code, j=interpreted, Vv=VM code)
J 19577  ui.views.waveform.waveformi.WVExecutive_getTooltipTextDelayed(J)Ljava/lang/String; (0 bytes) @ 0x00000205278a4e11 [0x00000205278a4dc0+0x0000000000000051]
J 23261 c2 ui.views.waveform.b.a.mouseMoved(Ljava/awt/event/MouseEvent;)V (32 bytes) @ 0x0000020528232bc0 [0x0000020528232a20+0x00000000000001a0]
J 19044 c2 java.awt.AWTEventMulticaster.mouseMoved(Ljava/awt/event/MouseEvent;)V java.desktop@11.0.2 (27 bytes) @ 0x000002052718b474 [0x000002052718b3c0+0x00000000000000b4]
J 19044 c2 java.awt.AWTEventMulticaster.mouseMoved(Ljava/awt/event/MouseEvent;)V java.desktop@11.0.2 (27 bytes) @ 0x000002052718b434 [0x000002052718b3c0+0x0000000000000074]
J 23124 c2 ui.frmwork.b.j.processMouseMotionEvent(Ljava/awt/event/MouseEvent;)V (131 bytes) @ 0x00000205281e9aac [0x00000205281e9720+0x000000000000038c]
J 13911 c2 java.awt.Container.processEvent(Ljava/awt/AWTEvent;)V java.desktop@11.0.2 (22 bytes) @ 0x0000020527600e58 [0x0000020527600ca0+0x00000000000001b8]
J 24093 c2 java.awt.Component.dispatchEventImpl(Ljava/awt/AWTEvent;)V java.desktop@11.0.2 (777 bytes) @ 0x00000205282f4198 [0x00000205282f3860+0x0000000000000938]
J 23115 c2 java.awt.Container.dispatchEventImpl(Ljava/awt/AWTEvent;)V java.desktop@11.0.2 (129 bytes) @ 0x00000205281e0900 [0x00000205281e08a0+0x0000000000000060]
J 22959 c2 java.awt.LightweightDispatcher.retargetMouseEvent(Ljava/awt/Component;ILjava/awt/event/MouseEvent;)V java.desktop@11.0.2 (372 bytes) @ 0x0000020528169d2c [0x0000020528169780+0x00000000000005ac]
J 23115 c2 java.awt.Container.dispatchEventImpl(Ljava/awt/AWTEvent;)V java.desktop@11.0.2 (129 bytes) @ 0x00000205281e0fa4 [0x00000205281e08a0+0x0000000000000704]
J 23577 c2 java.awt.Window.dispatchEventImpl(Ljava/awt/AWTEvent;)V java.desktop@11.0.2 (23 bytes) @ 0x000002052757318c [0x0000020527573140+0x000000000000004c]
J 14228 c2 java.awt.EventQueue$4.run()Ljava/lang/Object; java.desktop@11.0.2 (5 bytes) @ 0x00000205273f7c44 [0x00000205273f7760+0x00000000000004e4]
v  ~StubRoutines::call_stub
J 3672  java.security.AccessController.doPrivileged(Ljava/security/PrivilegedAction;Ljava/security/AccessControlContext;)Ljava/lang/Object; java.base@11.0.2 (0 bytes) @ 0x0000020526e2d636 [0x0000020526e2d5c0+0x0000000000000076]
J 17479 c2 java.awt.EventQueue$5.run()Ljava/lang/Object; java.desktop@11.0.2 (5 bytes) @ 0x0000020527b13abc [0x0000020527b13860+0x000000000000025c]
v  ~StubRoutines::call_stub
J 3672  java.security.AccessController.doPrivileged(Ljava/security/PrivilegedAction;Ljava/security/AccessControlContext;)Ljava/lang/Object; java.base@11.0.2 (0 bytes) @ 0x0000020526e2d636 [0x0000020526e2d5c0+0x0000000000000076]
J 13589 c2 java.awt.EventQueue.dispatchEvent(Ljava/awt/AWTEvent;)V java.desktop@11.0.2 (80 bytes) @ 0x0000020526eb586c [0x0000020526eb54c0+0x00000000000003ac]
J 23116 c2 ui.frmwork.a.d.dispatchEvent(Ljava/awt/AWTEvent;)V (42 bytes) @ 0x00000205281e3b14 [0x00000205281e3aa0+0x0000000000000074]
J 22787% c2 java.awt.EventDispatchThread.pumpEventsForFilter(ILjava/awt/Conditional;Ljava/awt/EventFilter;)V java.desktop@11.0.2 (47 bytes) @ 0x000002052810ae40 [0x000002052810ac80+0x00000000000001c0]
j  java.awt.EventDispatchThread.pumpEventsForHierarchy(ILjava/awt/Conditional;Ljava/awt/Component;)V+11 java.desktop@11.0.2
j  java.awt.EventDispatchThread.pumpEvents(ILjava/awt/Conditional;)V+4 java.desktop@11.0.2
j  java.awt.EventDispatchThread.pumpEvents(Ljava/awt/Conditional;)V+3 java.desktop@11.0.2
j  java.awt.EventDispatchThread.run()V+9 java.desktop@11.0.2
v  ~StubRoutines::call_stub

siginfo: EXCEPTION_ACCESS_VIOLATION (0xc0000005), data execution prevention violation at address 0x00007ffc1bab9670


Register to memory mapping:

RIP=0x00007ffc1bab9670 points into unknown readable memory: 01 00 00 00 00 00 00 00
RAX=0x00007ffc1ba60720 points into unknown readable memory: 00 88 6c 1b fc 7f 00 00
RBX=0x000000000000005a is an unknown value
RCX=0x00000205483e12e0 points into unknown readable memory: 20 07 a6 1b fc 7f 00 00
RDX=0x0000020542339920 points into unknown readable memory: d8 84 99 1a fc 7f 00 00
RSP=0x000000a7725fb128 is pointing into the stack for thread: 0x000002052e220000
RBP=0x000000a7725fb190 is pointing into the stack for thread: 0x000002052e220000
RSI=0x0000000000000002 is an unknown value
RDI=0x00000205483e12e0 points into unknown readable memory: 20 07 a6 1b fc 7f 00 00
R8 =0x000000a7725fb3a0 is pointing into the stack for thread: 0x000002052e220000
R9 =0x000000a7725fb3e0 is pointing into the stack for thread: 0x000002052e220000
R10=0x000000000000005a is an unknown value
R11=0x0000000000000ef8 is an unknown value
R12=0x000000a7725fb3a0 is pointing into the stack for thread: 0x000002052e220000
R13=0x000000a7725fb3a0 is pointing into the stack for thread: 0x000002052e220000
R14=0x000000a7725fb3e0 is pointing into the stack for thread: 0x000002052e220000
R15=0x0000020542339920 points into unknown readable memory: d8 84 99 1a fc 7f 00 00


Registers:
RAX=0x00007ffc1ba60720, RBX=0x000000000000005a, RCX=0x00000205483e12e0, RDX=0x0000020542339920
RSP=0x000000a7725fb128, RBP=0x000000a7725fb190, RSI=0x0000000000000002, RDI=0x00000205483e12e0
R8 =0x000000a7725fb3a0, R9 =0x000000a7725fb3e0, R10=0x000000000000005a, R11=0x0000000000000ef8
R12=0x000000a7725fb3a0, R13=0x000000a7725fb3a0, R14=0x000000a7725fb3e0, R15=0x0000020542339920
RIP=0x00007ffc1bab9670, EFLAGS=0x0000000000010206

Top of Stack: (sp=0x000000a7725fb128)
0x000000a7725fb128:   00007ffc1b790a66 000000a7725fb190
0x000000a7725fb138:   0000020500000000 0000020540b761f0
0x000000a7725fb148:   0000000000000002 000000000000a397
0x000000a7725fb158:   00007ffc00000006 fffffffffffffffe
0x000000a7725fb168:   000000000000a390 000014efc2f6ac02
0x000000a7725fb178:   000002054c75b140 0000020542339920
0x000000a7725fb188:   000000a7725fb4a8 0000020542339920
0x000000a7725fb198:   000000a7725fb4a8 000000a7725fb3e0
0x000000a7725fb1a8:   000000a7725fb3a0 00000000000000d8
0x000000a7725fb1b8:   00007ffc1b790940 0000000040000000
0x000000a7725fb1c8:   000000000000005a 0000000000000002
0x000000a7725fb1d8:   000002053de8ae10 fffffffffffffffe
0x000000a7725fb1e8:   0000000000000010 0000000000000000
0x000000a7725fb1f8:   f120000000000000 0000000000000000
0x000000a7725fb208:   00007ffc1b867200 0000020500000000
0x000000a7725fb218:   0000000000000000 000000000000000f 

Instructions: (pc=0x00007ffc1bab9670)
0x00007ffc1bab9650:   00 00 00 00 ff ff ff ff 00 00 00 00 40 00 00 00
0x00007ffc1bab9660:   20 96 43 00 00 00 00 00 00 00 00 00 00 00 00 00
0x00007ffc1bab9670:   01 00 00 00 00 00 00 00 00 00 00 00 a0 19 57 00
0x00007ffc1bab9680:   98 96 43 00 70 96 43 00 00 00 00 00 00 00 00 00 


Stack slot to memory mapping:
stack at sp + 0 slots: 0x00007ffc1b790a66 points into unknown readable memory: 83 f8
stack at sp + 1 slots: 0x000000a7725fb190 is pointing into the stack for thread: 0x000002052e220000
stack at sp + 2 slots: 0x0000020500000000 points into unknown readable memory: 00 00 00 00 00 00 00 00
stack at sp + 3 slots: 0x0000020540b761f0 points into unknown readable memory: 88 1f a7 1b fc 7f 00 00
stack at sp + 4 slots: 0x0000000000000002 is an unknown value
stack at sp + 5 slots: 0x000000000000a397 is an unknown value
stack at sp + 6 slots: 0x00007ffc00000006 librdi_device.dll
stack at sp + 7 slots: 0xfffffffffffffffe is an unknown value


---------------  P R O C E S S  ---------------

Threads class SMR info:
_java_thread_list=0x0000020535f2ffa0, length=33, elements={
0x000002050347f800, 0x000002051dc84000, 0x0000020503e6e800, 0x0000020500581800,
0x0000020503948800, 0x000002050219a800, 0x0000020503a30000, 0x000002057ae9e800,
0x0000020503c92000, 0x000002051eb1e000, 0x000002050645c000, 0x000002050638c000,
0x000002050638d000, 0x0000020506472800, 0x000002052e220000, 0x000002050683d800,
0x000002051ac20800, 0x000002051a92d800, 0x0000020503a2e800, 0x0000020503a2d000,
0x0000020503a2d800, 0x0000020503a2f800, 0x0000020531480800, 0x0000020531482000,
0x000002053147e000, 0x0000020531488800, 0x0000020531489800, 0x0000020531485800,
0x000002053148a800, 0x0000020531484000, 0x000002053db77000, 0x000002053db7c000,
0x000002053db7d000
}

Java Threads: ( => current thread )
  0x000002050347f800 JavaThread "main" [_thread_blocked, id=1436, stack(0x000000a76c200000,0x000000a76c300000)]
  0x000002051dc84000 JavaThread "Reference Handler" daemon [_thread_blocked, id=15160, stack(0x000000a76e000000,0x000000a76e500000)]
  0x0000020503e6e800 JavaThread "Finalizer" daemon [_thread_blocked, id=17640, stack(0x000000a76e500000,0x000000a76ea00000)]
  0x0000020500581800 JavaThread "Signal Dispatcher" daemon [_thread_blocked, id=2836, stack(0x000000a76ea00000,0x000000a76ef00000)]
  0x0000020503948800 JavaThread "Attach Listener" daemon [_thread_blocked, id=6924, stack(0x000000a76ef00000,0x000000a76f400000)]
  0x000002050219a800 JavaThread "C2 CompilerThread0" daemon [_thread_blocked, id=18420, stack(0x000000a76f400000,0x000000a76f500000)]
  0x0000020503a30000 JavaThread "C1 CompilerThread0" daemon [_thread_blocked, id=18292, stack(0x000000a76f500000,0x000000a76f600000)]
  0x000002057ae9e800 JavaThread "Sweeper thread" daemon [_thread_blocked, id=17560, stack(0x000000a76f600000,0x000000a76fb00000)]
  0x0000020503c92000 JavaThread "Common-Cleaner" daemon [_thread_blocked, id=16400, stack(0x000000a76fb00000,0x000000a770000000)]
  0x000002051eb1e000 JavaThread "Service Thread" daemon [_thread_blocked, id=10948, stack(0x000000a770000000,0x000000a770500000)]
  0x000002050645c000 JavaThread "Java2D Disposer" daemon [_thread_blocked, id=10572, stack(0x000000a770700000,0x000000a770c00000)]
  0x000002050638c000 JavaThread "AWT-Shutdown" [_thread_blocked, id=20036, stack(0x000000a770c00000,0x000000a771100000)]
  0x000002050638d000 JavaThread "AWT-Windows" daemon [_thread_in_native, id=18184, stack(0x000000a771100000,0x000000a771600000)]
  0x0000020506472800 JavaThread "TimerQueue" daemon [_thread_blocked, id=11904, stack(0x000000a771600000,0x000000a771b00000)]
=>0x000002052e220000 JavaThread "AWT-EventQueue-0" [_thread_in_native, id=16448, stack(0x000000a772100000,0x000000a772600000)]
  0x000002050683d800 JavaThread "Thread-1" [_thread_in_native, id=11828, stack(0x000000a76c300000,0x000000a76d700000)]
  0x000002051ac20800 JavaThread "Process Messages Thread" [_thread_blocked, id=17376, stack(0x000000a772b00000,0x000000a773000000)]
  0x000002051a92d800 JavaThread "Batik CleanerThread" daemon [_thread_blocked, id=15584, stack(0x000000a772600000,0x000000a772b00000)]
  0x0000020503a2e800 JavaThread "SyntheticaCleanerThread" daemon [_thread_blocked, id=7200, stack(0x000000a773d00000,0x000000a774200000)]
  0x0000020503a2d000 JavaThread "Monitor HEventQueue Thread" [_thread_blocked, id=18108, stack(0x000000a774700000,0x000000a774c00000)]
  0x0000020503a2d800 JavaThread "SyntheticaAnimation 50" daemon [_thread_blocked, id=16744, stack(0x000000a774c00000,0x000000a775100000)]
  0x0000020503a2f800 JavaThread "SyntheticaAnimation 25" daemon [_thread_blocked, id=24832, stack(0x000000a771b00000,0x000000a772000000)]
  0x0000020531480800 JavaThread "SyntheticaAnimation 70" daemon [_thread_blocked, id=15304, stack(0x000000a775100000,0x000000a775600000)]
  0x0000020531482000 JavaThread "Refresh Filesets Swing Worker Thread" [_thread_blocked, id=12740, stack(0x000000a775600000,0x000000a775b00000)]
  0x000002053147e000 JavaThread "hw_ila_monitor" [_thread_blocked, id=7536, stack(0x000000a775b00000,0x000000a776000000)]
  0x0000020531488800 JavaThread "pool-1-thread-1" [_thread_blocked, id=12964, stack(0x000000a776a00000,0x000000a776f00000)]
  0x0000020531489800 JavaThread "pool-2-thread-1" [_thread_blocked, id=13100, stack(0x000000a776f00000,0x000000a777400000)]
  0x0000020531485800 JavaThread "pool-3-thread-1" [_thread_blocked, id=20724, stack(0x000000a777400000,0x000000a777900000)]
  0x000002053148a800 JavaThread "Update Runs Swing Worker Thread" [_thread_blocked, id=13092, stack(0x000000a777900000,0x000000a777e00000)]
  0x0000020531484000 JavaThread "SyntheticaAnimation 50" daemon [_thread_blocked, id=4620, stack(0x000000a776000000,0x000000a776500000)]
  0x000002053db77000 JavaThread "Thread-2161" [_thread_in_native, id=17932, stack(0x000000a76c100000,0x000000a76c200000)]
  0x000002053db7c000 JavaThread "Thread-2162" [_thread_in_native, id=11604, stack(0x000000a778300000,0x000000a778400000)]
  0x000002053db7d000 JavaThread "Relaunch Simulation Thread" [_thread_blocked, id=24324, stack(0x000000a774200000,0x000000a774700000)]

Other Threads:
  0x00000205032d1800 VMThread "VM Thread" [stack: 0x000000a76df00000,0x000000a76e000000] [id=18836]
  0x00000205032dc000 WatcherThread [stack: 0x000000a770500000,0x000000a770600000] [id=18152]
  0x000002051eb79800 GCTaskThread "GC Thread#0" [stack: 0x000000a76da00000,0x000000a76db00000] [id=8776]
  0x000002051b1e6000 GCTaskThread "GC Thread#1" [stack: 0x000000a773000000,0x000000a773100000] [id=14376]
  0x000002051b1e6800 GCTaskThread "GC Thread#2" [stack: 0x000000a773100000,0x000000a773200000] [id=17304]
  0x000002050683c000 GCTaskThread "GC Thread#3" [stack: 0x000000a773200000,0x000000a773300000] [id=15464]
  0x000002050683d000 GCTaskThread "GC Thread#4" [stack: 0x000000a773300000,0x000000a773400000] [id=16772]
  0x0000020506ab3800 GCTaskThread "GC Thread#5" [stack: 0x000000a773400000,0x000000a773500000] [id=11284]
  0x0000020506ab4000 GCTaskThread "GC Thread#6" [stack: 0x000000a773500000,0x000000a773600000] [id=10028]
  0x000002051a9bd000 GCTaskThread "GC Thread#7" [stack: 0x000000a773600000,0x000000a773700000] [id=12604]
  0x000002055d5d1800 ConcurrentGCThread "G1 Main Marker" [stack: 0x000000a76db00000,0x000000a76dc00000] [id=13612]
  0x000002050367c800 ConcurrentGCThread "G1 Conc#0" [stack: 0x000000a76dc00000,0x000000a76dd00000] [id=2820]
  0x00000205032e9000 ConcurrentGCThread "G1 Conc#1" [stack: 0x000000a773700000,0x000000a773800000] [id=21220]
  0x000002050235c800 ConcurrentGCThread "G1 Refine#0" [stack: 0x000000a76dd00000,0x000000a76de00000] [id=17272]
  0x000002051aaa2800 ConcurrentGCThread "G1 Refine#1" [stack: 0x000000a773b00000,0x000000a773c00000] [id=18484]
  0x000002057e619000 ConcurrentGCThread "G1 Young RemSet Sampling" [stack: 0x000000a76de00000,0x000000a76df00000] [id=18872]

Threads with active compile tasks:

VM state:not at safepoint (normal execution)

VM Mutex/Monitor currently owned by a thread: None

Heap address: 0x0000000740000000, size: 3072 MB, Compressed Oops mode: Zero based, Oop shift amount: 3
Narrow klass base: 0x0000000800000000, Narrow klass shift: 0
Compressed class space size: 1073741824 Address: 0x0000000800000000

Heap:
 garbage-first heap   total 276480K, used 88053K [0x0000000740000000, 0x0000000800000000)
  region size 1024K, 3 young (3072K), 1 survivors (1024K)
 Metaspace       used 92956K, capacity 94036K, committed 98896K, reserved 1134592K
  class space    used 12186K, capacity 12621K, committed 14336K, reserved 1048576K
Heap Regions: E=young(eden), S=young(survivor), O=old, HS=humongous(starts), HC=humongous(continues), CS=collection set, F=free, A=archive, TAMS=top-at-mark-start (previous, next)
|   0|0x0000000740000000, 0x0000000740100000, 0x0000000740100000|100%|HS|  |TAMS 0x0000000740000000, 0x0000000740000000| Untracked 
|   1|0x0000000740100000, 0x0000000740200000, 0x0000000740200000|100%|HC|  |TAMS 0x0000000740100000, 0x0000000740100000| Untracked 
|   2|0x0000000740200000, 0x0000000740300000, 0x0000000740300000|100%|HS|  |TAMS 0x0000000740200000, 0x0000000740200000| Untracked 
|   3|0x0000000740300000, 0x00000007403ffff0, 0x0000000740400000| 99%| O|  |TAMS 0x0000000740300000, 0x0000000740300000| Untracked 
|   4|0x0000000740400000, 0x0000000740500000, 0x0000000740500000|100%| O|  |TAMS 0x0000000740400000, 0x0000000740400000| Untracked 
|   5|0x0000000740500000, 0x0000000740600000, 0x0000000740600000|100%| O|  |TAMS 0x0000000740500000, 0x0000000740500000| Untracked 
|   6|0x0000000740600000, 0x00000007406ffff8, 0x0000000740700000| 99%| O|  |TAMS 0x0000000740600000, 0x0000000740600000| Untracked 
|   7|0x0000000740700000, 0x00000007407ffff0, 0x0000000740800000| 99%| O|  |TAMS 0x0000000740700000, 0x0000000740700000| Untracked 
|   8|0x0000000740800000, 0x0000000740900000, 0x0000000740900000|100%| O|  |TAMS 0x0000000740800000, 0x0000000740800000| Untracked 
|   9|0x0000000740900000, 0x0000000740a00000, 0x0000000740a00000|100%| O|  |TAMS 0x0000000740900000, 0x0000000740900000| Untracked 
|  10|0x0000000740a00000, 0x0000000740b00000, 0x0000000740b00000|100%| O|  |TAMS 0x0000000740a00000, 0x0000000740a00000| Untracked 
|  11|0x0000000740b00000, 0x0000000740bffff8, 0x0000000740c00000| 99%| O|  |TAMS 0x0000000740b00000, 0x0000000740b00000| Untracked 
|  12|0x0000000740c00000, 0x0000000740cfffe8, 0x0000000740d00000| 99%| O|  |TAMS 0x0000000740c00000, 0x0000000740c00000| Untracked 
|  13|0x0000000740d00000, 0x0000000740dffff8, 0x0000000740e00000| 99%| O|  |TAMS 0x0000000740d00000, 0x0000000740d00000| Untracked 
|  14|0x0000000740e00000, 0x0000000740effff8, 0x0000000740f00000| 99%| O|  |TAMS 0x0000000740e00000, 0x0000000740e00000| Untracked 
|  15|0x0000000740f00000, 0x0000000741000000, 0x0000000741000000|100%| O|  |TAMS 0x0000000740f00000, 0x0000000740f00000| Untracked 
|  16|0x0000000741000000, 0x00000007410ffff8, 0x0000000741100000| 99%| O|  |TAMS 0x0000000741000000, 0x0000000741000000| Untracked 
|  17|0x0000000741100000, 0x00000007411ffff8, 0x0000000741200000| 99%| O|  |TAMS 0x0000000741100000, 0x0000000741100000| Untracked 
|  18|0x0000000741200000, 0x0000000741300000, 0x0000000741300000|100%| O|  |TAMS 0x0000000741200000, 0x0000000741200000| Untracked 
|  19|0x0000000741300000, 0x0000000741400000, 0x0000000741400000|100%| O|  |TAMS 0x0000000741300000, 0x0000000741300000| Untracked 
|  20|0x0000000741400000, 0x00000007414ffff8, 0x0000000741500000| 99%| O|  |TAMS 0x0000000741400000, 0x0000000741400000| Untracked 
|  21|0x0000000741500000, 0x0000000741600000, 0x0000000741600000|100%|HS|  |TAMS 0x0000000741500000, 0x0000000741500000| Untracked 
|  22|0x0000000741600000, 0x0000000741700000, 0x0000000741700000|100%|HC|  |TAMS 0x0000000741600000, 0x0000000741600000| Untracked 
|  23|0x0000000741700000, 0x0000000741800000, 0x0000000741800000|100%|HS|  |TAMS 0x0000000741700000, 0x0000000741700000| Untracked 
|  24|0x0000000741800000, 0x0000000741900000, 0x0000000741900000|100%|HS|  |TAMS 0x0000000741800000, 0x0000000741800000| Untracked 
|  25|0x0000000741900000, 0x00000007419ffff8, 0x0000000741a00000| 99%| O|  |TAMS 0x0000000741900000, 0x0000000741900000| Untracked 
|  26|0x0000000741a00000, 0x0000000741b00000, 0x0000000741b00000|100%| O|  |TAMS 0x0000000741a00000, 0x0000000741a00000| Untracked 
|  27|0x0000000741b00000, 0x0000000741c00000, 0x0000000741c00000|100%| O|  |TAMS 0x0000000741b00000, 0x0000000741b00000| Untracked 
|  28|0x0000000741c00000, 0x0000000741d00000, 0x0000000741d00000|100%| O|  |TAMS 0x0000000741c00000, 0x0000000741c00000| Untracked 
|  29|0x0000000741d00000, 0x0000000741dfffe8, 0x0000000741e00000| 99%| O|  |TAMS 0x0000000741d00000, 0x0000000741d00000| Untracked 
|  30|0x0000000741e00000, 0x0000000741effff0, 0x0000000741f00000| 99%| O|  |TAMS 0x0000000741e00000, 0x0000000741e00000| Untracked 
|  31|0x0000000741f00000, 0x0000000742000000, 0x0000000742000000|100%| O|  |TAMS 0x0000000741f00000, 0x0000000741f00000| Untracked 
|  32|0x0000000742000000, 0x00000007420ffff8, 0x0000000742100000| 99%| O|  |TAMS 0x0000000742000000, 0x0000000742000000| Untracked 
|  33|0x0000000742100000, 0x00000007421fffe8, 0x0000000742200000| 99%| O|  |TAMS 0x0000000742100000, 0x0000000742100000| Untracked 
|  34|0x0000000742200000, 0x0000000742300000, 0x0000000742300000|100%| O|  |TAMS 0x0000000742200000, 0x0000000742200000| Untracked 
|  35|0x0000000742300000, 0x0000000742400000, 0x0000000742400000|100%| O|  |TAMS 0x0000000742300000, 0x0000000742300000| Untracked 
|  36|0x0000000742400000, 0x00000007424fffe0, 0x0000000742500000| 99%| O|  |TAMS 0x0000000742400000, 0x0000000742400000| Untracked 
|  37|0x0000000742500000, 0x00000007425ffff8, 0x0000000742600000| 99%| O|  |TAMS 0x0000000742500000, 0x0000000742500000| Untracked 
|  38|0x0000000742600000, 0x00000007426ffff0, 0x0000000742700000| 99%| O|  |TAMS 0x0000000742600000, 0x0000000742600000| Untracked 
|  39|0x0000000742700000, 0x0000000742800000, 0x0000000742800000|100%| O|  |TAMS 0x0000000742700000, 0x0000000742700000| Untracked 
|  40|0x0000000742800000, 0x0000000742900000, 0x0000000742900000|100%| O|  |TAMS 0x0000000742800000, 0x0000000742800000| Untracked 
|  41|0x0000000742900000, 0x00000007429fffc8, 0x0000000742a00000| 99%| O|  |TAMS 0x0000000742900000, 0x0000000742900000| Untracked 
|  42|0x0000000742a00000, 0x0000000742affff8, 0x0000000742b00000| 99%| O|  |TAMS 0x0000000742a00000, 0x0000000742a00000| Untracked 
|  43|0x0000000742b00000, 0x0000000742bfffe8, 0x0000000742c00000| 99%| O|  |TAMS 0x0000000742b00000, 0x0000000742b00000| Untracked 
|  44|0x0000000742c00000, 0x0000000742cffff0, 0x0000000742d00000| 99%| O|  |TAMS 0x0000000742c00000, 0x0000000742c00000| Untracked 
|  45|0x0000000742d00000, 0x0000000742dffff8, 0x0000000742e00000| 99%| O|  |TAMS 0x0000000742d00000, 0x0000000742d00000| Untracked 
|  46|0x0000000742e00000, 0x0000000742f00000, 0x0000000742f00000|100%| O|  |TAMS 0x0000000742e00000, 0x0000000742e00000| Untracked 
|  47|0x0000000742f00000, 0x0000000742fffff8, 0x0000000743000000| 99%| O|  |TAMS 0x0000000742f00000, 0x0000000742f00000| Untracked 
|  48|0x0000000743000000, 0x00000007430ffff8, 0x0000000743100000| 99%| O|  |TAMS 0x0000000743000000, 0x0000000743000000| Untracked 
|  49|0x0000000743100000, 0x00000007431ffff8, 0x0000000743200000| 99%| O|  |TAMS 0x0000000743100000, 0x0000000743100000| Untracked 
|  50|0x0000000743200000, 0x0000000743300000, 0x0000000743300000|100%| O|  |TAMS 0x0000000743200000, 0x0000000743200000| Untracked 
|  51|0x0000000743300000, 0x00000007433ffff8, 0x0000000743400000| 99%| O|  |TAMS 0x0000000743300000, 0x0000000743300000| Untracked 
|  52|0x0000000743400000, 0x0000000743500000, 0x0000000743500000|100%| O|  |TAMS 0x0000000743400000, 0x0000000743400000| Untracked 
|  53|0x0000000743500000, 0x0000000743600000, 0x0000000743600000|100%| O|  |TAMS 0x0000000743500000, 0x0000000743500000| Untracked 
|  54|0x0000000743600000, 0x00000007436ffff0, 0x0000000743700000| 99%| O|  |TAMS 0x0000000743600000, 0x0000000743600000| Untracked 
|  55|0x0000000743700000, 0x0000000743800000, 0x0000000743800000|100%| O|  |TAMS 0x0000000743700000, 0x0000000743700000| Untracked 
|  56|0x0000000743800000, 0x0000000743900000, 0x0000000743900000|100%| O|  |TAMS 0x0000000743800000, 0x0000000743800000| Untracked 
|  57|0x0000000743900000, 0x0000000743a00000, 0x0000000743a00000|100%| O|  |TAMS 0x0000000743900000, 0x0000000743900000| Untracked 
|  58|0x0000000743a00000, 0x0000000743b00000, 0x0000000743b00000|100%| O|  |TAMS 0x0000000743a00000, 0x0000000743a00000| Untracked 
|  59|0x0000000743b00000, 0x0000000743bffff0, 0x0000000743c00000| 99%| O|  |TAMS 0x0000000743b00000, 0x0000000743b00000| Untracked 
|  60|0x0000000743c00000, 0x0000000743d00000, 0x0000000743d00000|100%| O|  |TAMS 0x0000000743c00000, 0x0000000743c00000| Untracked 
|  61|0x0000000743d00000, 0x0000000743dfffc0, 0x0000000743e00000| 99%| O|  |TAMS 0x0000000743d00000, 0x0000000743d00000| Untracked 
|  62|0x0000000743e00000, 0x0000000743f00000, 0x0000000743f00000|100%|HS|  |TAMS 0x0000000743e00000, 0x0000000743e00000| Untracked 
|  63|0x0000000743f00000, 0x0000000744000000, 0x0000000744000000|100%| O|  |TAMS 0x0000000743f00000, 0x0000000743f00000| Untracked 
|  64|0x0000000744000000, 0x0000000744100000, 0x0000000744100000|100%| O|  |TAMS 0x0000000744000000, 0x0000000744000000| Untracked 
|  65|0x0000000744100000, 0x00000007441fffe8, 0x0000000744200000| 99%| O|  |TAMS 0x0000000744100000, 0x0000000744100000| Untracked 
|  66|0x0000000744200000, 0x00000007442ffee0, 0x0000000744300000| 99%| O|  |TAMS 0x0000000744200000, 0x0000000744200000| Untracked 
|  67|0x0000000744300000, 0x00000007443f40a8, 0x0000000744400000| 95%| O|  |TAMS 0x0000000744300000, 0x0000000744300000| Untracked 
|  68|0x0000000744400000, 0x00000007444b5e40, 0x0000000744500000| 71%| O|  |TAMS 0x0000000744400000, 0x0000000744400000| Untracked 
|  69|0x0000000744500000, 0x00000007445f13b8, 0x0000000744600000| 94%| O|  |TAMS 0x0000000744500000, 0x0000000744500000| Untracked 
|  70|0x0000000744600000, 0x00000007446646e0, 0x0000000744700000| 39%| O|  |TAMS 0x0000000744600000, 0x0000000744600000| Untracked 
|  71|0x0000000744700000, 0x00000007447533a8, 0x0000000744800000| 32%| O|  |TAMS 0x0000000744700000, 0x0000000744700000| Untracked 
|  72|0x0000000744800000, 0x0000000744900000, 0x0000000744900000|100%|HS|  |TAMS 0x0000000744800000, 0x0000000744800000| Untracked 
|  73|0x0000000744900000, 0x0000000744a00000, 0x0000000744a00000|100%|HC|  |TAMS 0x0000000744900000, 0x0000000744900000| Untracked 
|  74|0x0000000744a00000, 0x0000000744b00000, 0x0000000744b00000|100%|HC|  |TAMS 0x0000000744a00000, 0x0000000744a00000| Untracked 
|  75|0x0000000744b00000, 0x0000000744b18c30, 0x0000000744c00000|  9%| O|  |TAMS 0x0000000744b00000, 0x0000000744b00000| Untracked 
|  76|0x0000000744c00000, 0x0000000744d00000, 0x0000000744d00000|100%|HS|  |TAMS 0x0000000744c00000, 0x0000000744c00000| Complete 
|  77|0x0000000744d00000, 0x0000000744e00000, 0x0000000744e00000|100%|HC|  |TAMS 0x0000000744d00000, 0x0000000744d00000| Complete 
|  78|0x0000000744e00000, 0x0000000744f00000, 0x0000000744f00000|100%|HC|  |TAMS 0x0000000744e00000, 0x0000000744e00000| Complete 
|  79|0x0000000744f00000, 0x0000000744f00000, 0x0000000745000000|  0%| F|  |TAMS 0x0000000744f00000, 0x0000000744f00000| Untracked 
|  80|0x0000000745000000, 0x0000000745000000, 0x0000000745100000|  0%| F|  |TAMS 0x0000000745000000, 0x0000000745000000| Untracked 
|  81|0x0000000745100000, 0x0000000745100000, 0x0000000745200000|  0%| F|  |TAMS 0x0000000745100000, 0x0000000745100000| Untracked 
|  82|0x0000000745200000, 0x0000000745200000, 0x0000000745300000|  0%| F|  |TAMS 0x0000000745200000, 0x0000000745200000| Untracked 
|  83|0x0000000745300000, 0x0000000745300000, 0x0000000745400000|  0%| F|  |TAMS 0x0000000745300000, 0x0000000745300000| Untracked 
|  84|0x0000000745400000, 0x0000000745500000, 0x0000000745500000|100%|HS|  |TAMS 0x0000000745400000, 0x0000000745400000| Untracked 
|  85|0x0000000745500000, 0x0000000745600000, 0x0000000745600000|100%|HC|  |TAMS 0x0000000745500000, 0x0000000745500000| Untracked 
|  86|0x0000000745600000, 0x0000000745700000, 0x0000000745700000|100%|HC|  |TAMS 0x0000000745600000, 0x0000000745600000| Untracked 
|  87|0x0000000745700000, 0x0000000745800000, 0x0000000745800000|100%|HC|  |TAMS 0x0000000745700000, 0x0000000745700000| Untracked 
|  88|0x0000000745800000, 0x0000000745900000, 0x0000000745900000|100%|HC|  |TAMS 0x0000000745800000, 0x0000000745800000| Untracked 
|  89|0x0000000745900000, 0x0000000745a00000, 0x0000000745a00000|100%|HC|  |TAMS 0x0000000745900000, 0x0000000745900000| Untracked 
|  90|0x0000000745a00000, 0x0000000745b00000, 0x0000000745b00000|100%|HC|  |TAMS 0x0000000745a00000, 0x0000000745a00000| Untracked 
|  91|0x0000000745b00000, 0x0000000745c00000, 0x0000000745c00000|100%|HC|  |TAMS 0x0000000745b00000, 0x0000000745b00000| Untracked 
|  92|0x0000000745c00000, 0x0000000745c00000, 0x0000000745d00000|  0%| F|  |TAMS 0x0000000745c00000, 0x0000000745c00000| Untracked 
|  93|0x0000000745d00000, 0x0000000745d00000, 0x0000000745e00000|  0%| F|  |TAMS 0x0000000745d00000, 0x0000000745d00000| Untracked 
|  94|0x0000000745e00000, 0x0000000745e00000, 0x0000000745f00000|  0%| F|  |TAMS 0x0000000745e00000, 0x0000000745e00000| Untracked 
|  95|0x0000000745f00000, 0x0000000745f00000, 0x0000000746000000|  0%| F|  |TAMS 0x0000000745f00000, 0x0000000745f00000| Untracked 
|  96|0x0000000746000000, 0x0000000746000000, 0x0000000746100000|  0%| F|  |TAMS 0x0000000746000000, 0x0000000746000000| Untracked 
|  97|0x0000000746100000, 0x0000000746100000, 0x0000000746200000|  0%| F|  |TAMS 0x0000000746100000, 0x0000000746100000| Untracked 
|  98|0x0000000746200000, 0x0000000746200000, 0x0000000746300000|  0%| F|  |TAMS 0x0000000746200000, 0x0000000746200000| Untracked 
|  99|0x0000000746300000, 0x0000000746300000, 0x0000000746400000|  0%| F|  |TAMS 0x0000000746300000, 0x0000000746300000| Untracked 
| 100|0x0000000746400000, 0x0000000746400000, 0x0000000746500000|  0%| F|  |TAMS 0x0000000746400000, 0x0000000746400000| Untracked 
| 101|0x0000000746500000, 0x0000000746500000, 0x0000000746600000|  0%| F|  |TAMS 0x0000000746500000, 0x0000000746500000| Untracked 
| 102|0x0000000746600000, 0x0000000746600000, 0x0000000746700000|  0%| F|  |TAMS 0x0000000746600000, 0x0000000746600000| Untracked 
| 103|0x0000000746700000, 0x0000000746700000, 0x0000000746800000|  0%| F|  |TAMS 0x0000000746700000, 0x0000000746700000| Untracked 
| 104|0x0000000746800000, 0x0000000746800000, 0x0000000746900000|  0%| F|  |TAMS 0x0000000746800000, 0x0000000746800000| Untracked 
| 105|0x0000000746900000, 0x0000000746900000, 0x0000000746a00000|  0%| F|  |TAMS 0x0000000746900000, 0x0000000746900000| Untracked 
| 106|0x0000000746a00000, 0x0000000746a00000, 0x0000000746b00000|  0%| F|  |TAMS 0x0000000746a00000, 0x0000000746a00000| Untracked 
| 107|0x0000000746b00000, 0x0000000746b00000, 0x0000000746c00000|  0%| F|  |TAMS 0x0000000746b00000, 0x0000000746b00000| Untracked 
| 108|0x0000000746c00000, 0x0000000746c00000, 0x0000000746d00000|  0%| F|  |TAMS 0x0000000746c00000, 0x0000000746c00000| Untracked 
| 109|0x0000000746d00000, 0x0000000746d00000, 0x0000000746e00000|  0%| F|  |TAMS 0x0000000746d00000, 0x0000000746d00000| Untracked 
| 110|0x0000000746e00000, 0x0000000746e00000, 0x0000000746f00000|  0%| F|  |TAMS 0x0000000746e00000, 0x0000000746e00000| Untracked 
| 111|0x0000000746f00000, 0x0000000746f00000, 0x0000000747000000|  0%| F|  |TAMS 0x0000000746f00000, 0x0000000746f00000| Untracked 
| 112|0x0000000747000000, 0x0000000747000000, 0x0000000747100000|  0%| F|  |TAMS 0x0000000747000000, 0x0000000747000000| Untracked 
| 113|0x0000000747100000, 0x0000000747100000, 0x0000000747200000|  0%| F|  |TAMS 0x0000000747100000, 0x0000000747100000| Untracked 
| 114|0x0000000747200000, 0x0000000747200000, 0x0000000747300000|  0%| F|  |TAMS 0x0000000747200000, 0x0000000747200000| Untracked 
| 115|0x0000000747300000, 0x0000000747300000, 0x0000000747400000|  0%| F|  |TAMS 0x0000000747300000, 0x0000000747300000| Untracked 
| 116|0x0000000747400000, 0x0000000747400000, 0x0000000747500000|  0%| F|  |TAMS 0x0000000747400000, 0x0000000747400000| Untracked 
| 117|0x0000000747500000, 0x0000000747500000, 0x0000000747600000|  0%| F|  |TAMS 0x0000000747500000, 0x0000000747500000| Untracked 
| 118|0x0000000747600000, 0x0000000747600000, 0x0000000747700000|  0%| F|  |TAMS 0x0000000747600000, 0x0000000747600000| Untracked 
| 119|0x0000000747700000, 0x0000000747700000, 0x0000000747800000|  0%| F|  |TAMS 0x0000000747700000, 0x0000000747700000| Untracked 
| 120|0x0000000747800000, 0x0000000747800000, 0x0000000747900000|  0%| F|  |TAMS 0x0000000747800000, 0x0000000747800000| Untracked 
| 121|0x0000000747900000, 0x0000000747900000, 0x0000000747a00000|  0%| F|  |TAMS 0x0000000747900000, 0x0000000747900000| Untracked 
| 122|0x0000000747a00000, 0x0000000747a00000, 0x0000000747b00000|  0%| F|  |TAMS 0x0000000747a00000, 0x0000000747a00000| Untracked 
| 123|0x0000000747b00000, 0x0000000747b00000, 0x0000000747c00000|  0%| F|  |TAMS 0x0000000747b00000, 0x0000000747b00000| Untracked 
| 124|0x0000000747c00000, 0x0000000747c00000, 0x0000000747d00000|  0%| F|  |TAMS 0x0000000747c00000, 0x0000000747c00000| Untracked 
| 125|0x0000000747d00000, 0x0000000747d00000, 0x0000000747e00000|  0%| F|  |TAMS 0x0000000747d00000, 0x0000000747d00000| Untracked 
| 126|0x0000000747e00000, 0x0000000747e00000, 0x0000000747f00000|  0%| F|  |TAMS 0x0000000747e00000, 0x0000000747e00000| Untracked 
| 127|0x0000000747f00000, 0x0000000747f00000, 0x0000000748000000|  0%| F|  |TAMS 0x0000000747f00000, 0x0000000747f00000| Untracked 
| 128|0x0000000748000000, 0x0000000748000000, 0x0000000748100000|  0%| F|  |TAMS 0x0000000748000000, 0x0000000748000000| Untracked 
| 129|0x0000000748100000, 0x0000000748100000, 0x0000000748200000|  0%| F|  |TAMS 0x0000000748100000, 0x0000000748100000| Untracked 
| 130|0x0000000748200000, 0x0000000748200000, 0x0000000748300000|  0%| F|  |TAMS 0x0000000748200000, 0x0000000748200000| Untracked 
| 131|0x0000000748300000, 0x0000000748300000, 0x0000000748400000|  0%| F|  |TAMS 0x0000000748300000, 0x0000000748300000| Untracked 
| 132|0x0000000748400000, 0x0000000748400000, 0x0000000748500000|  0%| F|  |TAMS 0x0000000748400000, 0x0000000748400000| Untracked 
| 133|0x0000000748500000, 0x0000000748500000, 0x0000000748600000|  0%| F|  |TAMS 0x0000000748500000, 0x0000000748500000| Untracked 
| 134|0x0000000748600000, 0x0000000748600000, 0x0000000748700000|  0%| F|  |TAMS 0x0000000748600000, 0x0000000748600000| Untracked 
| 135|0x0000000748700000, 0x0000000748700000, 0x0000000748800000|  0%| F|  |TAMS 0x0000000748700000, 0x0000000748700000| Untracked 
| 136|0x0000000748800000, 0x0000000748800000, 0x0000000748900000|  0%| F|  |TAMS 0x0000000748800000, 0x0000000748800000| Untracked 
| 137|0x0000000748900000, 0x0000000748900000, 0x0000000748a00000|  0%| F|  |TAMS 0x0000000748900000, 0x0000000748900000| Untracked 
| 138|0x0000000748a00000, 0x0000000748a00000, 0x0000000748b00000|  0%| F|  |TAMS 0x0000000748a00000, 0x0000000748a00000| Untracked 
| 139|0x0000000748b00000, 0x0000000748b00000, 0x0000000748c00000|  0%| F|  |TAMS 0x0000000748b00000, 0x0000000748b00000| Untracked 
| 140|0x0000000748c00000, 0x0000000748c00000, 0x0000000748d00000|  0%| F|  |TAMS 0x0000000748c00000, 0x0000000748c00000| Untracked 
| 141|0x0000000748d00000, 0x0000000748d00000, 0x0000000748e00000|  0%| F|  |TAMS 0x0000000748d00000, 0x0000000748d00000| Untracked 
| 142|0x0000000748e00000, 0x0000000748e00000, 0x0000000748f00000|  0%| F|  |TAMS 0x0000000748e00000, 0x0000000748e00000| Untracked 
| 143|0x0000000748f00000, 0x0000000748f00000, 0x0000000749000000|  0%| F|  |TAMS 0x0000000748f00000, 0x0000000748f00000| Untracked 
| 144|0x0000000749000000, 0x0000000749000000, 0x0000000749100000|  0%| F|  |TAMS 0x0000000749000000, 0x0000000749000000| Untracked 
| 145|0x0000000749100000, 0x0000000749100000, 0x0000000749200000|  0%| F|  |TAMS 0x0000000749100000, 0x0000000749100000| Untracked 
| 146|0x0000000749200000, 0x0000000749200000, 0x0000000749300000|  0%| F|  |TAMS 0x0000000749200000, 0x0000000749200000| Untracked 
| 147|0x0000000749300000, 0x0000000749300000, 0x0000000749400000|  0%| F|  |TAMS 0x0000000749300000, 0x0000000749300000| Untracked 
| 148|0x0000000749400000, 0x0000000749400000, 0x0000000749500000|  0%| F|  |TAMS 0x0000000749400000, 0x0000000749400000| Untracked 
| 149|0x0000000749500000, 0x0000000749500000, 0x0000000749600000|  0%| F|  |TAMS 0x0000000749500000, 0x0000000749500000| Untracked 
| 150|0x0000000749600000, 0x0000000749600000, 0x0000000749700000|  0%| F|  |TAMS 0x0000000749600000, 0x0000000749600000| Untracked 
| 151|0x0000000749700000, 0x0000000749700000, 0x0000000749800000|  0%| F|  |TAMS 0x0000000749700000, 0x0000000749700000| Untracked 
| 152|0x0000000749800000, 0x0000000749800000, 0x0000000749900000|  0%| F|  |TAMS 0x0000000749800000, 0x0000000749800000| Untracked 
| 153|0x0000000749900000, 0x0000000749900000, 0x0000000749a00000|  0%| F|  |TAMS 0x0000000749900000, 0x0000000749900000| Untracked 
| 154|0x0000000749a00000, 0x0000000749a00000, 0x0000000749b00000|  0%| F|  |TAMS 0x0000000749a00000, 0x0000000749a00000| Untracked 
| 155|0x0000000749b00000, 0x0000000749b00000, 0x0000000749c00000|  0%| F|  |TAMS 0x0000000749b00000, 0x0000000749b00000| Untracked 
| 156|0x0000000749c00000, 0x0000000749c00000, 0x0000000749d00000|  0%| F|  |TAMS 0x0000000749c00000, 0x0000000749c00000| Untracked 
| 157|0x0000000749d00000, 0x0000000749d00000, 0x0000000749e00000|  0%| F|  |TAMS 0x0000000749d00000, 0x0000000749d00000| Untracked 
| 158|0x0000000749e00000, 0x0000000749e00000, 0x0000000749f00000|  0%| F|  |TAMS 0x0000000749e00000, 0x0000000749e00000| Untracked 
| 159|0x0000000749f00000, 0x0000000749f00000, 0x000000074a000000|  0%| F|  |TAMS 0x0000000749f00000, 0x0000000749f00000| Untracked 
| 160|0x000000074a000000, 0x000000074a000000, 0x000000074a100000|  0%| F|  |TAMS 0x000000074a000000, 0x000000074a000000| Untracked 
| 161|0x000000074a100000, 0x000000074a100000, 0x000000074a200000|  0%| F|  |TAMS 0x000000074a100000, 0x000000074a100000| Untracked 
| 162|0x000000074a200000, 0x000000074a200000, 0x000000074a300000|  0%| F|  |TAMS 0x000000074a200000, 0x000000074a200000| Untracked 
| 163|0x000000074a300000, 0x000000074a300000, 0x000000074a400000|  0%| F|  |TAMS 0x000000074a300000, 0x000000074a300000| Untracked 
| 164|0x000000074a400000, 0x000000074a400000, 0x000000074a500000|  0%| F|  |TAMS 0x000000074a400000, 0x000000074a400000| Untracked 
| 165|0x000000074a500000, 0x000000074a500000, 0x000000074a600000|  0%| F|  |TAMS 0x000000074a500000, 0x000000074a500000| Untracked 
| 166|0x000000074a600000, 0x000000074a600000, 0x000000074a700000|  0%| F|  |TAMS 0x000000074a600000, 0x000000074a600000| Untracked 
| 167|0x000000074a700000, 0x000000074a700000, 0x000000074a800000|  0%| F|  |TAMS 0x000000074a700000, 0x000000074a700000| Untracked 
| 168|0x000000074a800000, 0x000000074a800000, 0x000000074a900000|  0%| F|  |TAMS 0x000000074a800000, 0x000000074a800000| Untracked 
| 169|0x000000074a900000, 0x000000074a900000, 0x000000074aa00000|  0%| F|  |TAMS 0x000000074a900000, 0x000000074a900000| Untracked 
| 170|0x000000074aa00000, 0x000000074aa00000, 0x000000074ab00000|  0%| F|  |TAMS 0x000000074aa00000, 0x000000074aa00000| Untracked 
| 171|0x000000074ab00000, 0x000000074ab00000, 0x000000074ac00000|  0%| F|  |TAMS 0x000000074ab00000, 0x000000074ab00000| Untracked 
| 172|0x000000074ac00000, 0x000000074ac00000, 0x000000074ad00000|  0%| F|  |TAMS 0x000000074ac00000, 0x000000074ac00000| Untracked 
| 173|0x000000074ad00000, 0x000000074ad00000, 0x000000074ae00000|  0%| F|  |TAMS 0x000000074ad00000, 0x000000074ad00000| Untracked 
| 174|0x000000074ae00000, 0x000000074ae00000, 0x000000074af00000|  0%| F|  |TAMS 0x000000074ae00000, 0x000000074ae00000| Untracked 
| 175|0x000000074af00000, 0x000000074af00000, 0x000000074b000000|  0%| F|  |TAMS 0x000000074af00000, 0x000000074af00000| Untracked 
| 176|0x000000074b000000, 0x000000074b000000, 0x000000074b100000|  0%| F|  |TAMS 0x000000074b000000, 0x000000074b000000| Untracked 
| 177|0x000000074b100000, 0x000000074b100000, 0x000000074b200000|  0%| F|  |TAMS 0x000000074b100000, 0x000000074b100000| Untracked 
| 178|0x000000074b200000, 0x000000074b200000, 0x000000074b300000|  0%| F|  |TAMS 0x000000074b200000, 0x000000074b200000| Untracked 
| 179|0x000000074b300000, 0x000000074b300000, 0x000000074b400000|  0%| F|  |TAMS 0x000000074b300000, 0x000000074b300000| Untracked 
| 180|0x000000074b400000, 0x000000074b400000, 0x000000074b500000|  0%| F|  |TAMS 0x000000074b400000, 0x000000074b400000| Untracked 
| 181|0x000000074b500000, 0x000000074b500000, 0x000000074b600000|  0%| F|  |TAMS 0x000000074b500000, 0x000000074b500000| Untracked 
| 182|0x000000074b600000, 0x000000074b600000, 0x000000074b700000|  0%| F|  |TAMS 0x000000074b600000, 0x000000074b600000| Untracked 
| 183|0x000000074b700000, 0x000000074b700000, 0x000000074b800000|  0%| F|  |TAMS 0x000000074b700000, 0x000000074b700000| Untracked 
| 184|0x000000074b800000, 0x000000074b800000, 0x000000074b900000|  0%| F|  |TAMS 0x000000074b800000, 0x000000074b800000| Untracked 
| 185|0x000000074b900000, 0x000000074b900000, 0x000000074ba00000|  0%| F|  |TAMS 0x000000074b900000, 0x000000074b900000| Untracked 
| 186|0x000000074ba00000, 0x000000074ba00000, 0x000000074bb00000|  0%| F|  |TAMS 0x000000074ba00000, 0x000000074ba00000| Untracked 
| 187|0x000000074bb00000, 0x000000074bb00000, 0x000000074bc00000|  0%| F|  |TAMS 0x000000074bb00000, 0x000000074bb00000| Untracked 
| 188|0x000000074bc00000, 0x000000074bc00000, 0x000000074bd00000|  0%| F|  |TAMS 0x000000074bc00000, 0x000000074bc00000| Untracked 
| 189|0x000000074bd00000, 0x000000074bd00000, 0x000000074be00000|  0%| F|  |TAMS 0x000000074bd00000, 0x000000074bd00000| Untracked 
| 190|0x000000074be00000, 0x000000074be00000, 0x000000074bf00000|  0%| F|  |TAMS 0x000000074be00000, 0x000000074be00000| Untracked 
| 191|0x000000074bf00000, 0x000000074bf00000, 0x000000074c000000|  0%| F|  |TAMS 0x000000074bf00000, 0x000000074bf00000| Untracked 
| 192|0x000000074c000000, 0x000000074c000000, 0x000000074c100000|  0%| F|  |TAMS 0x000000074c000000, 0x000000074c000000| Untracked 
| 193|0x000000074c100000, 0x000000074c100000, 0x000000074c200000|  0%| F|  |TAMS 0x000000074c100000, 0x000000074c100000| Untracked 
| 194|0x000000074c200000, 0x000000074c200000, 0x000000074c300000|  0%| F|  |TAMS 0x000000074c200000, 0x000000074c200000| Untracked 
| 195|0x000000074c300000, 0x000000074c300000, 0x000000074c400000|  0%| F|  |TAMS 0x000000074c300000, 0x000000074c300000| Untracked 
| 196|0x000000074c400000, 0x000000074c400000, 0x000000074c500000|  0%| F|  |TAMS 0x000000074c400000, 0x000000074c400000| Untracked 
| 197|0x000000074c500000, 0x000000074c500000, 0x000000074c600000|  0%| F|  |TAMS 0x000000074c500000, 0x000000074c500000| Untracked 
| 198|0x000000074c600000, 0x000000074c600000, 0x000000074c700000|  0%| F|  |TAMS 0x000000074c600000, 0x000000074c600000| Untracked 
| 199|0x000000074c700000, 0x000000074c700000, 0x000000074c800000|  0%| F|  |TAMS 0x000000074c700000, 0x000000074c700000| Untracked 
| 200|0x000000074c800000, 0x000000074c800000, 0x000000074c900000|  0%| F|  |TAMS 0x000000074c800000, 0x000000074c800000| Untracked 
| 201|0x000000074c900000, 0x000000074c900000, 0x000000074ca00000|  0%| F|  |TAMS 0x000000074c900000, 0x000000074c900000| Untracked 
| 202|0x000000074ca00000, 0x000000074ca00000, 0x000000074cb00000|  0%| F|  |TAMS 0x000000074ca00000, 0x000000074ca00000| Untracked 
| 203|0x000000074cb00000, 0x000000074cb00000, 0x000000074cc00000|  0%| F|  |TAMS 0x000000074cb00000, 0x000000074cb00000| Untracked 
| 204|0x000000074cc00000, 0x000000074cc00000, 0x000000074cd00000|  0%| F|  |TAMS 0x000000074cc00000, 0x000000074cc00000| Untracked 
| 205|0x000000074cd00000, 0x000000074cd00000, 0x000000074ce00000|  0%| F|  |TAMS 0x000000074cd00000, 0x000000074cd00000| Untracked 
| 206|0x000000074ce00000, 0x000000074ce00000, 0x000000074cf00000|  0%| F|  |TAMS 0x000000074ce00000, 0x000000074ce00000| Untracked 
| 207|0x000000074cf00000, 0x000000074cf00000, 0x000000074d000000|  0%| F|  |TAMS 0x000000074cf00000, 0x000000074cf00000| Untracked 
| 208|0x000000074d000000, 0x000000074d000000, 0x000000074d100000|  0%| F|  |TAMS 0x000000074d000000, 0x000000074d000000| Untracked 
| 209|0x000000074d100000, 0x000000074d100000, 0x000000074d200000|  0%| F|  |TAMS 0x000000074d100000, 0x000000074d100000| Untracked 
| 210|0x000000074d200000, 0x000000074d291e48, 0x000000074d300000| 56%| S|CS|TAMS 0x000000074d200000, 0x000000074d200000| Complete 
| 211|0x000000074d300000, 0x000000074d300000, 0x000000074d400000|  0%| F|  |TAMS 0x000000074d300000, 0x000000074d300000| Untracked 
| 212|0x000000074d400000, 0x000000074d400000, 0x000000074d500000|  0%| F|  |TAMS 0x000000074d400000, 0x000000074d400000| Untracked 
| 213|0x000000074d500000, 0x000000074d500000, 0x000000074d600000|  0%| F|  |TAMS 0x000000074d500000, 0x000000074d500000| Untracked 
| 214|0x000000074d600000, 0x000000074d600000, 0x000000074d700000|  0%| F|  |TAMS 0x000000074d600000, 0x000000074d600000| Untracked 
| 215|0x000000074d700000, 0x000000074d700000, 0x000000074d800000|  0%| F|  |TAMS 0x000000074d700000, 0x000000074d700000| Untracked 
| 216|0x000000074d800000, 0x000000074d800000, 0x000000074d900000|  0%| F|  |TAMS 0x000000074d800000, 0x000000074d800000| Untracked 
| 217|0x000000074d900000, 0x000000074d900000, 0x000000074da00000|  0%| F|  |TAMS 0x000000074d900000, 0x000000074d900000| Untracked 
| 218|0x000000074da00000, 0x000000074da00000, 0x000000074db00000|  0%| F|  |TAMS 0x000000074da00000, 0x000000074da00000| Untracked 
| 219|0x000000074db00000, 0x000000074db00000, 0x000000074dc00000|  0%| F|  |TAMS 0x000000074db00000, 0x000000074db00000| Untracked 
| 220|0x000000074dc00000, 0x000000074dc00000, 0x000000074dd00000|  0%| F|  |TAMS 0x000000074dc00000, 0x000000074dc00000| Untracked 
| 221|0x000000074dd00000, 0x000000074dd00000, 0x000000074de00000|  0%| F|  |TAMS 0x000000074dd00000, 0x000000074dd00000| Untracked 
| 222|0x000000074de00000, 0x000000074de00000, 0x000000074df00000|  0%| F|  |TAMS 0x000000074de00000, 0x000000074de00000| Untracked 
| 223|0x000000074df00000, 0x000000074df00000, 0x000000074e000000|  0%| F|  |TAMS 0x000000074df00000, 0x000000074df00000| Untracked 
| 224|0x000000074e000000, 0x000000074e000000, 0x000000074e100000|  0%| F|  |TAMS 0x000000074e000000, 0x000000074e000000| Untracked 
| 225|0x000000074e100000, 0x000000074e100000, 0x000000074e200000|  0%| F|  |TAMS 0x000000074e100000, 0x000000074e100000| Untracked 
| 226|0x000000074e200000, 0x000000074e200000, 0x000000074e300000|  0%| F|  |TAMS 0x000000074e200000, 0x000000074e200000| Untracked 
| 227|0x000000074e300000, 0x000000074e300000, 0x000000074e400000|  0%| F|  |TAMS 0x000000074e300000, 0x000000074e300000| Untracked 
| 228|0x000000074e400000, 0x000000074e400000, 0x000000074e500000|  0%| F|  |TAMS 0x000000074e400000, 0x000000074e400000| Untracked 
| 229|0x000000074e500000, 0x000000074e500000, 0x000000074e600000|  0%| F|  |TAMS 0x000000074e500000, 0x000000074e500000| Untracked 
| 230|0x000000074e600000, 0x000000074e600000, 0x000000074e700000|  0%| F|  |TAMS 0x000000074e600000, 0x000000074e600000| Untracked 
| 231|0x000000074e700000, 0x000000074e700000, 0x000000074e800000|  0%| F|  |TAMS 0x000000074e700000, 0x000000074e700000| Untracked 
| 232|0x000000074e800000, 0x000000074e800000, 0x000000074e900000|  0%| F|  |TAMS 0x000000074e800000, 0x000000074e800000| Untracked 
| 233|0x000000074e900000, 0x000000074e900000, 0x000000074ea00000|  0%| F|  |TAMS 0x000000074e900000, 0x000000074e900000| Untracked 
| 234|0x000000074ea00000, 0x000000074ea00000, 0x000000074eb00000|  0%| F|  |TAMS 0x000000074ea00000, 0x000000074ea00000| Untracked 
| 235|0x000000074eb00000, 0x000000074eb00000, 0x000000074ec00000|  0%| F|  |TAMS 0x000000074eb00000, 0x000000074eb00000| Untracked 
| 236|0x000000074ec00000, 0x000000074ec00000, 0x000000074ed00000|  0%| F|  |TAMS 0x000000074ec00000, 0x000000074ec00000| Untracked 
| 237|0x000000074ed00000, 0x000000074ed00000, 0x000000074ee00000|  0%| F|  |TAMS 0x000000074ed00000, 0x000000074ed00000| Untracked 
| 238|0x000000074ee00000, 0x000000074ee00000, 0x000000074ef00000|  0%| F|  |TAMS 0x000000074ee00000, 0x000000074ee00000| Untracked 
| 239|0x000000074ef00000, 0x000000074ef00000, 0x000000074f000000|  0%| F|  |TAMS 0x000000074ef00000, 0x000000074ef00000| Untracked 
| 240|0x000000074f000000, 0x000000074f000000, 0x000000074f100000|  0%| F|  |TAMS 0x000000074f000000, 0x000000074f000000| Untracked 
| 241|0x000000074f100000, 0x000000074f100000, 0x000000074f200000|  0%| F|  |TAMS 0x000000074f100000, 0x000000074f100000| Untracked 
| 242|0x000000074f200000, 0x000000074f200000, 0x000000074f300000|  0%| F|  |TAMS 0x000000074f200000, 0x000000074f200000| Untracked 
| 243|0x000000074f300000, 0x000000074f300000, 0x000000074f400000|  0%| F|  |TAMS 0x000000074f300000, 0x000000074f300000| Untracked 
| 244|0x000000074f400000, 0x000000074f400000, 0x000000074f500000|  0%| F|  |TAMS 0x000000074f400000, 0x000000074f400000| Untracked 
| 245|0x000000074f500000, 0x000000074f500000, 0x000000074f600000|  0%| F|  |TAMS 0x000000074f500000, 0x000000074f500000| Untracked 
| 246|0x000000074f600000, 0x000000074f600000, 0x000000074f700000|  0%| F|  |TAMS 0x000000074f600000, 0x000000074f600000| Untracked 
| 247|0x000000074f700000, 0x000000074f700000, 0x000000074f800000|  0%| F|  |TAMS 0x000000074f700000, 0x000000074f700000| Untracked 
| 248|0x000000074f800000, 0x000000074f800000, 0x000000074f900000|  0%| F|  |TAMS 0x000000074f800000, 0x000000074f800000| Untracked 
| 249|0x000000074f900000, 0x000000074f900000, 0x000000074fa00000|  0%| F|  |TAMS 0x000000074f900000, 0x000000074f900000| Untracked 
| 250|0x000000074fa00000, 0x000000074fa00000, 0x000000074fb00000|  0%| F|  |TAMS 0x000000074fa00000, 0x000000074fa00000| Untracked 
| 251|0x000000074fb00000, 0x000000074fb00000, 0x000000074fc00000|  0%| F|  |TAMS 0x000000074fb00000, 0x000000074fb00000| Untracked 
| 252|0x000000074fc00000, 0x000000074fc00000, 0x000000074fd00000|  0%| F|  |TAMS 0x000000074fc00000, 0x000000074fc00000| Untracked 
| 253|0x000000074fd00000, 0x000000074fd00000, 0x000000074fe00000|  0%| F|  |TAMS 0x000000074fd00000, 0x000000074fd00000| Untracked 
| 254|0x000000074fe00000, 0x000000074fe00000, 0x000000074ff00000|  0%| F|  |TAMS 0x000000074fe00000, 0x000000074fe00000| Untracked 
| 255|0x000000074ff00000, 0x000000074ff00000, 0x0000000750000000|  0%| F|  |TAMS 0x000000074ff00000, 0x000000074ff00000| Untracked 
| 256|0x0000000750000000, 0x0000000750000000, 0x0000000750100000|  0%| F|  |TAMS 0x0000000750000000, 0x0000000750000000| Untracked 
| 257|0x0000000750100000, 0x0000000750100000, 0x0000000750200000|  0%| F|  |TAMS 0x0000000750100000, 0x0000000750100000| Untracked 
| 258|0x0000000750200000, 0x0000000750200000, 0x0000000750300000|  0%| F|  |TAMS 0x0000000750200000, 0x0000000750200000| Untracked 
| 259|0x0000000750300000, 0x0000000750300000, 0x0000000750400000|  0%| F|  |TAMS 0x0000000750300000, 0x0000000750300000| Untracked 
| 260|0x0000000750400000, 0x0000000750400000, 0x0000000750500000|  0%| F|  |TAMS 0x0000000750400000, 0x0000000750400000| Untracked 
| 261|0x0000000750500000, 0x0000000750500000, 0x0000000750600000|  0%| F|  |TAMS 0x0000000750500000, 0x0000000750500000| Untracked 
| 262|0x0000000750600000, 0x0000000750600000, 0x0000000750700000|  0%| F|  |TAMS 0x0000000750600000, 0x0000000750600000| Untracked 
| 263|0x0000000750700000, 0x0000000750700000, 0x0000000750800000|  0%| F|  |TAMS 0x0000000750700000, 0x0000000750700000| Untracked 
| 264|0x0000000750800000, 0x0000000750800000, 0x0000000750900000|  0%| F|  |TAMS 0x0000000750800000, 0x0000000750800000| Untracked 
| 265|0x0000000750900000, 0x0000000750900000, 0x0000000750a00000|  0%| F|  |TAMS 0x0000000750900000, 0x0000000750900000| Untracked 
| 266|0x0000000750a00000, 0x0000000750a00000, 0x0000000750b00000|  0%| F|  |TAMS 0x0000000750a00000, 0x0000000750a00000| Untracked 
| 267|0x0000000750b00000, 0x0000000750b00000, 0x0000000750c00000|  0%| F|  |TAMS 0x0000000750b00000, 0x0000000750b00000| Untracked 
| 268|0x0000000750c00000, 0x0000000750c1e850, 0x0000000750d00000| 11%| E|  |TAMS 0x0000000750c00000, 0x0000000750c00000| Complete 
| 269|0x0000000750d00000, 0x0000000750e00000, 0x0000000750e00000|100%| E|CS|TAMS 0x0000000750d00000, 0x0000000750d00000| Complete 

Card table byte_map: [0x0000020506db0000,0x00000205073b0000] _byte_map_base: 0x00000205033b0000

Marking Bits (Prev, Next): (CMBitMap*) 0x0000020501f5da28, (CMBitMap*) 0x0000020501f5da60
 Prev Bits: [0x00000205116c0000, 0x00000205146c0000)
 Next Bits: [0x00000205146c0000, 0x00000205176c0000)

Polling page: 0x0000020504860000

Metaspace:

Usage:
  Non-class:     79.51 MB capacity,    78.88 MB (>99%) used,   481.92 KB ( <1%) free+waste,   163.06 KB ( <1%) overhead. 
      Class:     12.33 MB capacity,    11.90 MB ( 97%) used,   364.27 KB (  3%) free+waste,    70.44 KB ( <1%) overhead. 
       Both:     91.83 MB capacity,    90.78 MB ( 99%) used,   846.19 KB ( <1%) free+waste,   233.50 KB ( <1%) overhead. 

Virtual space:
  Non-class space:       84.00 MB reserved,      82.58 MB ( 98%) committed 
      Class space:        1.00 GB reserved,      14.00 MB (  1%) committed 
             Both:        1.08 GB reserved,      96.58 MB (  9%) committed 

Chunk freelists:
   Non-Class:  385.13 KB
       Class:  210.38 KB
        Both:  595.50 KB

CodeHeap 'non-profiled nmethods': size=120000Kb used=23932Kb max_used=23932Kb free=96067Kb
 bounds [0x0000020526c20000, 0x0000020528390000, 0x000002052e150000]
CodeHeap 'profiled nmethods': size=120000Kb used=41627Kb max_used=41772Kb free=78372Kb
 bounds [0x000002051f6f0000, 0x00000205220b0000, 0x0000020526c20000]
CodeHeap 'non-nmethods': size=5760Kb used=1682Kb max_used=1735Kb free=4077Kb
 bounds [0x000002051f150000, 0x000002051f3c0000, 0x000002051f6f0000]
 total_blobs=35657 nmethods=18132 adapters=1139
 compilation: enabled
              stopped_count=0, restarted_count=0
 full_count=0

Compilation events (10 events):
Event: 40109.897 Thread 0x0000020503a30000 24316       3       javax.swing.JPanel::getUI (8 bytes)
Event: 40109.898 Thread 0x0000020503a30000 nmethod 24316 0x00000205217d4610 code [0x00000205217d47c0, 0x00000205217d4a38]
Event: 40110.966 Thread 0x0000020503a30000 24317   !   3       java.awt.Toolkit::addAWTEventListener (176 bytes)
Event: 40110.968 Thread 0x0000020503a30000 nmethod 24317 0x0000020521bad990 code [0x0000020521badc60, 0x0000020521baf2b0]
Event: 40111.989 Thread 0x0000020503a30000 24318       3       sun.awt.util.IdentityArrayList::remove (35 bytes)
Event: 40111.990 Thread 0x0000020503a30000 nmethod 24318 0x0000020521802e10 code [0x0000020521802fe0, 0x00000205218032b0]
Event: 40111.990 Thread 0x0000020503a30000 24319       3       java.awt.KeyboardFocusManager::checkReplaceKFMPermission (35 bytes)
Event: 40111.990 Thread 0x0000020503a30000 nmethod 24319 0x000002052199a690 code [0x000002052199a880, 0x000002052199aca0]
Event: 40112.005 Thread 0x0000020503a30000 24320       3       javax.swing.Timer::setDelay (12 bytes)
Event: 40112.005 Thread 0x0000020503a30000 nmethod 24320 0x000002052180a790 code [0x000002052180a980, 0x000002052180acc0]

GC Heap History (10 events):
Event: 40058.770 GC heap before
{Heap before GC invocations=968 (full 486):
 garbage-first heap   total 276480K, used 144220K [0x0000000740000000, 0x0000000800000000)
  region size 1024K, 59 young (60416K), 1 survivors (1024K)
 Metaspace       used 92933K, capacity 93972K, committed 98896K, reserved 1134592K
  class space    used 12186K, capacity 12621K, committed 14336K, reserved 1048576K
}
Event: 40058.859 GC heap after
{Heap after GC invocations=969 (full 487):
 garbage-first heap   total 276480K, used 83297K [0x0000000740000000, 0x0000000800000000)
  region size 1024K, 0 young (0K), 0 survivors (0K)
 Metaspace       used 92933K, capacity 93972K, committed 98896K, reserved 1134592K
  class space    used 12186K, capacity 12621K, committed 14336K, reserved 1048576K
}
Event: 40070.902 GC heap before
{Heap before GC invocations=969 (full 487):
 garbage-first heap   total 276480K, used 144737K [0x0000000740000000, 0x0000000800000000)
  region size 1024K, 60 young (61440K), 0 survivors (0K)
 Metaspace       used 92937K, capacity 93972K, committed 98896K, reserved 1134592K
  class space    used 12186K, capacity 12621K, committed 14336K, reserved 1048576K
}
Event: 40070.904 GC heap after
{Heap after GC invocations=970 (full 487):
 garbage-first heap   total 276480K, used 83840K [0x0000000740000000, 0x0000000800000000)
  region size 1024K, 1 young (1024K), 1 survivors (1024K)
 Metaspace       used 92937K, capacity 93972K, committed 98896K, reserved 1134592K
  class space    used 12186K, capacity 12621K, committed 14336K, reserved 1048576K
}
Event: 40071.225 GC heap before
{Heap before GC invocations=970 (full 487):
 garbage-first heap   total 276480K, used 94080K [0x0000000740000000, 0x0000000800000000)
  region size 1024K, 9 young (9216K), 1 survivors (1024K)
 Metaspace       used 92939K, capacity 93972K, committed 98896K, reserved 1134592K
  class space    used 12186K, capacity 12621K, committed 14336K, reserved 1048576K
}
Event: 40071.318 GC heap after
{Heap after GC invocations=971 (full 488):
 garbage-first heap   total 276480K, used 83373K [0x0000000740000000, 0x0000000800000000)
  region size 1024K, 0 young (0K), 0 survivors (0K)
 Metaspace       used 92939K, capacity 93972K, committed 98896K, reserved 1134592K
  class space    used 12186K, capacity 12621K, committed 14336K, reserved 1048576K
}
Event: 40108.552 GC heap before
{Heap before GC invocations=971 (full 488):
 garbage-first heap   total 276480K, used 147885K [0x0000000740000000, 0x0000000800000000)
  region size 1024K, 60 young (61440K), 0 survivors (0K)
 Metaspace       used 92948K, capacity 93972K, committed 98896K, reserved 1134592K
  class space    used 12186K, capacity 12621K, committed 14336K, reserved 1048576K
}
Event: 40108.554 GC heap after
{Heap after GC invocations=972 (full 488):
 garbage-first heap   total 276480K, used 87102K [0x0000000740000000, 0x0000000800000000)
  region size 1024K, 1 young (1024K), 1 survivors (1024K)
 Metaspace       used 92948K, capacity 93972K, committed 98896K, reserved 1134592K
  class space    used 12186K, capacity 12621K, committed 14336K, reserved 1048576K
}
Event: 40112.223 GC heap before
{Heap before GC invocations=972 (full 488):
 garbage-first heap   total 276480K, used 147518K [0x0000000740000000, 0x0000000800000000)
  region size 1024K, 60 young (61440K), 1 survivors (1024K)
 Metaspace       used 92956K, capacity 94036K, committed 98896K, reserved 1134592K
  class space    used 12186K, capacity 12621K, committed 14336K, reserved 1048576K
}
Event: 40112.226 GC heap after
{Heap after GC invocations=973 (full 488):
 garbage-first heap   total 276480K, used 87029K [0x0000000740000000, 0x0000000800000000)
  region size 1024K, 1 young (1024K), 1 survivors (1024K)
 Metaspace       used 92956K, capacity 94036K, committed 98896K, reserved 1134592K
  class space    used 12186K, capacity 12621K, committed 14336K, reserved 1048576K
}

Deoptimization events (10 events):
Event: 39360.150 Thread 0x000002052e220000 Uncommon trap: reason=bimorphic_or_optimized_type_check action=maybe_recompile pc=0x000002052828e810 method=javax.swing.plaf.basic.BasicListUI.paintImpl(Ljava/awt/Graphics;Ljavax/swing/JComponent;)V @ 106 c2
Event: 39360.150 Thread 0x000002052e220000 Uncommon trap: reason=class_check action=maybe_recompile pc=0x0000020527fac558 method=javax.swing.DefaultListCellRenderer.isOpaque()Z @ 29 c2
Event: 39360.174 Thread 0x000002052e220000 Uncommon trap: reason=bimorphic_or_optimized_type_check action=maybe_recompile pc=0x000002052828e810 method=javax.swing.plaf.basic.BasicListUI.paintImpl(Ljava/awt/Graphics;Ljavax/swing/JComponent;)V @ 106 c2
Event: 39380.151 Thread 0x000002052e220000 Uncommon trap: reason=unstable_if action=reinterpret pc=0x000002052724ac1c method=java.awt.Container.increaseComponentCount(Ljava/awt/Component;)V @ 58 c2
Event: 39380.151 Thread 0x000002052e220000 Uncommon trap: reason=class_check action=maybe_recompile pc=0x0000020527367eac method=java.awt.Component.updateZOrder()V @ 8 c2
Event: 39395.155 Thread 0x000002052e220000 Uncommon trap: reason=unstable_if action=reinterpret pc=0x00000205272f381c method=java.awt.Container.decreaseComponentCount(Ljava/awt/Component;)V @ 58 c2
Event: 39432.560 Thread 0x000002052e220000 Uncommon trap: reason=unstable_if action=reinterpret pc=0x0000020527da8060 method=javax.swing.tree.VariableHeightLayoutCache.getVisiblePathsFrom(Ljavax/swing/tree/TreePath;)Ljava/util/Enumeration; @ 9 c2
Event: 39691.377 Thread 0x000002050638d000 Uncommon trap: reason=unstable_if action=reinterpret pc=0x0000020527503150 method=sun.awt.windows.WWindowPeer.preprocessPostEvent(Ljava/awt/AWTEvent;)V @ 4 c2
Event: 39691.377 Thread 0x000002050638d000 Uncommon trap: reason=unstable_if action=reinterpret pc=0x0000020527c2ed94 method=sun.awt.windows.WWindowPeer.preprocessPostEvent(Ljava/awt/AWTEvent;)V @ 4 c2
Event: 39944.726 Thread 0x000002052e220000 Uncommon trap: reason=bimorphic_or_optimized_type_check action=maybe_recompile pc=0x00000205281039e8 method=java.awt.geom.Area.pathToCurves(Ljava/awt/geom/PathIterator;)Ljava/util/Vector; @ 9 c2

Classes redefined (0 events):
No events

Internal exceptions (10 events):
Event: 40087.483 Thread 0x000002052e220000 Exception <a 'java/io/FileNotFoundException'{0x000000074f6cb420}> (0x000000074f6cb420) thrown at [t:/workspace/open/src/hotspot/share/prims/jni.cpp, line 615]
Event: 40087.483 Thread 0x000002052e220000 Exception <a 'java/io/FileNotFoundException'{0x000000074f6cbda0}> (0x000000074f6cbda0) thrown at [t:/workspace/open/src/hotspot/share/prims/jni.cpp, line 615]
Event: 40092.489 Thread 0x000002052e220000 Exception <a 'java/io/FileNotFoundException'{0x000000074f6e2c08}> (0x000000074f6e2c08) thrown at [t:/workspace/open/src/hotspot/share/prims/jni.cpp, line 615]
Event: 40092.490 Thread 0x000002052e220000 Exception <a 'java/io/FileNotFoundException'{0x000000074f6e3588}> (0x000000074f6e3588) thrown at [t:/workspace/open/src/hotspot/share/prims/jni.cpp, line 615]
Event: 40097.491 Thread 0x000002052e220000 Exception <a 'java/io/FileNotFoundException'{0x000000074f6fb5a8}> (0x000000074f6fb5a8) thrown at [t:/workspace/open/src/hotspot/share/prims/jni.cpp, line 615]
Event: 40097.491 Thread 0x000002052e220000 Exception <a 'java/io/FileNotFoundException'{0x000000074f6fbf28}> (0x000000074f6fbf28) thrown at [t:/workspace/open/src/hotspot/share/prims/jni.cpp, line 615]
Event: 40102.500 Thread 0x000002052e220000 Exception <a 'java/io/FileNotFoundException'{0x000000074f2c9780}> (0x000000074f2c9780) thrown at [t:/workspace/open/src/hotspot/share/prims/jni.cpp, line 615]
Event: 40102.500 Thread 0x000002052e220000 Exception <a 'java/io/FileNotFoundException'{0x000000074f2ca100}> (0x000000074f2ca100) thrown at [t:/workspace/open/src/hotspot/share/prims/jni.cpp, line 615]
Event: 40107.515 Thread 0x000002052e220000 Exception <a 'java/io/FileNotFoundException'{0x000000074e5b15d0}> (0x000000074e5b15d0) thrown at [t:/workspace/open/src/hotspot/share/prims/jni.cpp, line 615]
Event: 40107.516 Thread 0x000002052e220000 Exception <a 'java/io/FileNotFoundException'{0x000000074e5b1f50}> (0x000000074e5b1f50) thrown at [t:/workspace/open/src/hotspot/share/prims/jni.cpp, line 615]

Events (10 events):
Event: 40109.735 Executing VM operation: RevokeBias
Event: 40109.747 Executing VM operation: RevokeBias done
Event: 40109.899 Executing VM operation: BulkRevokeBias
Event: 40109.900 Executing VM operation: BulkRevokeBias done
Event: 40110.691 Thread 0x000002053db7b000 Thread added: 0x000002053db7b000
Event: 40110.700 Thread 0x000002053db7b000 Thread exited: 0x000002053db7b000
Event: 40111.702 Thread 0x000002053db7d800 Thread added: 0x000002053db7d800
Event: 40111.711 Thread 0x000002053db7d800 Thread exited: 0x000002053db7d800
Event: 40112.223 Executing VM operation: G1CollectForAllocation
Event: 40112.226 Executing VM operation: G1CollectForAllocation done


Dynamic libraries:
0x00007ff7542e0000 - 0x00007ff75430f000 	C:\Xilinx\Vivado\2020.2\bin\unwrapped\win64.o\vivado.exe
0x00007ffc951f0000 - 0x00007ffc95407000 	C:\Windows\SYSTEM32\ntdll.dll
0x00007ffc94590000 - 0x00007ffc94654000 	C:\Windows\System32\KERNEL32.DLL
0x00007ffc92560000 - 0x00007ffc92905000 	C:\Windows\System32\KERNELBASE.dll
0x00007ffc92910000 - 0x00007ffc92a21000 	C:\Windows\System32\ucrtbase.dll
0x00007ffc7d5a0000 - 0x00007ffc7d62e000 	C:\Windows\SYSTEM32\MSVCP140.dll
0x00007ffc856b0000 - 0x00007ffc856cb000 	C:\Windows\SYSTEM32\VCRUNTIME140.dll
0x00007ffc856a0000 - 0x00007ffc856ac000 	C:\Windows\SYSTEM32\VCRUNTIME140_1.dll
0x00007ffc7d560000 - 0x00007ffc7d578000 	C:\Xilinx\Vivado\2020.2\lib\win64.o\librdi_commonmain.dll
0x00007ffc7d540000 - 0x00007ffc7d553000 	C:\Xilinx\Vivado\2020.2\lib\win64.o\libboost_signals.dll
0x00007ffc7d510000 - 0x00007ffc7d532000 	C:\Xilinx\Vivado\2020.2\lib\win64.o\libboost_filesystem.dll
0x00007ffc85670000 - 0x00007ffc85679000 	C:\Xilinx\Vivado\2020.2\lib\win64.o\librdi_commonversion.dll
0x00007ffc93ff0000 - 0x00007ffc940a1000 	C:\Windows\System32\ADVAPI32.dll
0x00007ffc93cc0000 - 0x00007ffc93d67000 	C:\Windows\System32\msvcrt.dll
0x00007ffc93ad0000 - 0x00007ffc93b76000 	C:\Windows\System32\sechost.dll
0x00007ffc95090000 - 0x00007ffc951a7000 	C:\Windows\System32\RPCRT4.dll
0x00007ffc3d210000 - 0x00007ffc3d3a9000 	C:\Xilinx\Vivado\2020.2\lib\win64.o\librdi_commonxillic.dll
0x00007ffc943e0000 - 0x00007ffc9458e000 	C:\Windows\System32\USER32.dll
0x00007ffc92ab0000 - 0x00007ffc92ad6000 	C:\Windows\System32\win32u.dll
0x00007ffc94140000 - 0x00007ffc94169000 	C:\Windows\System32\GDI32.dll
0x00007ffc3ab30000 - 0x00007ffc3bca7000 	C:\Xilinx\Vivado\2020.2\lib\win64.o\librdi_common.dll
0x00007ffc92b50000 - 0x00007ffc92c69000 	C:\Windows\System32\gdi32full.dll
0x00007ffc92ea0000 - 0x00007ffc92f3a000 	C:\Windows\System32\msvcp_win.dll
0x00007ffc94660000 - 0x00007ffc94eb9000 	C:\Windows\System32\SHELL32.dll
0x00007ffc940b0000 - 0x00007ffc94121000 	C:\Windows\System32\WS2_32.dll
0x00000000683a0000 - 0x00000000684cb000 	C:\Xilinx\Vivado\2020.2\lib\win64.o\tcl85t.dll
0x00007ffc7d500000 - 0x00007ffc7d509000 	C:\Xilinx\Vivado\2020.2\lib\win64.o\libboost_system.dll
0x00007ffc3a850000 - 0x00007ffc3ab2b000 	C:\Xilinx\Vivado\2020.2\lib\win64.o\libXil_lmgr11.dll
0x00007ffc92f40000 - 0x00007ffc93039000 	C:\Windows\System32\COMDLG32.dll
0x00007ffc3d0f0000 - 0x00007ffc3d201000 	C:\Xilinx\Vivado\2020.2\lib\win64.o\libboost_regex.dll
0x00007ffc93740000 - 0x00007ffc93ac9000 	C:\Windows\System32\combase.dll
0x00007ffc93190000 - 0x00007ffc93283000 	C:\Windows\System32\shcore.dll
0x00007ffc95030000 - 0x00007ffc9508e000 	C:\Windows\System32\SHLWAPI.dll
0x00007ffc94ec0000 - 0x00007ffc94f97000 	C:\Windows\System32\OLEAUT32.dll
0x00007ffc94240000 - 0x00007ffc943e0000 	C:\Windows\System32\ole32.dll
0x00007ffc3a4e0000 - 0x00007ffc3a84e000 	C:\Xilinx\Vivado\2020.2\lib\win64.o\libCOIN-all.dll
0x00007ffc7d4f0000 - 0x00007ffc7d500000 	C:\Xilinx\Vivado\2020.2\lib\win64.o\libboost_date_time.dll
0x00007ffc92ae0000 - 0x00007ffc92b4c000 	C:\Windows\System32\WINTRUST.dll
0x00007ffc92c70000 - 0x00007ffc92dd6000 	C:\Windows\System32\CRYPT32.dll
0x00007ffc7d470000 - 0x00007ffc7d4e3000 	C:\Xilinx\Vivado\2020.2\lib\win64.o\libboost_program_options.dll
0x00007ffc7d450000 - 0x00007ffc7d46e000 	C:\Xilinx\Vivado\2020.2\lib\win64.o\libboost_thread.dll
0x00007ffc7d440000 - 0x00007ffc7d44c000 	C:\Xilinx\Vivado\2020.2\lib\win64.o\libboost_xilinx.dll
0x00007ffc3d060000 - 0x00007ffc3d0e2000 	C:\Xilinx\Vivado\2020.2\lib\win64.o\libhdlpsolve.dll
0x00007ffc3a430000 - 0x00007ffc3a4d5000 	C:\Xilinx\Vivado\2020.2\lib\win64.o\libhdxml.dll
0x00007ffc3d030000 - 0x00007ffc3d058000 	C:\Xilinx\Vivado\2020.2\lib\win64.o\libisl_sysinfo.dll
0x00007ffc3a3c0000 - 0x00007ffc3a425000 	C:\Xilinx\Vivado\2020.2\lib\win64.o\liblmx6.0.dll
0x00007ffc3d010000 - 0x00007ffc3d02a000 	C:\Xilinx\Vivado\2020.2\lib\win64.o\pthreadVC2.dll
0x00007ffc3cff0000 - 0x00007ffc3d00c000 	C:\Xilinx\Vivado\2020.2\lib\win64.o\librdiconfig.dll
0x00007ffc3c530000 - 0x00007ffc3c551000 	C:\Xilinx\Vivado\2020.2\lib\win64.o\librdizlib.dll
0x00007ffc38c40000 - 0x00007ffc39a32600 	C:\Xilinx\Vivado\2020.2\lib\win64.o\libisl_iostreams.dll
0x00007ffc74380000 - 0x00007ffc74399000 	C:\Windows\SYSTEM32\NETAPI32.dll
0x00007ffc78460000 - 0x00007ffc78954000 	C:\Windows\SYSTEM32\WININET.dll
0x00007ffc87050000 - 0x00007ffc87187000 	C:\Windows\SYSTEM32\WINHTTP.dll
0x0000000012000000 - 0x0000000012270000 	C:\Xilinx\Vivado\2020.2\lib\win64.o\xerces-c_3_1.dll
0x00007ffc713b0000 - 0x00007ffc715a0000 	C:\Windows\SYSTEM32\urlmon.dll
0x00007ffc6e550000 - 0x00007ffc6e559000 	C:\Windows\SYSTEM32\WSOCK32.dll
0x00007ffc3a380000 - 0x00007ffc3a3b1000 	C:\Windows\SYSTEM32\VCOMP140.DLL
0x00007ffc91f10000 - 0x00007ffc91f38000 	C:\Windows\SYSTEM32\bcrypt.dll
0x00007ffc366d0000 - 0x00007ffc385e7000 	C:\Xilinx\Vivado\2020.2\lib\win64.o\gurobi90.dll
0x00007ffc93b80000 - 0x00007ffc93be2000 	C:\Windows\System32\WLDAP32.dll
0x00007ffc93290000 - 0x00007ffc93298000 	C:\Windows\System32\Normaliz.dll
0x00007ffc6b1b0000 - 0x00007ffc6b263000 	C:\Windows\WinSxS\amd64_microsoft.windows.common-controls_6595b64144ccf1df_5.82.22621.2506_none_b43bab19638c9595\COMCTL32.dll
0x00007ffc874a0000 - 0x00007ffc874bf000 	C:\Windows\SYSTEM32\dhcpcsvc.DLL
0x00007ffc6c7e0000 - 0x00007ffc6c7ec000 	C:\Xilinx\Vivado\2020.2\lib\win64.o\libboost_chrono.dll
0x00007ffc3c510000 - 0x00007ffc3c526000 	C:\Xilinx\Vivado\2020.2\lib\win64.o\libboost_iostreams.dll
0x00007ffc3a350000 - 0x00007ffc3a373000 	C:\Xilinx\Vivado\2020.2\lib\win64.o\libisl_iosutils.dll
0x00007ffc79cf0000 - 0x00007ffc79fac000 	C:\Windows\SYSTEM32\iertutil.dll
0x00007ffc71380000 - 0x00007ffc713a8000 	C:\Windows\SYSTEM32\srvcli.dll
0x00007ffc91000000 - 0x00007ffc9100c000 	C:\Windows\SYSTEM32\netutils.dll
0x00007ffc91aa0000 - 0x00007ffc91b09000 	C:\Windows\SYSTEM32\MSWSOCK.DLL
0x00007ffc94200000 - 0x00007ffc94231000 	C:\Windows\System32\IMM32.DLL
0x00007ffc91d60000 - 0x00007ffc91d72000 	C:\Windows\SYSTEM32\MSASN1.dll
0x00007ffc915b0000 - 0x00007ffc915c8000 	C:\Windows\SYSTEM32\kernel.appcore.dll
0x00007ffc39e20000 - 0x00007ffc3a342000 	C:\Xilinx\Vivado\2020.2\lib\win64.o\librdi_commontasks.dll
0x00007ffc7f120000 - 0x00007ffc7f12a000 	C:\Windows\SYSTEM32\VERSION.dll
0x00007ffc363f0000 - 0x00007ffc366c5000 	C:\Xilinx\Vivado\2020.2\lib\win64.o\librdi_sio.dll
0x00007ffc358c0000 - 0x00007ffc363e3000 	C:\Xilinx\Vivado\2020.2\tps\win64\jre11.0.2\bin\server\jvm.dll
0x00007ffc91010000 - 0x00007ffc9103d000 	C:\Windows\SYSTEM32\IPHLPAPI.DLL
0x00007ffc94fa0000 - 0x00007ffc94fa8000 	C:\Windows\System32\PSAPI.DLL
0x00007ffc85500000 - 0x00007ffc85534000 	C:\Windows\SYSTEM32\WINMM.dll
0x00007ffc90440000 - 0x00007ffc90d34000 	C:\Windows\SYSTEM32\windows.storage.dll
0x00007ffc90300000 - 0x00007ffc9043e000 	C:\Windows\SYSTEM32\wintypes.dll
0x00007ffc322f0000 - 0x00007ffc34dae000 	C:\Xilinx\Vivado\2020.2\lib\win64.o\librdi_tcltasks.dll
0x00007ffc39be0000 - 0x00007ffc39c5e000 	C:\Xilinx\Vivado\2020.2\lib\win64.o\librdi_boarddep.dll
0x00007ffc35410000 - 0x00007ffc358b6000 	C:\Xilinx\Vivado\2020.2\lib\win64.o\librdi_bitstream.dll
0x00007ffc39c60000 - 0x00007ffc39e13000 	C:\Xilinx\Vivado\2020.2\lib\win64.o\librdi_board.dll
0x00007ffc38b40000 - 0x00007ffc38c36000 	C:\Xilinx\Vivado\2020.2\lib\win64.o\librdi_chipscope.dll
0x00007ffc389d0000 - 0x00007ffc38b31000 	C:\Xilinx\Vivado\2020.2\lib\win64.o\librdi_containers.dll
0x00007ffc35220000 - 0x00007ffc3540a000 	C:\Xilinx\Vivado\2020.2\lib\win64.o\librdi_chipscopeimpl.dll
0x00007ffc2d9e0000 - 0x00007ffc2e0f8000 	C:\Xilinx\Vivado\2020.2\lib\win64.o\librdi_coregenipxact.dll
0x00007ffc2e100000 - 0x00007ffc2ff2c000 	C:\Xilinx\Vivado\2020.2\lib\win64.o\librdi_constraints.dll
0x00007ffc2ff30000 - 0x00007ffc322ed000 	C:\Xilinx\Vivado\2020.2\lib\win64.o\librdi_coregen.dll
0x00007ffc293b0000 - 0x00007ffc2b111000 	C:\Xilinx\Vivado\2020.2\lib\win64.o\librdi_designutils.dll
0x00007ffc2d670000 - 0x00007ffc2d9d8000 	C:\Xilinx\Vivado\2020.2\lib\win64.o\librdi_dlyest.dll
0x00007ffc2cb20000 - 0x00007ffc2d17d000 	C:\Xilinx\Vivado\2020.2\lib\win64.o\librdi_drc.dll
0x00007ffc386a0000 - 0x00007ffc38753000 	C:\Xilinx\Vivado\2020.2\lib\win64.o\librdi_dsp.dll
0x00007ffc2c450000 - 0x00007ffc2cb12000 	C:\Xilinx\Vivado\2020.2\lib\win64.o\librdi_filemgmt.dll
0x00007ffc39b70000 - 0x00007ffc39bdb000 	C:\Xilinx\Vivado\2020.2\lib\win64.o\librdi_hdf.dll
0x00007ffc2bcd0000 - 0x00007ffc2bfed000 	C:\Xilinx\Vivado\2020.2\lib\win64.o\librdi_guitools.dll
0x00007ffc2ba50000 - 0x00007ffc2bcc7000 	C:\Xilinx\Vivado\2020.2\lib\win64.o\librdi_hip_devdesign.dll
0x00007ffc350d0000 - 0x00007ffc35217000 	C:\Xilinx\Vivado\2020.2\lib\win64.o\librdi_hip_perf_analysis.dll
0x00007ffbf32d0000 - 0x00007ffc0b8af000 	C:\Xilinx\Vivado\2020.2\lib\win64.o\librdi_device.dll
0x00007ffc277d0000 - 0x00007ffc293a4000 	C:\Xilinx\Vivado\2020.2\lib\win64.o\librdi_implflow.dll
0x00007ffc38620000 - 0x00007ffc38692000 	C:\Xilinx\Vivado\2020.2\lib\win64.o\librdi_memoryarray.dll
0x00007ffc27180000 - 0x00007ffc277cc000 	C:\Xilinx\Vivado\2020.2\lib\win64.o\librdi_memdata.dll
0x00007ffc35070000 - 0x00007ffc350c4000 	C:\Xilinx\Vivado\2020.2\lib\win64.o\librdi_pfi.dll
0x00007ffc24600000 - 0x00007ffc24d2c000 	C:\Xilinx\Vivado\2020.2\lib\win64.o\librdi_netlist.dll
0x00007ffc24260000 - 0x00007ffc245fe000 	C:\Xilinx\Vivado\2020.2\lib\win64.o\librdi_platform.dll
0x00007ffc23a40000 - 0x00007ffc24257000 	C:\Xilinx\Vivado\2020.2\lib\win64.o\librdi_power.dll
0x00007ffc233c0000 - 0x00007ffc23a34000 	C:\Xilinx\Vivado\2020.2\lib\win64.o\librdi_project.dll
0x00007ffc22c90000 - 0x00007ffc233b2000 	C:\Xilinx\Vivado\2020.2\lib\win64.o\librdi_psta.dll
0x00007ffc1e960000 - 0x00007ffc21b67000 	C:\Xilinx\Vivado\2020.2\lib\win64.o\librdi_place.dll
0x00007ffc22480000 - 0x00007ffc22c8c000 	C:\Xilinx\Vivado\2020.2\lib\win64.o\librdi_rsb.dll
0x00007ffc24d30000 - 0x00007ffc27174000 	C:\Xilinx\Vivado\2020.2\lib\win64.o\librdi_mig.dll
0x00007ffc2d560000 - 0x00007ffc2d669000 	C:\Xilinx\Vivado\2020.2\lib\win64.o\librdi_runsbase.dll
0x00007ffc21eb0000 - 0x00007ffc223db000 	C:\Xilinx\Vivado\2020.2\lib\win64.o\librdi_runs.dll
0x00007ffc2b7d0000 - 0x00007ffc2ba44000 	C:\Xilinx\Vivado\2020.2\lib\win64.o\librdi_simdata.dll
0x00007ffc1d8a0000 - 0x00007ffc1e821000 	C:\Xilinx\Vivado\2020.2\lib\win64.o\librdi_timing.dll
0x00007ffc2c3a0000 - 0x00007ffc2c447000 	C:\Xilinx\Vivado\2020.2\lib\win64.o\librdi_xhubtasks.dll
0x00007ffc2d440000 - 0x00007ffc2d556000 	C:\Xilinx\Vivado\2020.2\lib\win64.o\librdi_xhub.dll
0x00007ffc21cc0000 - 0x00007ffc21eab000 	C:\Xilinx\Vivado\2020.2\lib\win64.o\librdi_advchipscopeimpl.dll
0x00007ffc35020000 - 0x00007ffc35067000 	C:\Xilinx\Vivado\2020.2\lib\win64.o\libboost_serialization.dll
0x00007ffc21bd0000 - 0x00007ffc21cbb000 	C:\Xilinx\Vivado\2020.2\lib\win64.o\librdi_ipconfig_readwrite.dll
0x00007ffc2b760000 - 0x00007ffc2b7ca000 	C:\Xilinx\Vivado\2020.2\lib\win64.o\librdi_noc_frameworks.dll
0x00007ffc2c350000 - 0x00007ffc2c396000 	C:\Xilinx\Vivado\2020.2\lib\win64.o\libboost_graph.dll
0x00007ffc1e890000 - 0x00007ffc1e956000 	C:\Xilinx\Vivado\2020.2\lib\win64.o\librdi_bda.dll
0x00007ffc1d130000 - 0x00007ffc1d897000 	C:\Xilinx\Vivado\2020.2\lib\win64.o\librdi_ippcw.dll
0x00007ffc1c2d0000 - 0x00007ffc1c5cb000 	C:\Xilinx\Vivado\2020.2\lib\win64.o\librdi_hip_config.dll

dbghelp: loaded successfully - version: 4.0.5 - missing functions: none
symbol engine: initialized successfully - sym options: 0x614 - pdb path: .;C:\Xilinx\Vivado\2020.2\bin\unwrapped\win64.o;C:\Windows\SYSTEM32;C:\Xilinx\Vivado\2020.2\lib\win64.o;C:\Windows\WinSxS\amd64_microsoft.windows.common-controls_6595b64144ccf1df_5.82.22621.2506_none_b43bab19638c9595;C:\Xilinx\Vivado\2020.2\tps\win64\jre11.0.2\bin\server;C:\Xilinx\Vivado\2020.2\tps\win64\python-3.8.3;C:\Xilinx\Vivado\2020.2\tps\win64\jre11.0.2\bin;C:\Windows\WinSxS\amd64_microsoft.vc90.crt_1fc8b3b9a1e18e3b_9.0.30729.9635_none_08e2c157a83ed5da;C:\Windows\WinSxS\amd64_microsoft.windows.common-controls_6595b64144ccf1df_6.0.22621.2506_none_270c5ae97388e100

VM Arguments:
jvm_args: -Dsun.java2d.pmoffscreen=false -Dhttps.protocols=TLSv1,TLSv1.1,TLSv1.2 -Dsun.java2d.xrender=false -Dsun.java2d.d3d=false -Dsun.awt.nopixfmt=true -Dsun.java2d.dpiaware=true -Dsun.java2d.uiScale.enabled=false -Xverify:none -Dswing.aatext=true -XX:-UsePerfData -Djdk.map.althashing.threshold=512 -XX:StringTableSize=4072 --add-opens=java.base/java.nio=ALL-UNNAMED --add-opens=java.desktop/sun.swing=ALL-UNNAMED --add-opens=java.desktop/javax.swing=ALL-UNNAMED --add-opens=java.desktop/javax.swing.tree=ALL-UNNAMED --add-opens=java.desktop/javax.swing.plaf.basic=ALL-UNNAMED --add-opens=java.desktop/javax.swing.plaf.synth=ALL-UNNAMED --add-opens=java.desktop/com.sun.awt=ALL-UNNAMED -XX:NewSize=60m -XX:MaxNewSize=60m -Xms128m -Xmx3072m -Xss5m 
java_command: <unknown>
java_class_path (initial): C:/Xilinx/Vivado/2020.2\lib\classes\alloy.jar;C:/Xilinx/Vivado/2020.2\lib\classes\ArchiveSummary.jar;C:/Xilinx/Vivado/2020.2\lib\classes\autoesl-models.jar;C:/Xilinx/Vivado/2020.2\lib\classes\autopilot.scelaborator.jar;C:/Xilinx/Vivado/2020.2\lib\classes\autopilot.sourceprocessor.jar;C:/Xilinx/Vivado/2020.2\lib\classes\autopilot.tbprocessor.jar;C:/Xilinx/Vivado/2020.2\lib\classes\batik-anim.jar;C:/Xilinx/Vivado/2020.2\lib\classes\batik-awt-util.jar;C:/Xilinx/Vivado/2020.2\lib\classes\batik-bridge.jar;C:/Xilinx/Vivado/2020.2\lib\classes\batik-codec.jar;C:/Xilinx/Vivado/2020.2\lib\classes\batik-css.jar;C:/Xilinx/Vivado/2020.2\lib\classes\batik-dom.jar;C:/Xilinx/Vivado/2020.2\lib\classes\batik-ext.jar;C:/Xilinx/Vivado/2020.2\lib\classes\batik-gui-util.jar;C:/Xilinx/Vivado/2020.2\lib\classes\batik-gvt.jar;C:/Xilinx/Vivado/2020.2\lib\classes\batik-parser.jar;C:/Xilinx/Vivado/2020.2\lib\classes\batik-script.jar;C:/Xilinx/Vivado/2020.2\lib\classes\batik-svg-dom.jar;C:/Xilinx/Vivado/2020.2\lib\classes\batik-swing.jar;C:/Xilinx/Vivado/2020.2\lib\classes\batik-transcoder.jar;C:/Xilinx/Vivado/2020.2\lib\classes\batik-util.jar;C:/Xilinx/Vivado/2020.2\lib\classes\batik-xml.jar;C:/Xilinx/Vivado/2020.2\lib\classes\com.google.gson_2.8.2.v20180104-1110.jar;C:/Xilinx/Vivado/2020.2\lib\classes\com.google.guava_27.1.0.v20190517-1946.jar;C:/Xilinx/Vivado/2020.2\lib\classes\com.ibm.icu_4.4.2.v20110208.jar;C:/Xilinx/Vivado/2020.2\lib\classes\com.sigasi.hdt.connection_4.9.0.202009050929.jar;C:/Xilinx/Vivado/2020.2\lib\classes\com.sigasi.hdt.epl_4.9.0.202009050929.jar;C:/Xilinx/Vivado/2020.2\lib\classes\com.sigasi.hdt.project_4.9.0.202009050929.jar;C:/Xilinx/Vivado/2020.2\lib\classes\com.sigasi.hdt.readonlyfilesystem_4.9.0.202009050929.jar;C:/Xilinx/Vivado/2020.2\lib\classes\com.sigasi.lcm_4.9.0.202009050929.jar;C:/Xilinx/Vivado/2020.2\lib\classes\com.sigasi.sdk.client_4.9.0.202009050929.jar;C:/Xilinx/Vivado/2020.2\lib\classes\com.xilinx.hls.services.jar;C:/Xili
Launcher Type: generic

[Global flags]
     bool BytecodeVerificationLocal                = false                                     {product} {command line}
     bool BytecodeVerificationRemote               = false                                     {product} {command line}
     intx CICompilerCount                          = 4                                         {product} {ergonomic}
     uint ConcGCThreads                            = 2                                         {product} {ergonomic}
     uint G1ConcRefinementThreads                  = 8                                         {product} {ergonomic}
   size_t G1HeapRegionSize                         = 1048576                                   {product} {ergonomic}
    uintx GCDrainStackTargetSize                   = 64                                        {product} {ergonomic}
   size_t InitialHeapSize                          = 134217728                                 {product} {command line}
   size_t MarkStackSize                            = 4194304                                   {product} {ergonomic}
   size_t MaxHeapSize                              = 3221225472                                {product} {command line}
   size_t MaxNewSize                               = 62914560                                  {product} {command line}
   size_t MinHeapDeltaBytes                        = 1048576                                   {product} {ergonomic}
   size_t NewSize                                  = 62914560                                  {product} {command line}
    uintx NonNMethodCodeHeapSize                   = 5835340                                {pd product} {ergonomic}
    uintx NonProfiledCodeHeapSize                  = 122911450                              {pd product} {ergonomic}
    uintx ProfiledCodeHeapSize                     = 122911450                              {pd product} {ergonomic}
    uintx ReservedCodeCacheSize                    = 251658240                              {pd product} {ergonomic}
     bool SegmentedCodeCache                       = true                                      {product} {ergonomic}
    uintx StringTableSize                          = 4072                                      {product} {command line}
     intx ThreadStackSize                          = 5120                                   {pd product} {command line}
     bool UseCompressedClassPointers               = true                                 {lp64_product} {ergonomic}
     bool UseCompressedOops                        = true                                 {lp64_product} {ergonomic}
     bool UseG1GC                                  = true                                      {product} {ergonomic}
     bool UseLargePagesIndividualAllocation        = false                                  {pd product} {ergonomic}
     bool UsePerfData                              = false                                     {product} {command line}

Logging:
Log output configuration:
 #0: stdout all=warning uptime,level,tags
 #1: stderr all=off uptime,level,tags

Environment Variables:
PATH=C:/Xilinx/Vivado/2020.2\gnuwin\bin;C:/Xilinx/Vivado/2020.2\gnu\microblaze\nt\bin;C:/Xilinx/Vivado/2020.2/bin;C:/Xilinx/Vivado/2020.2/tps/win64/javafx-sdk-11.0.2/lib;C:/Xilinx/Vivado/2020.2/tps/win64/javafx-sdk-11.0.2/bin;C:/Xilinx/Vivado/2020.2/lib/win64.o;C:/Xilinx/Vivado/2020.2/tps/win64/jre11.0.2/bin/server;C:/Xilinx/Vivado/2020.2/tps/win64/jre11.0.2/bin;C:/Xilinx/Vivado/2020.2/ids_lite/ISE/bin/nt64;C:/Xilinx/Vivado/2020.2/ids_lite/ISE/lib/nt64;C:/Xilinx/Vitis_HLS/2020.2/bin;C:\Windows\system32;C:\Windows;C:\Windows\System32\Wbem;C:\Windows\System32\WindowsPowerShell\v1.0\;C:\Windows\System32\OpenSSH\;C:\Program Files\Git\cmd;C:\mingw64\bin;C:\Program Files (x86)\Vim\vim90;C:\Program Files\dotnet\;C:\Program Files (x86)\GnuWin32\bin;C:\Program Files\MATLAB\R2023a\bin;C:\msys64\ucrt64\bin;C:\Users\rlatk\AppData\Local\Microsoft\WindowsApps;C:\Users\rlatk\AppData\Local\Programs\Microsoft VS Code\bin;;C:/Xilinx/Vivado/2020.2\tps\mingw\6.2.0\win64.o\nt\bin;C:/Xilinx/Vivado/2020.2\tps\mingw\6.2.0\win64.o\nt\libexec\gcc\x86_64-w64-mingw32\6.2.0;C:/Xilinx/Vivado/2020.2\tps\win64\python-3.8.3;C:/Xilinx/Vivado/2020.2\tps\win64\python-3.8.3\bin;C:/Xilinx/Vivado/2020.2\tps\win64\python-3.8.3\lib;C:/Xilinx/Vivado/2020.2\tps\win64\python-3.8.3\lib\site-packages
USERNAME=Kim San
OS=Windows_NT
PROCESSOR_IDENTIFIER=Intel64 Family 6 Model 142 Stepping 12, GenuineIntel



---------------  S Y S T E M  ---------------

OS: Windows 10 , 64 bit Build 22621 (10.0.22621.2506)

CPU:total 8 (initial active 8) (4 cores per cpu, 2 threads per core) family 6 model 142 stepping 12, cmov, cx8, fxsr, mmx, sse, sse2, sse3, ssse3, sse4.1, sse4.2, popcnt, avx, avx2, aes, clmul, erms, 3dnowpref, lzcnt, ht, tsc, tscinvbit, bmi1, bmi2, adx, fma

Memory: 4k page, system-wide physical 16138M (8611M free)
TotalPageFile size 17162M (AvailPageFile size 9488M)
current process WorkingSet (physical memory assigned to process): 1124M, peak: 1192M
current process commit charge ("private bytes"): 1197M, peak: 1805M

vm_info: OpenJDK 64-Bit Server VM (11.0.2+9) for windows-amd64 JRE (11.0.2+9), built on Jan 18 2019 05:23:22 by "mach5one" with MS VC++ 15.5 (VS2017)

END.
