#
# A fatal error has been detected by the Java Runtime Environment:
#
#  EXCEPTION_ACCESS_VIOLATION (0xc0000005) at pc=0x00007ff9c98914d5, pid=6788, tid=13500
#
# JRE version: OpenJDK Runtime Environment (11.0.2+9) (build 11.0.2+9)
# Java VM: OpenJDK 64-Bit Server VM (11.0.2+9, mixed mode, tiered, compressed oops, g1 gc, windows-amd64)
# Problematic frame:
# C  [librdi_common.dll+0xa14d5]
#
# No core dump will be written. Minidumps are not enabled by default on client versions of Windows
#
# If you would like to submit a bug report, please visit:
#   http://bugreport.java.com/bugreport/crash.jsp
# The crash happened outside the Java Virtual Machine in native code.
# See problematic frame for where to report the bug.
#

---------------  S U M M A R Y ------------

Command Line: -Dsun.java2d.pmoffscreen=false -Dhttps.protocols=TLSv1,TLSv1.1,TLSv1.2 -Dsun.java2d.xrender=false -Dsun.java2d.d3d=false -Dsun.awt.nopixfmt=true -Dsun.java2d.dpiaware=true -Dsun.java2d.uiScale.enabled=false -Xverify:none -Dswing.aatext=true -XX:-UsePerfData -Djdk.map.althashing.threshold=512 -XX:StringTableSize=4072 --add-opens=java.base/java.nio=ALL-UNNAMED --add-opens=java.desktop/sun.swing=ALL-UNNAMED --add-opens=java.desktop/javax.swing=ALL-UNNAMED --add-opens=java.desktop/javax.swing.tree=ALL-UNNAMED --add-opens=java.desktop/javax.swing.plaf.basic=ALL-UNNAMED --add-opens=java.desktop/javax.swing.plaf.synth=ALL-UNNAMED --add-opens=java.desktop/com.sun.awt=ALL-UNNAMED -XX:NewSize=60m -XX:MaxNewSize=60m -Xms128m -Xmx3072m -Xss5m 

Host: Intel(R) Core(TM) i5-10210U CPU @ 1.60GHz, 8 cores, 15G,  Windows 10 , 64 bit Build 22621 (10.0.22621.2506)
Time: Wed Dec  6 18:22:30 2023 대한민국 표준시 elapsed time: 166 seconds (0d 0h 2m 46s)

---------------  T H R E A D  ---------------

Current thread (0x0000019d796f7800):  JavaThread "AWT-EventQueue-0" [_thread_in_native, id=13500, stack(0x0000004f56500000,0x0000004f56a00000)]

Stack: [0x0000004f56500000,0x0000004f56a00000],  sp=0x0000004f569fa380,  free space=5096k
Native frames: (J=compiled Java code, j=interpreted, Vv=VM code, C=native code)
C  [librdi_common.dll+0xa14d5]
C  0x00007ff993a3f956
C  0x00007ff993a59089
C  0x00007ff993af37ab
C  0x00007ff993b77ebd
C  0x00007ff993b800ab
C  0x00007ff993b5159a
C  0x00007ff993b8ea98
C  0x0000019d09936dad

Java frames: (J=compiled Java code, j=interpreted, Vv=VM code)
J 16899  ui.views.waveform.waveformi.WVExecutive_getTooltipTextDelayed(J)Ljava/lang/String; (0 bytes) @ 0x0000019d09936d11 [0x0000019d09936cc0+0x0000000000000051]
J 16898 c1 ui.views.waveform.executive.a.klW()Ljava/lang/String; (8 bytes) @ 0x0000019d03a474b4 [0x0000019d03a47440+0x0000000000000074]
j  ui.views.waveform.b.a.ca(Ljava/awt/event/MouseEvent;)V+85
J 16910 c1 ui.views.waveform.b.a.mouseMoved(Ljava/awt/event/MouseEvent;)V (32 bytes) @ 0x0000019d03a4a66c [0x0000019d03a4a1a0+0x00000000000004cc]
J 15402 c1 java.awt.AWTEventMulticaster.mouseMoved(Ljava/awt/event/MouseEvent;)V java.desktop@11.0.2 (27 bytes) @ 0x0000019d035a7904 [0x0000019d035a7500+0x0000000000000404]
J 15402 c1 java.awt.AWTEventMulticaster.mouseMoved(Ljava/awt/event/MouseEvent;)V java.desktop@11.0.2 (27 bytes) @ 0x0000019d035a772c [0x0000019d035a7500+0x000000000000022c]
J 15405 c1 java.awt.Component.processMouseMotionEvent(Ljava/awt/event/MouseEvent;)V java.desktop@11.0.2 (58 bytes) @ 0x0000019d035b0a84 [0x0000019d035b0760+0x0000000000000324]
J 15404 c1 javax.swing.JComponent.processMouseMotionEvent(Ljava/awt/event/MouseEvent;)V java.desktop@11.0.2 (46 bytes) @ 0x0000019d035b0104 [0x0000019d035afb40+0x00000000000005c4]
J 16004 c1 ui.frmwork.b.j.processMouseMotionEvent(Ljava/awt/event/MouseEvent;)V (131 bytes) @ 0x0000019d037a414c [0x0000019d037a3480+0x0000000000000ccc]
J 11220 c1 java.awt.Component.processEvent(Ljava/awt/AWTEvent;)V java.desktop@11.0.2 (220 bytes) @ 0x0000019d02feba8c [0x0000019d02feb280+0x000000000000080c]
J 16104 c1 java.awt.Container.processEvent(Ljava/awt/AWTEvent;)V java.desktop@11.0.2 (22 bytes) @ 0x0000019d037e6adc [0x0000019d037e6780+0x000000000000035c]
J 16102 c1 java.awt.Component.dispatchEventImpl(Ljava/awt/AWTEvent;)V java.desktop@11.0.2 (777 bytes) @ 0x0000019d037e2844 [0x0000019d037de880+0x0000000000003fc4]
J 14109 c2 java.awt.Container.dispatchEventImpl(Ljava/awt/AWTEvent;)V java.desktop@11.0.2 (129 bytes) @ 0x0000019d094d8218 [0x0000019d094d81c0+0x0000000000000058]
J 16091 c2 java.awt.LightweightDispatcher.retargetMouseEvent(Ljava/awt/Component;ILjava/awt/event/MouseEvent;)V java.desktop@11.0.2 (372 bytes) @ 0x0000019d097ad5a0 [0x0000019d097ad000+0x00000000000005a0]
J 13479 c1 java.awt.LightweightDispatcher.processMouseEvent(Ljava/awt/event/MouseEvent;)Z java.desktop@11.0.2 (265 bytes) @ 0x0000019d02903a44 [0x0000019d02902a60+0x0000000000000fe4]
J 14109 c2 java.awt.Container.dispatchEventImpl(Ljava/awt/AWTEvent;)V java.desktop@11.0.2 (129 bytes) @ 0x0000019d094d84ec [0x0000019d094d81c0+0x000000000000032c]
J 13205 c1 java.awt.Window.dispatchEventImpl(Ljava/awt/AWTEvent;)V java.desktop@11.0.2 (23 bytes) @ 0x0000019d0255744c [0x0000019d02556e20+0x000000000000062c]
J 13518 c2 java.awt.EventQueue$4.run()Ljava/lang/Object; java.desktop@11.0.2 (5 bytes) @ 0x0000019d0940142c [0x0000019d094012e0+0x000000000000014c]
v  ~StubRoutines::call_stub
J 3626  java.security.AccessController.doPrivileged(Ljava/security/PrivilegedAction;Ljava/security/AccessControlContext;)Ljava/lang/Object; java.base@11.0.2 (0 bytes) @ 0x0000019d08ca4b36 [0x0000019d08ca4ac0+0x0000000000000076]
J 11223 c1 java.awt.EventQueue$5.run()Ljava/lang/Object; java.desktop@11.0.2 (5 bytes) @ 0x0000019d02fea03c [0x0000019d02fe9ce0+0x000000000000035c]
v  ~StubRoutines::call_stub
J 3626  java.security.AccessController.doPrivileged(Ljava/security/PrivilegedAction;Ljava/security/AccessControlContext;)Ljava/lang/Object; java.base@11.0.2 (0 bytes) @ 0x0000019d08ca4b36 [0x0000019d08ca4ac0+0x0000000000000076]
J 13497 c2 java.awt.EventQueue.dispatchEvent(Ljava/awt/AWTEvent;)V java.desktop@11.0.2 (80 bytes) @ 0x0000019d093f93cc [0x0000019d093f8e40+0x000000000000058c]
J 13499 c2 ui.frmwork.a.d.dispatchEvent(Ljava/awt/AWTEvent;)V (42 bytes) @ 0x0000019d093fa0d4 [0x0000019d093f9fe0+0x00000000000000f4]
J 14563 c2 java.awt.EventDispatchThread.pumpOneEventForFilters(I)V java.desktop@11.0.2 (113 bytes) @ 0x0000019d095818b0 [0x0000019d095816e0+0x00000000000001d0]
j  java.awt.EventDispatchThread.pumpEventsForFilter(ILjava/awt/Conditional;Ljava/awt/EventFilter;)V+35 java.desktop@11.0.2
j  java.awt.EventDispatchThread.pumpEventsForHierarchy(ILjava/awt/Conditional;Ljava/awt/Component;)V+11 java.desktop@11.0.2
j  java.awt.EventDispatchThread.pumpEvents(ILjava/awt/Conditional;)V+4 java.desktop@11.0.2
j  java.awt.EventDispatchThread.pumpEvents(Ljava/awt/Conditional;)V+3 java.desktop@11.0.2
j  java.awt.EventDispatchThread.run()V+9 java.desktop@11.0.2
v  ~StubRoutines::call_stub

siginfo: EXCEPTION_ACCESS_VIOLATION (0xc0000005), reading address 0xffffffffffffffff


Register to memory mapping:

RIP=0x00007ff9c98914d5 librdi_common.dll
RAX=0x617461645f787500 is an unknown value
RBX=0x0000019d24af4720 points into unknown readable memory: 00 5c d2 93 f9 7f 00 00
RCX=0x0 is NULL
RDX=0x617461645f787500 is an unknown value
RSP=0x0000004f569fa380 is pointing into the stack for thread: 0x0000019d796f7800
RBP=0x0000004f569fa4f0 is pointing into the stack for thread: 0x0000019d796f7800
RSI=0x0000019d7cc97e68 points into unknown readable memory: 02 00 00 00 01 00 00 00
RDI=0x0000019d29667660 points into unknown readable memory: 30 07 d1 93 f9 7f 00 00
R8 =0x0 is NULL
R9 =0x0000000000000001 is an unknown value
R10=0x0000000000000003 is an unknown value
R11=0x0000004f569fa200 is pointing into the stack for thread: 0x0000019d796f7800
R12=0x00000000000000c8 is an unknown value
R13=0x0000019d7cc971e8 points into unknown readable memory: 05 00 00 00 01 00 00 00
R14=0x00000000000000c8 is an unknown value
R15=0x0000019d24af4720 points into unknown readable memory: 00 5c d2 93 f9 7f 00 00


Registers:
RAX=0x617461645f787500, RBX=0x0000019d24af4720, RCX=0x0000000000000000, RDX=0x617461645f787500
RSP=0x0000004f569fa380, RBP=0x0000004f569fa4f0, RSI=0x0000019d7cc97e68, RDI=0x0000019d29667660
R8 =0x0000000000000000, R9 =0x0000000000000001, R10=0x0000000000000003, R11=0x0000004f569fa200
R12=0x00000000000000c8, R13=0x0000019d7cc971e8, R14=0x00000000000000c8, R15=0x0000019d24af4720
RIP=0x00007ff9c98914d5, EFLAGS=0x0000000000010256

Top of Stack: (sp=0x0000004f569fa380)
0x0000004f569fa380:   0000019d29667660 0000019d7cc97e68
0x0000004f569fa390:   0000004f569fa4f0 00007ff993a3fca3
0x0000004f569fa3a0:   0000019d24af4720 fffffffffffffffe
0x0000004f569fa3b0:   0000019d24af4720 0000004f569fa3d0
0x0000004f569fa3c0:   0000019d7cc97e00 00000000000000c8
0x0000004f569fa3d0:   000089ae6701b772 0000019d7cc97e58
0x0000004f569fa3e0:   0000019d248a35b8 00007ff993a3f956
0x0000004f569fa3f0:   0000019d12e63a00 00000000000000d8
0x0000004f569fa400:   0000019d248a35b8 00000000000000d8
0x0000004f569fa410:   0000019d12e63a00 0000019d5b5f0000
0x0000004f569fa420:   0000004f569fa580 0000000000000000
0x0000004f569fa430:   000000d800000000 00000000000000d8
0x0000004f569fa440:   0000019d1e59dc90 0000019d248a36c8
0x0000004f569fa450:   0000000000000000 0000019d1e59d650
0x0000004f569fa460:   0000019d00000001 0000019d248a35b8
0x0000004f569fa470:   0000004f569fa8c8 0000000acddbfb1f 

Instructions: (pc=0x00007ff9c98914d5)
0x00007ff9c98914b5:   81 00 eb 2d 48 8b 43 08 48 8d 15 ac 9e 9b 00 48
0x00007ff9c98914c5:   85 c0 48 0f 45 d0 49 c7 c0 ff ff ff ff 49 ff c0
0x00007ff9c98914d5:   42 80 3c 02 00 75 f6 48 8d 4b 20 e8 db 24 f7 ff
0x00007ff9c98914e5:   90 eb 05 48 8b 5c 24 20 48 8d 43 20 48 83 78 18 


Stack slot to memory mapping:
stack at sp + 0 slots: 0x0000019d29667660 points into unknown readable memory: 30 07 d1 93 f9 7f 00 00
stack at sp + 1 slots: 0x0000019d7cc97e68 points into unknown readable memory: 02 00 00 00 01 00 00 00
stack at sp + 2 slots: 0x0000004f569fa4f0 is pointing into the stack for thread: 0x0000019d796f7800
stack at sp + 3 slots: 0x00007ff993a3fca3 points into unknown readable memory: 48 83 c4 48 c3
stack at sp + 4 slots: 0x0000019d24af4720 points into unknown readable memory: 00 5c d2 93 f9 7f 00 00
stack at sp + 5 slots: 0xfffffffffffffffe is an unknown value
stack at sp + 6 slots: 0x0000019d24af4720 points into unknown readable memory: 00 5c d2 93 f9 7f 00 00
stack at sp + 7 slots: 0x0000004f569fa3d0 is pointing into the stack for thread: 0x0000019d796f7800


---------------  P R O C E S S  ---------------

Threads class SMR info:
_java_thread_list=0x0000019d14af6f50, length=31, elements={
0x0000019d1cdf4000, 0x0000019d7b125000, 0x0000019d7b01d800, 0x0000019d1a3f5000,
0x0000019d63ad5000, 0x0000019d67953800, 0x0000019d1a4f2800, 0x0000019d679ad800,
0x0000019d640ce800, 0x0000019d67b73000, 0x0000019d647c6800, 0x0000019d64764000,
0x0000019d649e3000, 0x0000019d647c7800, 0x0000019d796f7800, 0x0000019d63bbc800,
0x0000019d63bbd000, 0x0000019d63bc3000, 0x0000019d63bbf800, 0x0000019d63bc0800,
0x0000019d63bc1000, 0x0000019d63bc2000, 0x0000019d12c9d000, 0x0000019d12c99000,
0x0000019d12c9f800, 0x0000019d12c9a800, 0x0000019d12ca2000, 0x0000019d12ca2800,
0x0000019d12ca4000, 0x0000019d12ca6000, 0x0000019d12c99800
}

Java Threads: ( => current thread )
  0x0000019d1cdf4000 JavaThread "main" [_thread_blocked, id=12232, stack(0x0000004f51d00000,0x0000004f51e00000)]
  0x0000019d7b125000 JavaThread "Reference Handler" daemon [_thread_blocked, id=8252, stack(0x0000004f52400000,0x0000004f52900000)]
  0x0000019d7b01d800 JavaThread "Finalizer" daemon [_thread_blocked, id=11732, stack(0x0000004f52900000,0x0000004f52e00000)]
  0x0000019d1a3f5000 JavaThread "Signal Dispatcher" daemon [_thread_blocked, id=5540, stack(0x0000004f52e00000,0x0000004f53300000)]
  0x0000019d63ad5000 JavaThread "Attach Listener" daemon [_thread_blocked, id=8984, stack(0x0000004f53300000,0x0000004f53800000)]
  0x0000019d67953800 JavaThread "C2 CompilerThread0" daemon [_thread_blocked, id=5596, stack(0x0000004f53800000,0x0000004f53900000)]
  0x0000019d1a4f2800 JavaThread "C1 CompilerThread0" daemon [_thread_blocked, id=5500, stack(0x0000004f53900000,0x0000004f53a00000)]
  0x0000019d679ad800 JavaThread "Sweeper thread" daemon [_thread_blocked, id=6068, stack(0x0000004f53a00000,0x0000004f53f00000)]
  0x0000019d640ce800 JavaThread "Common-Cleaner" daemon [_thread_blocked, id=4400, stack(0x0000004f53f00000,0x0000004f54400000)]
  0x0000019d67b73000 JavaThread "Service Thread" daemon [_thread_blocked, id=9200, stack(0x0000004f54400000,0x0000004f54900000)]
  0x0000019d647c6800 JavaThread "Java2D Disposer" daemon [_thread_blocked, id=13036, stack(0x0000004f54a00000,0x0000004f54f00000)]
  0x0000019d64764000 JavaThread "AWT-Windows" daemon [_thread_in_native, id=5632, stack(0x0000004f55400000,0x0000004f55900000)]
  0x0000019d649e3000 JavaThread "TimerQueue" daemon [_thread_blocked, id=4228, stack(0x0000004f55900000,0x0000004f55e00000)]
  0x0000019d647c7800 JavaThread "AWT-Shutdown" [_thread_blocked, id=15828, stack(0x0000004f54f00000,0x0000004f55400000)]
=>0x0000019d796f7800 JavaThread "AWT-EventQueue-0" [_thread_in_native, id=13500, stack(0x0000004f56500000,0x0000004f56a00000)]
  0x0000019d63bbc800 JavaThread "Thread-1" [_thread_in_native, id=12296, stack(0x0000004f50700000,0x0000004f51b00000)]
  0x0000019d63bbd000 JavaThread "Process Messages Thread" [_thread_blocked, id=15112, stack(0x0000004f56f00000,0x0000004f57400000)]
  0x0000019d63bc3000 JavaThread "Batik CleanerThread" daemon [_thread_blocked, id=10732, stack(0x0000004f56a00000,0x0000004f56f00000)]
  0x0000019d63bbf800 JavaThread "SyntheticaCleanerThread" daemon [_thread_blocked, id=7716, stack(0x0000004f58300000,0x0000004f58800000)]
  0x0000019d63bc0800 JavaThread "Monitor HEventQueue Thread" [_thread_blocked, id=4164, stack(0x0000004f58b00000,0x0000004f59000000)]
  0x0000019d63bc1000 JavaThread "SyntheticaAnimation 50" daemon [_thread_blocked, id=15312, stack(0x0000004f59000000,0x0000004f59500000)]
  0x0000019d63bc2000 JavaThread "SyntheticaAnimation 25" daemon [_thread_blocked, id=7000, stack(0x0000004f59600000,0x0000004f59b00000)]
  0x0000019d12c9d000 JavaThread "SyntheticaAnimation 70" daemon [_thread_blocked, id=14596, stack(0x0000004f5a000000,0x0000004f5a500000)]
  0x0000019d12c99000 JavaThread "Refresh Filesets Swing Worker Thread" [_thread_blocked, id=15916, stack(0x0000004f55e00000,0x0000004f56300000)]
  0x0000019d12c9f800 JavaThread "hw_ila_monitor" [_thread_blocked, id=15784, stack(0x0000004f57d00000,0x0000004f58200000)]
  0x0000019d12c9a800 JavaThread "pool-1-thread-1" [_thread_blocked, id=4932, stack(0x0000004f5af00000,0x0000004f5b400000)]
  0x0000019d12ca2000 JavaThread "pool-2-thread-1" [_thread_blocked, id=3372, stack(0x0000004f5b400000,0x0000004f5b900000)]
  0x0000019d12ca2800 JavaThread "pool-3-thread-1" [_thread_blocked, id=14588, stack(0x0000004f5b900000,0x0000004f5be00000)]
  0x0000019d12ca4000 JavaThread "Update Runs Swing Worker Thread" [_thread_blocked, id=14732, stack(0x0000004f5be00000,0x0000004f5c300000)]
  0x0000019d12ca6000 JavaThread "SyntheticaAnimation 50" daemon [_thread_blocked, id=13760, stack(0x0000004f5ca00000,0x0000004f5cf00000)]
  0x0000019d12c99800 JavaThread "Relaunch Simulation Thread" [_thread_blocked, id=17396, stack(0x0000004f5a500000,0x0000004f5aa00000)]

Other Threads:
  0x0000019d1be2f000 VMThread "VM Thread" [stack: 0x0000004f52300000,0x0000004f52400000] [id=12392]
  0x0000019d634e0000 WatcherThread [stack: 0x0000004f54900000,0x0000004f54a00000] [id=15476]
  0x0000019d1ae89800 GCTaskThread "GC Thread#0" [stack: 0x0000004f51e00000,0x0000004f51f00000] [id=5756]
  0x0000019d79f3a000 GCTaskThread "GC Thread#1" [stack: 0x0000004f57400000,0x0000004f57500000] [id=15484]
  0x0000019d79bf7800 GCTaskThread "GC Thread#2" [stack: 0x0000004f57500000,0x0000004f57600000] [id=13468]
  0x0000019d79265800 GCTaskThread "GC Thread#3" [stack: 0x0000004f57600000,0x0000004f57700000] [id=14044]
  0x0000019d795a6000 GCTaskThread "GC Thread#4" [stack: 0x0000004f57700000,0x0000004f57800000] [id=3248]
  0x0000019d795a6800 GCTaskThread "GC Thread#5" [stack: 0x0000004f57800000,0x0000004f57900000] [id=13236]
  0x0000019d64e9a800 GCTaskThread "GC Thread#6" [stack: 0x0000004f57900000,0x0000004f57a00000] [id=14496]
  0x0000019d7c114800 GCTaskThread "GC Thread#7" [stack: 0x0000004f57a00000,0x0000004f57b00000] [id=16068]
  0x0000019d1a87c800 ConcurrentGCThread "G1 Main Marker" [stack: 0x0000004f51f00000,0x0000004f52000000] [id=14204]
  0x0000019d1d1d2000 ConcurrentGCThread "G1 Conc#0" [stack: 0x0000004f52000000,0x0000004f52100000] [id=1908]
  0x0000019d7932b800 ConcurrentGCThread "G1 Conc#1" [stack: 0x0000004f57c00000,0x0000004f57d00000] [id=3456]
  0x0000019d641ce000 ConcurrentGCThread "G1 Refine#0" [stack: 0x0000004f52100000,0x0000004f52200000] [id=13808]
  0x0000019d64ef9800 ConcurrentGCThread "G1 Refine#1" [stack: 0x0000004f57b00000,0x0000004f57c00000] [id=12504]
  0x0000019d79b4a000 ConcurrentGCThread "G1 Refine#2" [stack: 0x0000004f58200000,0x0000004f58300000] [id=3984]
  0x0000019d7a0a5000 ConcurrentGCThread "G1 Refine#3" [stack: 0x0000004f59500000,0x0000004f59600000] [id=10760]
  0x0000019d1cec1000 ConcurrentGCThread "G1 Young RemSet Sampling" [stack: 0x0000004f52200000,0x0000004f52300000] [id=12120]

Threads with active compile tasks:

VM state:not at safepoint (normal execution)

VM Mutex/Monitor currently owned by a thread: None

Heap address: 0x0000000740000000, size: 3072 MB, Compressed Oops mode: Zero based, Oop shift amount: 3
Narrow klass base: 0x0000000800000000, Narrow klass shift: 0
Compressed class space size: 1073741824 Address: 0x0000000800000000

Heap:
 garbage-first heap   total 168960K, used 142354K [0x0000000740000000, 0x0000000800000000)
  region size 1024K, 45 young (46080K), 1 survivors (1024K)
 Metaspace       used 87514K, capacity 89679K, committed 90032K, reserved 1126400K
  class space    used 12229K, capacity 13194K, committed 13312K, reserved 1048576K
Heap Regions: E=young(eden), S=young(survivor), O=old, HS=humongous(starts), HC=humongous(continues), CS=collection set, F=free, A=archive, TAMS=top-at-mark-start (previous, next)
|   0|0x0000000740000000, 0x0000000740100000, 0x0000000740100000|100%|HS|  |TAMS 0x0000000740100000, 0x0000000740000000| Complete 
|   1|0x0000000740100000, 0x0000000740200000, 0x0000000740200000|100%|HC|  |TAMS 0x0000000740200000, 0x0000000740100000| Complete 
|   2|0x0000000740200000, 0x0000000740300000, 0x0000000740300000|100%|HS|  |TAMS 0x0000000740300000, 0x0000000740200000| Complete 
|   3|0x0000000740300000, 0x0000000740400000, 0x0000000740400000|100%| O|  |TAMS 0x0000000740400000, 0x0000000740300000| Untracked 
|   4|0x0000000740400000, 0x00000007404fffe8, 0x0000000740500000| 99%| O|  |TAMS 0x00000007404fffe8, 0x0000000740400000| Untracked 
|   5|0x0000000740500000, 0x00000007405ffff8, 0x0000000740600000| 99%| O|  |TAMS 0x00000007405ffff8, 0x0000000740500000| Untracked 
|   6|0x0000000740600000, 0x00000007406ffff0, 0x0000000740700000| 99%| O|  |TAMS 0x00000007406ffff0, 0x0000000740600000| Untracked 
|   7|0x0000000740700000, 0x00000007407ffff0, 0x0000000740800000| 99%| O|  |TAMS 0x00000007407ffff0, 0x0000000740700000| Untracked 
|   8|0x0000000740800000, 0x00000007408ffff8, 0x0000000740900000| 99%| O|  |TAMS 0x00000007408ffff8, 0x0000000740800000| Untracked 
|   9|0x0000000740900000, 0x00000007409fffe8, 0x0000000740a00000| 99%| O|  |TAMS 0x00000007409fffe8, 0x0000000740900000| Untracked 
|  10|0x0000000740a00000, 0x0000000740affff8, 0x0000000740b00000| 99%| O|  |TAMS 0x0000000740affff8, 0x0000000740a00000| Untracked 
|  11|0x0000000740b00000, 0x0000000740bffff0, 0x0000000740c00000| 99%| O|  |TAMS 0x0000000740bffff0, 0x0000000740b00000| Untracked 
|  12|0x0000000740c00000, 0x0000000740d00000, 0x0000000740d00000|100%| O|  |TAMS 0x0000000740d00000, 0x0000000740c00000| Untracked 
|  13|0x0000000740d00000, 0x0000000740ddfbd0, 0x0000000740e00000| 87%| O|  |TAMS 0x0000000740ddfbd0, 0x0000000740d00000| Untracked 
|  14|0x0000000740e00000, 0x0000000740efccf0, 0x0000000740f00000| 98%| O|  |TAMS 0x0000000740efccf0, 0x0000000740e00000| Untracked 
|  15|0x0000000740f00000, 0x0000000740fffff0, 0x0000000741000000| 99%| O|  |TAMS 0x0000000740fffff0, 0x0000000740f00000| Untracked 
|  16|0x0000000741000000, 0x00000007410fffd8, 0x0000000741100000| 99%| O|  |TAMS 0x00000007410fffd8, 0x0000000741000000| Untracked 
|  17|0x0000000741100000, 0x0000000741200000, 0x0000000741200000|100%| O|  |TAMS 0x0000000741200000, 0x0000000741100000| Untracked 
|  18|0x0000000741200000, 0x00000007412ffff8, 0x0000000741300000| 99%| O|  |TAMS 0x00000007412ffff8, 0x0000000741200000| Untracked 
|  19|0x0000000741300000, 0x00000007413ffff0, 0x0000000741400000| 99%| O|  |TAMS 0x00000007413ffff0, 0x0000000741300000| Untracked 
|  20|0x0000000741400000, 0x00000007414ffff8, 0x0000000741500000| 99%| O|  |TAMS 0x00000007414ffff8, 0x0000000741400000| Untracked 
|  21|0x0000000741500000, 0x0000000741600000, 0x0000000741600000|100%|HS|  |TAMS 0x0000000741600000, 0x0000000741500000| Complete 
|  22|0x0000000741600000, 0x0000000741700000, 0x0000000741700000|100%|HC|  |TAMS 0x0000000741700000, 0x0000000741600000| Complete 
|  23|0x0000000741700000, 0x0000000741800000, 0x0000000741800000|100%| O|  |TAMS 0x0000000741800000, 0x0000000741700000| Untracked 
|  24|0x0000000741800000, 0x0000000741900000, 0x0000000741900000|100%| O|  |TAMS 0x0000000741900000, 0x0000000741800000| Untracked 
|  25|0x0000000741900000, 0x0000000741a00000, 0x0000000741a00000|100%| O|  |TAMS 0x0000000741a00000, 0x0000000741900000| Untracked 
|  26|0x0000000741a00000, 0x0000000741b00000, 0x0000000741b00000|100%|HS|  |TAMS 0x0000000741b00000, 0x0000000741a00000| Complete 
|  27|0x0000000741b00000, 0x0000000741bffff0, 0x0000000741c00000| 99%| O|  |TAMS 0x0000000741bffff0, 0x0000000741b00000| Untracked 
|  28|0x0000000741c00000, 0x0000000741cfffe8, 0x0000000741d00000| 99%| O|  |TAMS 0x0000000741cfffe8, 0x0000000741c00000| Untracked 
|  29|0x0000000741d00000, 0x0000000741dffff8, 0x0000000741e00000| 99%| O|  |TAMS 0x0000000741dffff8, 0x0000000741d00000| Untracked 
|  30|0x0000000741e00000, 0x0000000741f00000, 0x0000000741f00000|100%| O|  |TAMS 0x0000000741f00000, 0x0000000741e00000| Untracked 
|  31|0x0000000741f00000, 0x0000000742000000, 0x0000000742000000|100%| O|  |TAMS 0x0000000742000000, 0x0000000741f00000| Untracked 
|  32|0x0000000742000000, 0x0000000742100000, 0x0000000742100000|100%| O|  |TAMS 0x0000000742100000, 0x0000000742000000| Untracked 
|  33|0x0000000742100000, 0x00000007421ffff8, 0x0000000742200000| 99%| O|  |TAMS 0x00000007421ffff8, 0x0000000742100000| Untracked 
|  34|0x0000000742200000, 0x00000007422ffff8, 0x0000000742300000| 99%| O|  |TAMS 0x00000007422ffff8, 0x0000000742200000| Untracked 
|  35|0x0000000742300000, 0x0000000742400000, 0x0000000742400000|100%| O|  |TAMS 0x0000000742400000, 0x0000000742300000| Untracked 
|  36|0x0000000742400000, 0x0000000742500000, 0x0000000742500000|100%| O|  |TAMS 0x0000000742500000, 0x0000000742400000| Untracked 
|  37|0x0000000742500000, 0x00000007425ffff0, 0x0000000742600000| 99%| O|  |TAMS 0x00000007425ffff0, 0x0000000742500000| Untracked 
|  38|0x0000000742600000, 0x0000000742700000, 0x0000000742700000|100%|HS|  |TAMS 0x0000000742700000, 0x0000000742600000| Complete 
|  39|0x0000000742700000, 0x00000007427ffff8, 0x0000000742800000| 99%| O|  |TAMS 0x00000007427ffff8, 0x0000000742700000| Untracked 
|  40|0x0000000742800000, 0x0000000742900000, 0x0000000742900000|100%| O|  |TAMS 0x0000000742900000, 0x0000000742800000| Untracked 
|  41|0x0000000742900000, 0x00000007429ffff8, 0x0000000742a00000| 99%| O|  |TAMS 0x00000007429ffff8, 0x0000000742900000| Untracked 
|  42|0x0000000742a00000, 0x0000000742afffe8, 0x0000000742b00000| 99%| O|  |TAMS 0x0000000742afffe8, 0x0000000742a00000| Untracked 
|  43|0x0000000742b00000, 0x0000000742c00000, 0x0000000742c00000|100%| O|  |TAMS 0x0000000742c00000, 0x0000000742b00000| Untracked 
|  44|0x0000000742c00000, 0x0000000742d00000, 0x0000000742d00000|100%| O|  |TAMS 0x0000000742d00000, 0x0000000742c00000| Untracked 
|  45|0x0000000742d00000, 0x0000000742e00000, 0x0000000742e00000|100%| O|  |TAMS 0x0000000742e00000, 0x0000000742d00000| Untracked 
|  46|0x0000000742e00000, 0x0000000742effff0, 0x0000000742f00000| 99%| O|  |TAMS 0x0000000742effff0, 0x0000000742e00000| Untracked 
|  47|0x0000000742f00000, 0x0000000742fffff8, 0x0000000743000000| 99%| O|  |TAMS 0x0000000742fffff8, 0x0000000742f00000| Untracked 
|  48|0x0000000743000000, 0x0000000743100000, 0x0000000743100000|100%|HS|  |TAMS 0x0000000743100000, 0x0000000743000000| Complete 
|  49|0x0000000743100000, 0x0000000743200000, 0x0000000743200000|100%|HC|  |TAMS 0x0000000743200000, 0x0000000743100000| Complete 
|  50|0x0000000743200000, 0x0000000743300000, 0x0000000743300000|100%|HC|  |TAMS 0x0000000743300000, 0x0000000743200000| Complete 
|  51|0x0000000743300000, 0x0000000743400000, 0x0000000743400000|100%|HC|  |TAMS 0x0000000743400000, 0x0000000743300000| Complete 
|  52|0x0000000743400000, 0x0000000743500000, 0x0000000743500000|100%|HC|  |TAMS 0x0000000743500000, 0x0000000743400000| Complete 
|  53|0x0000000743500000, 0x0000000743600000, 0x0000000743600000|100%|HC|  |TAMS 0x0000000743600000, 0x0000000743500000| Complete 
|  54|0x0000000743600000, 0x0000000743700000, 0x0000000743700000|100%|HC|  |TAMS 0x0000000743700000, 0x0000000743600000| Complete 
|  55|0x0000000743700000, 0x0000000743800000, 0x0000000743800000|100%|HC|  |TAMS 0x0000000743800000, 0x0000000743700000| Complete 
|  56|0x0000000743800000, 0x0000000743900000, 0x0000000743900000|100%| O|  |TAMS 0x0000000743900000, 0x0000000743800000| Untracked 
|  57|0x0000000743900000, 0x00000007439ffff0, 0x0000000743a00000| 99%| O|  |TAMS 0x00000007439ffff0, 0x0000000743900000| Untracked 
|  58|0x0000000743a00000, 0x0000000743b00000, 0x0000000743b00000|100%| O|  |TAMS 0x0000000743b00000, 0x0000000743a00000| Untracked 
|  59|0x0000000743b00000, 0x0000000743c00000, 0x0000000743c00000|100%| O|  |TAMS 0x0000000743c00000, 0x0000000743b00000| Untracked 
|  60|0x0000000743c00000, 0x0000000743d00000, 0x0000000743d00000|100%|HS|  |TAMS 0x0000000743d00000, 0x0000000743c00000| Complete 
|  61|0x0000000743d00000, 0x0000000743dffff8, 0x0000000743e00000| 99%| O|  |TAMS 0x0000000743dffff8, 0x0000000743d00000| Untracked 
|  62|0x0000000743e00000, 0x0000000743effff8, 0x0000000743f00000| 99%| O|  |TAMS 0x0000000743effff8, 0x0000000743e00000| Untracked 
|  63|0x0000000743f00000, 0x0000000744000000, 0x0000000744000000|100%| O|  |TAMS 0x0000000744000000, 0x0000000743f00000| Untracked 
|  64|0x0000000744000000, 0x0000000744100000, 0x0000000744100000|100%| O|  |TAMS 0x0000000744100000, 0x0000000744000000| Untracked 
|  65|0x0000000744100000, 0x0000000744200000, 0x0000000744200000|100%| O|  |TAMS 0x0000000744200000, 0x0000000744100000| Untracked 
|  66|0x0000000744200000, 0x0000000744300000, 0x0000000744300000|100%| O|  |TAMS 0x0000000744300000, 0x0000000744200000| Untracked 
|  67|0x0000000744300000, 0x0000000744400000, 0x0000000744400000|100%|HS|  |TAMS 0x0000000744400000, 0x0000000744300000| Complete 
|  68|0x0000000744400000, 0x0000000744500000, 0x0000000744500000|100%|HC|  |TAMS 0x0000000744500000, 0x0000000744400000| Complete 
|  69|0x0000000744500000, 0x0000000744600000, 0x0000000744600000|100%|HC|  |TAMS 0x0000000744600000, 0x0000000744500000| Complete 
|  70|0x0000000744600000, 0x0000000744700000, 0x0000000744700000|100%|HC|  |TAMS 0x0000000744700000, 0x0000000744600000| Complete 
|  71|0x0000000744700000, 0x0000000744800000, 0x0000000744800000|100%|HC|  |TAMS 0x0000000744800000, 0x0000000744700000| Complete 
|  72|0x0000000744800000, 0x00000007448ffff8, 0x0000000744900000| 99%| O|  |TAMS 0x00000007448ffff8, 0x0000000744800000| Untracked 
|  73|0x0000000744900000, 0x0000000744a00000, 0x0000000744a00000|100%| O|  |TAMS 0x0000000744a00000, 0x0000000744900000| Untracked 
|  74|0x0000000744a00000, 0x0000000744b00000, 0x0000000744b00000|100%| O|  |TAMS 0x0000000744b00000, 0x0000000744a00000| Untracked 
|  75|0x0000000744b00000, 0x0000000744bffff8, 0x0000000744c00000| 99%| O|  |TAMS 0x0000000744bffff8, 0x0000000744b00000| Untracked 
|  76|0x0000000744c00000, 0x0000000744cfffa0, 0x0000000744d00000| 99%| O|  |TAMS 0x0000000744cfffa0, 0x0000000744c00000| Untracked 
|  77|0x0000000744d00000, 0x0000000744dfffd0, 0x0000000744e00000| 99%| O|  |TAMS 0x0000000744dfffd0, 0x0000000744d00000| Untracked 
|  78|0x0000000744e00000, 0x0000000744effff0, 0x0000000744f00000| 99%| O|  |TAMS 0x0000000744effff0, 0x0000000744e00000| Untracked 
|  79|0x0000000744f00000, 0x0000000744fffff0, 0x0000000745000000| 99%| O|  |TAMS 0x0000000744fffff0, 0x0000000744f00000| Untracked 
|  80|0x0000000745000000, 0x0000000745100000, 0x0000000745100000|100%| O|  |TAMS 0x0000000745100000, 0x0000000745000000| Untracked 
|  81|0x0000000745100000, 0x00000007451ffff8, 0x0000000745200000| 99%| O|  |TAMS 0x00000007451ffff8, 0x0000000745100000| Untracked 
|  82|0x0000000745200000, 0x00000007452ffff0, 0x0000000745300000| 99%| O|  |TAMS 0x00000007452ffff0, 0x0000000745200000| Untracked 
|  83|0x0000000745300000, 0x0000000745400000, 0x0000000745400000|100%| O|  |TAMS 0x0000000745400000, 0x0000000745300000| Untracked 
|  84|0x0000000745400000, 0x0000000745500000, 0x0000000745500000|100%| O|  |TAMS 0x0000000745500000, 0x0000000745400000| Untracked 
|  85|0x0000000745500000, 0x00000007455f4008, 0x0000000745600000| 95%| O|  |TAMS 0x00000007455f4008, 0x0000000745500000| Untracked 
|  86|0x0000000745600000, 0x00000007456f7438, 0x0000000745700000| 96%| O|  |TAMS 0x00000007456f7438, 0x0000000745600000| Untracked 
|  87|0x0000000745700000, 0x00000007457c70b8, 0x0000000745800000| 77%| O|  |TAMS 0x00000007457c70b8, 0x0000000745700000| Untracked 
|  88|0x0000000745800000, 0x0000000745862058, 0x0000000745900000| 38%| O|  |TAMS 0x0000000745862058, 0x0000000745800000| Untracked 
|  89|0x0000000745900000, 0x0000000745a00000, 0x0000000745a00000|100%|HS|  |TAMS 0x0000000745a00000, 0x0000000745900000| Complete 
|  90|0x0000000745a00000, 0x0000000745b00000, 0x0000000745b00000|100%|HC|  |TAMS 0x0000000745b00000, 0x0000000745a00000| Complete 
|  91|0x0000000745b00000, 0x0000000745c00000, 0x0000000745c00000|100%|HC|  |TAMS 0x0000000745c00000, 0x0000000745b00000| Complete 
|  92|0x0000000745c00000, 0x0000000745d00000, 0x0000000745d00000|100%|HC|  |TAMS 0x0000000745d00000, 0x0000000745c00000| Complete 
|  93|0x0000000745d00000, 0x0000000745d08628, 0x0000000745e00000|  3%| O|  |TAMS 0x0000000745d08628, 0x0000000745d00000| Untracked 
|  94|0x0000000745e00000, 0x0000000745f00000, 0x0000000745f00000|100%|HS|  |TAMS 0x0000000745e00000, 0x0000000745e00000| Complete 
|  95|0x0000000745f00000, 0x0000000746000000, 0x0000000746000000|100%|HC|  |TAMS 0x0000000745f00000, 0x0000000745f00000| Complete 
|  96|0x0000000746000000, 0x0000000746100000, 0x0000000746100000|100%|HC|  |TAMS 0x0000000746000000, 0x0000000746000000| Complete 
|  97|0x0000000746100000, 0x0000000746200000, 0x0000000746200000|100%|HC|  |TAMS 0x0000000746100000, 0x0000000746100000| Complete 
|  98|0x0000000746200000, 0x0000000746200000, 0x0000000746300000|  0%| F|  |TAMS 0x0000000746200000, 0x0000000746200000| Untracked 
|  99|0x0000000746300000, 0x0000000746300000, 0x0000000746400000|  0%| F|  |TAMS 0x0000000746300000, 0x0000000746300000| Untracked 
| 100|0x0000000746400000, 0x0000000746400000, 0x0000000746500000|  0%| F|  |TAMS 0x0000000746400000, 0x0000000746400000| Untracked 
| 101|0x0000000746500000, 0x0000000746500000, 0x0000000746600000|  0%| F|  |TAMS 0x0000000746500000, 0x0000000746500000| Untracked 
| 102|0x0000000746600000, 0x0000000746600000, 0x0000000746700000|  0%| F|  |TAMS 0x0000000746600000, 0x0000000746600000| Untracked 
| 103|0x0000000746700000, 0x0000000746700000, 0x0000000746800000|  0%| F|  |TAMS 0x0000000746700000, 0x0000000746700000| Untracked 
| 104|0x0000000746800000, 0x0000000746800000, 0x0000000746900000|  0%| F|  |TAMS 0x0000000746800000, 0x0000000746800000| Untracked 
| 105|0x0000000746900000, 0x0000000746900000, 0x0000000746a00000|  0%| F|  |TAMS 0x0000000746900000, 0x0000000746900000| Untracked 
| 106|0x0000000746a00000, 0x0000000746a00000, 0x0000000746b00000|  0%| F|  |TAMS 0x0000000746a00000, 0x0000000746a00000| Untracked 
| 107|0x0000000746b00000, 0x0000000746b00000, 0x0000000746c00000|  0%| F|  |TAMS 0x0000000746b00000, 0x0000000746b00000| Untracked 
| 108|0x0000000746c00000, 0x0000000746c00000, 0x0000000746d00000|  0%| F|  |TAMS 0x0000000746c00000, 0x0000000746c00000| Untracked 
| 109|0x0000000746d00000, 0x0000000746d00000, 0x0000000746e00000|  0%| F|  |TAMS 0x0000000746d00000, 0x0000000746d00000| Untracked 
| 110|0x0000000746e00000, 0x0000000746e00000, 0x0000000746f00000|  0%| F|  |TAMS 0x0000000746e00000, 0x0000000746e00000| Untracked 
| 111|0x0000000746f00000, 0x0000000746f00000, 0x0000000747000000|  0%| F|  |TAMS 0x0000000746f00000, 0x0000000746f00000| Untracked 
| 112|0x0000000747000000, 0x0000000747000000, 0x0000000747100000|  0%| F|  |TAMS 0x0000000747000000, 0x0000000747000000| Untracked 
| 113|0x0000000747100000, 0x0000000747100000, 0x0000000747200000|  0%| F|  |TAMS 0x0000000747100000, 0x0000000747100000| Untracked 
| 114|0x0000000747200000, 0x0000000747200000, 0x0000000747300000|  0%| F|  |TAMS 0x0000000747200000, 0x0000000747200000| Untracked 
| 115|0x0000000747300000, 0x0000000747300000, 0x0000000747400000|  0%| F|  |TAMS 0x0000000747300000, 0x0000000747300000| Untracked 
| 116|0x0000000747400000, 0x0000000747400000, 0x0000000747500000|  0%| F|  |TAMS 0x0000000747400000, 0x0000000747400000| Untracked 
| 117|0x0000000747500000, 0x0000000747500000, 0x0000000747600000|  0%| F|  |TAMS 0x0000000747500000, 0x0000000747500000| Untracked 
| 118|0x0000000747600000, 0x0000000747600000, 0x0000000747700000|  0%| F|  |TAMS 0x0000000747600000, 0x0000000747600000| Untracked 
| 119|0x0000000747700000, 0x0000000747700000, 0x0000000747800000|  0%| F|  |TAMS 0x0000000747700000, 0x0000000747700000| Untracked 
| 120|0x0000000747800000, 0x000000074780e250, 0x0000000747900000|  5%| E|  |TAMS 0x0000000747800000, 0x0000000747800000| Complete 
| 121|0x0000000747900000, 0x0000000747a00000, 0x0000000747a00000|100%| E|CS|TAMS 0x0000000747900000, 0x0000000747900000| Complete 
| 122|0x0000000747a00000, 0x0000000747b00000, 0x0000000747b00000|100%| E|CS|TAMS 0x0000000747a00000, 0x0000000747a00000| Complete 
| 123|0x0000000747b00000, 0x0000000747c00000, 0x0000000747c00000|100%| E|CS|TAMS 0x0000000747b00000, 0x0000000747b00000| Complete 
| 124|0x0000000747c00000, 0x0000000747d00000, 0x0000000747d00000|100%| E|CS|TAMS 0x0000000747c00000, 0x0000000747c00000| Complete 
| 125|0x0000000747d00000, 0x0000000747e00000, 0x0000000747e00000|100%| E|CS|TAMS 0x0000000747d00000, 0x0000000747d00000| Complete 
| 126|0x0000000747e00000, 0x0000000747f00000, 0x0000000747f00000|100%| E|CS|TAMS 0x0000000747e00000, 0x0000000747e00000| Complete 
| 127|0x0000000747f00000, 0x0000000748000000, 0x0000000748000000|100%| E|CS|TAMS 0x0000000747f00000, 0x0000000747f00000| Complete 
| 128|0x0000000748000000, 0x0000000748100000, 0x0000000748100000|100%| E|CS|TAMS 0x0000000748000000, 0x0000000748000000| Complete 
| 129|0x0000000748100000, 0x0000000748200000, 0x0000000748200000|100%| E|CS|TAMS 0x0000000748100000, 0x0000000748100000| Complete 
| 130|0x0000000748200000, 0x0000000748300000, 0x0000000748300000|100%| E|CS|TAMS 0x0000000748200000, 0x0000000748200000| Complete 
| 131|0x0000000748300000, 0x0000000748400000, 0x0000000748400000|100%| E|CS|TAMS 0x0000000748300000, 0x0000000748300000| Complete 
| 132|0x0000000748400000, 0x0000000748500000, 0x0000000748500000|100%| E|CS|TAMS 0x0000000748400000, 0x0000000748400000| Complete 
| 133|0x0000000748500000, 0x0000000748600000, 0x0000000748600000|100%| E|CS|TAMS 0x0000000748500000, 0x0000000748500000| Complete 
| 134|0x0000000748600000, 0x0000000748700000, 0x0000000748700000|100%| E|CS|TAMS 0x0000000748600000, 0x0000000748600000| Complete 
| 135|0x0000000748700000, 0x0000000748800000, 0x0000000748800000|100%| E|CS|TAMS 0x0000000748700000, 0x0000000748700000| Complete 
| 136|0x0000000748800000, 0x0000000748900000, 0x0000000748900000|100%| E|CS|TAMS 0x0000000748800000, 0x0000000748800000| Complete 
| 137|0x0000000748900000, 0x0000000748a00000, 0x0000000748a00000|100%| E|CS|TAMS 0x0000000748900000, 0x0000000748900000| Complete 
| 138|0x0000000748a00000, 0x0000000748b00000, 0x0000000748b00000|100%| E|CS|TAMS 0x0000000748a00000, 0x0000000748a00000| Complete 
| 139|0x0000000748b00000, 0x0000000748c00000, 0x0000000748c00000|100%| E|CS|TAMS 0x0000000748b00000, 0x0000000748b00000| Complete 
| 140|0x0000000748c00000, 0x0000000748d00000, 0x0000000748d00000|100%| E|CS|TAMS 0x0000000748c00000, 0x0000000748c00000| Complete 
| 141|0x0000000748d00000, 0x0000000748e00000, 0x0000000748e00000|100%| E|CS|TAMS 0x0000000748d00000, 0x0000000748d00000| Complete 
| 142|0x0000000748e00000, 0x0000000748f00000, 0x0000000748f00000|100%| E|CS|TAMS 0x0000000748e00000, 0x0000000748e00000| Complete 
| 143|0x0000000748f00000, 0x0000000749000000, 0x0000000749000000|100%| E|CS|TAMS 0x0000000748f00000, 0x0000000748f00000| Complete 
| 144|0x0000000749000000, 0x0000000749100000, 0x0000000749100000|100%| E|CS|TAMS 0x0000000749000000, 0x0000000749000000| Complete 
| 145|0x0000000749100000, 0x0000000749200000, 0x0000000749200000|100%| E|CS|TAMS 0x0000000749100000, 0x0000000749100000| Complete 
| 146|0x0000000749200000, 0x0000000749300000, 0x0000000749300000|100%| E|CS|TAMS 0x0000000749200000, 0x0000000749200000| Complete 
| 147|0x0000000749300000, 0x0000000749400000, 0x0000000749400000|100%| E|CS|TAMS 0x0000000749300000, 0x0000000749300000| Complete 
| 148|0x0000000749400000, 0x0000000749500000, 0x0000000749500000|100%| E|CS|TAMS 0x0000000749400000, 0x0000000749400000| Complete 
| 149|0x0000000749500000, 0x0000000749600000, 0x0000000749600000|100%| E|CS|TAMS 0x0000000749500000, 0x0000000749500000| Complete 
| 150|0x0000000749600000, 0x0000000749700000, 0x0000000749700000|100%| E|CS|TAMS 0x0000000749600000, 0x0000000749600000| Complete 
| 151|0x0000000749700000, 0x0000000749800000, 0x0000000749800000|100%| E|CS|TAMS 0x0000000749700000, 0x0000000749700000| Complete 
| 152|0x0000000749800000, 0x0000000749900000, 0x0000000749900000|100%| E|CS|TAMS 0x0000000749800000, 0x0000000749800000| Complete 
| 153|0x0000000749900000, 0x0000000749a00000, 0x0000000749a00000|100%| E|CS|TAMS 0x0000000749900000, 0x0000000749900000| Complete 
| 154|0x0000000749a00000, 0x0000000749b00000, 0x0000000749b00000|100%| E|CS|TAMS 0x0000000749a00000, 0x0000000749a00000| Complete 
| 155|0x0000000749b00000, 0x0000000749c00000, 0x0000000749c00000|100%| E|CS|TAMS 0x0000000749b00000, 0x0000000749b00000| Complete 
| 156|0x0000000749c00000, 0x0000000749d00000, 0x0000000749d00000|100%| E|CS|TAMS 0x0000000749c00000, 0x0000000749c00000| Complete 
| 157|0x0000000749d00000, 0x0000000749e00000, 0x0000000749e00000|100%| E|CS|TAMS 0x0000000749d00000, 0x0000000749d00000| Complete 
| 158|0x0000000749e00000, 0x0000000749f00000, 0x0000000749f00000|100%| E|CS|TAMS 0x0000000749e00000, 0x0000000749e00000| Complete 
| 159|0x0000000749f00000, 0x000000074a000000, 0x000000074a000000|100%| E|CS|TAMS 0x0000000749f00000, 0x0000000749f00000| Complete 
| 160|0x000000074a000000, 0x000000074a100000, 0x000000074a100000|100%| E|CS|TAMS 0x000000074a000000, 0x000000074a000000| Complete 
| 161|0x000000074a100000, 0x000000074a200000, 0x000000074a200000|100%| E|CS|TAMS 0x000000074a100000, 0x000000074a100000| Complete 
| 162|0x000000074a200000, 0x000000074a300000, 0x000000074a300000|100%| E|CS|TAMS 0x000000074a200000, 0x000000074a200000| Complete 
| 163|0x000000074a300000, 0x000000074a30b8b0, 0x000000074a400000|  4%| S|CS|TAMS 0x000000074a300000, 0x000000074a300000| Complete 
| 164|0x000000074a400000, 0x000000074a500000, 0x000000074a500000|100%| E|CS|TAMS 0x000000074a400000, 0x000000074a400000| Complete 

Card table byte_map: [0x0000019d656a0000,0x0000019d65ca0000] _byte_map_base: 0x0000019d61ca0000

Marking Bits (Prev, Next): (CMBitMap*) 0x0000019d61270fb8, (CMBitMap*) 0x0000019d61270ff0
 Prev Bits: [0x0000019d70950000, 0x0000019d73950000)
 Next Bits: [0x0000019d73950000, 0x0000019d76950000)

Polling page: 0x0000019d5b7b0000

Metaspace:

Usage:
  Non-class:     74.69 MB capacity,    73.52 MB ( 98%) used,   911.09 KB (  1%) free+waste,   288.81 KB ( <1%) overhead. 
      Class:     12.88 MB capacity,    11.94 MB ( 93%) used,   823.09 KB (  6%) free+waste,   141.13 KB (  1%) overhead. 
       Both:     87.58 MB capacity,    85.46 MB ( 98%) used,     1.69 MB (  2%) free+waste,   429.94 KB ( <1%) overhead. 

Virtual space:
  Non-class space:       76.00 MB reserved,      74.92 MB ( 99%) committed 
      Class space:        1.00 GB reserved,      13.00 MB (  1%) committed 
             Both:        1.07 GB reserved,      87.92 MB (  8%) committed 

Chunk freelists:
   Non-Class:  5.38 KB
       Class:  0 bytes
        Both:  5.38 KB

CodeHeap 'non-profiled nmethods': size=120000Kb used=15177Kb max_used=15177Kb free=104823Kb
 bounds [0x0000019d08aa0000, 0x0000019d09980000, 0x0000019d0ffd0000]
CodeHeap 'profiled nmethods': size=120000Kb used=37969Kb max_used=37969Kb free=82030Kb
 bounds [0x0000019d01570000, 0x0000019d03ab0000, 0x0000019d08aa0000]
CodeHeap 'non-nmethods': size=5760Kb used=1608Kb max_used=1666Kb free=4151Kb
 bounds [0x0000019d00fd0000, 0x0000019d01240000, 0x0000019d01570000]
 total_blobs=23962 nmethods=14525 adapters=1051
 compilation: enabled
              stopped_count=0, restarted_count=0
 full_count=0

Compilation events (10 events):
Event: 166.313 Thread 0x0000019d1a4f2800 17048       3       ui.utils.swing.w.f::paintComponent (6 bytes)
Event: 166.313 Thread 0x0000019d1a4f2800 nmethod 17048 0x0000019d03aa2610 code [0x0000019d03aa27c0, 0x0000019d03aa2950]
Event: 166.325 Thread 0x0000019d1a4f2800 17049       3       javax.swing.plaf.basic.BasicRootPaneUI::updateDefaultButtonBindings (61 bytes)
Event: 166.325 Thread 0x0000019d1a4f2800 nmethod 17049 0x0000019d03aa2a10 code [0x0000019d03aa2c60, 0x0000019d03aa36e0]
Event: 166.331 Thread 0x0000019d1a4f2800 17050       3       javax.swing.plaf.synth.SynthTextFieldUI::getContext (10 bytes)
Event: 166.333 Thread 0x0000019d1a4f2800 nmethod 17050 0x0000019d03aa3910 code [0x0000019d03aa3b80, 0x0000019d03aa4700]
Event: 166.333 Thread 0x0000019d1a4f2800 17052       3       de.javasoft.plaf.synthetica.styles.MenuItemAcceleratorStyle::<init> (5 bytes)
Event: 166.333 Thread 0x0000019d1a4f2800 nmethod 17052 0x0000019d03aa4a90 code [0x0000019d03aa4c60, 0x0000019d03aa4ed8]
Event: 166.333 Thread 0x0000019d1a4f2800 17051       3       de.javasoft.plaf.synthetica.styles.MenuItemAcceleratorStyle::getStyle (33 bytes)
Event: 166.334 Thread 0x0000019d1a4f2800 nmethod 17051 0x0000019d03aa5010 code [0x0000019d03aa5200, 0x0000019d03aa57b0]

GC Heap History (10 events):
Event: 151.674 GC heap before
{Heap before GC invocations=75 (full 26):
 garbage-first heap   total 168960K, used 94184K [0x0000000740000000, 0x0000000800000000)
  region size 1024K, 1 young (1024K), 0 survivors (0K)
 Metaspace       used 87446K, capacity 89615K, committed 89776K, reserved 1126400K
  class space    used 12223K, capacity 13194K, committed 13312K, reserved 1048576K
}
Event: 151.675 GC heap after
{Heap after GC invocations=76 (full 26):
 garbage-first heap   total 168960K, used 94249K [0x0000000740000000, 0x0000000800000000)
  region size 1024K, 1 young (1024K), 1 survivors (1024K)
 Metaspace       used 87446K, capacity 89615K, committed 89776K, reserved 1126400K
  class space    used 12223K, capacity 13194K, committed 13312K, reserved 1048576K
}
Event: 151.733 GC heap before
{Heap before GC invocations=76 (full 26):
 garbage-first heap   total 168960K, used 102441K [0x0000000740000000, 0x0000000800000000)
  region size 1024K, 2 young (2048K), 1 survivors (1024K)
 Metaspace       used 87446K, capacity 89615K, committed 89776K, reserved 1126400K
  class space    used 12223K, capacity 13194K, committed 13312K, reserved 1048576K
}
Event: 151.831 GC heap after
{Heap after GC invocations=77 (full 27):
 garbage-first heap   total 168960K, used 94181K [0x0000000740000000, 0x0000000800000000)
  region size 1024K, 0 young (0K), 0 survivors (0K)
 Metaspace       used 87446K, capacity 89615K, committed 89776K, reserved 1126400K
  class space    used 12223K, capacity 13194K, committed 13312K, reserved 1048576K
}
Event: 151.835 GC heap before
{Heap before GC invocations=77 (full 27):
 garbage-first heap   total 168960K, used 94181K [0x0000000740000000, 0x0000000800000000)
  region size 1024K, 1 young (1024K), 0 survivors (0K)
 Metaspace       used 87447K, capacity 89615K, committed 89776K, reserved 1126400K
  class space    used 12223K, capacity 13194K, committed 13312K, reserved 1048576K
}
Event: 151.836 GC heap after
{Heap after GC invocations=78 (full 27):
 garbage-first heap   total 168960K, used 94225K [0x0000000740000000, 0x0000000800000000)
  region size 1024K, 1 young (1024K), 1 survivors (1024K)
 Metaspace       used 87447K, capacity 89615K, committed 89776K, reserved 1126400K
  class space    used 12223K, capacity 13194K, committed 13312K, reserved 1048576K
}
Event: 151.932 GC heap before
{Heap before GC invocations=78 (full 27):
 garbage-first heap   total 168960K, used 98321K [0x0000000740000000, 0x0000000800000000)
  region size 1024K, 2 young (2048K), 1 survivors (1024K)
 Metaspace       used 87447K, capacity 89615K, committed 89776K, reserved 1126400K
  class space    used 12223K, capacity 13194K, committed 13312K, reserved 1048576K
}
Event: 152.033 GC heap after
{Heap after GC invocations=79 (full 28):
 garbage-first heap   total 168960K, used 94180K [0x0000000740000000, 0x0000000800000000)
  region size 1024K, 0 young (0K), 0 survivors (0K)
 Metaspace       used 87447K, capacity 89615K, committed 89776K, reserved 1126400K
  class space    used 12223K, capacity 13194K, committed 13312K, reserved 1048576K
}
Event: 152.081 GC heap before
{Heap before GC invocations=79 (full 28):
 garbage-first heap   total 168960K, used 94180K [0x0000000740000000, 0x0000000800000000)
  region size 1024K, 1 young (1024K), 0 survivors (0K)
 Metaspace       used 87447K, capacity 89615K, committed 89776K, reserved 1126400K
  class space    used 12223K, capacity 13194K, committed 13312K, reserved 1048576K
}
Event: 152.082 GC heap after
{Heap after GC invocations=80 (full 28):
 garbage-first heap   total 168960K, used 94226K [0x0000000740000000, 0x0000000800000000)
  region size 1024K, 1 young (1024K), 1 survivors (1024K)
 Metaspace       used 87447K, capacity 89615K, committed 89776K, reserved 1126400K
  class space    used 12223K, capacity 13194K, committed 13312K, reserved 1048576K
}

Deoptimization events (10 events):
Event: 148.337 Thread 0x0000019d796f7800 Uncommon trap: reason=unstable_if action=reinterpret pc=0x0000019d0918ecb0 method=javax.swing.DebugGraphics.shouldComponentDebug(Ljavax/swing/JComponent;)I @ 15 c2
Event: 151.511 Thread 0x0000019d796f7800 Uncommon trap: reason=unstable_if action=reinterpret pc=0x0000019d08fec6b4 method=java.awt.EventQueue.eventToCacheIndex(Ljava/awt/AWTEvent;)I @ 4 c2
Event: 151.511 Thread 0x0000019d796f7800 Uncommon trap: reason=unstable_if action=reinterpret pc=0x0000019d097b0e18 method=java.awt.EventQueue.eventToCacheIndex(Ljava/awt/AWTEvent;)I @ 4 c2
Event: 151.511 Thread 0x0000019d796f7800 Uncommon trap: reason=unstable_if action=reinterpret pc=0x0000019d093fd6e0 method=java.awt.EventQueue.eventToCacheIndex(Ljava/awt/AWTEvent;)I @ 4 c2
Event: 151.511 Thread 0x0000019d796f7800 Uncommon trap: reason=unstable_if action=reinterpret pc=0x0000019d098280f8 method=java.awt.Toolkit$SelectiveAWTEventListener.eventDispatched(Ljava/awt/AWTEvent;)V @ 230 c2
Event: 151.539 Thread 0x0000019d796f7800 Uncommon trap: reason=unstable_if action=reinterpret pc=0x0000019d09277fe0 method=java.awt.EventQueue.eventToCacheIndex(Ljava/awt/AWTEvent;)I @ 4 c2
Event: 151.547 Thread 0x0000019d796f7800 Uncommon trap: reason=unstable_if action=reinterpret pc=0x0000019d09174970 method=java.awt.EventQueue.eventToCacheIndex(Ljava/awt/AWTEvent;)I @ 4 c2
Event: 164.813 Thread 0x0000019d796f7800 Uncommon trap: reason=class_check action=maybe_recompile pc=0x0000019d09258970 method=java.awt.Component.addNotify()V @ 200 c2
Event: 164.814 Thread 0x0000019d796f7800 Uncommon trap: reason=speculate_class_check action=maybe_recompile pc=0x0000019d09579f34 method=java.awt.Component.reshape(IIII)V @ 222 c2
Event: 164.815 Thread 0x0000019d796f7800 Uncommon trap: reason=speculate_class_check action=maybe_recompile pc=0x0000019d09579f34 method=java.awt.Component.reshape(IIII)V @ 222 c2

Classes redefined (0 events):
No events

Internal exceptions (10 events):
Event: 149.857 Thread 0x0000019d796f7800 Exception <a 'java/io/FileNotFoundException'{0x00000007496c3858}> (0x00000007496c3858) thrown at [t:/workspace/open/src/hotspot/share/prims/jni.cpp, line 615]
Event: 151.368 Thread 0x0000019d796f7800 Exception <a 'java/lang/NoSuchMethodError'{0x00000007490edd40}: java.lang.invoke.DirectMethodHandle$Holder.invokeSpecial(Ljava/lang/Object;Ljava/lang/Object;IILjava/lang/Object;ILjava/lang/Object;I)Ljava/lang/Object;> (0x00000007490edd40) thrown at [t:/wo
Event: 151.368 Thread 0x0000019d796f7800 Exception <a 'java/lang/NoSuchMethodError'{0x00000007490f1510}: java.lang.invoke.DelegatingMethodHandle$Holder.reinvoke_L(Ljava/lang/Object;IILjava/lang/Object;ILjava/lang/Object;I)Ljava/lang/Object;> (0x00000007490f1510) thrown at [t:/workspace/open/src/
Event: 151.369 Thread 0x0000019d796f7800 Exception <a 'java/lang/NoSuchMethodError'{0x0000000748f1f4b8}: java.lang.invoke.Invokers$Holder.linkToTargetMethod(Ljava/lang/Object;ILjava/lang/Object;ILjava/lang/Object;)Ljava/lang/Object;> (0x0000000748f1f4b8) thrown at [t:/workspace/open/src/hotspot/
Event: 154.857 Thread 0x0000019d796f7800 Exception <a 'java/io/FileNotFoundException'{0x000000074a0cbaa8}> (0x000000074a0cbaa8) thrown at [t:/workspace/open/src/hotspot/share/prims/jni.cpp, line 615]
Event: 154.858 Thread 0x0000019d796f7800 Exception <a 'java/io/FileNotFoundException'{0x000000074a0cc428}> (0x000000074a0cc428) thrown at [t:/workspace/open/src/hotspot/share/prims/jni.cpp, line 615]
Event: 159.867 Thread 0x0000019d796f7800 Exception <a 'java/io/FileNotFoundException'{0x000000074a0e6068}> (0x000000074a0e6068) thrown at [t:/workspace/open/src/hotspot/share/prims/jni.cpp, line 615]
Event: 159.867 Thread 0x0000019d796f7800 Exception <a 'java/io/FileNotFoundException'{0x000000074a0e69e8}> (0x000000074a0e69e8) thrown at [t:/workspace/open/src/hotspot/share/prims/jni.cpp, line 615]
Event: 164.887 Thread 0x0000019d796f7800 Exception <a 'java/io/FileNotFoundException'{0x0000000748f39de8}> (0x0000000748f39de8) thrown at [t:/workspace/open/src/hotspot/share/prims/jni.cpp, line 615]
Event: 164.887 Thread 0x0000019d796f7800 Exception <a 'java/io/FileNotFoundException'{0x0000000748f3acb8}> (0x0000000748f3acb8) thrown at [t:/workspace/open/src/hotspot/share/prims/jni.cpp, line 615]

Events (10 events):
Event: 164.814 Thread 0x0000019d796f7800 Uncommon trap: trap_request=0xffffff6e fr.pc=0x0000019d09579f34 relative=0x0000000000001974
Event: 164.814 Thread 0x0000019d796f7800 DEOPT PACKING pc=0x0000019d09579f34 sp=0x0000004f569fa520
Event: 164.814 Thread 0x0000019d796f7800 DEOPT UNPACKING pc=0x0000019d00ff91af sp=0x0000004f569fa4e0 mode 2
Event: 164.815 Thread 0x0000019d796f7800 Uncommon trap: trap_request=0xffffff6e fr.pc=0x0000019d09579f34 relative=0x0000000000001974
Event: 164.815 Thread 0x0000019d796f7800 DEOPT PACKING pc=0x0000019d09579f34 sp=0x0000004f569fa420
Event: 164.815 Thread 0x0000019d796f7800 DEOPT UNPACKING pc=0x0000019d00ff91af sp=0x0000004f569fa3e0 mode 2
Event: 164.838 Executing VM operation: BulkRevokeBias
Event: 164.839 Executing VM operation: BulkRevokeBias done
Event: 165.446 Thread 0x0000019d12c9c000 Thread added: 0x0000019d12c9c000
Event: 165.452 Thread 0x0000019d12c9c000 Thread exited: 0x0000019d12c9c000


Dynamic libraries:
0x00007ff697ea0000 - 0x00007ff697ecf000 	C:\Xilinx\Vivado\2020.2\bin\unwrapped\win64.o\vivado.exe
0x00007ffa28a70000 - 0x00007ffa28c87000 	C:\Windows\SYSTEM32\ntdll.dll
0x00007ffa28060000 - 0x00007ffa28124000 	C:\Windows\System32\KERNEL32.DLL
0x00007ffa26410000 - 0x00007ffa267b6000 	C:\Windows\System32\KERNELBASE.dll
0x00007ffa260c0000 - 0x00007ffa261d1000 	C:\Windows\System32\ucrtbase.dll
0x00007ff9caa00000 - 0x00007ff9caa8e000 	C:\Windows\SYSTEM32\MSVCP140.dll
0x00007ff9caa90000 - 0x00007ff9caaab000 	C:\Windows\SYSTEM32\VCRUNTIME140.dll
0x00007ff9ca970000 - 0x00007ff9ca983000 	C:\Xilinx\Vivado\2020.2\lib\win64.o\libboost_signals.dll
0x00007ff9c97f0000 - 0x00007ff9ca967000 	C:\Xilinx\Vivado\2020.2\lib\win64.o\librdi_common.dll
0x00007ff9ca990000 - 0x00007ff9ca9a8000 	C:\Xilinx\Vivado\2020.2\lib\win64.o\librdi_commonmain.dll
0x00007ffa287d0000 - 0x00007ffa2897e000 	C:\Windows\System32\USER32.dll
0x00007ff9ca9f0000 - 0x00007ff9ca9fc000 	C:\Windows\SYSTEM32\VCRUNTIME140_1.dll
0x00007ffa25de0000 - 0x00007ffa25e06000 	C:\Windows\System32\win32u.dll
0x00007ffa270c0000 - 0x00007ffa270e9000 	C:\Windows\System32\GDI32.dll
0x00007ffa25f20000 - 0x00007ffa26038000 	C:\Windows\System32\gdi32full.dll
0x00007ff9c9290000 - 0x00007ff9c95fe000 	C:\Xilinx\Vivado\2020.2\lib\win64.o\libCOIN-all.dll
0x00007ffa25e80000 - 0x00007ffa25f1a000 	C:\Windows\System32\msvcp_win.dll
0x00007ff9c9280000 - 0x00007ff9c9290000 	C:\Xilinx\Vivado\2020.2\lib\win64.o\libboost_date_time.dll
0x00007ff9c97b0000 - 0x00007ff9c97d2000 	C:\Xilinx\Vivado\2020.2\lib\win64.o\libboost_filesystem.dll
0x00007ffa27ce0000 - 0x00007ffa27d91000 	C:\Windows\System32\ADVAPI32.dll
0x00007ffa27c30000 - 0x00007ffa27cd7000 	C:\Windows\System32\msvcrt.dll
0x00007ffa26840000 - 0x00007ffa2709a000 	C:\Windows\System32\SHELL32.dll
0x00007ffa28980000 - 0x00007ffa28a25000 	C:\Windows\System32\sechost.dll
0x00007ffa27e30000 - 0x00007ffa27f47000 	C:\Windows\System32\RPCRT4.dll
0x00007ff9c9200000 - 0x00007ff9c9273000 	C:\Xilinx\Vivado\2020.2\lib\win64.o\libboost_program_options.dll
0x00007ffa28750000 - 0x00007ffa287c1000 	C:\Windows\System32\WS2_32.dll
0x00007ff9c90e0000 - 0x00007ff9c91f1000 	C:\Xilinx\Vivado\2020.2\lib\win64.o\libboost_regex.dll
0x00007ff9c9600000 - 0x00007ff9c9609000 	C:\Xilinx\Vivado\2020.2\lib\win64.o\libboost_system.dll
0x00007ff9c90b0000 - 0x00007ff9c90ce000 	C:\Xilinx\Vivado\2020.2\lib\win64.o\libboost_thread.dll
0x00007ff9c90d0000 - 0x00007ff9c90dc000 	C:\Xilinx\Vivado\2020.2\lib\win64.o\libboost_xilinx.dll
0x00007ff9c9020000 - 0x00007ff9c90a2000 	C:\Xilinx\Vivado\2020.2\lib\win64.o\libhdlpsolve.dll
0x00007ff9c8f70000 - 0x00007ff9c9015000 	C:\Xilinx\Vivado\2020.2\lib\win64.o\libhdxml.dll
0x00007ff9c8100000 - 0x00007ff9c8ef2600 	C:\Xilinx\Vivado\2020.2\lib\win64.o\libisl_iostreams.dll
0x00007ff9c80d0000 - 0x00007ff9c80f8000 	C:\Xilinx\Vivado\2020.2\lib\win64.o\libisl_sysinfo.dll
0x00007ff9c8f00000 - 0x00007ff9c8f65000 	C:\Xilinx\Vivado\2020.2\lib\win64.o\liblmx6.0.dll
0x00007ff9c97e0000 - 0x00007ff9c97e9000 	C:\Xilinx\Vivado\2020.2\lib\win64.o\librdi_commonversion.dll
0x00007ff9c80b0000 - 0x00007ff9c80ca000 	C:\Xilinx\Vivado\2020.2\lib\win64.o\pthreadVC2.dll
0x00007ff9c9610000 - 0x00007ff9c97a9000 	C:\Xilinx\Vivado\2020.2\lib\win64.o\librdi_commonxillic.dll
0x000000005d170000 - 0x000000005d29b000 	C:\Xilinx\Vivado\2020.2\lib\win64.o\tcl85t.dll
0x00007ff9c8090000 - 0x00007ff9c80ac000 	C:\Xilinx\Vivado\2020.2\lib\win64.o\librdiconfig.dll
0x00007ffa284c0000 - 0x00007ffa2851e000 	C:\Windows\System32\SHLWAPI.dll
0x0000000012000000 - 0x0000000012270000 	C:\Xilinx\Vivado\2020.2\lib\win64.o\xerces-c_3_1.dll
0x00007ff9c8060000 - 0x00007ff9c8081000 	C:\Xilinx\Vivado\2020.2\lib\win64.o\librdizlib.dll
0x00007ffa08760000 - 0x00007ffa08779000 	C:\Windows\SYSTEM32\NETAPI32.dll
0x00007ffa0b560000 - 0x00007ffa0ba54000 	C:\Windows\SYSTEM32\WININET.dll
0x00007ffa19fe0000 - 0x00007ffa1a117000 	C:\Windows\SYSTEM32\WINHTTP.dll
0x00007ffa047d0000 - 0x00007ffa049c0000 	C:\Windows\SYSTEM32\urlmon.dll
0x00007ffa008a0000 - 0x00007ffa008a9000 	C:\Windows\SYSTEM32\WSOCK32.dll
0x00007ff9c7d40000 - 0x00007ff9c7d71000 	C:\Windows\SYSTEM32\VCOMP140.DLL
0x00007ff9c5e20000 - 0x00007ff9c7d37000 	C:\Xilinx\Vivado\2020.2\lib\win64.o\gurobi90.dll
0x00007ffa25790000 - 0x00007ffa257b8000 	C:\Windows\SYSTEM32\bcrypt.dll
0x00007ffa262a0000 - 0x00007ffa26406000 	C:\Windows\System32\CRYPT32.dll
0x00007ffa267c0000 - 0x00007ffa26822000 	C:\Windows\System32\WLDAP32.dll
0x00007ffa27f50000 - 0x00007ffa27f58000 	C:\Windows\System32\Normaliz.dll
0x00007ff9c5e10000 - 0x00007ff9c5e1c000 	C:\Xilinx\Vivado\2020.2\lib\win64.o\libboost_chrono.dll
0x00007ff9c5de0000 - 0x00007ff9c5e03000 	C:\Xilinx\Vivado\2020.2\lib\win64.o\libisl_iosutils.dll
0x00007ff9c5dc0000 - 0x00007ff9c5dd6000 	C:\Xilinx\Vivado\2020.2\lib\win64.o\libboost_iostreams.dll
0x00007ffa0e4c0000 - 0x00007ffa0e77c000 	C:\Windows\SYSTEM32\iertutil.dll
0x00007ffa047a0000 - 0x00007ffa047c8000 	C:\Windows\SYSTEM32\srvcli.dll
0x00007ff9c7d80000 - 0x00007ff9c805b000 	C:\Xilinx\Vivado\2020.2\lib\win64.o\libXil_lmgr11.dll
0x00007ffa24810000 - 0x00007ffa2481c000 	C:\Windows\SYSTEM32\netutils.dll
0x00007ffa27b30000 - 0x00007ffa27c29000 	C:\Windows\System32\COMDLG32.dll
0x00007ffa28130000 - 0x00007ffa284b9000 	C:\Windows\System32\combase.dll
0x00007ffa27f60000 - 0x00007ffa28053000 	C:\Windows\System32\shcore.dll
0x00007ffa27a50000 - 0x00007ffa27b27000 	C:\Windows\System32\OLEAUT32.dll
0x00007ffa277c0000 - 0x00007ffa27960000 	C:\Windows\System32\ole32.dll
0x00007ff9fe1f0000 - 0x00007ff9fe2a3000 	C:\Windows\WinSxS\amd64_microsoft.windows.common-controls_6595b64144ccf1df_5.82.22621.2506_none_b43bab19638c9595\COMCTL32.dll
0x00007ffa25e10000 - 0x00007ffa25e7b000 	C:\Windows\System32\WINTRUST.dll
0x00007ffa19f00000 - 0x00007ffa19f1f000 	C:\Windows\SYSTEM32\dhcpcsvc.DLL
0x00007ffa25310000 - 0x00007ffa25379000 	C:\Windows\SYSTEM32\MSWSOCK.DLL
0x00007ffa27780000 - 0x00007ffa277b1000 	C:\Windows\System32\IMM32.DLL
0x00007ffa255e0000 - 0x00007ffa255f2000 	C:\Windows\SYSTEM32\MSASN1.dll
0x00007ffa24e90000 - 0x00007ffa24ea8000 	C:\Windows\SYSTEM32\kernel.appcore.dll
0x00007ff9c5890000 - 0x00007ff9c5db2000 	C:\Xilinx\Vivado\2020.2\lib\win64.o\librdi_commontasks.dll
0x00007ffa114b0000 - 0x00007ffa114ba000 	C:\Windows\SYSTEM32\VERSION.dll
0x00007ff9c4a80000 - 0x00007ff9c4d55000 	C:\Xilinx\Vivado\2020.2\lib\win64.o\librdi_sio.dll
0x00007ff9c4d60000 - 0x00007ff9c5883000 	C:\Xilinx\Vivado\2020.2\tps\win64\jre11.0.2\bin\server\jvm.dll
0x00007ffa24890000 - 0x00007ffa248bd000 	C:\Windows\SYSTEM32\IPHLPAPI.DLL
0x00007ffa28720000 - 0x00007ffa28728000 	C:\Windows\System32\PSAPI.DLL
0x00007ffa16610000 - 0x00007ffa16644000 	C:\Windows\SYSTEM32\WINMM.dll
0x00007ffa23cc0000 - 0x00007ffa245b6000 	C:\Windows\SYSTEM32\windows.storage.dll
0x00007ffa23b80000 - 0x00007ffa23cbe000 	C:\Windows\SYSTEM32\wintypes.dll
0x00007ff9c1fc0000 - 0x00007ff9c4a7e000 	C:\Xilinx\Vivado\2020.2\lib\win64.o\librdi_tcltasks.dll
0x00007ff9c1950000 - 0x00007ff9c1df6000 	C:\Xilinx\Vivado\2020.2\lib\win64.o\librdi_bitstream.dll
0x00007ff9c1e00000 - 0x00007ff9c1fb3000 	C:\Xilinx\Vivado\2020.2\lib\win64.o\librdi_board.dll
0x00007ff9c18d0000 - 0x00007ff9c194e000 	C:\Xilinx\Vivado\2020.2\lib\win64.o\librdi_boarddep.dll
0x00007ff9c16e0000 - 0x00007ff9c18ca000 	C:\Xilinx\Vivado\2020.2\lib\win64.o\librdi_chipscopeimpl.dll
0x00007ff9bf740000 - 0x00007ff9bf8a1000 	C:\Xilinx\Vivado\2020.2\lib\win64.o\librdi_containers.dll
0x00007ff9bf8b0000 - 0x00007ff9c16dc000 	C:\Xilinx\Vivado\2020.2\lib\win64.o\librdi_constraints.dll
0x00007ff9bcc60000 - 0x00007ff9bd378000 	C:\Xilinx\Vivado\2020.2\lib\win64.o\librdi_coregenipxact.dll
0x00007ff9bd380000 - 0x00007ff9bf73d000 	C:\Xilinx\Vivado\2020.2\lib\win64.o\librdi_coregen.dll
0x00007ff9baef0000 - 0x00007ff9bcc51000 	C:\Xilinx\Vivado\2020.2\lib\win64.o\librdi_designutils.dll
0x00007ff9a2910000 - 0x00007ff9baeef000 	C:\Xilinx\Vivado\2020.2\lib\win64.o\librdi_device.dll
0x00007ff9a25a0000 - 0x00007ff9a2908000 	C:\Xilinx\Vivado\2020.2\lib\win64.o\librdi_dlyest.dll
0x00007ff9a1f40000 - 0x00007ff9a259d000 	C:\Xilinx\Vivado\2020.2\lib\win64.o\librdi_drc.dll
0x00007ff9a1e80000 - 0x00007ff9a1f33000 	C:\Xilinx\Vivado\2020.2\lib\win64.o\librdi_dsp.dll
0x00007ff9a17b0000 - 0x00007ff9a1e72000 	C:\Xilinx\Vivado\2020.2\lib\win64.o\librdi_filemgmt.dll
0x00007ff9a1490000 - 0x00007ff9a17ad000 	C:\Xilinx\Vivado\2020.2\lib\win64.o\librdi_guitools.dll
0x00007ff9a1420000 - 0x00007ff9a148b000 	C:\Xilinx\Vivado\2020.2\lib\win64.o\librdi_hdf.dll
0x00007ff9a11a0000 - 0x00007ff9a1417000 	C:\Xilinx\Vivado\2020.2\lib\win64.o\librdi_hip_devdesign.dll
0x00007ff9a0f50000 - 0x00007ff9a1097000 	C:\Xilinx\Vivado\2020.2\lib\win64.o\librdi_hip_perf_analysis.dll
0x00007ff9a10a0000 - 0x00007ff9a1196000 	C:\Xilinx\Vivado\2020.2\lib\win64.o\librdi_chipscope.dll
0x00007ff9a0900000 - 0x00007ff9a0f4c000 	C:\Xilinx\Vivado\2020.2\lib\win64.o\librdi_memdata.dll
0x00007ff9a0880000 - 0x00007ff9a08f2000 	C:\Xilinx\Vivado\2020.2\lib\win64.o\librdi_memoryarray.dll
0x00007ff99c850000 - 0x00007ff99ec94000 	C:\Xilinx\Vivado\2020.2\lib\win64.o\librdi_mig.dll
0x00007ff99eca0000 - 0x00007ff9a0874000 	C:\Xilinx\Vivado\2020.2\lib\win64.o\librdi_implflow.dll
0x00007ff99c7f0000 - 0x00007ff99c844000 	C:\Xilinx\Vivado\2020.2\lib\win64.o\librdi_pfi.dll
0x00007ff99b8a0000 - 0x00007ff99c0b7000 	C:\Xilinx\Vivado\2020.2\lib\win64.o\librdi_power.dll
0x00007ff99c0c0000 - 0x00007ff99c7ec000 	C:\Xilinx\Vivado\2020.2\lib\win64.o\librdi_netlist.dll
0x00007ff99b500000 - 0x00007ff99b89e000 	C:\Xilinx\Vivado\2020.2\lib\win64.o\librdi_platform.dll
0x00007ff99a750000 - 0x00007ff99adc4000 	C:\Xilinx\Vivado\2020.2\lib\win64.o\librdi_project.dll
0x00007ff99add0000 - 0x00007ff99b4f2000 	C:\Xilinx\Vivado\2020.2\lib\win64.o\librdi_psta.dll
0x00007ff999f40000 - 0x00007ff99a74c000 	C:\Xilinx\Vivado\2020.2\lib\win64.o\librdi_rsb.dll
0x00007ff996470000 - 0x00007ff99699b000 	C:\Xilinx\Vivado\2020.2\lib\win64.o\librdi_runs.dll
0x00007ff996ab0000 - 0x00007ff996d24000 	C:\Xilinx\Vivado\2020.2\lib\win64.o\librdi_simdata.dll
0x00007ff9969a0000 - 0x00007ff996aa9000 	C:\Xilinx\Vivado\2020.2\lib\win64.o\librdi_runsbase.dll
0x00007ff996d30000 - 0x00007ff999f37000 	C:\Xilinx\Vivado\2020.2\lib\win64.o\librdi_place.dll
0x00007ff9962a0000 - 0x00007ff996347000 	C:\Xilinx\Vivado\2020.2\lib\win64.o\librdi_xhubtasks.dll
0x00007ff996160000 - 0x00007ff9961a7000 	C:\Xilinx\Vivado\2020.2\lib\win64.o\libboost_serialization.dll
0x00007ff996350000 - 0x00007ff996466000 	C:\Xilinx\Vivado\2020.2\lib\win64.o\librdi_xhub.dll
0x00007ff9961b0000 - 0x00007ff99629b000 	C:\Xilinx\Vivado\2020.2\lib\win64.o\librdi_ipconfig_readwrite.dll
0x00007ff9960a0000 - 0x00007ff99610a000 	C:\Xilinx\Vivado\2020.2\lib\win64.o\librdi_noc_frameworks.dll
0x00007ff995fd0000 - 0x00007ff996096000 	C:\Xilinx\Vivado\2020.2\lib\win64.o\librdi_bda.dll
0x00007ff996110000 - 0x00007ff996156000 	C:\Xilinx\Vivado\2020.2\lib\win64.o\libboost_graph.dll
0x00007ff992dd0000 - 0x00007ff993926000 	C:\Xilinx\Vivado\2020.2\lib\win64.o\libverific.dll
0x00007ff995860000 - 0x00007ff995fc7000 	C:\Xilinx\Vivado\2020.2\lib\win64.o\librdi_ippcw.dll
0x00007ff995010000 - 0x00007ff99555e000 	C:\Xilinx\Vivado\2020.2\lib\win64.o\librdi_xdm.dll
0x00007ff993ff0000 - 0x00007ff99407d000 	C:\Xilinx\Vivado\2020.2\lib\win64.o\treelite_runtime.dll

dbghelp: loaded successfully - version: 4.0.5 - missing functions: none
symbol engine: initialized successfully - sym options: 0x614 - pdb path: .;C:\Xilinx\Vivado\2020.2\bin\unwrapped\win64.o;C:\Windows\SYSTEM32;C:\Xilinx\Vivado\2020.2\lib\win64.o;C:\Windows\WinSxS\amd64_microsoft.windows.common-controls_6595b64144ccf1df_5.82.22621.2506_none_b43bab19638c9595;C:\Xilinx\Vivado\2020.2\tps\win64\jre11.0.2\bin\server;C:\Xilinx\Vivado\2020.2\tps\win64\python-3.8.3;C:\Xilinx\Vivado\2020.2\tps\win64\jre11.0.2\bin;C:\Windows\WinSxS\amd64_microsoft.windows.common-controls_6595b64144ccf1df_6.0.22621.2506_none_270c5ae97388e100

VM Arguments:
jvm_args: -Dsun.java2d.pmoffscreen=false -Dhttps.protocols=TLSv1,TLSv1.1,TLSv1.2 -Dsun.java2d.xrender=false -Dsun.java2d.d3d=false -Dsun.awt.nopixfmt=true -Dsun.java2d.dpiaware=true -Dsun.java2d.uiScale.enabled=false -Xverify:none -Dswing.aatext=true -XX:-UsePerfData -Djdk.map.althashing.threshold=512 -XX:StringTableSize=4072 --add-opens=java.base/java.nio=ALL-UNNAMED --add-opens=java.desktop/sun.swing=ALL-UNNAMED --add-opens=java.desktop/javax.swing=ALL-UNNAMED --add-opens=java.desktop/javax.swing.tree=ALL-UNNAMED --add-opens=java.desktop/javax.swing.plaf.basic=ALL-UNNAMED --add-opens=java.desktop/javax.swing.plaf.synth=ALL-UNNAMED --add-opens=java.desktop/com.sun.awt=ALL-UNNAMED -XX:NewSize=60m -XX:MaxNewSize=60m -Xms128m -Xmx3072m -Xss5m 
java_command: <unknown>
java_class_path (initial): C:/Xilinx/Vivado/2020.2\lib\classes\alloy.jar;C:/Xilinx/Vivado/2020.2\lib\classes\ArchiveSummary.jar;C:/Xilinx/Vivado/2020.2\lib\classes\autoesl-models.jar;C:/Xilinx/Vivado/2020.2\lib\classes\autopilot.scelaborator.jar;C:/Xilinx/Vivado/2020.2\lib\classes\autopilot.sourceprocessor.jar;C:/Xilinx/Vivado/2020.2\lib\classes\autopilot.tbprocessor.jar;C:/Xilinx/Vivado/2020.2\lib\classes\batik-anim.jar;C:/Xilinx/Vivado/2020.2\lib\classes\batik-awt-util.jar;C:/Xilinx/Vivado/2020.2\lib\classes\batik-bridge.jar;C:/Xilinx/Vivado/2020.2\lib\classes\batik-codec.jar;C:/Xilinx/Vivado/2020.2\lib\classes\batik-css.jar;C:/Xilinx/Vivado/2020.2\lib\classes\batik-dom.jar;C:/Xilinx/Vivado/2020.2\lib\classes\batik-ext.jar;C:/Xilinx/Vivado/2020.2\lib\classes\batik-gui-util.jar;C:/Xilinx/Vivado/2020.2\lib\classes\batik-gvt.jar;C:/Xilinx/Vivado/2020.2\lib\classes\batik-parser.jar;C:/Xilinx/Vivado/2020.2\lib\classes\batik-script.jar;C:/Xilinx/Vivado/2020.2\lib\classes\batik-svg-dom.jar;C:/Xilinx/Vivado/2020.2\lib\classes\batik-swing.jar;C:/Xilinx/Vivado/2020.2\lib\classes\batik-transcoder.jar;C:/Xilinx/Vivado/2020.2\lib\classes\batik-util.jar;C:/Xilinx/Vivado/2020.2\lib\classes\batik-xml.jar;C:/Xilinx/Vivado/2020.2\lib\classes\com.google.gson_2.8.2.v20180104-1110.jar;C:/Xilinx/Vivado/2020.2\lib\classes\com.google.guava_27.1.0.v20190517-1946.jar;C:/Xilinx/Vivado/2020.2\lib\classes\com.ibm.icu_4.4.2.v20110208.jar;C:/Xilinx/Vivado/2020.2\lib\classes\com.sigasi.hdt.connection_4.9.0.202009050929.jar;C:/Xilinx/Vivado/2020.2\lib\classes\com.sigasi.hdt.epl_4.9.0.202009050929.jar;C:/Xilinx/Vivado/2020.2\lib\classes\com.sigasi.hdt.project_4.9.0.202009050929.jar;C:/Xilinx/Vivado/2020.2\lib\classes\com.sigasi.hdt.readonlyfilesystem_4.9.0.202009050929.jar;C:/Xilinx/Vivado/2020.2\lib\classes\com.sigasi.lcm_4.9.0.202009050929.jar;C:/Xilinx/Vivado/2020.2\lib\classes\com.sigasi.sdk.client_4.9.0.202009050929.jar;C:/Xilinx/Vivado/2020.2\lib\classes\com.xilinx.hls.services.jar;C:/Xili
Launcher Type: generic

[Global flags]
     bool BytecodeVerificationLocal                = false                                     {product} {command line}
     bool BytecodeVerificationRemote               = false                                     {product} {command line}
     intx CICompilerCount                          = 4                                         {product} {ergonomic}
     uint ConcGCThreads                            = 2                                         {product} {ergonomic}
     uint G1ConcRefinementThreads                  = 8                                         {product} {ergonomic}
   size_t G1HeapRegionSize                         = 1048576                                   {product} {ergonomic}
    uintx GCDrainStackTargetSize                   = 64                                        {product} {ergonomic}
   size_t InitialHeapSize                          = 134217728                                 {product} {command line}
   size_t MarkStackSize                            = 4194304                                   {product} {ergonomic}
   size_t MaxHeapSize                              = 3221225472                                {product} {command line}
   size_t MaxNewSize                               = 62914560                                  {product} {command line}
   size_t MinHeapDeltaBytes                        = 1048576                                   {product} {ergonomic}
   size_t NewSize                                  = 62914560                                  {product} {command line}
    uintx NonNMethodCodeHeapSize                   = 5835340                                {pd product} {ergonomic}
    uintx NonProfiledCodeHeapSize                  = 122911450                              {pd product} {ergonomic}
    uintx ProfiledCodeHeapSize                     = 122911450                              {pd product} {ergonomic}
    uintx ReservedCodeCacheSize                    = 251658240                              {pd product} {ergonomic}
     bool SegmentedCodeCache                       = true                                      {product} {ergonomic}
    uintx StringTableSize                          = 4072                                      {product} {command line}
     intx ThreadStackSize                          = 5120                                   {pd product} {command line}
     bool UseCompressedClassPointers               = true                                 {lp64_product} {ergonomic}
     bool UseCompressedOops                        = true                                 {lp64_product} {ergonomic}
     bool UseG1GC                                  = true                                      {product} {ergonomic}
     bool UseLargePagesIndividualAllocation        = false                                  {pd product} {ergonomic}
     bool UsePerfData                              = false                                     {product} {command line}

Logging:
Log output configuration:
 #0: stdout all=warning uptime,level,tags
 #1: stderr all=off uptime,level,tags

Environment Variables:
PATH=C:/Xilinx/Vivado/2020.2\gnuwin\bin;C:/Xilinx/Vivado/2020.2\gnu\microblaze\nt\bin;C:/Xilinx/Vivado/2020.2/bin;C:/Xilinx/Vivado/2020.2/tps/win64/javafx-sdk-11.0.2/lib;C:/Xilinx/Vivado/2020.2/tps/win64/javafx-sdk-11.0.2/bin;C:/Xilinx/Vivado/2020.2/lib/win64.o;C:/Xilinx/Vivado/2020.2/tps/win64/jre11.0.2/bin/server;C:/Xilinx/Vivado/2020.2/tps/win64/jre11.0.2/bin;C:/Xilinx/Vivado/2020.2/ids_lite/ISE/bin/nt64;C:/Xilinx/Vivado/2020.2/ids_lite/ISE/lib/nt64;C:/Xilinx/Vitis_HLS/2020.2/bin;C:\Windows\system32;C:\Windows;C:\Windows\System32\Wbem;C:\Windows\System32\WindowsPowerShell\v1.0\;C:\Windows\System32\OpenSSH\;C:\Program Files\Git\cmd;C:\mingw64\bin;C:\Program Files (x86)\Vim\vim90;C:\Program Files\dotnet\;C:\Program Files (x86)\GnuWin32\bin;C:\Program Files\MATLAB\R2023a\bin;C:\msys64\ucrt64\bin;C:\Users\rlatk\AppData\Local\Microsoft\WindowsApps;C:\Users\rlatk\AppData\Local\Programs\Microsoft VS Code\bin;;C:/Xilinx/Vivado/2020.2\tps\mingw\6.2.0\win64.o\nt\bin;C:/Xilinx/Vivado/2020.2\tps\mingw\6.2.0\win64.o\nt\libexec\gcc\x86_64-w64-mingw32\6.2.0;C:/Xilinx/Vivado/2020.2\tps\win64\python-3.8.3;C:/Xilinx/Vivado/2020.2\tps\win64\python-3.8.3\bin;C:/Xilinx/Vivado/2020.2\tps\win64\python-3.8.3\lib;C:/Xilinx/Vivado/2020.2\tps\win64\python-3.8.3\lib\site-packages
USERNAME=Kim San
OS=Windows_NT
PROCESSOR_IDENTIFIER=Intel64 Family 6 Model 142 Stepping 12, GenuineIntel



---------------  S Y S T E M  ---------------

OS: Windows 10 , 64 bit Build 22621 (10.0.22621.2506)

CPU:total 8 (initial active 8) (4 cores per cpu, 2 threads per core) family 6 model 142 stepping 12, cmov, cx8, fxsr, mmx, sse, sse2, sse3, ssse3, sse4.1, sse4.2, popcnt, avx, avx2, aes, clmul, erms, 3dnowpref, lzcnt, ht, tsc, tscinvbit, bmi1, bmi2, adx, fma

Memory: 4k page, system-wide physical 16138M (9126M free)
TotalPageFile size 17162M (AvailPageFile size 9811M)
current process WorkingSet (physical memory assigned to process): 983M, peak: 1060M
current process commit charge ("private bytes"): 1020M, peak: 1091M

vm_info: OpenJDK 64-Bit Server VM (11.0.2+9) for windows-amd64 JRE (11.0.2+9), built on Jan 18 2019 05:23:22 by "mach5one" with MS VC++ 15.5 (VS2017)

END.
