#
# A fatal error has been detected by the Java Runtime Environment:
#
#  EXCEPTION_ACCESS_VIOLATION (0xc0000005) at pc=0x00007ffe58819670, pid=13448, tid=17636
#
# JRE version: OpenJDK Runtime Environment (11.0.2+9) (build 11.0.2+9)
# Java VM: OpenJDK 64-Bit Server VM (11.0.2+9, mixed mode, tiered, compressed oops, g1 gc, windows-amd64)
# Problematic frame:
# C  0x00007ffe58819670
#
# No core dump will be written. Minidumps are not enabled by default on client versions of Windows
#
# If you would like to submit a bug report, please visit:
#   http://bugreport.java.com/bugreport/crash.jsp
# The crash happened outside the Java Virtual Machine in native code.
# See problematic frame for where to report the bug.
#

---------------  S U M M A R Y ------------

Command Line: -Dsun.java2d.pmoffscreen=false -Dhttps.protocols=TLSv1,TLSv1.1,TLSv1.2 -Dsun.java2d.xrender=false -Dsun.java2d.d3d=false -Dsun.awt.nopixfmt=true -Dsun.java2d.dpiaware=true -Dsun.java2d.uiScale.enabled=false -Xverify:none -Dswing.aatext=true -XX:-UsePerfData -Djdk.map.althashing.threshold=512 -XX:StringTableSize=4072 --add-opens=java.base/java.nio=ALL-UNNAMED --add-opens=java.desktop/sun.swing=ALL-UNNAMED --add-opens=java.desktop/javax.swing=ALL-UNNAMED --add-opens=java.desktop/javax.swing.tree=ALL-UNNAMED --add-opens=java.desktop/javax.swing.plaf.basic=ALL-UNNAMED --add-opens=java.desktop/javax.swing.plaf.synth=ALL-UNNAMED --add-opens=java.desktop/com.sun.awt=ALL-UNNAMED -XX:NewSize=60m -XX:MaxNewSize=60m -Xms128m -Xmx3072m -Xss5m 

Host: AMD Ryzen 5 5600X 6-Core Processor             , 12 cores, 15G,  Windows 10 , 64 bit Build 22621 (10.0.22621.2506)
Time: Sat Nov 25 20:52:51 2023 대한민국 표준시 elapsed time: 29029 seconds (0d 8h 3m 49s)

---------------  T H R E A D  ---------------

Current thread (0x0000021edeb62000):  JavaThread "AWT-EventQueue-0" [_thread_in_native, id=17636, stack(0x000000ba4b400000,0x000000ba4b900000)]

Stack: [0x000000ba4b400000,0x000000ba4b900000],  sp=0x000000ba4b8f35e8,  free space=5069k
Native frames: (J=compiled Java code, j=interpreted, Vv=VM code, C=native code)
C  0x00007ffe58819670

Java frames: (J=compiled Java code, j=interpreted, Vv=VM code)
J 20892  ui.views.waveform.waveformi.WVExecutive_getGraphicsDataSize(J)J (0 bytes) @ 0x0000021ed75b7491 [0x0000021ed75b7440+0x0000000000000051]
J 20891 c1 ui.views.waveform.executive.a.klK()Ljava/io/ByteArrayInputStream; (93 bytes) @ 0x0000021ed0e4b62c [0x0000021ed0e4b540+0x00000000000000ec]
J 20890 c1 ui.views.waveform.b.a.klh()V (144 bytes) @ 0x0000021ed10c1134 [0x0000021ed10c10a0+0x0000000000000094]
J 19576 c1 ui.views.waveform.w.aH(ZZ)V (48 bytes) @ 0x0000021ecfd6cee4 [0x0000021ecfd6c9e0+0x0000000000000504]
J 18682 c1 ui.views.waveform.c.b.j(Lui/frmwork/a/l;)V (605 bytes) @ 0x0000021ed1f5455c [0x0000021ed1f4ba80+0x0000000000008adc]
J 18681 c1 ui.views.waveform.w.handleTclEvent(Lui/frmwork/a/l;)V (17 bytes) @ 0x0000021ed0acf83c [0x0000021ed0acf760+0x00000000000000dc]
J 14159 c1 ui.frmwork.a.o.c(Lui/frmwork/a/l;)V (61 bytes) @ 0x0000021ed139350c [0x0000021ed1392b60+0x00000000000009ac]
J 22301 c2 ui.frmwork.E.i(JZ)V (471 bytes) @ 0x0000021ed8215924 [0x0000021ed8214320+0x0000000000001604]
J 14148 c1 ui.frmwork.E.fireTclEvent(J)I (113 bytes) @ 0x0000021ed149ff94 [0x0000021ed149f7c0+0x00000000000007d4]
v  ~StubRoutines::call_stub
j  ui.views.waveform.waveformi.WVExecutive_processModelEvent(JJ)V+0
j  ui.views.waveform.executive.a.gb(J)V+5
j  ui.views.waveform.c.b.ga(J)V+8
J 18682 c1 ui.views.waveform.c.b.j(Lui/frmwork/a/l;)V (605 bytes) @ 0x0000021ed1f552f4 [0x0000021ed1f4ba80+0x0000000000009874]
J 18681 c1 ui.views.waveform.w.handleTclEvent(Lui/frmwork/a/l;)V (17 bytes) @ 0x0000021ed0acf83c [0x0000021ed0acf760+0x00000000000000dc]
J 14159 c1 ui.frmwork.a.o.c(Lui/frmwork/a/l;)V (61 bytes) @ 0x0000021ed139350c [0x0000021ed1392b60+0x00000000000009ac]
J 22301 c2 ui.frmwork.E.i(JZ)V (471 bytes) @ 0x0000021ed8215924 [0x0000021ed8214320+0x0000000000001604]
J 14148 c1 ui.frmwork.E.fireTclEvent(J)I (113 bytes) @ 0x0000021ed149ff94 [0x0000021ed149f7c0+0x00000000000007d4]
v  ~StubRoutines::call_stub
j  ui.views.waveform.waveformi.WVExecutive_processModelEvent(JJ)V+0
j  ui.views.waveform.executive.a.gb(J)V+5
j  ui.views.waveform.c.b.ga(J)V+8
j  ui.views.waveform.c.e.actionPerformed(Ljava/awt/event/ActionEvent;)V+8
J 13340 c2 javax.swing.Timer.fireActionPerformed(Ljava/awt/event/ActionEvent;)V java.desktop@11.0.2 (46 bytes) @ 0x0000021ed73f7854 [0x0000021ed73f7740+0x0000000000000114]
J 19879 c2 javax.swing.Timer$DoPostEvent.run()V java.desktop@11.0.2 (82 bytes) @ 0x0000021ed70f7224 [0x0000021ed70f6f40+0x00000000000002e4]
J 13029 c2 java.awt.event.InvocationEvent.dispatch()V java.desktop@11.0.2 (69 bytes) @ 0x0000021ed7331d1c [0x0000021ed7331cc0+0x000000000000005c]
J 13019 c2 java.awt.EventQueue$4.run()Ljava/lang/Object; java.desktop@11.0.2 (5 bytes) @ 0x0000021ed6f8851c [0x0000021ed6f88460+0x00000000000000bc]
v  ~StubRoutines::call_stub
J 4181  java.security.AccessController.doPrivileged(Ljava/security/PrivilegedAction;Ljava/security/AccessControlContext;)Ljava/lang/Object; java.base@11.0.2 (0 bytes) @ 0x0000021ed7062bb6 [0x0000021ed7062b40+0x0000000000000076]
J 20981 c2 java.awt.EventQueue.dispatchEvent(Ljava/awt/AWTEvent;)V java.desktop@11.0.2 (80 bytes) @ 0x0000021ed7a02fe4 [0x0000021ed7a02a40+0x00000000000005a4]
J 22031 c2 java.awt.EventDispatchThread.pumpOneEventForFilters(I)V java.desktop@11.0.2 (113 bytes) @ 0x0000021ed81c69e0 [0x0000021ed81c6560+0x0000000000000480]
J 20530 c2 java.awt.EventDispatchThread.pumpEventsForFilter(ILjava/awt/Conditional;Ljava/awt/EventFilter;)V java.desktop@11.0.2 (47 bytes) @ 0x0000021ed7cde4a0 [0x0000021ed7cde2e0+0x00000000000001c0]
j  java.awt.EventDispatchThread.pumpEventsForFilter(Ljava/awt/Conditional;Ljava/awt/EventFilter;)V+4 java.desktop@11.0.2
j  java.awt.WaitDispatchSupport$2.run()V+59 java.desktop@11.0.2
j  java.awt.WaitDispatchSupport$4.run()Ljava/lang/Void;+4 java.desktop@11.0.2
j  java.awt.WaitDispatchSupport$4.run()Ljava/lang/Object;+1 java.desktop@11.0.2
v  ~StubRoutines::call_stub
J 956  java.security.AccessController.doPrivileged(Ljava/security/PrivilegedAction;)Ljava/lang/Object; java.base@11.0.2 (0 bytes) @ 0x0000021ed6e775a2 [0x0000021ed6e77540+0x0000000000000062]
j  java.awt.WaitDispatchSupport.enter()Z+260 java.desktop@11.0.2
j  java.awt.Dialog.show()V+224 java.desktop@11.0.2
J 6777 c1 java.awt.Component.setVisible(Z)V java.desktop@11.0.2 (6 bytes) @ 0x0000021ed076c7e4 [0x0000021ed076c5e0+0x0000000000000204]
j  java.awt.Window.setVisible(Z)V+2 java.desktop@11.0.2
j  java.awt.Dialog.setVisible(Z)V+2 java.desktop@11.0.2
j  ui.dlg.c.g.setVisible(Z)V+2
j  ui.dlg.c.bz.bIi()V+64
j  ui.dlg.c.bI.actionPerformed(Ljava/awt/event/ActionEvent;)V+8
j  ui.dlg.c.bz.fud()V+388
j  ui.views.c.t.b.a.run()V+60
j  ui.frmwork.cmd.a.hsT()Z+66
j  ui.frmwork.cmd.d.htb()V+42
j  ui.bm.actionPerformed(Ljava/awt/event/ActionEvent;)V+25
j  javax.swing.AbstractButton.fireActionPerformed(Ljava/awt/event/ActionEvent;)V+83 java.desktop@11.0.2
j  ui.utils.swing.b.E.fireActionPerformed(Ljava/awt/event/ActionEvent;)V+7
j  javax.swing.AbstractButton$Handler.actionPerformed(Ljava/awt/event/ActionEvent;)V+5 java.desktop@11.0.2
j  javax.swing.DefaultButtonModel.fireActionPerformed(Ljava/awt/event/ActionEvent;)V+34 java.desktop@11.0.2
j  javax.swing.DefaultButtonModel.setPressed(Z)V+117 java.desktop@11.0.2
j  javax.swing.plaf.basic.BasicButtonListener.mouseReleased(Ljava/awt/event/MouseEvent;)V+35 java.desktop@11.0.2
j  com.jidesoft.plaf.basic.BasicJideButtonListener.mouseReleased(Ljava/awt/event/MouseEvent;)V+61
J 19691 c1 java.awt.AWTEventMulticaster.mouseReleased(Ljava/awt/event/MouseEvent;)V java.desktop@11.0.2 (27 bytes) @ 0x0000021ecfd81c2c [0x0000021ecfd81a00+0x000000000000022c]
J 19691 c1 java.awt.AWTEventMulticaster.mouseReleased(Ljava/awt/event/MouseEvent;)V java.desktop@11.0.2 (27 bytes) @ 0x0000021ecfd81c2c [0x0000021ecfd81a00+0x000000000000022c]
J 19691 c1 java.awt.AWTEventMulticaster.mouseReleased(Ljava/awt/event/MouseEvent;)V java.desktop@11.0.2 (27 bytes) @ 0x0000021ecfd81c2c [0x0000021ecfd81a00+0x000000000000022c]
J 19691 c1 java.awt.AWTEventMulticaster.mouseReleased(Ljava/awt/event/MouseEvent;)V java.desktop@11.0.2 (27 bytes) @ 0x0000021ecfd81c2c [0x0000021ecfd81a00+0x000000000000022c]
J 15572 c1 java.awt.Component.processMouseEvent(Ljava/awt/event/MouseEvent;)V java.desktop@11.0.2 (100 bytes) @ 0x0000021ed17bb93c [0x0000021ed17bb4c0+0x000000000000047c]
J 15574 c1 javax.swing.JComponent.processMouseEvent(Ljava/awt/event/MouseEvent;)V java.desktop@11.0.2 (27 bytes) @ 0x0000021ed17bc6f4 [0x0000021ed17bc4e0+0x0000000000000214]
J 17902 c2 java.awt.Container.processEvent(Ljava/awt/AWTEvent;)V java.desktop@11.0.2 (22 bytes) @ 0x0000021ed7e3463c [0x0000021ed7e343c0+0x000000000000027c]
J 22122 c2 java.awt.Component.dispatchEventImpl(Ljava/awt/AWTEvent;)V java.desktop@11.0.2 (777 bytes) @ 0x0000021ed81e90ac [0x0000021ed81e8880+0x000000000000082c]
J 22073 c2 java.awt.Container.dispatchEventImpl(Ljava/awt/AWTEvent;)V java.desktop@11.0.2 (129 bytes) @ 0x0000021ed81db5f4 [0x0000021ed81db4a0+0x0000000000000154]
J 21990 c2 java.awt.LightweightDispatcher.retargetMouseEvent(Ljava/awt/Component;ILjava/awt/event/MouseEvent;)V java.desktop@11.0.2 (372 bytes) @ 0x0000021ed81b5f14 [0x0000021ed81b59a0+0x0000000000000574]
J 19499 c2 java.awt.LightweightDispatcher.processMouseEvent(Ljava/awt/event/MouseEvent;)Z java.desktop@11.0.2 (265 bytes) @ 0x0000021ed80bd6b4 [0x0000021ed80bcf20+0x0000000000000794]
J 22073 c2 java.awt.Container.dispatchEventImpl(Ljava/awt/AWTEvent;)V java.desktop@11.0.2 (129 bytes) @ 0x0000021ed81db790 [0x0000021ed81db4a0+0x00000000000002f0]
J 16425 c2 java.awt.Window.dispatchEventImpl(Ljava/awt/AWTEvent;)V java.desktop@11.0.2 (23 bytes) @ 0x0000021ed7bad20c [0x0000021ed7bad1c0+0x000000000000004c]
J 13019 c2 java.awt.EventQueue$4.run()Ljava/lang/Object; java.desktop@11.0.2 (5 bytes) @ 0x0000021ed6f885a8 [0x0000021ed6f88460+0x0000000000000148]
v  ~StubRoutines::call_stub
J 4181  java.security.AccessController.doPrivileged(Ljava/security/PrivilegedAction;Ljava/security/AccessControlContext;)Ljava/lang/Object; java.base@11.0.2 (0 bytes) @ 0x0000021ed7062bb6 [0x0000021ed7062b40+0x0000000000000076]
J 14310 c2 java.awt.EventQueue$5.run()Ljava/lang/Object; java.desktop@11.0.2 (5 bytes) @ 0x0000021ed75f88bc [0x0000021ed75f8660+0x000000000000025c]
v  ~StubRoutines::call_stub
J 4181  java.security.AccessController.doPrivileged(Ljava/security/PrivilegedAction;Ljava/security/AccessControlContext;)Ljava/lang/Object; java.base@11.0.2 (0 bytes) @ 0x0000021ed7062bb6 [0x0000021ed7062b40+0x0000000000000076]
J 20981 c2 java.awt.EventQueue.dispatchEvent(Ljava/awt/AWTEvent;)V java.desktop@11.0.2 (80 bytes) @ 0x0000021ed7a02dec [0x0000021ed7a02a40+0x00000000000003ac]
J 22031 c2 java.awt.EventDispatchThread.pumpOneEventForFilters(I)V java.desktop@11.0.2 (113 bytes) @ 0x0000021ed81c69e0 [0x0000021ed81c6560+0x0000000000000480]
J 20297% c2 java.awt.EventDispatchThread.pumpEventsForFilter(ILjava/awt/Conditional;Ljava/awt/EventFilter;)V java.desktop@11.0.2 (47 bytes) @ 0x0000021ed7b42778 [0x0000021ed7b42660+0x0000000000000118]
j  java.awt.EventDispatchThread.pumpEventsForHierarchy(ILjava/awt/Conditional;Ljava/awt/Component;)V+11 java.desktop@11.0.2
j  java.awt.EventDispatchThread.pumpEvents(ILjava/awt/Conditional;)V+4 java.desktop@11.0.2
j  java.awt.EventDispatchThread.pumpEvents(Ljava/awt/Conditional;)V+3 java.desktop@11.0.2
j  java.awt.EventDispatchThread.run()V+9 java.desktop@11.0.2
v  ~StubRoutines::call_stub

siginfo: EXCEPTION_ACCESS_VIOLATION (0xc0000005), data execution prevention violation at address 0x00007ffe58819670


Register to memory mapping:

RIP=0x00007ffe58819670 points into unknown readable memory: 01 00 00 00 00 00 00 00
RAX=0x00007ffe587c0720 points into unknown readable memory: 00 88 42 58 fe 7f 00 00
RBX=0x0000000000000001 is an unknown value
RCX=0x0000021efef3f490 points into unknown readable memory: 20 07 7c 58 fe 7f 00 00
RDX=0x0000021ee23064e0 points into unknown readable memory: 00 5c 7d 58 fe 7f 00 00
RSP=0x000000ba4b8f35e8 is pointing into the stack for thread: 0x0000021edeb62000
RBP=0x000000ba4b8f37e0 is pointing into the stack for thread: 0x0000021edeb62000
RSI=0x0000021ef14f3120 points into unknown readable memory: 30 07 7c 58 fe 7f 00 00
RDI=0x0000021efef3f490 points into unknown readable memory: 20 07 7c 58 fe 7f 00 00
R8 =0x000000ba4b8f37d0 is pointing into the stack for thread: 0x0000021edeb62000
R9 =0x000000ba4b8f3810 is pointing into the stack for thread: 0x0000021edeb62000
R10=0x00007ffeec800000 VCRUNTIME140.dll
R11=0x279a43c201520838 is an unknown value
R12=0x000000ba4b8f37d0 is pointing into the stack for thread: 0x0000021edeb62000
R13=0x000000ba4b8f3810 is pointing into the stack for thread: 0x0000021edeb62000
R14=0x000000ba4b8f38e8 is pointing into the stack for thread: 0x0000021edeb62000
R15=0x0000021ee23064e0 points into unknown readable memory: 00 5c 7d 58 fe 7f 00 00


Registers:
RAX=0x00007ffe587c0720, RBX=0x0000000000000001, RCX=0x0000021efef3f490, RDX=0x0000021ee23064e0
RSP=0x000000ba4b8f35e8, RBP=0x000000ba4b8f37e0, RSI=0x0000021ef14f3120, RDI=0x0000021efef3f490
R8 =0x000000ba4b8f37d0, R9 =0x000000ba4b8f3810, R10=0x00007ffeec800000, R11=0x279a43c201520838
R12=0x000000ba4b8f37d0, R13=0x000000ba4b8f3810, R14=0x000000ba4b8f38e8, R15=0x0000021ee23064e0
RIP=0x00007ffe58819670, EFLAGS=0x0000000000010202

Top of Stack: (sp=0x000000ba4b8f35e8)
0x000000ba4b8f35e8:   00007ffe584f0855 0000021ecc6327a8
0x000000ba4b8f35f8:   000000ba4b8f01a8 0000021ecc632770
0x000000ba4b8f3608:   00007ffefa12d1aa fffffffffffffffe
0x000000ba4b8f3618:   0000000000000010 0000021ee52d6c60
0x000000ba4b8f3628:   0000021ecc632790 0000021ee5a1e3e8
0x000000ba4b8f3638:   0000021ee8f64b58 0000021e00000000
0x000000ba4b8f3648:   0000021eaeacf600 0000021ee8f31920
0x000000ba4b8f3658:   000000000000000e 0000021eaeac02a4
0x000000ba4b8f3668:   0000000000000010 0000021eaeac0d80
0x000000ba4b8f3678:   000000bafd37d3b0 00003d40688ce752
0x000000ba4b8f3688:   0000000000000008 0000000000000000
0x000000ba4b8f3698:   0000000000000000 000000ba4b8f38e8
0x000000ba4b8f36a8:   0000021ef9703ac8 0000021efef3f490
0x000000ba4b8f36b8:   0000021ee23064e0 0000021ef14f3120
0x000000ba4b8f36c8:   000000ba4b8f37e0 0000000000000001
0x000000ba4b8f36d8:   00007ffe584e83a6 0000000000000008 

Instructions: (pc=0x00007ffe58819670)
0x00007ffe58819650:   00 00 00 00 ff ff ff ff 00 00 00 00 40 00 00 00
0x00007ffe58819660:   20 96 43 00 00 00 00 00 00 00 00 00 00 00 00 00
0x00007ffe58819670:   01 00 00 00 00 00 00 00 00 00 00 00 a0 19 57 00
0x00007ffe58819680:   98 96 43 00 70 96 43 00 00 00 00 00 00 00 00 00 


Stack slot to memory mapping:
stack at sp + 0 slots: 0x00007ffe584f0855 points into unknown readable memory: 8b f0 83
stack at sp + 1 slots: 0x0000021ecc6327a8 points into unknown readable memory: 07 00 00 00 08 00 00 00
stack at sp + 2 slots: 0x000000ba4b8f01a8 is pointing into the stack for thread: 0x0000021edeb62000
stack at sp + 3 slots: 0x0000021ecc632770 points into unknown readable memory: 28 5e e4 d7 1e 02 00 00
stack at sp + 4 slots: 0x00007ffefa12d1aa ntdll.dll
stack at sp + 5 slots: 0xfffffffffffffffe is an unknown value
stack at sp + 6 slots: 0x0000000000000010 is an unknown value
stack at sp + 7 slots: 0x0000021ee52d6c60 points into unknown readable memory: 00 f6 ac ae 1e 02 00 00


---------------  P R O C E S S  ---------------

Threads class SMR info:
_java_thread_list=0x0000021ee049b1f0, length=32, elements={
0x0000021ece677000, 0x0000021eb66c4800, 0x0000021eb4f26000, 0x0000021ebbe3a800,
0x0000021ebbe3b800, 0x0000021eee906800, 0x0000021eee904800, 0x0000021eee9a6800,
0x0000021eb7a2a000, 0x0000021eb81dc800, 0x0000021ecc781800, 0x0000021ecc782800,
0x0000021ecc8e7800, 0x0000021ecc96b800, 0x0000021edeb62000, 0x0000021ecd02f800,
0x0000021ede3df800, 0x0000021edea66800, 0x0000021eee90a000, 0x0000021eee907800,
0x0000021eee909000, 0x0000021eee90b000, 0x0000021ee3bf5000, 0x0000021ee3bf6800,
0x0000021ee3bf3000, 0x0000021ee3bfe800, 0x0000021ee3bff800, 0x0000021ee3bfb800,
0x0000021ee3bfe000, 0x0000021ee3bfd000, 0x0000021ee3bf7000, 0x0000021ee3bf8000
}

Java Threads: ( => current thread )
  0x0000021ece677000 JavaThread "main" [_thread_blocked, id=5700, stack(0x000000ba46c00000,0x000000ba46d00000)]
  0x0000021eb66c4800 JavaThread "Reference Handler" daemon [_thread_blocked, id=21476, stack(0x000000ba47300000,0x000000ba47800000)]
  0x0000021eb4f26000 JavaThread "Finalizer" daemon [_thread_blocked, id=1140, stack(0x000000ba47800000,0x000000ba47d00000)]
  0x0000021ebbe3a800 JavaThread "Signal Dispatcher" daemon [_thread_blocked, id=20040, stack(0x000000ba47d00000,0x000000ba48200000)]
  0x0000021ebbe3b800 JavaThread "Attach Listener" daemon [_thread_blocked, id=16520, stack(0x000000ba48200000,0x000000ba48700000)]
  0x0000021eee906800 JavaThread "C2 CompilerThread0" daemon [_thread_blocked, id=10312, stack(0x000000ba48700000,0x000000ba48800000)]
  0x0000021eee904800 JavaThread "C1 CompilerThread0" daemon [_thread_blocked, id=14272, stack(0x000000ba48800000,0x000000ba48900000)]
  0x0000021eee9a6800 JavaThread "Sweeper thread" daemon [_thread_blocked, id=9928, stack(0x000000ba48900000,0x000000ba48e00000)]
  0x0000021eb7a2a000 JavaThread "Common-Cleaner" daemon [_thread_blocked, id=14416, stack(0x000000ba48f00000,0x000000ba49400000)]
  0x0000021eb81dc800 JavaThread "Service Thread" daemon [_thread_blocked, id=5584, stack(0x000000ba49400000,0x000000ba49900000)]
  0x0000021ecc781800 JavaThread "Java2D Disposer" daemon [_thread_blocked, id=18772, stack(0x000000ba49a00000,0x000000ba49f00000)]
  0x0000021ecc782800 JavaThread "AWT-Shutdown" [_thread_blocked, id=9908, stack(0x000000ba49f00000,0x000000ba4a400000)]
  0x0000021ecc8e7800 JavaThread "AWT-Windows" daemon [_thread_in_native, id=14136, stack(0x000000ba4a400000,0x000000ba4a900000)]
  0x0000021ecc96b800 JavaThread "TimerQueue" daemon [_thread_blocked, id=1936, stack(0x000000ba4a900000,0x000000ba4ae00000)]
=>0x0000021edeb62000 JavaThread "AWT-EventQueue-0" [_thread_in_native, id=17636, stack(0x000000ba4b400000,0x000000ba4b900000)]
  0x0000021ecd02f800 JavaThread "Thread-1" [_thread_in_native, id=1632, stack(0x000000ba45600000,0x000000ba46a00000)]
  0x0000021ede3df800 JavaThread "Process Messages Thread" [_thread_blocked, id=796, stack(0x000000ba4be00000,0x000000ba4c300000)]
  0x0000021edea66800 JavaThread "Batik CleanerThread" daemon [_thread_blocked, id=22396, stack(0x000000ba4cd00000,0x000000ba4d200000)]
  0x0000021eee90a000 JavaThread "SyntheticaCleanerThread" daemon [_thread_blocked, id=23024, stack(0x000000ba4d700000,0x000000ba4dc00000)]
  0x0000021eee907800 JavaThread "Monitor HEventQueue Thread" [_thread_blocked, id=22828, stack(0x000000ba4dd00000,0x000000ba4e200000)]
  0x0000021eee909000 JavaThread "SyntheticaAnimation 50" daemon [_thread_blocked, id=23348, stack(0x000000ba4e200000,0x000000ba4e700000)]
  0x0000021eee90b000 JavaThread "SyntheticaAnimation 25" daemon [_thread_blocked, id=9888, stack(0x000000ba4e700000,0x000000ba4ec00000)]
  0x0000021ee3bf5000 JavaThread "SyntheticaAnimation 70" daemon [_thread_blocked, id=9400, stack(0x000000ba4f100000,0x000000ba4f600000)]
  0x0000021ee3bf6800 JavaThread "Refresh Filesets Swing Worker Thread" [_thread_blocked, id=14364, stack(0x000000ba4f600000,0x000000ba4fb00000)]
  0x0000021ee3bf3000 JavaThread "hw_ila_monitor" [_thread_blocked, id=21992, stack(0x000000ba4fb00000,0x000000ba50000000)]
  0x0000021ee3bfe800 JavaThread "pool-1-thread-1" [_thread_blocked, id=21684, stack(0x000000ba50500000,0x000000ba50a00000)]
  0x0000021ee3bff800 JavaThread "pool-2-thread-1" [_thread_blocked, id=21464, stack(0x000000ba50a00000,0x000000ba50f00000)]
  0x0000021ee3bfb800 JavaThread "pool-3-thread-1" [_thread_blocked, id=19128, stack(0x000000ba50f00000,0x000000ba51400000)]
  0x0000021ee3bfe000 JavaThread "Update Runs Swing Worker Thread" [_thread_blocked, id=10460, stack(0x000000ba51400000,0x000000ba51900000)]
  0x0000021ee3bfd000 JavaThread "SyntheticaAnimation 50" daemon [_thread_blocked, id=14780, stack(0x000000ba4ae00000,0x000000ba4b300000)]
  0x0000021ee3bf7000 JavaThread "SyntheticaAnimation 50" daemon [_thread_blocked, id=18812, stack(0x000000ba4d200000,0x000000ba4d700000)]
  0x0000021ee3bf8000 JavaThread "Relaunch Simulation Thread" [_thread_blocked, id=12760, stack(0x000000ba4ec00000,0x000000ba4f100000)]

Other Threads:
  0x0000021eb66c3800 VMThread "VM Thread" [stack: 0x000000ba47200000,0x000000ba47300000] [id=22136]
  0x0000021eb2672000 WatcherThread [stack: 0x000000ba49900000,0x000000ba49a00000] [id=16064]
  0x0000021ebb560800 GCTaskThread "GC Thread#0" [stack: 0x000000ba46d00000,0x000000ba46e00000] [id=13708]
  0x0000021ede488000 GCTaskThread "GC Thread#1" [stack: 0x000000ba4c300000,0x000000ba4c400000] [id=7692]
  0x0000021edf958800 GCTaskThread "GC Thread#2" [stack: 0x000000ba4c400000,0x000000ba4c500000] [id=20848]
  0x0000021ecc72a000 GCTaskThread "GC Thread#3" [stack: 0x000000ba4c500000,0x000000ba4c600000] [id=912]
  0x0000021edf113800 GCTaskThread "GC Thread#4" [stack: 0x000000ba4c600000,0x000000ba4c700000] [id=11568]
  0x0000021ede524000 GCTaskThread "GC Thread#5" [stack: 0x000000ba4c700000,0x000000ba4c800000] [id=5824]
  0x0000021edebea000 GCTaskThread "GC Thread#6" [stack: 0x000000ba4c800000,0x000000ba4c900000] [id=22688]
  0x0000021edf1c0800 GCTaskThread "GC Thread#7" [stack: 0x000000ba4c900000,0x000000ba4ca00000] [id=8672]
  0x0000021edf0a3000 GCTaskThread "GC Thread#8" [stack: 0x000000ba4ca00000,0x000000ba4cb00000] [id=18740]
  0x0000021edefbd000 GCTaskThread "GC Thread#9" [stack: 0x000000ba4cb00000,0x000000ba4cc00000] [id=20724]
  0x0000021eea14e000 ConcurrentGCThread "G1 Main Marker" [stack: 0x000000ba46e00000,0x000000ba46f00000] [id=15892]
  0x0000021ebbd02000 ConcurrentGCThread "G1 Conc#0" [stack: 0x000000ba46f00000,0x000000ba47000000] [id=20192]
  0x0000021edf957800 ConcurrentGCThread "G1 Conc#1" [stack: 0x000000ba4b900000,0x000000ba4ba00000] [id=8644]
  0x0000021eccfaf800 ConcurrentGCThread "G1 Conc#2" [stack: 0x000000ba4ba00000,0x000000ba4bb00000] [id=22340]
  0x0000021eec0ee800 ConcurrentGCThread "G1 Refine#0" [stack: 0x000000ba47000000,0x000000ba47100000] [id=12824]
  0x0000021edec38800 ConcurrentGCThread "G1 Refine#1" [stack: 0x000000ba4cc00000,0x000000ba4cd00000] [id=9504]
  0x0000021ee00f8000 ConcurrentGCThread "G1 Refine#2" [stack: 0x000000ba4bb00000,0x000000ba4bc00000] [id=20996]
  0x0000021eb4f3b000 ConcurrentGCThread "G1 Young RemSet Sampling" [stack: 0x000000ba47100000,0x000000ba47200000] [id=17144]

Threads with active compile tasks:

VM state:not at safepoint (normal execution)

VM Mutex/Monitor currently owned by a thread: None

Heap address: 0x0000000740000000, size: 3072 MB, Compressed Oops mode: Zero based, Oop shift amount: 3
Narrow klass base: 0x0000000800000000, Narrow klass shift: 0
Compressed class space size: 1073741824 Address: 0x0000000800000000

Heap:
 garbage-first heap   total 249856K, used 119246K [0x0000000740000000, 0x0000000800000000)
  region size 1024K, 49 young (50176K), 1 survivors (1024K)
 Metaspace       used 91108K, capacity 92132K, committed 97232K, reserved 1132544K
  class space    used 12009K, capacity 12436K, committed 14208K, reserved 1048576K
Heap Regions: E=young(eden), S=young(survivor), O=old, HS=humongous(starts), HC=humongous(continues), CS=collection set, F=free, A=archive, TAMS=top-at-mark-start (previous, next)
|   0|0x0000000740000000, 0x0000000740100000, 0x0000000740100000|100%|HS|  |TAMS 0x0000000740100000, 0x0000000740000000| Complete 
|   1|0x0000000740100000, 0x0000000740200000, 0x0000000740200000|100%|HC|  |TAMS 0x0000000740200000, 0x0000000740100000| Complete 
|   2|0x0000000740200000, 0x0000000740300000, 0x0000000740300000|100%|HS|  |TAMS 0x0000000740300000, 0x0000000740200000| Complete 
|   3|0x0000000740300000, 0x00000007403ffff0, 0x0000000740400000| 99%| O|  |TAMS 0x00000007403ffff0, 0x0000000740300000| Untracked 
|   4|0x0000000740400000, 0x00000007404ffff0, 0x0000000740500000| 99%| O|  |TAMS 0x00000007404ffff0, 0x0000000740400000| Untracked 
|   5|0x0000000740500000, 0x0000000740600000, 0x0000000740600000|100%| O|  |TAMS 0x0000000740600000, 0x0000000740500000| Untracked 
|   6|0x0000000740600000, 0x00000007406ffff0, 0x0000000740700000| 99%| O|  |TAMS 0x00000007406ffff0, 0x0000000740600000| Untracked 
|   7|0x0000000740700000, 0x0000000740800000, 0x0000000740800000|100%| O|  |TAMS 0x0000000740800000, 0x0000000740700000| Untracked 
|   8|0x0000000740800000, 0x00000007408ffff0, 0x0000000740900000| 99%| O|  |TAMS 0x00000007408ffff0, 0x0000000740800000| Untracked 
|   9|0x0000000740900000, 0x00000007409ffff0, 0x0000000740a00000| 99%| O|  |TAMS 0x00000007409ffff0, 0x0000000740900000| Untracked 
|  10|0x0000000740a00000, 0x0000000740b00000, 0x0000000740b00000|100%| O|  |TAMS 0x0000000740b00000, 0x0000000740a00000| Untracked 
|  11|0x0000000740b00000, 0x0000000740bffff0, 0x0000000740c00000| 99%| O|  |TAMS 0x0000000740bffff0, 0x0000000740b00000| Untracked 
|  12|0x0000000740c00000, 0x0000000740d00000, 0x0000000740d00000|100%| O|  |TAMS 0x0000000740d00000, 0x0000000740c00000| Untracked 
|  13|0x0000000740d00000, 0x0000000740dfffa8, 0x0000000740e00000| 99%| O|  |TAMS 0x0000000740dfffa8, 0x0000000740d00000| Untracked 
|  14|0x0000000740e00000, 0x0000000740f00000, 0x0000000740f00000|100%| O|  |TAMS 0x0000000740f00000, 0x0000000740e00000| Untracked 
|  15|0x0000000740f00000, 0x0000000740fffff0, 0x0000000741000000| 99%| O|  |TAMS 0x0000000740fffff0, 0x0000000740f00000| Untracked 
|  16|0x0000000741000000, 0x0000000741100000, 0x0000000741100000|100%| O|  |TAMS 0x0000000741100000, 0x0000000741000000| Untracked 
|  17|0x0000000741100000, 0x0000000741200000, 0x0000000741200000|100%| O|  |TAMS 0x0000000741200000, 0x0000000741100000| Untracked 
|  18|0x0000000741200000, 0x00000007412ffff8, 0x0000000741300000| 99%| O|  |TAMS 0x00000007412ffff8, 0x0000000741200000| Untracked 
|  19|0x0000000741300000, 0x00000007413ffff0, 0x0000000741400000| 99%| O|  |TAMS 0x00000007413ffff0, 0x0000000741300000| Untracked 
|  20|0x0000000741400000, 0x00000007414ffff0, 0x0000000741500000| 99%| O|  |TAMS 0x00000007414ffff0, 0x0000000741400000| Untracked 
|  21|0x0000000741500000, 0x00000007415fffe8, 0x0000000741600000| 99%| O|  |TAMS 0x00000007415fffe8, 0x0000000741500000| Untracked 
|  22|0x0000000741600000, 0x0000000741700000, 0x0000000741700000|100%| O|  |TAMS 0x0000000741700000, 0x0000000741600000| Untracked 
|  23|0x0000000741700000, 0x00000007417ffff0, 0x0000000741800000| 99%| O|  |TAMS 0x00000007417ffff0, 0x0000000741700000| Untracked 
|  24|0x0000000741800000, 0x00000007418fffb8, 0x0000000741900000| 99%| O|  |TAMS 0x00000007418fffb8, 0x0000000741800000| Untracked 
|  25|0x0000000741900000, 0x00000007419fffc8, 0x0000000741a00000| 99%| O|  |TAMS 0x00000007419fffc8, 0x0000000741900000| Untracked 
|  26|0x0000000741a00000, 0x0000000741afff70, 0x0000000741b00000| 99%| O|  |TAMS 0x0000000741afff70, 0x0000000741a00000| Untracked 
|  27|0x0000000741b00000, 0x0000000741bffff0, 0x0000000741c00000| 99%| O|  |TAMS 0x0000000741bffff0, 0x0000000741b00000| Untracked 
|  28|0x0000000741c00000, 0x0000000741cffff8, 0x0000000741d00000| 99%| O|  |TAMS 0x0000000741cffff8, 0x0000000741c00000| Untracked 
|  29|0x0000000741d00000, 0x0000000741e00000, 0x0000000741e00000|100%| O|  |TAMS 0x0000000741e00000, 0x0000000741d00000| Untracked 
|  30|0x0000000741e00000, 0x0000000741f00000, 0x0000000741f00000|100%| O|  |TAMS 0x0000000741f00000, 0x0000000741e00000| Untracked 
|  31|0x0000000741f00000, 0x0000000741fffff8, 0x0000000742000000| 99%| O|  |TAMS 0x0000000741fffff8, 0x0000000741f00000| Untracked 
|  32|0x0000000742000000, 0x00000007420ffff8, 0x0000000742100000| 99%| O|  |TAMS 0x00000007420ffff8, 0x0000000742000000| Untracked 
|  33|0x0000000742100000, 0x0000000742200000, 0x0000000742200000|100%| O|  |TAMS 0x0000000742200000, 0x0000000742100000| Untracked 
|  34|0x0000000742200000, 0x00000007422ffff8, 0x0000000742300000| 99%| O|  |TAMS 0x00000007422ffff8, 0x0000000742200000| Untracked 
|  35|0x0000000742300000, 0x0000000742400000, 0x0000000742400000|100%| O|  |TAMS 0x0000000742400000, 0x0000000742300000| Untracked 
|  36|0x0000000742400000, 0x0000000742500000, 0x0000000742500000|100%| O|  |TAMS 0x0000000742500000, 0x0000000742400000| Untracked 
|  37|0x0000000742500000, 0x00000007425ffff0, 0x0000000742600000| 99%| O|  |TAMS 0x00000007425ffff0, 0x0000000742500000| Untracked 
|  38|0x0000000742600000, 0x0000000742700000, 0x0000000742700000|100%| O|  |TAMS 0x0000000742700000, 0x0000000742600000| Untracked 
|  39|0x0000000742700000, 0x00000007427fffe8, 0x0000000742800000| 99%| O|  |TAMS 0x00000007427fffe8, 0x0000000742700000| Untracked 
|  40|0x0000000742800000, 0x0000000742900000, 0x0000000742900000|100%| O|  |TAMS 0x0000000742900000, 0x0000000742800000| Untracked 
|  41|0x0000000742900000, 0x0000000742a00000, 0x0000000742a00000|100%|HS|  |TAMS 0x0000000742a00000, 0x0000000742900000| Complete 
|  42|0x0000000742a00000, 0x0000000742b00000, 0x0000000742b00000|100%|HC|  |TAMS 0x0000000742b00000, 0x0000000742a00000| Complete 
|  43|0x0000000742b00000, 0x0000000742c00000, 0x0000000742c00000|100%|HC|  |TAMS 0x0000000742c00000, 0x0000000742b00000| Complete 
|  44|0x0000000742c00000, 0x0000000742d00000, 0x0000000742d00000|100%|HC|  |TAMS 0x0000000742d00000, 0x0000000742c00000| Complete 
|  45|0x0000000742d00000, 0x0000000742e00000, 0x0000000742e00000|100%|HC|  |TAMS 0x0000000742e00000, 0x0000000742d00000| Complete 
|  46|0x0000000742e00000, 0x0000000742f00000, 0x0000000742f00000|100%| O|  |TAMS 0x0000000742f00000, 0x0000000742e00000| Untracked 
|  47|0x0000000742f00000, 0x0000000743000000, 0x0000000743000000|100%| O|  |TAMS 0x0000000743000000, 0x0000000742f00000| Untracked 
|  48|0x0000000743000000, 0x00000007430ffff0, 0x0000000743100000| 99%| O|  |TAMS 0x00000007430ffff0, 0x0000000743000000| Untracked 
|  49|0x0000000743100000, 0x00000007431ffff0, 0x0000000743200000| 99%| O|  |TAMS 0x00000007431ffff0, 0x0000000743100000| Untracked 
|  50|0x0000000743200000, 0x00000007432ffff8, 0x0000000743300000| 99%| O|  |TAMS 0x00000007432ffff8, 0x0000000743200000| Untracked 
|  51|0x0000000743300000, 0x00000007433ffff8, 0x0000000743400000| 99%| O|  |TAMS 0x00000007433ffff8, 0x0000000743300000| Untracked 
|  52|0x0000000743400000, 0x0000000743500000, 0x0000000743500000|100%| O|  |TAMS 0x0000000743500000, 0x0000000743400000| Untracked 
|  53|0x0000000743500000, 0x00000007435ffff0, 0x0000000743600000| 99%| O|  |TAMS 0x00000007435ffff0, 0x0000000743500000| Untracked 
|  54|0x0000000743600000, 0x0000000743700000, 0x0000000743700000|100%| O|  |TAMS 0x0000000743700000, 0x0000000743600000| Untracked 
|  55|0x0000000743700000, 0x0000000743800000, 0x0000000743800000|100%| O|  |TAMS 0x0000000743800000, 0x0000000743700000| Untracked 
|  56|0x0000000743800000, 0x00000007438ffff8, 0x0000000743900000| 99%| O|  |TAMS 0x00000007438ffff8, 0x0000000743800000| Untracked 
|  57|0x0000000743900000, 0x0000000743a00000, 0x0000000743a00000|100%| O|  |TAMS 0x0000000743a00000, 0x0000000743900000| Untracked 
|  58|0x0000000743a00000, 0x0000000743b00000, 0x0000000743b00000|100%| O|  |TAMS 0x0000000743b00000, 0x0000000743a00000| Untracked 
|  59|0x0000000743b00000, 0x0000000743c00000, 0x0000000743c00000|100%| O|  |TAMS 0x0000000743c00000, 0x0000000743b00000| Untracked 
|  60|0x0000000743c00000, 0x0000000743d00000, 0x0000000743d00000|100%| O|  |TAMS 0x0000000743d00000, 0x0000000743c00000| Untracked 
|  61|0x0000000743d00000, 0x0000000743dfff78, 0x0000000743e00000| 99%| O|  |TAMS 0x0000000743dfff78, 0x0000000743d00000| Untracked 
|  62|0x0000000743e00000, 0x0000000743f00000, 0x0000000743f00000|100%| O|  |TAMS 0x0000000743f00000, 0x0000000743e00000| Untracked 
|  63|0x0000000743f00000, 0x0000000743ff2a70, 0x0000000744000000| 94%| O|  |TAMS 0x0000000743ff2a70, 0x0000000743f00000| Untracked 
|  64|0x0000000744000000, 0x00000007440fffe8, 0x0000000744100000| 99%| O|  |TAMS 0x00000007440fffe8, 0x0000000744000000| Untracked 
|  65|0x0000000744100000, 0x00000007441fffd8, 0x0000000744200000| 99%| O|  |TAMS 0x00000007441fffd8, 0x0000000744100000| Untracked 
|  66|0x0000000744200000, 0x0000000744298e98, 0x0000000744300000| 59%| O|  |TAMS 0x0000000744298e98, 0x0000000744200000| Untracked 
|  67|0x0000000744300000, 0x00000007443b2e48, 0x0000000744400000| 69%| O|  |TAMS 0x00000007443b2e48, 0x0000000744300000| Untracked 
|  68|0x0000000744400000, 0x0000000744453740, 0x0000000744500000| 32%| O|  |TAMS 0x0000000744453740, 0x0000000744400000| Untracked 
|  69|0x0000000744500000, 0x0000000744600000, 0x0000000744600000|100%|HS|  |TAMS 0x0000000744600000, 0x0000000744500000| Complete 
|  70|0x0000000744600000, 0x0000000744600000, 0x0000000744700000|  0%| F|  |TAMS 0x0000000744600000, 0x0000000744600000| Untracked 
|  71|0x0000000744700000, 0x0000000744706a30, 0x0000000744800000|  2%| O|  |TAMS 0x0000000744706a30, 0x0000000744700000| Untracked 
|  72|0x0000000744800000, 0x0000000744800000, 0x0000000744900000|  0%| F|  |TAMS 0x0000000744800000, 0x0000000744800000| Untracked 
|  73|0x0000000744900000, 0x0000000744900000, 0x0000000744a00000|  0%| F|  |TAMS 0x0000000744900000, 0x0000000744900000| Untracked 
|  74|0x0000000744a00000, 0x0000000744a00000, 0x0000000744b00000|  0%| F|  |TAMS 0x0000000744a00000, 0x0000000744a00000| Untracked 
|  75|0x0000000744b00000, 0x0000000744b00000, 0x0000000744c00000|  0%| F|  |TAMS 0x0000000744b00000, 0x0000000744b00000| Untracked 
|  76|0x0000000744c00000, 0x0000000744c00000, 0x0000000744d00000|  0%| F|  |TAMS 0x0000000744c00000, 0x0000000744c00000| Untracked 
|  77|0x0000000744d00000, 0x0000000744d00000, 0x0000000744e00000|  0%| F|  |TAMS 0x0000000744d00000, 0x0000000744d00000| Untracked 
|  78|0x0000000744e00000, 0x0000000744e00000, 0x0000000744f00000|  0%| F|  |TAMS 0x0000000744e00000, 0x0000000744e00000| Untracked 
|  79|0x0000000744f00000, 0x0000000744f00000, 0x0000000745000000|  0%| F|  |TAMS 0x0000000744f00000, 0x0000000744f00000| Untracked 
|  80|0x0000000745000000, 0x0000000745000000, 0x0000000745100000|  0%| F|  |TAMS 0x0000000745000000, 0x0000000745000000| Untracked 
|  81|0x0000000745100000, 0x0000000745100000, 0x0000000745200000|  0%| F|  |TAMS 0x0000000745100000, 0x0000000745100000| Untracked 
|  82|0x0000000745200000, 0x0000000745200000, 0x0000000745300000|  0%| F|  |TAMS 0x0000000745200000, 0x0000000745200000| Untracked 
|  83|0x0000000745300000, 0x0000000745300000, 0x0000000745400000|  0%| F|  |TAMS 0x0000000745300000, 0x0000000745300000| Untracked 
|  84|0x0000000745400000, 0x0000000745400000, 0x0000000745500000|  0%| F|  |TAMS 0x0000000745400000, 0x0000000745400000| Untracked 
|  85|0x0000000745500000, 0x0000000745500000, 0x0000000745600000|  0%| F|  |TAMS 0x0000000745500000, 0x0000000745500000| Untracked 
|  86|0x0000000745600000, 0x0000000745600000, 0x0000000745700000|  0%| F|  |TAMS 0x0000000745600000, 0x0000000745600000| Untracked 
|  87|0x0000000745700000, 0x0000000745700000, 0x0000000745800000|  0%| F|  |TAMS 0x0000000745700000, 0x0000000745700000| Untracked 
|  88|0x0000000745800000, 0x0000000745800000, 0x0000000745900000|  0%| F|  |TAMS 0x0000000745800000, 0x0000000745800000| Untracked 
|  89|0x0000000745900000, 0x0000000745900000, 0x0000000745a00000|  0%| F|  |TAMS 0x0000000745900000, 0x0000000745900000| Untracked 
|  90|0x0000000745a00000, 0x0000000745a00000, 0x0000000745b00000|  0%| F|  |TAMS 0x0000000745a00000, 0x0000000745a00000| Untracked 
|  91|0x0000000745b00000, 0x0000000745b00000, 0x0000000745c00000|  0%| F|  |TAMS 0x0000000745b00000, 0x0000000745b00000| Untracked 
|  92|0x0000000745c00000, 0x0000000745c00000, 0x0000000745d00000|  0%| F|  |TAMS 0x0000000745c00000, 0x0000000745c00000| Untracked 
|  93|0x0000000745d00000, 0x0000000745d00000, 0x0000000745e00000|  0%| F|  |TAMS 0x0000000745d00000, 0x0000000745d00000| Untracked 
|  94|0x0000000745e00000, 0x0000000745e00000, 0x0000000745f00000|  0%| F|  |TAMS 0x0000000745e00000, 0x0000000745e00000| Untracked 
|  95|0x0000000745f00000, 0x0000000745f00000, 0x0000000746000000|  0%| F|  |TAMS 0x0000000745f00000, 0x0000000745f00000| Untracked 
|  96|0x0000000746000000, 0x0000000746000000, 0x0000000746100000|  0%| F|  |TAMS 0x0000000746000000, 0x0000000746000000| Untracked 
|  97|0x0000000746100000, 0x0000000746100000, 0x0000000746200000|  0%| F|  |TAMS 0x0000000746100000, 0x0000000746100000| Untracked 
|  98|0x0000000746200000, 0x0000000746200000, 0x0000000746300000|  0%| F|  |TAMS 0x0000000746200000, 0x0000000746200000| Untracked 
|  99|0x0000000746300000, 0x0000000746300000, 0x0000000746400000|  0%| F|  |TAMS 0x0000000746300000, 0x0000000746300000| Untracked 
| 100|0x0000000746400000, 0x0000000746400000, 0x0000000746500000|  0%| F|  |TAMS 0x0000000746400000, 0x0000000746400000| Untracked 
| 101|0x0000000746500000, 0x0000000746500000, 0x0000000746600000|  0%| F|  |TAMS 0x0000000746500000, 0x0000000746500000| Untracked 
| 102|0x0000000746600000, 0x0000000746600000, 0x0000000746700000|  0%| F|  |TAMS 0x0000000746600000, 0x0000000746600000| Untracked 
| 103|0x0000000746700000, 0x0000000746700000, 0x0000000746800000|  0%| F|  |TAMS 0x0000000746700000, 0x0000000746700000| Untracked 
| 104|0x0000000746800000, 0x0000000746800000, 0x0000000746900000|  0%| F|  |TAMS 0x0000000746800000, 0x0000000746800000| Untracked 
| 105|0x0000000746900000, 0x0000000746900000, 0x0000000746a00000|  0%| F|  |TAMS 0x0000000746900000, 0x0000000746900000| Untracked 
| 106|0x0000000746a00000, 0x0000000746a00000, 0x0000000746b00000|  0%| F|  |TAMS 0x0000000746a00000, 0x0000000746a00000| Untracked 
| 107|0x0000000746b00000, 0x0000000746b00000, 0x0000000746c00000|  0%| F|  |TAMS 0x0000000746b00000, 0x0000000746b00000| Untracked 
| 108|0x0000000746c00000, 0x0000000746c00000, 0x0000000746d00000|  0%| F|  |TAMS 0x0000000746c00000, 0x0000000746c00000| Untracked 
| 109|0x0000000746d00000, 0x0000000746d00000, 0x0000000746e00000|  0%| F|  |TAMS 0x0000000746d00000, 0x0000000746d00000| Untracked 
| 110|0x0000000746e00000, 0x0000000746e00000, 0x0000000746f00000|  0%| F|  |TAMS 0x0000000746e00000, 0x0000000746e00000| Untracked 
| 111|0x0000000746f00000, 0x0000000746f00000, 0x0000000747000000|  0%| F|  |TAMS 0x0000000746f00000, 0x0000000746f00000| Untracked 
| 112|0x0000000747000000, 0x0000000747000000, 0x0000000747100000|  0%| F|  |TAMS 0x0000000747000000, 0x0000000747000000| Untracked 
| 113|0x0000000747100000, 0x0000000747100000, 0x0000000747200000|  0%| F|  |TAMS 0x0000000747100000, 0x0000000747100000| Untracked 
| 114|0x0000000747200000, 0x0000000747200000, 0x0000000747300000|  0%| F|  |TAMS 0x0000000747200000, 0x0000000747200000| Untracked 
| 115|0x0000000747300000, 0x0000000747300000, 0x0000000747400000|  0%| F|  |TAMS 0x0000000747300000, 0x0000000747300000| Untracked 
| 116|0x0000000747400000, 0x0000000747400000, 0x0000000747500000|  0%| F|  |TAMS 0x0000000747400000, 0x0000000747400000| Untracked 
| 117|0x0000000747500000, 0x0000000747500000, 0x0000000747600000|  0%| F|  |TAMS 0x0000000747500000, 0x0000000747500000| Untracked 
| 118|0x0000000747600000, 0x0000000747600000, 0x0000000747700000|  0%| F|  |TAMS 0x0000000747600000, 0x0000000747600000| Untracked 
| 119|0x0000000747700000, 0x0000000747700000, 0x0000000747800000|  0%| F|  |TAMS 0x0000000747700000, 0x0000000747700000| Untracked 
| 120|0x0000000747800000, 0x0000000747800000, 0x0000000747900000|  0%| F|  |TAMS 0x0000000747800000, 0x0000000747800000| Untracked 
| 121|0x0000000747900000, 0x0000000747900000, 0x0000000747a00000|  0%| F|  |TAMS 0x0000000747900000, 0x0000000747900000| Untracked 
| 122|0x0000000747a00000, 0x0000000747a00000, 0x0000000747b00000|  0%| F|  |TAMS 0x0000000747a00000, 0x0000000747a00000| Untracked 
| 123|0x0000000747b00000, 0x0000000747b00000, 0x0000000747c00000|  0%| F|  |TAMS 0x0000000747b00000, 0x0000000747b00000| Untracked 
| 124|0x0000000747c00000, 0x0000000747c00000, 0x0000000747d00000|  0%| F|  |TAMS 0x0000000747c00000, 0x0000000747c00000| Untracked 
| 125|0x0000000747d00000, 0x0000000747d00000, 0x0000000747e00000|  0%| F|  |TAMS 0x0000000747d00000, 0x0000000747d00000| Untracked 
| 126|0x0000000747e00000, 0x0000000747e00000, 0x0000000747f00000|  0%| F|  |TAMS 0x0000000747e00000, 0x0000000747e00000| Untracked 
| 127|0x0000000747f00000, 0x0000000747f00000, 0x0000000748000000|  0%| F|  |TAMS 0x0000000747f00000, 0x0000000747f00000| Untracked 
| 128|0x0000000748000000, 0x0000000748000000, 0x0000000748100000|  0%| F|  |TAMS 0x0000000748000000, 0x0000000748000000| Untracked 
| 129|0x0000000748100000, 0x0000000748100000, 0x0000000748200000|  0%| F|  |TAMS 0x0000000748100000, 0x0000000748100000| Untracked 
| 130|0x0000000748200000, 0x0000000748200000, 0x0000000748300000|  0%| F|  |TAMS 0x0000000748200000, 0x0000000748200000| Untracked 
| 131|0x0000000748300000, 0x0000000748300000, 0x0000000748400000|  0%| F|  |TAMS 0x0000000748300000, 0x0000000748300000| Untracked 
| 132|0x0000000748400000, 0x0000000748400000, 0x0000000748500000|  0%| F|  |TAMS 0x0000000748400000, 0x0000000748400000| Untracked 
| 133|0x0000000748500000, 0x0000000748500000, 0x0000000748600000|  0%| F|  |TAMS 0x0000000748500000, 0x0000000748500000| Untracked 
| 134|0x0000000748600000, 0x0000000748600000, 0x0000000748700000|  0%| F|  |TAMS 0x0000000748600000, 0x0000000748600000| Untracked 
| 135|0x0000000748700000, 0x0000000748700000, 0x0000000748800000|  0%| F|  |TAMS 0x0000000748700000, 0x0000000748700000| Untracked 
| 136|0x0000000748800000, 0x0000000748800000, 0x0000000748900000|  0%| F|  |TAMS 0x0000000748800000, 0x0000000748800000| Untracked 
| 137|0x0000000748900000, 0x0000000748900000, 0x0000000748a00000|  0%| F|  |TAMS 0x0000000748900000, 0x0000000748900000| Untracked 
| 138|0x0000000748a00000, 0x0000000748a00000, 0x0000000748b00000|  0%| F|  |TAMS 0x0000000748a00000, 0x0000000748a00000| Untracked 
| 139|0x0000000748b00000, 0x0000000748b00000, 0x0000000748c00000|  0%| F|  |TAMS 0x0000000748b00000, 0x0000000748b00000| Untracked 
| 140|0x0000000748c00000, 0x0000000748c00000, 0x0000000748d00000|  0%| F|  |TAMS 0x0000000748c00000, 0x0000000748c00000| Untracked 
| 141|0x0000000748d00000, 0x0000000748d00000, 0x0000000748e00000|  0%| F|  |TAMS 0x0000000748d00000, 0x0000000748d00000| Untracked 
| 142|0x0000000748e00000, 0x0000000748e00000, 0x0000000748f00000|  0%| F|  |TAMS 0x0000000748e00000, 0x0000000748e00000| Untracked 
| 143|0x0000000748f00000, 0x0000000748f00000, 0x0000000749000000|  0%| F|  |TAMS 0x0000000748f00000, 0x0000000748f00000| Untracked 
| 144|0x0000000749000000, 0x0000000749000000, 0x0000000749100000|  0%| F|  |TAMS 0x0000000749000000, 0x0000000749000000| Untracked 
| 145|0x0000000749100000, 0x0000000749100000, 0x0000000749200000|  0%| F|  |TAMS 0x0000000749100000, 0x0000000749100000| Untracked 
| 146|0x0000000749200000, 0x0000000749200000, 0x0000000749300000|  0%| F|  |TAMS 0x0000000749200000, 0x0000000749200000| Untracked 
| 147|0x0000000749300000, 0x0000000749300000, 0x0000000749400000|  0%| F|  |TAMS 0x0000000749300000, 0x0000000749300000| Untracked 
| 148|0x0000000749400000, 0x0000000749400000, 0x0000000749500000|  0%| F|  |TAMS 0x0000000749400000, 0x0000000749400000| Untracked 
| 149|0x0000000749500000, 0x0000000749500000, 0x0000000749600000|  0%| F|  |TAMS 0x0000000749500000, 0x0000000749500000| Untracked 
| 150|0x0000000749600000, 0x0000000749600000, 0x0000000749700000|  0%| F|  |TAMS 0x0000000749600000, 0x0000000749600000| Untracked 
| 151|0x0000000749700000, 0x0000000749700000, 0x0000000749800000|  0%| F|  |TAMS 0x0000000749700000, 0x0000000749700000| Untracked 
| 152|0x0000000749800000, 0x0000000749800000, 0x0000000749900000|  0%| F|  |TAMS 0x0000000749800000, 0x0000000749800000| Untracked 
| 153|0x0000000749900000, 0x0000000749900000, 0x0000000749a00000|  0%| F|  |TAMS 0x0000000749900000, 0x0000000749900000| Untracked 
| 154|0x0000000749a00000, 0x0000000749a00000, 0x0000000749b00000|  0%| F|  |TAMS 0x0000000749a00000, 0x0000000749a00000| Untracked 
| 155|0x0000000749b00000, 0x0000000749b00000, 0x0000000749c00000|  0%| F|  |TAMS 0x0000000749b00000, 0x0000000749b00000| Untracked 
| 156|0x0000000749c00000, 0x0000000749c00000, 0x0000000749d00000|  0%| F|  |TAMS 0x0000000749c00000, 0x0000000749c00000| Untracked 
| 157|0x0000000749d00000, 0x0000000749d00000, 0x0000000749e00000|  0%| F|  |TAMS 0x0000000749d00000, 0x0000000749d00000| Untracked 
| 158|0x0000000749e00000, 0x0000000749e00000, 0x0000000749f00000|  0%| F|  |TAMS 0x0000000749e00000, 0x0000000749e00000| Untracked 
| 159|0x0000000749f00000, 0x0000000749f00000, 0x000000074a000000|  0%| F|  |TAMS 0x0000000749f00000, 0x0000000749f00000| Untracked 
| 160|0x000000074a000000, 0x000000074a000000, 0x000000074a100000|  0%| F|  |TAMS 0x000000074a000000, 0x000000074a000000| Untracked 
| 161|0x000000074a100000, 0x000000074a100000, 0x000000074a200000|  0%| F|  |TAMS 0x000000074a100000, 0x000000074a100000| Untracked 
| 162|0x000000074a200000, 0x000000074a200000, 0x000000074a300000|  0%| F|  |TAMS 0x000000074a200000, 0x000000074a200000| Untracked 
| 163|0x000000074a300000, 0x000000074a300000, 0x000000074a400000|  0%| F|  |TAMS 0x000000074a300000, 0x000000074a300000| Untracked 
| 164|0x000000074a400000, 0x000000074a400000, 0x000000074a500000|  0%| F|  |TAMS 0x000000074a400000, 0x000000074a400000| Untracked 
| 165|0x000000074a500000, 0x000000074a500000, 0x000000074a600000|  0%| F|  |TAMS 0x000000074a500000, 0x000000074a500000| Untracked 
| 166|0x000000074a600000, 0x000000074a600000, 0x000000074a700000|  0%| F|  |TAMS 0x000000074a600000, 0x000000074a600000| Untracked 
| 167|0x000000074a700000, 0x000000074a700000, 0x000000074a800000|  0%| F|  |TAMS 0x000000074a700000, 0x000000074a700000| Untracked 
| 168|0x000000074a800000, 0x000000074a800000, 0x000000074a900000|  0%| F|  |TAMS 0x000000074a800000, 0x000000074a800000| Untracked 
| 169|0x000000074a900000, 0x000000074a900000, 0x000000074aa00000|  0%| F|  |TAMS 0x000000074a900000, 0x000000074a900000| Untracked 
| 170|0x000000074aa00000, 0x000000074aa00000, 0x000000074ab00000|  0%| F|  |TAMS 0x000000074aa00000, 0x000000074aa00000| Untracked 
| 171|0x000000074ab00000, 0x000000074ab00000, 0x000000074ac00000|  0%| F|  |TAMS 0x000000074ab00000, 0x000000074ab00000| Untracked 
| 172|0x000000074ac00000, 0x000000074ac00000, 0x000000074ad00000|  0%| F|  |TAMS 0x000000074ac00000, 0x000000074ac00000| Untracked 
| 173|0x000000074ad00000, 0x000000074ad00000, 0x000000074ae00000|  0%| F|  |TAMS 0x000000074ad00000, 0x000000074ad00000| Untracked 
| 174|0x000000074ae00000, 0x000000074ae00000, 0x000000074af00000|  0%| F|  |TAMS 0x000000074ae00000, 0x000000074ae00000| Untracked 
| 175|0x000000074af00000, 0x000000074af00000, 0x000000074b000000|  0%| F|  |TAMS 0x000000074af00000, 0x000000074af00000| Untracked 
| 176|0x000000074b000000, 0x000000074b000000, 0x000000074b100000|  0%| F|  |TAMS 0x000000074b000000, 0x000000074b000000| Untracked 
| 177|0x000000074b100000, 0x000000074b100000, 0x000000074b200000|  0%| F|  |TAMS 0x000000074b100000, 0x000000074b100000| Untracked 
| 178|0x000000074b200000, 0x000000074b200000, 0x000000074b300000|  0%| F|  |TAMS 0x000000074b200000, 0x000000074b200000| Untracked 
| 179|0x000000074b300000, 0x000000074b300000, 0x000000074b400000|  0%| F|  |TAMS 0x000000074b300000, 0x000000074b300000| Untracked 
| 180|0x000000074b400000, 0x000000074b400000, 0x000000074b500000|  0%| F|  |TAMS 0x000000074b400000, 0x000000074b400000| Untracked 
| 181|0x000000074b500000, 0x000000074b500000, 0x000000074b600000|  0%| F|  |TAMS 0x000000074b500000, 0x000000074b500000| Untracked 
| 182|0x000000074b600000, 0x000000074b600000, 0x000000074b700000|  0%| F|  |TAMS 0x000000074b600000, 0x000000074b600000| Untracked 
| 183|0x000000074b700000, 0x000000074b7ce998, 0x000000074b800000| 80%| S|CS|TAMS 0x000000074b700000, 0x000000074b700000| Complete 
| 184|0x000000074b800000, 0x000000074b800000, 0x000000074b900000|  0%| F|  |TAMS 0x000000074b800000, 0x000000074b800000| Untracked 
| 185|0x000000074b900000, 0x000000074b900000, 0x000000074ba00000|  0%| F|  |TAMS 0x000000074b900000, 0x000000074b900000| Untracked 
| 186|0x000000074ba00000, 0x000000074ba00000, 0x000000074bb00000|  0%| F|  |TAMS 0x000000074ba00000, 0x000000074ba00000| Untracked 
| 187|0x000000074bb00000, 0x000000074bb00000, 0x000000074bc00000|  0%| F|  |TAMS 0x000000074bb00000, 0x000000074bb00000| Untracked 
| 188|0x000000074bc00000, 0x000000074bc00000, 0x000000074bd00000|  0%| F|  |TAMS 0x000000074bc00000, 0x000000074bc00000| Untracked 
| 189|0x000000074bd00000, 0x000000074bd00000, 0x000000074be00000|  0%| F|  |TAMS 0x000000074bd00000, 0x000000074bd00000| Untracked 
| 190|0x000000074be00000, 0x000000074be00000, 0x000000074bf00000|  0%| F|  |TAMS 0x000000074be00000, 0x000000074be00000| Untracked 
| 191|0x000000074bf00000, 0x000000074bf00000, 0x000000074c000000|  0%| F|  |TAMS 0x000000074bf00000, 0x000000074bf00000| Untracked 
| 192|0x000000074c000000, 0x000000074c000000, 0x000000074c100000|  0%| F|  |TAMS 0x000000074c000000, 0x000000074c000000| Untracked 
| 193|0x000000074c100000, 0x000000074c100000, 0x000000074c200000|  0%| F|  |TAMS 0x000000074c100000, 0x000000074c100000| Untracked 
| 194|0x000000074c200000, 0x000000074c200000, 0x000000074c300000|  0%| F|  |TAMS 0x000000074c200000, 0x000000074c200000| Untracked 
| 195|0x000000074c300000, 0x000000074c3d3758, 0x000000074c400000| 82%| E|  |TAMS 0x000000074c300000, 0x000000074c300000| Complete 
| 196|0x000000074c400000, 0x000000074c500000, 0x000000074c500000|100%| E|CS|TAMS 0x000000074c400000, 0x000000074c400000| Complete 
| 197|0x000000074c500000, 0x000000074c600000, 0x000000074c600000|100%| E|CS|TAMS 0x000000074c500000, 0x000000074c500000| Complete 
| 198|0x000000074c600000, 0x000000074c700000, 0x000000074c700000|100%| E|CS|TAMS 0x000000074c600000, 0x000000074c600000| Complete 
| 199|0x000000074c700000, 0x000000074c800000, 0x000000074c800000|100%| E|CS|TAMS 0x000000074c700000, 0x000000074c700000| Complete 
| 200|0x000000074c800000, 0x000000074c900000, 0x000000074c900000|100%| E|CS|TAMS 0x000000074c800000, 0x000000074c800000| Complete 
| 201|0x000000074c900000, 0x000000074ca00000, 0x000000074ca00000|100%| E|CS|TAMS 0x000000074c900000, 0x000000074c900000| Complete 
| 202|0x000000074ca00000, 0x000000074cb00000, 0x000000074cb00000|100%| E|CS|TAMS 0x000000074ca00000, 0x000000074ca00000| Complete 
| 203|0x000000074cb00000, 0x000000074cc00000, 0x000000074cc00000|100%| E|CS|TAMS 0x000000074cb00000, 0x000000074cb00000| Complete 
| 204|0x000000074cc00000, 0x000000074cd00000, 0x000000074cd00000|100%| E|CS|TAMS 0x000000074cc00000, 0x000000074cc00000| Complete 
| 205|0x000000074cd00000, 0x000000074ce00000, 0x000000074ce00000|100%| E|CS|TAMS 0x000000074cd00000, 0x000000074cd00000| Complete 
| 206|0x000000074ce00000, 0x000000074cf00000, 0x000000074cf00000|100%| E|CS|TAMS 0x000000074ce00000, 0x000000074ce00000| Complete 
| 207|0x000000074cf00000, 0x000000074d000000, 0x000000074d000000|100%| E|CS|TAMS 0x000000074cf00000, 0x000000074cf00000| Complete 
| 208|0x000000074d000000, 0x000000074d100000, 0x000000074d100000|100%| E|CS|TAMS 0x000000074d000000, 0x000000074d000000| Complete 
| 209|0x000000074d100000, 0x000000074d200000, 0x000000074d200000|100%| E|CS|TAMS 0x000000074d100000, 0x000000074d100000| Complete 
| 210|0x000000074d200000, 0x000000074d300000, 0x000000074d300000|100%| E|CS|TAMS 0x000000074d200000, 0x000000074d200000| Complete 
| 211|0x000000074d300000, 0x000000074d400000, 0x000000074d400000|100%| E|CS|TAMS 0x000000074d300000, 0x000000074d300000| Complete 
| 212|0x000000074d400000, 0x000000074d500000, 0x000000074d500000|100%| E|CS|TAMS 0x000000074d400000, 0x000000074d400000| Complete 
| 213|0x000000074d500000, 0x000000074d600000, 0x000000074d600000|100%| E|CS|TAMS 0x000000074d500000, 0x000000074d500000| Complete 
| 214|0x000000074d600000, 0x000000074d700000, 0x000000074d700000|100%| E|CS|TAMS 0x000000074d600000, 0x000000074d600000| Complete 
| 215|0x000000074d700000, 0x000000074d800000, 0x000000074d800000|100%| E|CS|TAMS 0x000000074d700000, 0x000000074d700000| Complete 
| 216|0x000000074d800000, 0x000000074d900000, 0x000000074d900000|100%| E|CS|TAMS 0x000000074d800000, 0x000000074d800000| Complete 
| 217|0x000000074d900000, 0x000000074da00000, 0x000000074da00000|100%| E|CS|TAMS 0x000000074d900000, 0x000000074d900000| Complete 
| 218|0x000000074da00000, 0x000000074db00000, 0x000000074db00000|100%| E|CS|TAMS 0x000000074da00000, 0x000000074da00000| Complete 
| 219|0x000000074db00000, 0x000000074dc00000, 0x000000074dc00000|100%| E|CS|TAMS 0x000000074db00000, 0x000000074db00000| Complete 
| 220|0x000000074dc00000, 0x000000074dd00000, 0x000000074dd00000|100%| E|CS|TAMS 0x000000074dc00000, 0x000000074dc00000| Complete 
| 221|0x000000074dd00000, 0x000000074de00000, 0x000000074de00000|100%| E|CS|TAMS 0x000000074dd00000, 0x000000074dd00000| Complete 
| 222|0x000000074de00000, 0x000000074df00000, 0x000000074df00000|100%| E|CS|TAMS 0x000000074de00000, 0x000000074de00000| Complete 
| 223|0x000000074df00000, 0x000000074e000000, 0x000000074e000000|100%| E|CS|TAMS 0x000000074df00000, 0x000000074df00000| Complete 
| 224|0x000000074e000000, 0x000000074e100000, 0x000000074e100000|100%| E|CS|TAMS 0x000000074e000000, 0x000000074e000000| Complete 
| 225|0x000000074e100000, 0x000000074e200000, 0x000000074e200000|100%| E|CS|TAMS 0x000000074e100000, 0x000000074e100000| Complete 
| 226|0x000000074e200000, 0x000000074e300000, 0x000000074e300000|100%| E|CS|TAMS 0x000000074e200000, 0x000000074e200000| Complete 
| 227|0x000000074e300000, 0x000000074e400000, 0x000000074e400000|100%| E|CS|TAMS 0x000000074e300000, 0x000000074e300000| Complete 
| 228|0x000000074e400000, 0x000000074e40caf0, 0x000000074e500000|  4%| O|  |TAMS 0x000000074e40caf0, 0x000000074e400000| Untracked 
| 229|0x000000074e500000, 0x000000074e600000, 0x000000074e600000|100%| E|CS|TAMS 0x000000074e500000, 0x000000074e500000| Complete 
| 230|0x000000074e600000, 0x000000074e700000, 0x000000074e700000|100%| E|CS|TAMS 0x000000074e600000, 0x000000074e600000| Complete 
| 231|0x000000074e700000, 0x000000074e800000, 0x000000074e800000|100%| E|CS|TAMS 0x000000074e700000, 0x000000074e700000| Complete 
| 232|0x000000074e800000, 0x000000074e900000, 0x000000074e900000|100%| E|CS|TAMS 0x000000074e800000, 0x000000074e800000| Complete 
| 233|0x000000074e900000, 0x000000074ea00000, 0x000000074ea00000|100%| E|CS|TAMS 0x000000074e900000, 0x000000074e900000| Complete 
| 234|0x000000074ea00000, 0x000000074eb00000, 0x000000074eb00000|100%| E|CS|TAMS 0x000000074ea00000, 0x000000074ea00000| Complete 
| 235|0x000000074eb00000, 0x000000074ec00000, 0x000000074ec00000|100%| E|CS|TAMS 0x000000074eb00000, 0x000000074eb00000| Complete 
| 236|0x000000074ec00000, 0x000000074ed00000, 0x000000074ed00000|100%| E|CS|TAMS 0x000000074ec00000, 0x000000074ec00000| Complete 
| 237|0x000000074ed00000, 0x000000074ee00000, 0x000000074ee00000|100%| E|CS|TAMS 0x000000074ed00000, 0x000000074ed00000| Complete 
| 238|0x000000074ee00000, 0x000000074ef00000, 0x000000074ef00000|100%| E|CS|TAMS 0x000000074ee00000, 0x000000074ee00000| Complete 
| 239|0x000000074ef00000, 0x000000074f000000, 0x000000074f000000|100%| E|CS|TAMS 0x000000074ef00000, 0x000000074ef00000| Complete 
| 240|0x000000074f000000, 0x000000074f100000, 0x000000074f100000|100%| E|CS|TAMS 0x000000074f000000, 0x000000074f000000| Complete 
| 241|0x000000074f100000, 0x000000074f200000, 0x000000074f200000|100%| E|CS|TAMS 0x000000074f100000, 0x000000074f100000| Complete 
| 242|0x000000074f200000, 0x000000074f300000, 0x000000074f300000|100%| E|CS|TAMS 0x000000074f200000, 0x000000074f200000| Complete 
| 243|0x000000074f300000, 0x000000074f400000, 0x000000074f400000|100%| E|CS|TAMS 0x000000074f300000, 0x000000074f300000| Complete 

Card table byte_map: [0x0000021eb8b90000,0x0000021eb9190000] _byte_map_base: 0x0000021eb5190000

Marking Bits (Prev, Next): (CMBitMap*) 0x0000021ece677a68, (CMBitMap*) 0x0000021ece677aa0
 Prev Bits: [0x0000021ec4090000, 0x0000021ec7090000)
 Next Bits: [0x0000021ec7090000, 0x0000021eca090000)

Polling page: 0x0000021eb0670000

Metaspace:

Usage:
  Non-class:     77.83 MB capacity,    77.25 MB (>99%) used,   436.16 KB ( <1%) free+waste,   160.63 KB ( <1%) overhead. 
      Class:     12.14 MB capacity,    11.73 MB ( 97%) used,   356.44 KB (  3%) free+waste,    70.50 KB ( <1%) overhead. 
       Both:     89.97 MB capacity,    88.97 MB ( 99%) used,   792.60 KB ( <1%) free+waste,   231.13 KB ( <1%) overhead. 

Virtual space:
  Non-class space:       82.00 MB reserved,      81.08 MB ( 99%) committed 
      Class space:        1.00 GB reserved,      13.88 MB (  1%) committed 
             Both:        1.08 GB reserved,      94.95 MB (  9%) committed 

Chunk freelists:
   Non-Class:  408.00 KB
       Class:  213.50 KB
        Both:  621.50 KB

CodeHeap 'non-profiled nmethods': size=120000Kb used=20529Kb max_used=20529Kb free=99470Kb
 bounds [0x0000021ed6e20000, 0x0000021ed8240000, 0x0000021ede350000]
CodeHeap 'profiled nmethods': size=120000Kb used=38675Kb max_used=41477Kb free=81324Kb
 bounds [0x0000021ecf8f0000, 0x0000021ed21f0000, 0x0000021ed6e20000]
CodeHeap 'non-nmethods': size=5760Kb used=1674Kb max_used=1724Kb free=4085Kb
 bounds [0x0000021ecf350000, 0x0000021ecf5c0000, 0x0000021ecf8f0000]
 total_blobs=32811 nmethods=16837 adapters=1137
 compilation: enabled
              stopped_count=0, restarted_count=0
 full_count=0

Compilation events (10 events):
Event: 29027.328 Thread 0x0000021eee904800 22333       3       ui.cB::aMf (5 bytes)
Event: 29027.328 Thread 0x0000021eee904800 nmethod 22333 0x0000021ed0b54310 code [0x0000021ed0b544c0, 0x0000021ed0b546f0]
Event: 29028.188 Thread 0x0000021eee904800 22334   !   3       sun.awt.PaintEventDispatcher::getPaintEventDispatcher (32 bytes)
Event: 29028.191 Thread 0x0000021eee904800 nmethod 22334 0x0000021ed0b57c10 code [0x0000021ed0b57de0, 0x0000021ed0b582d8]
Event: 29028.204 Thread 0x0000021eee904800 22335       3       java.util.LinkedList$ListItr::remove (84 bytes)
Event: 29028.204 Thread 0x0000021eee904800 nmethod 22335 0x0000021ed0c04a90 code [0x0000021ed0c04ca0, 0x0000021ed0c05190]
Event: 29028.205 Thread 0x0000021eee906800 22336       4       com.jidesoft.plaf.basic.BasicCellStyleTableHeaderUIDelegate::tableChanged (49 bytes)
Event: 29028.206 Thread 0x0000021eee906800 nmethod 22336 0x0000021ed822fd90 code [0x0000021ed822ff40, 0x0000021ed82300c8]
Event: 29028.208 Thread 0x0000021eee904800 22337       3       ui.utils.h.j.av::clear (16 bytes)
Event: 29028.208 Thread 0x0000021eee904800 nmethod 22337 0x0000021ed1027390 code [0x0000021ed1027580, 0x0000021ed1027ae0]

GC Heap History (10 events):
Event: 29021.463 GC heap before
{Heap before GC invocations=664 (full 222):
 garbage-first heap   total 249856K, used 74406K [0x0000000740000000, 0x0000000800000000)
  region size 1024K, 4 young (4096K), 0 survivors (0K)
 Metaspace       used 91078K, capacity 92132K, committed 97232K, reserved 1132544K
  class space    used 12009K, capacity 12436K, committed 14208K, reserved 1048576K
}
Event: 29021.464 GC heap after
{Heap after GC invocations=665 (full 222):
 garbage-first heap   total 249856K, used 71517K [0x0000000740000000, 0x0000000800000000)
  region size 1024K, 1 young (1024K), 1 survivors (1024K)
 Metaspace       used 91078K, capacity 92132K, committed 97232K, reserved 1132544K
  class space    used 12009K, capacity 12436K, committed 14208K, reserved 1048576K
}
Event: 29022.445 GC heap before
{Heap before GC invocations=666 (full 222):
 garbage-first heap   total 249856K, used 132957K [0x0000000740000000, 0x0000000800000000)
  region size 1024K, 60 young (61440K), 1 survivors (1024K)
 Metaspace       used 91078K, capacity 92132K, committed 97232K, reserved 1132544K
  class space    used 12009K, capacity 12436K, committed 14208K, reserved 1048576K
}
Event: 29022.446 GC heap after
{Heap after GC invocations=667 (full 222):
 garbage-first heap   total 249856K, used 72648K [0x0000000740000000, 0x0000000800000000)
  region size 1024K, 1 young (1024K), 1 survivors (1024K)
 Metaspace       used 91078K, capacity 92132K, committed 97232K, reserved 1132544K
  class space    used 12009K, capacity 12436K, committed 14208K, reserved 1048576K
}
Event: 29023.965 GC heap before
{Heap before GC invocations=667 (full 222):
 garbage-first heap   total 249856K, used 133064K [0x0000000740000000, 0x0000000800000000)
  region size 1024K, 60 young (61440K), 1 survivors (1024K)
 Metaspace       used 91088K, capacity 92132K, committed 97232K, reserved 1132544K
  class space    used 12009K, capacity 12436K, committed 14208K, reserved 1048576K
}
Event: 29023.966 GC heap after
{Heap after GC invocations=668 (full 222):
 garbage-first heap   total 249856K, used 73024K [0x0000000740000000, 0x0000000800000000)
  region size 1024K, 1 young (1024K), 1 survivors (1024K)
 Metaspace       used 91088K, capacity 92132K, committed 97232K, reserved 1132544K
  class space    used 12009K, capacity 12436K, committed 14208K, reserved 1048576K
}
Event: 29025.139 GC heap before
{Heap before GC invocations=669 (full 222):
 garbage-first heap   total 249856K, used 131374K [0x0000000740000000, 0x0000000800000000)
  region size 1024K, 60 young (61440K), 1 survivors (1024K)
 Metaspace       used 91090K, capacity 92132K, committed 97232K, reserved 1132544K
  class space    used 12009K, capacity 12436K, committed 14208K, reserved 1048576K
}
Event: 29025.141 GC heap after
{Heap after GC invocations=670 (full 222):
 garbage-first heap   total 249856K, used 70862K [0x0000000740000000, 0x0000000800000000)
  region size 1024K, 1 young (1024K), 1 survivors (1024K)
 Metaspace       used 91090K, capacity 92132K, committed 97232K, reserved 1132544K
  class space    used 12009K, capacity 12436K, committed 14208K, reserved 1048576K
}
Event: 29027.178 GC heap before
{Heap before GC invocations=670 (full 222):
 garbage-first heap   total 249856K, used 131278K [0x0000000740000000, 0x0000000800000000)
  region size 1024K, 60 young (61440K), 1 survivors (1024K)
 Metaspace       used 91101K, capacity 92132K, committed 97232K, reserved 1132544K
  class space    used 12009K, capacity 12436K, committed 14208K, reserved 1048576K
}
Event: 29027.179 GC heap after
{Heap after GC invocations=671 (full 222):
 garbage-first heap   total 249856K, used 71118K [0x0000000740000000, 0x0000000800000000)
  region size 1024K, 1 young (1024K), 1 survivors (1024K)
 Metaspace       used 91101K, capacity 92132K, committed 97232K, reserved 1132544K
  class space    used 12009K, capacity 12436K, committed 14208K, reserved 1048576K
}

Deoptimization events (10 events):
Event: 29000.310 Thread 0x0000021edeb62000 Uncommon trap: reason=class_check action=maybe_recompile pc=0x0000021ed73e4834 method=sun.awt.geom.AreaOp$1.compare(Lsun/awt/geom/Edge;Lsun/awt/geom/Edge;)I @ 20 c2
Event: 29000.310 Thread 0x0000021edeb62000 Uncommon trap: reason=class_check action=maybe_recompile pc=0x0000021ed73e481c method=sun.awt.geom.AreaOp$1.compare(Lsun/awt/geom/Edge;Lsun/awt/geom/Edge;)I @ 12 c2
Event: 29000.310 Thread 0x0000021edeb62000 Uncommon trap: reason=class_check action=maybe_recompile pc=0x0000021ed73e4834 method=sun.awt.geom.AreaOp$1.compare(Lsun/awt/geom/Edge;Lsun/awt/geom/Edge;)I @ 20 c2
Event: 29000.310 Thread 0x0000021edeb62000 Uncommon trap: reason=class_check action=maybe_recompile pc=0x0000021ed73e4834 method=sun.awt.geom.AreaOp$1.compare(Lsun/awt/geom/Edge;Lsun/awt/geom/Edge;)I @ 20 c2
Event: 29000.310 Thread 0x0000021edeb62000 Uncommon trap: reason=class_check action=maybe_recompile pc=0x0000021ed7e6f78c method=sun.awt.geom.AreaOp.pruneEdges(Ljava/util/Vector;)Ljava/util/Vector; @ 225 c2
Event: 29000.310 Thread 0x0000021edeb62000 Uncommon trap: reason=bimorphic_or_optimized_type_check action=maybe_recompile pc=0x0000021ed7772170 method=sun.awt.geom.AreaOp.addEdges(Ljava/util/Vector;Ljava/util/Vector;I)V @ 27 c2
Event: 29000.310 Thread 0x0000021edeb62000 Uncommon trap: reason=array_check action=maybe_recompile pc=0x0000021ed7c3ffec method=java.util.TimSort.binarySort([Ljava/lang/Object;IIILjava/util/Comparator;)V @ 183 c2
Event: 29000.310 Thread 0x0000021edeb62000 Uncommon trap: reason=class_check action=maybe_recompile pc=0x0000021ed7e6f78c method=sun.awt.geom.AreaOp.pruneEdges(Ljava/util/Vector;)Ljava/util/Vector; @ 225 c2
Event: 29000.310 Thread 0x0000021edeb62000 Uncommon trap: reason=bimorphic_or_optimized_type_check action=maybe_recompile pc=0x0000021ed7dfd904 method=sun.java2d.SunGraphics2D.validateCompClip()V @ 69 c2
Event: 29000.310 Thread 0x0000021edeb62000 Uncommon trap: reason=unstable_if action=reinterpret pc=0x0000021ed7d327b4 method=sun.java2d.marlin.DStroker.finish(I)V @ 137 c2

Classes redefined (0 events):
No events

Internal exceptions (10 events):
Event: 29005.310 Thread 0x0000021edeb62000 Exception <a 'java/io/FileNotFoundException'{0x000000074f92feb8}> (0x000000074f92feb8) thrown at [t:/workspace/open/src/hotspot/share/prims/jni.cpp, line 615]
Event: 29005.310 Thread 0x0000021edeb62000 Exception <a 'java/io/FileNotFoundException'{0x000000074f930790}> (0x000000074f930790) thrown at [t:/workspace/open/src/hotspot/share/prims/jni.cpp, line 615]
Event: 29010.311 Thread 0x0000021edeb62000 Exception <a 'java/io/FileNotFoundException'{0x000000074f360140}> (0x000000074f360140) thrown at [t:/workspace/open/src/hotspot/share/prims/jni.cpp, line 615]
Event: 29010.311 Thread 0x0000021edeb62000 Exception <a 'java/io/FileNotFoundException'{0x000000074f360a18}> (0x000000074f360a18) thrown at [t:/workspace/open/src/hotspot/share/prims/jni.cpp, line 615]
Event: 29015.312 Thread 0x0000021edeb62000 Exception <a 'java/io/FileNotFoundException'{0x000000074ee77ec0}> (0x000000074ee77ec0) thrown at [t:/workspace/open/src/hotspot/share/prims/jni.cpp, line 615]
Event: 29015.312 Thread 0x0000021edeb62000 Exception <a 'java/io/FileNotFoundException'{0x000000074ee78798}> (0x000000074ee78798) thrown at [t:/workspace/open/src/hotspot/share/prims/jni.cpp, line 615]
Event: 29020.312 Thread 0x0000021edeb62000 Exception <a 'java/io/FileNotFoundException'{0x000000074c39a5a8}> (0x000000074c39a5a8) thrown at [t:/workspace/open/src/hotspot/share/prims/jni.cpp, line 615]
Event: 29020.312 Thread 0x0000021edeb62000 Exception <a 'java/io/FileNotFoundException'{0x000000074c39ae80}> (0x000000074c39ae80) thrown at [t:/workspace/open/src/hotspot/share/prims/jni.cpp, line 615]
Event: 29025.314 Thread 0x0000021edeb62000 Exception <a 'java/io/FileNotFoundException'{0x000000074e76d680}> (0x000000074e76d680) thrown at [t:/workspace/open/src/hotspot/share/prims/jni.cpp, line 615]
Event: 29025.314 Thread 0x0000021edeb62000 Exception <a 'java/io/FileNotFoundException'{0x000000074e76df58}> (0x000000074e76df58) thrown at [t:/workspace/open/src/hotspot/share/prims/jni.cpp, line 615]

Events (10 events):
Event: 29027.330 Thread 0x0000021ee3bf8000 Thread exited: 0x0000021ee3bf8000
Event: 29027.331 Executing VM operation: RevokeBias
Event: 29027.331 Executing VM operation: RevokeBias done
Event: 29027.832 Thread 0x0000021ee3bf8000 Thread added: 0x0000021ee3bf8000
Event: 29027.835 Thread 0x0000021ee3bf8000 Thread exited: 0x0000021ee3bf8000
Event: 29028.187 Thread 0x0000021ee3bf8000 Thread added: 0x0000021ee3bf8000
Event: 29028.188 Executing VM operation: RevokeBias
Event: 29028.191 Executing VM operation: RevokeBias done
Event: 29028.833 Thread 0x0000021ee3bfa800 Thread added: 0x0000021ee3bfa800
Event: 29028.836 Thread 0x0000021ee3bfa800 Thread exited: 0x0000021ee3bfa800


Dynamic libraries:
0x00007ff6a2740000 - 0x00007ff6a276f000 	C:\Xilinx\Vivado\2020.2\bin\unwrapped\win64.o\vivado.exe
0x00007ffefa0f0000 - 0x00007ffefa307000 	C:\WINDOWS\SYSTEM32\ntdll.dll
0x00007ffef8f30000 - 0x00007ffef8ff4000 	C:\WINDOWS\System32\KERNEL32.DLL
0x00007ffef76d0000 - 0x00007ffef7a75000 	C:\WINDOWS\System32\KERNELBASE.dll
0x00007ffef4500000 - 0x00007ffef4597000 	C:\WINDOWS\SYSTEM32\apphelp.dll
0x00007ffef7460000 - 0x00007ffef7571000 	C:\WINDOWS\System32\ucrtbase.dll
0x00007ffea82c0000 - 0x00007ffea834e000 	C:\WINDOWS\SYSTEM32\MSVCP140.dll
0x00007ffeec800000 - 0x00007ffeec81b000 	C:\WINDOWS\SYSTEM32\VCRUNTIME140.dll
0x00007ffeee370000 - 0x00007ffeee37c000 	C:\WINDOWS\SYSTEM32\VCRUNTIME140_1.dll
0x00007ffeeb4d0000 - 0x00007ffeeb4e3000 	C:\Xilinx\Vivado\2020.2\lib\win64.o\libboost_signals.dll
0x00007ffeeb410000 - 0x00007ffeeb428000 	C:\Xilinx\Vivado\2020.2\lib\win64.o\librdi_commonmain.dll
0x00007ffeede80000 - 0x00007ffeede89000 	C:\Xilinx\Vivado\2020.2\lib\win64.o\librdi_commonversion.dll
0x00007ffedde10000 - 0x00007ffedde32000 	C:\Xilinx\Vivado\2020.2\lib\win64.o\libboost_filesystem.dll
0x00007ffef9440000 - 0x00007ffef94f1000 	C:\WINDOWS\System32\ADVAPI32.dll
0x00007ffef9ec0000 - 0x00007ffef9f67000 	C:\WINDOWS\System32\msvcrt.dll
0x00007ffef9390000 - 0x00007ffef9436000 	C:\WINDOWS\System32\sechost.dll
0x00007ffef8050000 - 0x00007ffef8167000 	C:\WINDOWS\System32\RPCRT4.dll
0x00007ffe9b1b0000 - 0x00007ffe9c327000 	C:\Xilinx\Vivado\2020.2\lib\win64.o\librdi_common.dll
0x00007ffef8d00000 - 0x00007ffef8eae000 	C:\WINDOWS\System32\USER32.dll
0x00007ffef7580000 - 0x00007ffef75a6000 	C:\WINDOWS\System32\win32u.dll
0x00007ffea6dc0000 - 0x00007ffea6f59000 	C:\Xilinx\Vivado\2020.2\lib\win64.o\librdi_commonxillic.dll
0x00007ffef9f80000 - 0x00007ffef9fa9000 	C:\WINDOWS\System32\GDI32.dll
0x00007ffef8c70000 - 0x00007ffef8ce1000 	C:\WINDOWS\System32\WS2_32.dll
0x00007ffef7a80000 - 0x00007ffef7b99000 	C:\WINDOWS\System32\gdi32full.dll
0x00007ffef75b0000 - 0x00007ffef764a000 	C:\WINDOWS\System32\msvcp_win.dll
0x00007ffef8170000 - 0x00007ffef89c9000 	C:\WINDOWS\System32\SHELL32.dll
0x00007ffedeec0000 - 0x00007ffedeec9000 	C:\Xilinx\Vivado\2020.2\lib\win64.o\libboost_system.dll
0x00007ffedde00000 - 0x00007ffedde10000 	C:\Xilinx\Vivado\2020.2\lib\win64.o\libboost_date_time.dll
0x00007ffea7900000 - 0x00007ffea7973000 	C:\Xilinx\Vivado\2020.2\lib\win64.o\libboost_program_options.dll
0x00007ffea4ae0000 - 0x00007ffea4bf1000 	C:\Xilinx\Vivado\2020.2\lib\win64.o\libboost_regex.dll
0x00007ffeddde0000 - 0x00007ffedddfe000 	C:\Xilinx\Vivado\2020.2\lib\win64.o\libboost_thread.dll
0x00007ffeda7e0000 - 0x00007ffeda7ec000 	C:\Xilinx\Vivado\2020.2\lib\win64.o\libboost_xilinx.dll
0x00007ffea7870000 - 0x00007ffea78f2000 	C:\Xilinx\Vivado\2020.2\lib\win64.o\libhdlpsolve.dll
0x00007ffea4770000 - 0x00007ffea4ade000 	C:\Xilinx\Vivado\2020.2\lib\win64.o\libCOIN-all.dll
0x00007ffea6d10000 - 0x00007ffea6db5000 	C:\Xilinx\Vivado\2020.2\lib\win64.o\libhdxml.dll
0x00007ffeda7b0000 - 0x00007ffeda7d8000 	C:\Xilinx\Vivado\2020.2\lib\win64.o\libisl_sysinfo.dll
0x00007ffea90b0000 - 0x00007ffea9115000 	C:\Xilinx\Vivado\2020.2\lib\win64.o\liblmx6.0.dll
0x00007ffe9a3b0000 - 0x00007ffe9b1a2600 	C:\Xilinx\Vivado\2020.2\lib\win64.o\libisl_iostreams.dll
0x0000000052120000 - 0x000000005224b000 	C:\Xilinx\Vivado\2020.2\lib\win64.o\tcl85t.dll
0x00007ffeda600000 - 0x00007ffeda621000 	C:\Xilinx\Vivado\2020.2\lib\win64.o\librdizlib.dll
0x00007ffeda5e0000 - 0x00007ffeda5fc000 	C:\Xilinx\Vivado\2020.2\lib\win64.o\librdiconfig.dll
0x00007ffef9920000 - 0x00007ffef997e000 	C:\WINDOWS\System32\SHLWAPI.dll
0x00007ffef6e10000 - 0x00007ffef6e38000 	C:\WINDOWS\SYSTEM32\bcrypt.dll
0x00007ffeda490000 - 0x00007ffeda4aa000 	C:\Xilinx\Vivado\2020.2\lib\win64.o\pthreadVC2.dll
0x00007ffee1370000 - 0x00007ffee1864000 	C:\WINDOWS\SYSTEM32\WININET.dll
0x00007ffee9f30000 - 0x00007ffee9f49000 	C:\WINDOWS\SYSTEM32\NETAPI32.dll
0x00007ffee3820000 - 0x00007ffee3a10000 	C:\WINDOWS\SYSTEM32\urlmon.dll
0x00007ffef6480000 - 0x00007ffef65b7000 	C:\WINDOWS\SYSTEM32\WINHTTP.dll
0x00007ffeda5d0000 - 0x00007ffeda5d9000 	C:\WINDOWS\SYSTEM32\WSOCK32.dll
0x00007ffed7810000 - 0x00007ffed7837000 	C:\WINDOWS\SYSTEM32\VCOMP140.DLL
0x00007ffeda030000 - 0x00007ffeda03c000 	C:\Xilinx\Vivado\2020.2\lib\win64.o\libboost_chrono.dll
0x00007ffebaf20000 - 0x00007ffebaf36000 	C:\Xilinx\Vivado\2020.2\lib\win64.o\libboost_iostreams.dll
0x00007ffea9af0000 - 0x00007ffea9b13000 	C:\Xilinx\Vivado\2020.2\lib\win64.o\libisl_iosutils.dll
0x00007ffee3420000 - 0x00007ffee36dc000 	C:\WINDOWS\SYSTEM32\iertutil.dll
0x00007ffef5f40000 - 0x00007ffef5f68000 	C:\WINDOWS\SYSTEM32\srvcli.dll
0x00007ffef5f70000 - 0x00007ffef5f7c000 	C:\WINDOWS\SYSTEM32\netutils.dll
0x00007ffea4490000 - 0x00007ffea476b000 	C:\Xilinx\Vivado\2020.2\lib\win64.o\libXil_lmgr11.dll
0x00007ffef9fb0000 - 0x00007ffefa0a9000 	C:\WINDOWS\System32\COMDLG32.dll
0x00007ffef9000000 - 0x00007ffef9389000 	C:\WINDOWS\System32\combase.dll
0x00007ffef8b50000 - 0x00007ffef8c43000 	C:\WINDOWS\System32\shcore.dll
0x00007ffef96a0000 - 0x00007ffef9777000 	C:\WINDOWS\System32\OLEAUT32.dll
0x00007ffef9780000 - 0x00007ffef9920000 	C:\WINDOWS\System32\ole32.dll
0x00007ffef7dd0000 - 0x00007ffef7e3c000 	C:\WINDOWS\System32\WINTRUST.dll
0x00007ffef7c60000 - 0x00007ffef7dc6000 	C:\WINDOWS\System32\CRYPT32.dll
0x00007ffee9e70000 - 0x00007ffee9f23000 	C:\WINDOWS\WinSxS\amd64_microsoft.windows.common-controls_6595b64144ccf1df_5.82.22621.2506_none_b43bab19638c9595\COMCTL32.dll
0x00007ffef1b20000 - 0x00007ffef1b3f000 	C:\WINDOWS\SYSTEM32\dhcpcsvc.DLL
0x00007ffe95e40000 - 0x00007ffe97d57000 	C:\Xilinx\Vivado\2020.2\lib\win64.o\gurobi90.dll
0x00007ffef8ae0000 - 0x00007ffef8b42000 	C:\WINDOWS\System32\WLDAP32.dll
0x00007ffef9f70000 - 0x00007ffef9f78000 	C:\WINDOWS\System32\Normaliz.dll
0x0000000012000000 - 0x0000000012270000 	C:\Xilinx\Vivado\2020.2\lib\win64.o\xerces-c_3_1.dll
0x00007ffef6a20000 - 0x00007ffef6a89000 	C:\WINDOWS\SYSTEM32\MSWSOCK.DLL
0x00007ffef9660000 - 0x00007ffef9691000 	C:\WINDOWS\System32\IMM32.DLL
0x00007ffef6d80000 - 0x00007ffef6d92000 	C:\WINDOWS\SYSTEM32\MSASN1.dll
0x00007ffef6460000 - 0x00007ffef6478000 	C:\WINDOWS\SYSTEM32\kernel.appcore.dll
0x00007ffea3f60000 - 0x00007ffea4482000 	C:\Xilinx\Vivado\2020.2\lib\win64.o\librdi_commontasks.dll
0x00007ffef0950000 - 0x00007ffef095a000 	C:\WINDOWS\SYSTEM32\VERSION.dll
0x00007ffe99880000 - 0x00007ffe9a3a3000 	C:\Xilinx\Vivado\2020.2\tps\win64\jre11.0.2\bin\server\jvm.dll
0x00007ffe9f080000 - 0x00007ffe9f355000 	C:\Xilinx\Vivado\2020.2\lib\win64.o\librdi_sio.dll
0x00007ffef5c10000 - 0x00007ffef5c3d000 	C:\WINDOWS\SYSTEM32\IPHLPAPI.DLL
0x00007ffef9500000 - 0x00007ffef9508000 	C:\WINDOWS\System32\PSAPI.DLL
0x00007ffeef2f0000 - 0x00007ffeef324000 	C:\WINDOWS\SYSTEM32\WINMM.dll
0x00007ffef50c0000 - 0x00007ffef59b4000 	C:\WINDOWS\SYSTEM32\windows.storage.dll
0x00007ffef4f80000 - 0x00007ffef50be000 	C:\WINDOWS\SYSTEM32\wintypes.dll
0x00007ffe90d60000 - 0x00007ffe9381e000 	C:\Xilinx\Vivado\2020.2\lib\win64.o\librdi_tcltasks.dll
0x00007ffe9ebd0000 - 0x00007ffe9f076000 	C:\Xilinx\Vivado\2020.2\lib\win64.o\librdi_bitstream.dll
0x00007ffea1940000 - 0x00007ffea1a36000 	C:\Xilinx\Vivado\2020.2\lib\win64.o\librdi_chipscope.dll
0x00007ffea1660000 - 0x00007ffea1813000 	C:\Xilinx\Vivado\2020.2\lib\win64.o\librdi_board.dll
0x00007ffea3ee0000 - 0x00007ffea3f5e000 	C:\Xilinx\Vivado\2020.2\lib\win64.o\librdi_boarddep.dll
0x00007ffe9e680000 - 0x00007ffe9e86a000 	C:\Xilinx\Vivado\2020.2\lib\win64.o\librdi_chipscopeimpl.dll
0x00007ffe9e510000 - 0x00007ffe9e671000 	C:\Xilinx\Vivado\2020.2\lib\win64.o\librdi_containers.dll
0x00007ffe90640000 - 0x00007ffe90d58000 	C:\Xilinx\Vivado\2020.2\lib\win64.o\librdi_coregenipxact.dll
0x00007ffe94010000 - 0x00007ffe95e3c000 	C:\Xilinx\Vivado\2020.2\lib\win64.o\librdi_constraints.dll
0x00007ffe8e280000 - 0x00007ffe9063d000 	C:\Xilinx\Vivado\2020.2\lib\win64.o\librdi_coregen.dll
0x00007ffe9c810000 - 0x00007ffe9cb78000 	C:\Xilinx\Vivado\2020.2\lib\win64.o\librdi_dlyest.dll
0x00007ffe8c510000 - 0x00007ffe8e271000 	C:\Xilinx\Vivado\2020.2\lib\win64.o\librdi_designutils.dll
0x00007ffe8beb0000 - 0x00007ffe8c50d000 	C:\Xilinx\Vivado\2020.2\lib\win64.o\librdi_drc.dll
0x00007ffea3080000 - 0x00007ffea3133000 	C:\Xilinx\Vivado\2020.2\lib\win64.o\librdi_dsp.dll
0x00007ffe99560000 - 0x00007ffe9987d000 	C:\Xilinx\Vivado\2020.2\lib\win64.o\librdi_guitools.dll
0x00007ffe8b7e0000 - 0x00007ffe8bea2000 	C:\Xilinx\Vivado\2020.2\lib\win64.o\librdi_filemgmt.dll
0x00007ffea15f0000 - 0x00007ffea165b000 	C:\Xilinx\Vivado\2020.2\lib\win64.o\librdi_hdf.dll
0x00007ffe992e0000 - 0x00007ffe99557000 	C:\Xilinx\Vivado\2020.2\lib\win64.o\librdi_hip_devdesign.dll
0x00007ffe93ec0000 - 0x00007ffe94007000 	C:\Xilinx\Vivado\2020.2\lib\win64.o\librdi_hip_perf_analysis.dll
0x00007ffea11d0000 - 0x00007ffea1242000 	C:\Xilinx\Vivado\2020.2\lib\win64.o\librdi_memoryarray.dll
0x00007ffe89310000 - 0x00007ffe8995c000 	C:\Xilinx\Vivado\2020.2\lib\win64.o\librdi_memdata.dll
0x00007ffe89c00000 - 0x00007ffe8b7d4000 	C:\Xilinx\Vivado\2020.2\lib\win64.o\librdi_implflow.dll
0x00007ffe88be0000 - 0x00007ffe8930c000 	C:\Xilinx\Vivado\2020.2\lib\win64.o\librdi_netlist.dll
0x00007ffe9fa10000 - 0x00007ffe9fa64000 	C:\Xilinx\Vivado\2020.2\lib\win64.o\librdi_pfi.dll
0x00007ffe93b20000 - 0x00007ffe93ebe000 	C:\Xilinx\Vivado\2020.2\lib\win64.o\librdi_platform.dll
0x00007ffe76ab0000 - 0x00007ffe78ef4000 	C:\Xilinx\Vivado\2020.2\lib\win64.o\librdi_mig.dll
0x00007ffe883c0000 - 0x00007ffe88bd7000 	C:\Xilinx\Vivado\2020.2\lib\win64.o\librdi_power.dll
0x00007ffe87c90000 - 0x00007ffe883b2000 	C:\Xilinx\Vivado\2020.2\lib\win64.o\librdi_psta.dll
0x00007ffe87610000 - 0x00007ffe87c84000 	C:\Xilinx\Vivado\2020.2\lib\win64.o\librdi_project.dll
0x00007ffe762a0000 - 0x00007ffe76aac000 	C:\Xilinx\Vivado\2020.2\lib\win64.o\librdi_rsb.dll
0x00007ffe870e0000 - 0x00007ffe8760b000 	C:\Xilinx\Vivado\2020.2\lib\win64.o\librdi_runs.dll
0x00007ffe73090000 - 0x00007ffe76297000 	C:\Xilinx\Vivado\2020.2\lib\win64.o\librdi_place.dll
0x00007ffe9eac0000 - 0x00007ffe9ebc9000 	C:\Xilinx\Vivado\2020.2\lib\win64.o\librdi_runsbase.dll
0x00007ffe72e10000 - 0x00007ffe73084000 	C:\Xilinx\Vivado\2020.2\lib\win64.o\librdi_simdata.dll
0x00007ffe9f960000 - 0x00007ffe9fa07000 	C:\Xilinx\Vivado\2020.2\lib\win64.o\librdi_xhubtasks.dll
0x00007ffe86fc0000 - 0x00007ffe870d6000 	C:\Xilinx\Vivado\2020.2\lib\win64.o\librdi_xhub.dll
0x00007ffe72c20000 - 0x00007ffe72e0b000 	C:\Xilinx\Vivado\2020.2\lib\win64.o\librdi_advchipscopeimpl.dll
0x00007ffe5a640000 - 0x00007ffe72c1f000 	C:\Xilinx\Vivado\2020.2\lib\win64.o\librdi_device.dll
0x00007ffea9a70000 - 0x00007ffea9ab7000 	C:\Xilinx\Vivado\2020.2\lib\win64.o\libboost_serialization.dll
0x00007ffe93a30000 - 0x00007ffe93b1b000 	C:\Xilinx\Vivado\2020.2\lib\win64.o\librdi_ipconfig_readwrite.dll
0x00007ffe89b90000 - 0x00007ffe89bfa000 	C:\Xilinx\Vivado\2020.2\lib\win64.o\librdi_noc_frameworks.dll
0x00007ffe5a570000 - 0x00007ffe5a636000 	C:\Xilinx\Vivado\2020.2\lib\win64.o\librdi_bda.dll
0x00007ffea8270000 - 0x00007ffea82b6000 	C:\Xilinx\Vivado\2020.2\lib\win64.o\libboost_graph.dll
0x00007ffe592a0000 - 0x00007ffe59a07000 	C:\Xilinx\Vivado\2020.2\lib\win64.o\librdi_ippcw.dll
0x00007ffe59a10000 - 0x00007ffe5a566000 	C:\Xilinx\Vivado\2020.2\lib\win64.o\libverific.dll

dbghelp: loaded successfully - version: 4.0.5 - missing functions: none
symbol engine: initialized successfully - sym options: 0x614 - pdb path: .;C:\Xilinx\Vivado\2020.2\bin\unwrapped\win64.o;C:\WINDOWS\SYSTEM32;C:\Xilinx\Vivado\2020.2\lib\win64.o;C:\WINDOWS\WinSxS\amd64_microsoft.windows.common-controls_6595b64144ccf1df_5.82.22621.2506_none_b43bab19638c9595;C:\Xilinx\Vivado\2020.2\tps\win64\jre11.0.2\bin\server;C:\Xilinx\Vivado\2020.2\tps\win64\python-3.8.3;C:\Xilinx\Vivado\2020.2\tps\win64\jre11.0.2\bin;C:\WINDOWS\WinSxS\amd64_microsoft.vc90.crt_1fc8b3b9a1e18e3b_9.0.30729.9635_none_08e2c157a83ed5da;C:\WINDOWS\WinSxS\amd64_microsoft.windows.common-controls_6595b64144ccf1df_6.0.22621.2506_none_270c5ae97388e100

VM Arguments:
jvm_args: -Dsun.java2d.pmoffscreen=false -Dhttps.protocols=TLSv1,TLSv1.1,TLSv1.2 -Dsun.java2d.xrender=false -Dsun.java2d.d3d=false -Dsun.awt.nopixfmt=true -Dsun.java2d.dpiaware=true -Dsun.java2d.uiScale.enabled=false -Xverify:none -Dswing.aatext=true -XX:-UsePerfData -Djdk.map.althashing.threshold=512 -XX:StringTableSize=4072 --add-opens=java.base/java.nio=ALL-UNNAMED --add-opens=java.desktop/sun.swing=ALL-UNNAMED --add-opens=java.desktop/javax.swing=ALL-UNNAMED --add-opens=java.desktop/javax.swing.tree=ALL-UNNAMED --add-opens=java.desktop/javax.swing.plaf.basic=ALL-UNNAMED --add-opens=java.desktop/javax.swing.plaf.synth=ALL-UNNAMED --add-opens=java.desktop/com.sun.awt=ALL-UNNAMED -XX:NewSize=60m -XX:MaxNewSize=60m -Xms128m -Xmx3072m -Xss5m 
java_command: <unknown>
java_class_path (initial): C:/Xilinx/Vivado/2020.2\lib\classes\alloy.jar;C:/Xilinx/Vivado/2020.2\lib\classes\ArchiveSummary.jar;C:/Xilinx/Vivado/2020.2\lib\classes\autoesl-models.jar;C:/Xilinx/Vivado/2020.2\lib\classes\autopilot.scelaborator.jar;C:/Xilinx/Vivado/2020.2\lib\classes\autopilot.sourceprocessor.jar;C:/Xilinx/Vivado/2020.2\lib\classes\autopilot.tbprocessor.jar;C:/Xilinx/Vivado/2020.2\lib\classes\batik-anim.jar;C:/Xilinx/Vivado/2020.2\lib\classes\batik-awt-util.jar;C:/Xilinx/Vivado/2020.2\lib\classes\batik-bridge.jar;C:/Xilinx/Vivado/2020.2\lib\classes\batik-codec.jar;C:/Xilinx/Vivado/2020.2\lib\classes\batik-css.jar;C:/Xilinx/Vivado/2020.2\lib\classes\batik-dom.jar;C:/Xilinx/Vivado/2020.2\lib\classes\batik-ext.jar;C:/Xilinx/Vivado/2020.2\lib\classes\batik-gui-util.jar;C:/Xilinx/Vivado/2020.2\lib\classes\batik-gvt.jar;C:/Xilinx/Vivado/2020.2\lib\classes\batik-parser.jar;C:/Xilinx/Vivado/2020.2\lib\classes\batik-script.jar;C:/Xilinx/Vivado/2020.2\lib\classes\batik-svg-dom.jar;C:/Xilinx/Vivado/2020.2\lib\classes\batik-swing.jar;C:/Xilinx/Vivado/2020.2\lib\classes\batik-transcoder.jar;C:/Xilinx/Vivado/2020.2\lib\classes\batik-util.jar;C:/Xilinx/Vivado/2020.2\lib\classes\batik-xml.jar;C:/Xilinx/Vivado/2020.2\lib\classes\com.google.gson_2.8.2.v20180104-1110.jar;C:/Xilinx/Vivado/2020.2\lib\classes\com.google.guava_27.1.0.v20190517-1946.jar;C:/Xilinx/Vivado/2020.2\lib\classes\com.ibm.icu_4.4.2.v20110208.jar;C:/Xilinx/Vivado/2020.2\lib\classes\com.sigasi.hdt.connection_4.9.0.202009050929.jar;C:/Xilinx/Vivado/2020.2\lib\classes\com.sigasi.hdt.epl_4.9.0.202009050929.jar;C:/Xilinx/Vivado/2020.2\lib\classes\com.sigasi.hdt.project_4.9.0.202009050929.jar;C:/Xilinx/Vivado/2020.2\lib\classes\com.sigasi.hdt.readonlyfilesystem_4.9.0.202009050929.jar;C:/Xilinx/Vivado/2020.2\lib\classes\com.sigasi.lcm_4.9.0.202009050929.jar;C:/Xilinx/Vivado/2020.2\lib\classes\com.sigasi.sdk.client_4.9.0.202009050929.jar;C:/Xilinx/Vivado/2020.2\lib\classes\com.xilinx.hls.services.jar;C:/Xili
Launcher Type: generic

[Global flags]
     bool BytecodeVerificationLocal                = false                                     {product} {command line}
     bool BytecodeVerificationRemote               = false                                     {product} {command line}
     intx CICompilerCount                          = 4                                         {product} {ergonomic}
     uint ConcGCThreads                            = 3                                         {product} {ergonomic}
     uint G1ConcRefinementThreads                  = 10                                        {product} {ergonomic}
   size_t G1HeapRegionSize                         = 1048576                                   {product} {ergonomic}
    uintx GCDrainStackTargetSize                   = 64                                        {product} {ergonomic}
   size_t InitialHeapSize                          = 134217728                                 {product} {command line}
   size_t MarkStackSize                            = 4194304                                   {product} {ergonomic}
   size_t MaxHeapSize                              = 3221225472                                {product} {command line}
   size_t MaxNewSize                               = 62914560                                  {product} {command line}
   size_t MinHeapDeltaBytes                        = 1048576                                   {product} {ergonomic}
   size_t NewSize                                  = 62914560                                  {product} {command line}
    uintx NonNMethodCodeHeapSize                   = 5835340                                {pd product} {ergonomic}
    uintx NonProfiledCodeHeapSize                  = 122911450                              {pd product} {ergonomic}
    uintx ProfiledCodeHeapSize                     = 122911450                              {pd product} {ergonomic}
    uintx ReservedCodeCacheSize                    = 251658240                              {pd product} {ergonomic}
     bool SegmentedCodeCache                       = true                                      {product} {ergonomic}
    uintx StringTableSize                          = 4072                                      {product} {command line}
     intx ThreadStackSize                          = 5120                                   {pd product} {command line}
     bool UseCompressedClassPointers               = true                                 {lp64_product} {ergonomic}
     bool UseCompressedOops                        = true                                 {lp64_product} {ergonomic}
     bool UseG1GC                                  = true                                      {product} {ergonomic}
     bool UseLargePagesIndividualAllocation        = false                                  {pd product} {ergonomic}
     bool UsePerfData                              = false                                     {product} {command line}

Logging:
Log output configuration:
 #0: stdout all=warning uptime,level,tags
 #1: stderr all=off uptime,level,tags

Environment Variables:
PATH=C:/Xilinx/Vivado/2020.2\gnuwin\bin;C:/Xilinx/Vivado/2020.2\gnu\microblaze\nt\bin;C:/Xilinx/Vivado/2020.2/bin;C:/Xilinx/Vivado/2020.2/tps/win64/javafx-sdk-11.0.2/lib;C:/Xilinx/Vivado/2020.2/tps/win64/javafx-sdk-11.0.2/bin;C:/Xilinx/Vivado/2020.2/lib/win64.o;C:/Xilinx/Vivado/2020.2/tps/win64/jre11.0.2/bin/server;C:/Xilinx/Vivado/2020.2/tps/win64/jre11.0.2/bin;C:/Xilinx/Vivado/2020.2/ids_lite/ISE/bin/nt64;C:/Xilinx/Vivado/2020.2/ids_lite/ISE/lib/nt64;C:/Xilinx/Vitis_HLS/2020.2/bin;C:\WINDOWS\system32;C:\WINDOWS;C:\WINDOWS\System32\Wbem;C:\WINDOWS\System32\WindowsPowerShell\v1.0\;C:\WINDOWS\System32\OpenSSH\;C:\Program Files\MATLAB\R2023b\bin;C:\mingw64\bin;C:\msys64\mingw64\bin;C:\Program Files (x86)\GnuWin32\bin;C:\Users\rlatksrlatks\AppData\Local\Programs\Python\Python311\Scripts\;C:\Users\rlatksrlatks\AppData\Local\Programs\Python\Python311\;C:\Users\rlatksrlatks\AppData\Local\Microsoft\WindowsApps;C:\Users\rlatksrlatks\AppData\Local\Packages\PythonSoftwareFoundation.Python.3.11_qbz5n2kfra8p0\LocalCache\local-packages\Python311\Scripts;C:\msys64\ucrt64\bin;C:\Users\rlatksrlatks\AppData\Local\Programs\Microsoft VS Code\bin;;C:/Xilinx/Vivado/2020.2\tps\mingw\6.2.0\win64.o\nt\bin;C:/Xilinx/Vivado/2020.2\tps\mingw\6.2.0\win64.o\nt\libexec\gcc\x86_64-w64-mingw32\6.2.0;C:/Xilinx/Vivado/2020.2\tps\win64\python-3.8.3;C:/Xilinx/Vivado/2020.2\tps\win64\python-3.8.3\bin;C:/Xilinx/Vivado/2020.2\tps\win64\python-3.8.3\lib;C:/Xilinx/Vivado/2020.2\tps\win64\python-3.8.3\lib\site-packages
USERNAME=rlatksrlatks
OS=Windows_NT
PROCESSOR_IDENTIFIER=AMD64 Family 25 Model 33 Stepping 2, AuthenticAMD



---------------  S Y S T E M  ---------------

OS: Windows 10 , 64 bit Build 22621 (10.0.22621.2506)

CPU:total 12 (initial active 12) (12 cores per cpu, 2 threads per core) family 25 model 33 stepping 2, cmov, cx8, fxsr, mmx, sse, sse2, sse3, ssse3, sse4.1, sse4.2, popcnt, avx, avx2, aes, clmul, erms, mmxext, 3dnowpref, lzcnt, sse4a, ht, tsc, tscinvbit, tscinv, bmi1, bmi2, adx, sha, fma

Memory: 4k page, system-wide physical 16268M (10873M free)
TotalPageFile size 17292M (AvailPageFile size 8899M)
current process WorkingSet (physical memory assigned to process): 966M, peak: 1125M
current process commit charge ("private bytes"): 1127M, peak: 1775M

vm_info: OpenJDK 64-Bit Server VM (11.0.2+9) for windows-amd64 JRE (11.0.2+9), built on Jan 18 2019 05:23:22 by "mach5one" with MS VC++ 15.5 (VS2017)

END.
