#
# A fatal error has been detected by the Java Runtime Environment:
#
#  EXCEPTION_ACCESS_VIOLATION (0xc0000005) at pc=0x00007ff8c8802745, pid=23916, tid=12820
#
# JRE version: OpenJDK Runtime Environment (11.0.2+9) (build 11.0.2+9)
# Java VM: OpenJDK 64-Bit Server VM (11.0.2+9, mixed mode, tiered, compressed oops, g1 gc, windows-amd64)
# Problematic frame:
# C  [librdi_common.dll+0x192745]
#
# No core dump will be written. Minidumps are not enabled by default on client versions of Windows
#
# If you would like to submit a bug report, please visit:
#   http://bugreport.java.com/bugreport/crash.jsp
# The crash happened outside the Java Virtual Machine in native code.
# See problematic frame for where to report the bug.
#

---------------  S U M M A R Y ------------

Command Line: -Dsun.java2d.pmoffscreen=false -Dhttps.protocols=TLSv1,TLSv1.1,TLSv1.2 -Dsun.java2d.xrender=false -Dsun.java2d.d3d=false -Dsun.awt.nopixfmt=true -Dsun.java2d.dpiaware=true -Dsun.java2d.uiScale.enabled=false -Xverify:none -Dswing.aatext=true -XX:-UsePerfData -Djdk.map.althashing.threshold=512 -XX:StringTableSize=4072 --add-opens=java.base/java.nio=ALL-UNNAMED --add-opens=java.desktop/sun.swing=ALL-UNNAMED --add-opens=java.desktop/javax.swing=ALL-UNNAMED --add-opens=java.desktop/javax.swing.tree=ALL-UNNAMED --add-opens=java.desktop/javax.swing.plaf.basic=ALL-UNNAMED --add-opens=java.desktop/javax.swing.plaf.synth=ALL-UNNAMED --add-opens=java.desktop/com.sun.awt=ALL-UNNAMED -XX:NewSize=60m -XX:MaxNewSize=60m -Xms128m -Xmx3072m -Xss5m 

Host: Intel(R) Core(TM) i5-10210U CPU @ 1.60GHz, 8 cores, 15G,  Windows 10 , 64 bit Build 22621 (10.0.22621.2506)
Time: Mon Nov 27 20:01:02 2023 대한민국 표준시 elapsed time: 36836 seconds (0d 10h 13m 56s)

---------------  T H R E A D  ---------------

Current thread (0x000001ed153e5800):  JavaThread "AWT-EventQueue-0" [_thread_in_native, id=12820, stack(0x00000024b5300000,0x00000024b5800000)]

Stack: [0x00000024b5300000,0x00000024b5800000],  sp=0x00000024b57fadf0,  free space=5099k
Native frames: (J=compiled Java code, j=interpreted, Vv=VM code, C=native code)
C  [librdi_common.dll+0x192745]
C  [librdi_common.dll+0x187998]
C  [librdi_common.dll+0x15073d]
C  0x00007ff8aabb3750
C  0x00007ff8aac37ebd
C  0x00007ff8aac400ab
C  0x00007ff8aac1159a
C  0x00007ff8aac4ea98
C  0x000001ed221cdb2d

Java frames: (J=compiled Java code, j=interpreted, Vv=VM code)
J 19138  ui.views.waveform.waveformi.WVExecutive_getTooltipTextDelayed(J)Ljava/lang/String; (0 bytes) @ 0x000001ed221cda91 [0x000001ed221cda40+0x0000000000000051]
J 22022 c2 ui.views.waveform.b.a.ca(Ljava/awt/event/MouseEvent;)V (135 bytes) @ 0x000001ed21c530fc [0x000001ed21c53000+0x00000000000000fc]
J 22027 c2 ui.views.waveform.b.a.mouseMoved(Ljava/awt/event/MouseEvent;)V (32 bytes) @ 0x000001ed221d09b4 [0x000001ed221d08e0+0x00000000000000d4]
J 18382 c2 java.awt.AWTEventMulticaster.mouseMoved(Ljava/awt/event/MouseEvent;)V java.desktop@11.0.2 (27 bytes) @ 0x000001ed220cd374 [0x000001ed220cd2c0+0x00000000000000b4]
J 18382 c2 java.awt.AWTEventMulticaster.mouseMoved(Ljava/awt/event/MouseEvent;)V java.desktop@11.0.2 (27 bytes) @ 0x000001ed220cd334 [0x000001ed220cd2c0+0x0000000000000074]
J 23969 c2 ui.frmwork.b.j.processMouseMotionEvent(Ljava/awt/event/MouseEvent;)V (131 bytes) @ 0x000001ed2256905c [0x000001ed22568ce0+0x000000000000037c]
J 14592 c2 java.awt.Container.processEvent(Ljava/awt/AWTEvent;)V java.desktop@11.0.2 (22 bytes) @ 0x000001ed213e22d8 [0x000001ed213e2120+0x00000000000001b8]
J 23180 c2 java.awt.Component.dispatchEventImpl(Ljava/awt/AWTEvent;)V java.desktop@11.0.2 (777 bytes) @ 0x000001ed2240aa60 [0x000001ed2240a160+0x0000000000000900]
J 22889 c2 java.awt.Container.dispatchEventImpl(Ljava/awt/AWTEvent;)V java.desktop@11.0.2 (129 bytes) @ 0x000001ed21bd12e4 [0x000001ed21bd1180+0x0000000000000164]
J 19124 c2 java.awt.LightweightDispatcher.retargetMouseEvent(Ljava/awt/Component;ILjava/awt/event/MouseEvent;)V java.desktop@11.0.2 (372 bytes) @ 0x000001ed221c895c [0x000001ed221c83c0+0x000000000000059c]
J 22889 c2 java.awt.Container.dispatchEventImpl(Ljava/awt/AWTEvent;)V java.desktop@11.0.2 (129 bytes) @ 0x000001ed21bd18f8 [0x000001ed21bd1180+0x0000000000000778]
J 23115 c2 java.awt.Window.dispatchEventImpl(Ljava/awt/AWTEvent;)V java.desktop@11.0.2 (23 bytes) @ 0x000001ed21db090c [0x000001ed21db08c0+0x000000000000004c]
J 13564 c2 java.awt.EventQueue$4.run()Ljava/lang/Object; java.desktop@11.0.2 (5 bytes) @ 0x000001ed219cc128 [0x000001ed219cbfe0+0x0000000000000148]
v  ~StubRoutines::call_stub
J 3687  java.security.AccessController.doPrivileged(Ljava/security/PrivilegedAction;Ljava/security/AccessControlContext;)Ljava/lang/Object; java.base@11.0.2 (0 bytes) @ 0x000001ed2125ff36 [0x000001ed2125fec0+0x0000000000000076]
J 17600 c2 java.awt.EventQueue$5.run()Ljava/lang/Object; java.desktop@11.0.2 (5 bytes) @ 0x000001ed21f86c74 [0x000001ed21f86a00+0x0000000000000274]
v  ~StubRoutines::call_stub
J 3687  java.security.AccessController.doPrivileged(Ljava/security/PrivilegedAction;Ljava/security/AccessControlContext;)Ljava/lang/Object; java.base@11.0.2 (0 bytes) @ 0x000001ed2125ff36 [0x000001ed2125fec0+0x0000000000000076]
J 13541 c2 java.awt.EventQueue.dispatchEvent(Ljava/awt/AWTEvent;)V java.desktop@11.0.2 (80 bytes) @ 0x000001ed219be4e8 [0x000001ed219be140+0x00000000000003a8]
J 20927% c2 java.awt.EventDispatchThread.pumpEventsForFilter(ILjava/awt/Conditional;Ljava/awt/EventFilter;)V java.desktop@11.0.2 (47 bytes) @ 0x000001ed21930574 [0x000001ed21930360+0x0000000000000214]
j  java.awt.EventDispatchThread.pumpEventsForHierarchy(ILjava/awt/Conditional;Ljava/awt/Component;)V+11 java.desktop@11.0.2
j  java.awt.EventDispatchThread.pumpEvents(ILjava/awt/Conditional;)V+4 java.desktop@11.0.2
j  java.awt.EventDispatchThread.pumpEvents(Ljava/awt/Conditional;)V+3 java.desktop@11.0.2
j  java.awt.EventDispatchThread.run()V+9 java.desktop@11.0.2
v  ~StubRoutines::call_stub

siginfo: EXCEPTION_ACCESS_VIOLATION (0xc0000005), reading address 0xffffffffffffffff


Register to memory mapping:

RIP=0x00007ff8c8802745 librdi_common.dll
RAX=0x000001ed784f5c01 points into unknown readable memory: 75 6e 20 63 6f 6d 6d
RBX=0x90076a00a293dfeb is an unknown value
RCX=0x000001ed784f5c40 points into unknown readable memory: e0 91 59 77 ed 01 00 00
RDX=0x90076a00a293dfeb is an unknown value
RSP=0x00000024b57fadf0 is pointing into the stack for thread: 0x000001ed153e5800
RBP=0x00000024b57faf20 is pointing into the stack for thread: 0x000001ed153e5800
RSI=0x000001ed153ad390 points into unknown readable memory: b8 e1 df aa f8 7f 00 00
RDI=0x00000024b57fb1b8 is pointing into the stack for thread: 0x000001ed153e5800
R8 =0x00000024b57fb038 is pointing into the stack for thread: 0x000001ed153e5800
R9 =0x0 is NULL
R10=0x00007ff8e3e70000 VCRUNTIME140.dll
R11=0x27febafffff3fefa is an unknown value
R12=0x0 is NULL
R13=0x00000024b57fb038 is pointing into the stack for thread: 0x000001ed153e5800
R14=0x000001ed74ab0600 points into unknown readable memory: 80 cc 93 77 ed 01 00 00
R15=0x90076a00a293dfeb is an unknown value


Registers:
RAX=0x000001ed784f5c01, RBX=0x90076a00a293dfeb, RCX=0x000001ed784f5c40, RDX=0x90076a00a293dfeb
RSP=0x00000024b57fadf0, RBP=0x00000024b57faf20, RSI=0x000001ed153ad390, RDI=0x00000024b57fb1b8
R8 =0x00000024b57fb038, R9 =0x0000000000000000, R10=0x00007ff8e3e70000, R11=0x27febafffff3fefa
R12=0x0000000000000000, R13=0x00000024b57fb038, R14=0x000001ed74ab0600, R15=0x90076a00a293dfeb
RIP=0x00007ff8c8802745, EFLAGS=0x0000000000010202

Top of Stack: (sp=0x00000024b57fadf0)
0x00000024b57fadf0:   000001ed74830000 0000002400000001
0x00000024b57fae00:   00000000000000a8 90076a00a293dfeb
0x00000024b57fae10:   90076a00a293dfeb 00007ff8c87f7998
0x00000024b57fae20:   0000000000000000 0000000000000000
0x00000024b57fae30:   0000000000000000 000001ed3dc48cb8
0x00000024b57fae40:   0000000000000000 00007ff94a761b06
0x00000024b57fae50:   0000000000000000 0000000000000018
0x00000024b57fae60:   0000000000000000 000001ed3dc48c68
0x00000024b57fae70:   00007ff8c9722e20 00007ff8e3b832c5
0x00000024b57fae80:   0000000000000000 00007ff8aabd3712
0x00000024b57fae90:   0000000000000000 fffffffffffffffe
0x00000024b57faea0:   0000000000000000 00007ff8e3b8365f
0x00000024b57faeb0:   00001d12e2373448 00007ff8e3b83598
0x00000024b57faec0:   0000000008ace6fa 000001ed3ebb2b80
0x00000024b57faed0:   000001ed3dc48c20 00007ff8c88624ce
0x00000024b57faee0:   000001ed3dc48cb8 00007ff8c8861908 

Instructions: (pc=0x00007ff8c8802745)
0x00007ff8c8802725:   20 48 8b d9 e8 b2 cc 04 00 48 8b c8 48 8b d3 e8
0x00007ff8c8802735:   27 0f 05 00 84 c0 75 08 33 c0 48 83 c4 20 5b c3
0x00007ff8c8802745:   48 8b 4b 50 48 85 c9 74 0a 48 83 c4 20 5b e9 28
0x00007ff8c8802755:   e9 04 00 48 8b d3 48 8d 0d 66 6a 8f 00 e8 f9 c7 


Stack slot to memory mapping:
stack at sp + 0 slots: 0x000001ed74830000 points into unknown readable memory: 00 00 00 00 00 00 00 00
stack at sp + 1 slots: 0x0000002400000001 is an unknown value
stack at sp + 2 slots: 0x00000000000000a8 is an unknown value
stack at sp + 3 slots: 0x90076a00a293dfeb is an unknown value
stack at sp + 4 slots: 0x90076a00a293dfeb is an unknown value
stack at sp + 5 slots: 0x00007ff8c87f7998 librdi_common.dll
stack at sp + 6 slots: 0x0 is NULL
stack at sp + 7 slots: 0x0 is NULL


---------------  P R O C E S S  ---------------

Threads class SMR info:
_java_thread_list=0x000001ed47029890, length=35, elements={
0x000001ed7d354800, 0x000001ed7e03e800, 0x000001ed7d3ae800, 0x000001ed7c095000,
0x000001ed7c096000, 0x000001ed02431000, 0x000001ed02432000, 0x000001ed02433000,
0x000001ed02321000, 0x000001ed02aae800, 0x000001ed13801800, 0x000001ed13dc4000,
0x000001ed13f02000, 0x000001ed153e4800, 0x000001ed153e5800, 0x000001ed153e7000,
0x000001ed156b3000, 0x000001ed156c7000, 0x000001ed1606e000, 0x000001ed16074800,
0x000001ed16072000, 0x000001ed16071000, 0x000001ed16070800, 0x000001ed17477800,
0x000001ed17472800, 0x000001ed17473800, 0x000001ed17475000, 0x000001ed1747e000,
0x000001ed1747d800, 0x000001ed17477000, 0x000001ed17479000, 0x000001ed1747a000,
0x000001ed17478800, 0x000001ed1747b000, 0x000001ed1747f800
}

Java Threads: ( => current thread )
  0x000001ed7d354800 JavaThread "main" [_thread_blocked, id=15832, stack(0x00000024b0b00000,0x00000024b0c00000)]
  0x000001ed7e03e800 JavaThread "Reference Handler" daemon [_thread_blocked, id=18036, stack(0x00000024b1200000,0x00000024b1700000)]
  0x000001ed7d3ae800 JavaThread "Finalizer" daemon [_thread_blocked, id=15128, stack(0x00000024b1700000,0x00000024b1c00000)]
  0x000001ed7c095000 JavaThread "Signal Dispatcher" daemon [_thread_blocked, id=3864, stack(0x00000024b1c00000,0x00000024b2100000)]
  0x000001ed7c096000 JavaThread "Attach Listener" daemon [_thread_blocked, id=10480, stack(0x00000024b2100000,0x00000024b2600000)]
  0x000001ed02431000 JavaThread "C2 CompilerThread0" daemon [_thread_blocked, id=15512, stack(0x00000024b2600000,0x00000024b2700000)]
  0x000001ed02432000 JavaThread "C1 CompilerThread0" daemon [_thread_blocked, id=16644, stack(0x00000024b2700000,0x00000024b2800000)]
  0x000001ed02433000 JavaThread "Sweeper thread" daemon [_thread_blocked, id=15912, stack(0x00000024b2800000,0x00000024b2d00000)]
  0x000001ed02321000 JavaThread "Common-Cleaner" daemon [_thread_blocked, id=10104, stack(0x00000024b2d00000,0x00000024b3200000)]
  0x000001ed02aae800 JavaThread "Service Thread" daemon [_thread_blocked, id=7332, stack(0x00000024b3200000,0x00000024b3700000)]
  0x000001ed13801800 JavaThread "Java2D Disposer" daemon [_thread_blocked, id=18340, stack(0x00000024b3800000,0x00000024b3d00000)]
  0x000001ed13dc4000 JavaThread "AWT-Windows" daemon [_thread_in_native, id=3892, stack(0x00000024b4200000,0x00000024b4700000)]
  0x000001ed13f02000 JavaThread "TimerQueue" daemon [_thread_blocked, id=13536, stack(0x00000024b4700000,0x00000024b4c00000)]
  0x000001ed153e4800 JavaThread "AWT-Shutdown" [_thread_blocked, id=22624, stack(0x00000024b3d00000,0x00000024b4200000)]
=>0x000001ed153e5800 JavaThread "AWT-EventQueue-0" [_thread_in_native, id=12820, stack(0x00000024b5300000,0x00000024b5800000)]
  0x000001ed153e7000 JavaThread "Thread-1" [_thread_in_native, id=25316, stack(0x00000024af500000,0x00000024b0900000)]
  0x000001ed156b3000 JavaThread "Process Messages Thread" [_thread_blocked, id=19364, stack(0x00000024b5d00000,0x00000024b6200000)]
  0x000001ed156c7000 JavaThread "Batik CleanerThread" daemon [_thread_blocked, id=7432, stack(0x00000024b5800000,0x00000024b5d00000)]
  0x000001ed1606e000 JavaThread "SyntheticaCleanerThread" daemon [_thread_blocked, id=18064, stack(0x00000024b7100000,0x00000024b7600000)]
  0x000001ed16074800 JavaThread "Monitor HEventQueue Thread" [_thread_blocked, id=23940, stack(0x00000024b6b00000,0x00000024b7000000)]
  0x000001ed16072000 JavaThread "SyntheticaAnimation 50" daemon [_thread_blocked, id=10308, stack(0x00000024b7600000,0x00000024b7b00000)]
  0x000001ed16071000 JavaThread "SyntheticaAnimation 25" daemon [_thread_blocked, id=23280, stack(0x00000024b7b00000,0x00000024b8000000)]
  0x000001ed16070800 JavaThread "SyntheticaAnimation 70" daemon [_thread_blocked, id=21896, stack(0x00000024b8500000,0x00000024b8a00000)]
  0x000001ed17477800 JavaThread "Refresh Filesets Swing Worker Thread" [_thread_blocked, id=27044, stack(0x00000024b8a00000,0x00000024b8f00000)]
  0x000001ed17472800 JavaThread "hw_ila_monitor" [_thread_blocked, id=23728, stack(0x00000024b8f00000,0x00000024b9400000)]
  0x000001ed17473800 JavaThread "pool-1-thread-1" [_thread_blocked, id=7688, stack(0x00000024b9e00000,0x00000024ba300000)]
  0x000001ed17475000 JavaThread "pool-2-thread-1" [_thread_blocked, id=17296, stack(0x00000024ba300000,0x00000024ba800000)]
  0x000001ed1747e000 JavaThread "pool-3-thread-1" [_thread_blocked, id=25440, stack(0x00000024ba800000,0x00000024bad00000)]
  0x000001ed1747d800 JavaThread "Update Runs Swing Worker Thread" [_thread_blocked, id=1544, stack(0x00000024bad00000,0x00000024bb200000)]
  0x000001ed17477000 JavaThread "SyntheticaAnimation 50" daemon [_thread_blocked, id=25488, stack(0x00000024b9600000,0x00000024b9b00000)]
  0x000001ed17479000 JavaThread "SyntheticaAnimation 50" daemon [_thread_blocked, id=22872, stack(0x00000024b4c00000,0x00000024b5100000)]
  0x000001ed1747a000 JavaThread "Image Animator 3" daemon [_thread_blocked, id=20884, stack(0x00000024bb200000,0x00000024bb700000)]
  0x000001ed17478800 JavaThread "Thread-23871" [_thread_in_native, id=25264, stack(0x00000024af300000,0x00000024af400000)]
  0x000001ed1747b000 JavaThread "Thread-23872" [_thread_in_native, id=9884, stack(0x00000024b9b00000,0x00000024b9c00000)]
  0x000001ed1747f800 JavaThread "Relaunch Simulation Thread" [_thread_blocked, id=9816, stack(0x00000024bb700000,0x00000024bbc00000)]

Other Threads:
  0x000001ed7e03d800 VMThread "VM Thread" [stack: 0x00000024b1100000,0x00000024b1200000] [id=2260]
  0x000001ed02ab1000 WatcherThread [stack: 0x00000024b3700000,0x00000024b3800000] [id=14516]
  0x000001ed7d18a800 GCTaskThread "GC Thread#0" [stack: 0x00000024b0c00000,0x00000024b0d00000] [id=1988]
  0x000001ed1597b800 GCTaskThread "GC Thread#1" [stack: 0x00000024b6200000,0x00000024b6300000] [id=24288]
  0x000001ed156c9000 GCTaskThread "GC Thread#2" [stack: 0x00000024b6300000,0x00000024b6400000] [id=25400]
  0x000001ed156ca000 GCTaskThread "GC Thread#3" [stack: 0x00000024b6400000,0x00000024b6500000] [id=26460]
  0x000001ed1622f800 GCTaskThread "GC Thread#4" [stack: 0x00000024b6500000,0x00000024b6600000] [id=25284]
  0x000001ed16230000 GCTaskThread "GC Thread#5" [stack: 0x00000024b6600000,0x00000024b6700000] [id=16420]
  0x000001ed140d9800 GCTaskThread "GC Thread#6" [stack: 0x00000024b6700000,0x00000024b6800000] [id=5976]
  0x000001ed140da800 GCTaskThread "GC Thread#7" [stack: 0x00000024b6800000,0x00000024b6900000] [id=15104]
  0x000001ed00fce800 ConcurrentGCThread "G1 Main Marker" [stack: 0x00000024b0d00000,0x00000024b0e00000] [id=13124]
  0x000001ed7d3d7800 ConcurrentGCThread "G1 Conc#0" [stack: 0x00000024b0e00000,0x00000024b0f00000] [id=8688]
  0x000001ed16c83000 ConcurrentGCThread "G1 Conc#1" [stack: 0x00000024b6a00000,0x00000024b6b00000] [id=7004]
  0x000001ed7d3d8000 ConcurrentGCThread "G1 Refine#0" [stack: 0x00000024b0f00000,0x00000024b1000000] [id=2400]
  0x000001ed1566b800 ConcurrentGCThread "G1 Refine#1" [stack: 0x00000024b6900000,0x00000024b6a00000] [id=12236]
  0x000001ed16a0e800 ConcurrentGCThread "G1 Refine#2" [stack: 0x00000024b7000000,0x00000024b7100000] [id=17264]
  0x000001ed34ae6800 ConcurrentGCThread "G1 Young RemSet Sampling" [stack: 0x00000024b1000000,0x00000024b1100000] [id=14644]

Threads with active compile tasks:

VM state:not at safepoint (normal execution)

VM Mutex/Monitor currently owned by a thread: None

Heap address: 0x0000000740000000, size: 3072 MB, Compressed Oops mode: Zero based, Oop shift amount: 3
Narrow klass base: 0x0000000800000000, Narrow klass shift: 0
Compressed class space size: 1073741824 Address: 0x0000000800000000

Heap:
 garbage-first heap   total 286720K, used 115934K [0x0000000740000000, 0x0000000800000000)
  region size 1024K, 30 young (30720K), 0 survivors (0K)
 Metaspace       used 93391K, capacity 94407K, committed 99484K, reserved 1134592K
  class space    used 12180K, capacity 12584K, committed 14412K, reserved 1048576K
Heap Regions: E=young(eden), S=young(survivor), O=old, HS=humongous(starts), HC=humongous(continues), CS=collection set, F=free, A=archive, TAMS=top-at-mark-start (previous, next)
|   0|0x0000000740000000, 0x0000000740100000, 0x0000000740100000|100%|HS|  |TAMS 0x0000000740000000, 0x0000000740000000| Untracked 
|   1|0x0000000740100000, 0x0000000740200000, 0x0000000740200000|100%|HC|  |TAMS 0x0000000740100000, 0x0000000740100000| Untracked 
|   2|0x0000000740200000, 0x0000000740300000, 0x0000000740300000|100%|HS|  |TAMS 0x0000000740200000, 0x0000000740200000| Untracked 
|   3|0x0000000740300000, 0x0000000740400000, 0x0000000740400000|100%| O|  |TAMS 0x0000000740300000, 0x0000000740300000| Untracked 
|   4|0x0000000740400000, 0x0000000740500000, 0x0000000740500000|100%| O|  |TAMS 0x0000000740400000, 0x0000000740400000| Untracked 
|   5|0x0000000740500000, 0x0000000740600000, 0x0000000740600000|100%| O|  |TAMS 0x0000000740500000, 0x0000000740500000| Untracked 
|   6|0x0000000740600000, 0x00000007406ffff8, 0x0000000740700000| 99%| O|  |TAMS 0x0000000740600000, 0x0000000740600000| Untracked 
|   7|0x0000000740700000, 0x0000000740800000, 0x0000000740800000|100%| O|  |TAMS 0x0000000740700000, 0x0000000740700000| Untracked 
|   8|0x0000000740800000, 0x00000007408ffff0, 0x0000000740900000| 99%| O|  |TAMS 0x0000000740800000, 0x0000000740800000| Untracked 
|   9|0x0000000740900000, 0x0000000740a00000, 0x0000000740a00000|100%| O|  |TAMS 0x0000000740900000, 0x0000000740900000| Untracked 
|  10|0x0000000740a00000, 0x0000000740b00000, 0x0000000740b00000|100%| O|  |TAMS 0x0000000740a00000, 0x0000000740a00000| Untracked 
|  11|0x0000000740b00000, 0x0000000740c00000, 0x0000000740c00000|100%| O|  |TAMS 0x0000000740b00000, 0x0000000740b00000| Untracked 
|  12|0x0000000740c00000, 0x0000000740cffff8, 0x0000000740d00000| 99%| O|  |TAMS 0x0000000740c00000, 0x0000000740c00000| Untracked 
|  13|0x0000000740d00000, 0x0000000740e00000, 0x0000000740e00000|100%| O|  |TAMS 0x0000000740d00000, 0x0000000740d00000| Untracked 
|  14|0x0000000740e00000, 0x0000000740f00000, 0x0000000740f00000|100%| O|  |TAMS 0x0000000740e00000, 0x0000000740e00000| Untracked 
|  15|0x0000000740f00000, 0x0000000740ffffd8, 0x0000000741000000| 99%| O|  |TAMS 0x0000000740f00000, 0x0000000740f00000| Untracked 
|  16|0x0000000741000000, 0x0000000741100000, 0x0000000741100000|100%| O|  |TAMS 0x0000000741000000, 0x0000000741000000| Untracked 
|  17|0x0000000741100000, 0x0000000741200000, 0x0000000741200000|100%| O|  |TAMS 0x0000000741100000, 0x0000000741100000| Untracked 
|  18|0x0000000741200000, 0x0000000741300000, 0x0000000741300000|100%| O|  |TAMS 0x0000000741200000, 0x0000000741200000| Untracked 
|  19|0x0000000741300000, 0x00000007413ffff8, 0x0000000741400000| 99%| O|  |TAMS 0x0000000741300000, 0x0000000741300000| Untracked 
|  20|0x0000000741400000, 0x0000000741500000, 0x0000000741500000|100%| O|  |TAMS 0x0000000741400000, 0x0000000741400000| Untracked 
|  21|0x0000000741500000, 0x0000000741600000, 0x0000000741600000|100%| O|  |TAMS 0x0000000741500000, 0x0000000741500000| Untracked 
|  22|0x0000000741600000, 0x0000000741700000, 0x0000000741700000|100%|HS|  |TAMS 0x0000000741600000, 0x0000000741600000| Untracked 
|  23|0x0000000741700000, 0x0000000741800000, 0x0000000741800000|100%|HC|  |TAMS 0x0000000741700000, 0x0000000741700000| Untracked 
|  24|0x0000000741800000, 0x0000000741900000, 0x0000000741900000|100%|HS|  |TAMS 0x0000000741800000, 0x0000000741800000| Untracked 
|  25|0x0000000741900000, 0x0000000741a00000, 0x0000000741a00000|100%|HS|  |TAMS 0x0000000741900000, 0x0000000741900000| Untracked 
|  26|0x0000000741a00000, 0x0000000741affff8, 0x0000000741b00000| 99%| O|  |TAMS 0x0000000741a00000, 0x0000000741a00000| Untracked 
|  27|0x0000000741b00000, 0x0000000741bffff8, 0x0000000741c00000| 99%| O|  |TAMS 0x0000000741b00000, 0x0000000741b00000| Untracked 
|  28|0x0000000741c00000, 0x0000000741cffff8, 0x0000000741d00000| 99%| O|  |TAMS 0x0000000741c00000, 0x0000000741c00000| Untracked 
|  29|0x0000000741d00000, 0x0000000741e00000, 0x0000000741e00000|100%| O|  |TAMS 0x0000000741d00000, 0x0000000741d00000| Untracked 
|  30|0x0000000741e00000, 0x0000000741effff0, 0x0000000741f00000| 99%| O|  |TAMS 0x0000000741e00000, 0x0000000741e00000| Untracked 
|  31|0x0000000741f00000, 0x0000000742000000, 0x0000000742000000|100%| O|  |TAMS 0x0000000741f00000, 0x0000000741f00000| Untracked 
|  32|0x0000000742000000, 0x00000007420ffff8, 0x0000000742100000| 99%| O|  |TAMS 0x0000000742000000, 0x0000000742000000| Untracked 
|  33|0x0000000742100000, 0x0000000742200000, 0x0000000742200000|100%| O|  |TAMS 0x0000000742100000, 0x0000000742100000| Untracked 
|  34|0x0000000742200000, 0x00000007422ffff8, 0x0000000742300000| 99%| O|  |TAMS 0x0000000742200000, 0x0000000742200000| Untracked 
|  35|0x0000000742300000, 0x00000007423ffff0, 0x0000000742400000| 99%| O|  |TAMS 0x0000000742300000, 0x0000000742300000| Untracked 
|  36|0x0000000742400000, 0x0000000742500000, 0x0000000742500000|100%| O|  |TAMS 0x0000000742400000, 0x0000000742400000| Untracked 
|  37|0x0000000742500000, 0x00000007425fffc0, 0x0000000742600000| 99%| O|  |TAMS 0x0000000742500000, 0x0000000742500000| Untracked 
|  38|0x0000000742600000, 0x0000000742700000, 0x0000000742700000|100%| O|  |TAMS 0x0000000742600000, 0x0000000742600000| Untracked 
|  39|0x0000000742700000, 0x0000000742800000, 0x0000000742800000|100%| O|  |TAMS 0x0000000742700000, 0x0000000742700000| Untracked 
|  40|0x0000000742800000, 0x0000000742900000, 0x0000000742900000|100%| O|  |TAMS 0x0000000742800000, 0x0000000742800000| Untracked 
|  41|0x0000000742900000, 0x00000007429ffff8, 0x0000000742a00000| 99%| O|  |TAMS 0x0000000742900000, 0x0000000742900000| Untracked 
|  42|0x0000000742a00000, 0x0000000742afffe0, 0x0000000742b00000| 99%| O|  |TAMS 0x0000000742a00000, 0x0000000742a00000| Untracked 
|  43|0x0000000742b00000, 0x0000000742bffff8, 0x0000000742c00000| 99%| O|  |TAMS 0x0000000742b00000, 0x0000000742b00000| Untracked 
|  44|0x0000000742c00000, 0x0000000742d00000, 0x0000000742d00000|100%| O|  |TAMS 0x0000000742c00000, 0x0000000742c00000| Untracked 
|  45|0x0000000742d00000, 0x0000000742dffff8, 0x0000000742e00000| 99%| O|  |TAMS 0x0000000742d00000, 0x0000000742d00000| Untracked 
|  46|0x0000000742e00000, 0x0000000742f00000, 0x0000000742f00000|100%| O|  |TAMS 0x0000000742e00000, 0x0000000742e00000| Untracked 
|  47|0x0000000742f00000, 0x0000000742fffff8, 0x0000000743000000| 99%| O|  |TAMS 0x0000000742f00000, 0x0000000742f00000| Untracked 
|  48|0x0000000743000000, 0x00000007430ffff8, 0x0000000743100000| 99%| O|  |TAMS 0x0000000743000000, 0x0000000743000000| Untracked 
|  49|0x0000000743100000, 0x0000000743200000, 0x0000000743200000|100%| O|  |TAMS 0x0000000743100000, 0x0000000743100000| Untracked 
|  50|0x0000000743200000, 0x0000000743300000, 0x0000000743300000|100%| O|  |TAMS 0x0000000743200000, 0x0000000743200000| Untracked 
|  51|0x0000000743300000, 0x00000007433ffff0, 0x0000000743400000| 99%| O|  |TAMS 0x0000000743300000, 0x0000000743300000| Untracked 
|  52|0x0000000743400000, 0x0000000743500000, 0x0000000743500000|100%| O|  |TAMS 0x0000000743400000, 0x0000000743400000| Untracked 
|  53|0x0000000743500000, 0x0000000743600000, 0x0000000743600000|100%| O|  |TAMS 0x0000000743500000, 0x0000000743500000| Untracked 
|  54|0x0000000743600000, 0x00000007436ffff0, 0x0000000743700000| 99%| O|  |TAMS 0x0000000743600000, 0x0000000743600000| Untracked 
|  55|0x0000000743700000, 0x0000000743800000, 0x0000000743800000|100%| O|  |TAMS 0x0000000743700000, 0x0000000743700000| Untracked 
|  56|0x0000000743800000, 0x0000000743900000, 0x0000000743900000|100%|HS|  |TAMS 0x0000000743800000, 0x0000000743800000| Untracked 
|  57|0x0000000743900000, 0x0000000743a00000, 0x0000000743a00000|100%| O|  |TAMS 0x0000000743900000, 0x0000000743900000| Untracked 
|  58|0x0000000743a00000, 0x0000000743affff0, 0x0000000743b00000| 99%| O|  |TAMS 0x0000000743a00000, 0x0000000743a00000| Untracked 
|  59|0x0000000743b00000, 0x0000000743c00000, 0x0000000743c00000|100%| O|  |TAMS 0x0000000743b00000, 0x0000000743b00000| Untracked 
|  60|0x0000000743c00000, 0x0000000743cffff0, 0x0000000743d00000| 99%| O|  |TAMS 0x0000000743c00000, 0x0000000743c00000| Untracked 
|  61|0x0000000743d00000, 0x0000000743e00000, 0x0000000743e00000|100%| O|  |TAMS 0x0000000743d00000, 0x0000000743d00000| Untracked 
|  62|0x0000000743e00000, 0x0000000743effff8, 0x0000000743f00000| 99%| O|  |TAMS 0x0000000743e00000, 0x0000000743e00000| Untracked 
|  63|0x0000000743f00000, 0x0000000743fffff0, 0x0000000744000000| 99%| O|  |TAMS 0x0000000743f00000, 0x0000000743f00000| Untracked 
|  64|0x0000000744000000, 0x00000007440ffff0, 0x0000000744100000| 99%| O|  |TAMS 0x0000000744000000, 0x0000000744000000| Untracked 
|  65|0x0000000744100000, 0x00000007441ffef8, 0x0000000744200000| 99%| O|  |TAMS 0x0000000744100000, 0x0000000744100000| Untracked 
|  66|0x0000000744200000, 0x00000007442ffff8, 0x0000000744300000| 99%| O|  |TAMS 0x0000000744200000, 0x0000000744200000| Untracked 
|  67|0x0000000744300000, 0x00000007443ee4f0, 0x0000000744400000| 93%| O|  |TAMS 0x0000000744300000, 0x0000000744300000| Untracked 
|  68|0x0000000744400000, 0x00000007444e1890, 0x0000000744500000| 88%| O|  |TAMS 0x0000000744400000, 0x0000000744400000| Untracked 
|  69|0x0000000744500000, 0x00000007445db568, 0x0000000744600000| 85%| O|  |TAMS 0x0000000744500000, 0x0000000744500000| Untracked 
|  70|0x0000000744600000, 0x000000074467ed58, 0x0000000744700000| 49%| O|  |TAMS 0x0000000744600000, 0x0000000744600000| Untracked 
|  71|0x0000000744700000, 0x0000000744700000, 0x0000000744800000|  0%| F|  |TAMS 0x0000000744700000, 0x0000000744700000| Untracked 
|  72|0x0000000744800000, 0x0000000744900000, 0x0000000744900000|100%|HS|  |TAMS 0x0000000744800000, 0x0000000744800000| Untracked 
|  73|0x0000000744900000, 0x0000000744a00000, 0x0000000744a00000|100%|HC|  |TAMS 0x0000000744900000, 0x0000000744900000| Untracked 
|  74|0x0000000744a00000, 0x0000000744b00000, 0x0000000744b00000|100%|HC|  |TAMS 0x0000000744a00000, 0x0000000744a00000| Untracked 
|  75|0x0000000744b00000, 0x0000000744c00000, 0x0000000744c00000|100%|HC|  |TAMS 0x0000000744b00000, 0x0000000744b00000| Untracked 
|  76|0x0000000744c00000, 0x0000000744c00000, 0x0000000744d00000|  0%| F|  |TAMS 0x0000000744c00000, 0x0000000744c00000| Untracked 
|  77|0x0000000744d00000, 0x0000000744e00000, 0x0000000744e00000|100%|HS|  |TAMS 0x0000000744d00000, 0x0000000744d00000| Untracked 
|  78|0x0000000744e00000, 0x0000000744f00000, 0x0000000744f00000|100%|HC|  |TAMS 0x0000000744e00000, 0x0000000744e00000| Untracked 
|  79|0x0000000744f00000, 0x0000000745000000, 0x0000000745000000|100%|HS|  |TAMS 0x0000000744f00000, 0x0000000744f00000| Untracked 
|  80|0x0000000745000000, 0x0000000745100000, 0x0000000745100000|100%|HC|  |TAMS 0x0000000745000000, 0x0000000745000000| Untracked 
|  81|0x0000000745100000, 0x0000000745200000, 0x0000000745200000|100%|HC|  |TAMS 0x0000000745100000, 0x0000000745100000| Untracked 
|  82|0x0000000745200000, 0x0000000745300000, 0x0000000745300000|100%|HC|  |TAMS 0x0000000745200000, 0x0000000745200000| Untracked 
|  83|0x0000000745300000, 0x0000000745400000, 0x0000000745400000|100%|HC|  |TAMS 0x0000000745300000, 0x0000000745300000| Untracked 
|  84|0x0000000745400000, 0x0000000745500000, 0x0000000745500000|100%|HC|  |TAMS 0x0000000745400000, 0x0000000745400000| Untracked 
|  85|0x0000000745500000, 0x0000000745600000, 0x0000000745600000|100%|HC|  |TAMS 0x0000000745500000, 0x0000000745500000| Untracked 
|  86|0x0000000745600000, 0x0000000745700000, 0x0000000745700000|100%|HC|  |TAMS 0x0000000745600000, 0x0000000745600000| Untracked 
|  87|0x0000000745700000, 0x0000000745700000, 0x0000000745800000|  0%| F|  |TAMS 0x0000000745700000, 0x0000000745700000| Untracked 
|  88|0x0000000745800000, 0x0000000745800000, 0x0000000745900000|  0%| F|  |TAMS 0x0000000745800000, 0x0000000745800000| Untracked 
|  89|0x0000000745900000, 0x0000000745900000, 0x0000000745a00000|  0%| F|  |TAMS 0x0000000745900000, 0x0000000745900000| Untracked 
|  90|0x0000000745a00000, 0x0000000745a00000, 0x0000000745b00000|  0%| F|  |TAMS 0x0000000745a00000, 0x0000000745a00000| Untracked 
|  91|0x0000000745b00000, 0x0000000745b00000, 0x0000000745c00000|  0%| F|  |TAMS 0x0000000745b00000, 0x0000000745b00000| Untracked 
|  92|0x0000000745c00000, 0x0000000745c00000, 0x0000000745d00000|  0%| F|  |TAMS 0x0000000745c00000, 0x0000000745c00000| Untracked 
|  93|0x0000000745d00000, 0x0000000745d00000, 0x0000000745e00000|  0%| F|  |TAMS 0x0000000745d00000, 0x0000000745d00000| Untracked 
|  94|0x0000000745e00000, 0x0000000745e00000, 0x0000000745f00000|  0%| F|  |TAMS 0x0000000745e00000, 0x0000000745e00000| Untracked 
|  95|0x0000000745f00000, 0x0000000745f00000, 0x0000000746000000|  0%| F|  |TAMS 0x0000000745f00000, 0x0000000745f00000| Untracked 
|  96|0x0000000746000000, 0x0000000746000000, 0x0000000746100000|  0%| F|  |TAMS 0x0000000746000000, 0x0000000746000000| Untracked 
|  97|0x0000000746100000, 0x0000000746100000, 0x0000000746200000|  0%| F|  |TAMS 0x0000000746100000, 0x0000000746100000| Untracked 
|  98|0x0000000746200000, 0x0000000746200000, 0x0000000746300000|  0%| F|  |TAMS 0x0000000746200000, 0x0000000746200000| Untracked 
|  99|0x0000000746300000, 0x0000000746300000, 0x0000000746400000|  0%| F|  |TAMS 0x0000000746300000, 0x0000000746300000| Untracked 
| 100|0x0000000746400000, 0x0000000746400000, 0x0000000746500000|  0%| F|  |TAMS 0x0000000746400000, 0x0000000746400000| Untracked 
| 101|0x0000000746500000, 0x0000000746500000, 0x0000000746600000|  0%| F|  |TAMS 0x0000000746500000, 0x0000000746500000| Untracked 
| 102|0x0000000746600000, 0x0000000746600000, 0x0000000746700000|  0%| F|  |TAMS 0x0000000746600000, 0x0000000746600000| Untracked 
| 103|0x0000000746700000, 0x0000000746700000, 0x0000000746800000|  0%| F|  |TAMS 0x0000000746700000, 0x0000000746700000| Untracked 
| 104|0x0000000746800000, 0x0000000746800000, 0x0000000746900000|  0%| F|  |TAMS 0x0000000746800000, 0x0000000746800000| Untracked 
| 105|0x0000000746900000, 0x0000000746900000, 0x0000000746a00000|  0%| F|  |TAMS 0x0000000746900000, 0x0000000746900000| Untracked 
| 106|0x0000000746a00000, 0x0000000746a00000, 0x0000000746b00000|  0%| F|  |TAMS 0x0000000746a00000, 0x0000000746a00000| Untracked 
| 107|0x0000000746b00000, 0x0000000746b00000, 0x0000000746c00000|  0%| F|  |TAMS 0x0000000746b00000, 0x0000000746b00000| Untracked 
| 108|0x0000000746c00000, 0x0000000746c00000, 0x0000000746d00000|  0%| F|  |TAMS 0x0000000746c00000, 0x0000000746c00000| Untracked 
| 109|0x0000000746d00000, 0x0000000746d00000, 0x0000000746e00000|  0%| F|  |TAMS 0x0000000746d00000, 0x0000000746d00000| Untracked 
| 110|0x0000000746e00000, 0x0000000746e00000, 0x0000000746f00000|  0%| F|  |TAMS 0x0000000746e00000, 0x0000000746e00000| Untracked 
| 111|0x0000000746f00000, 0x0000000746f00000, 0x0000000747000000|  0%| F|  |TAMS 0x0000000746f00000, 0x0000000746f00000| Untracked 
| 112|0x0000000747000000, 0x0000000747000000, 0x0000000747100000|  0%| F|  |TAMS 0x0000000747000000, 0x0000000747000000| Untracked 
| 113|0x0000000747100000, 0x0000000747100000, 0x0000000747200000|  0%| F|  |TAMS 0x0000000747100000, 0x0000000747100000| Untracked 
| 114|0x0000000747200000, 0x0000000747200000, 0x0000000747300000|  0%| F|  |TAMS 0x0000000747200000, 0x0000000747200000| Untracked 
| 115|0x0000000747300000, 0x0000000747300000, 0x0000000747400000|  0%| F|  |TAMS 0x0000000747300000, 0x0000000747300000| Untracked 
| 116|0x0000000747400000, 0x0000000747400000, 0x0000000747500000|  0%| F|  |TAMS 0x0000000747400000, 0x0000000747400000| Untracked 
| 117|0x0000000747500000, 0x0000000747500000, 0x0000000747600000|  0%| F|  |TAMS 0x0000000747500000, 0x0000000747500000| Untracked 
| 118|0x0000000747600000, 0x0000000747600000, 0x0000000747700000|  0%| F|  |TAMS 0x0000000747600000, 0x0000000747600000| Untracked 
| 119|0x0000000747700000, 0x0000000747700000, 0x0000000747800000|  0%| F|  |TAMS 0x0000000747700000, 0x0000000747700000| Untracked 
| 120|0x0000000747800000, 0x0000000747800000, 0x0000000747900000|  0%| F|  |TAMS 0x0000000747800000, 0x0000000747800000| Untracked 
| 121|0x0000000747900000, 0x0000000747900000, 0x0000000747a00000|  0%| F|  |TAMS 0x0000000747900000, 0x0000000747900000| Untracked 
| 122|0x0000000747a00000, 0x0000000747a00000, 0x0000000747b00000|  0%| F|  |TAMS 0x0000000747a00000, 0x0000000747a00000| Untracked 
| 123|0x0000000747b00000, 0x0000000747b00000, 0x0000000747c00000|  0%| F|  |TAMS 0x0000000747b00000, 0x0000000747b00000| Untracked 
| 124|0x0000000747c00000, 0x0000000747c00000, 0x0000000747d00000|  0%| F|  |TAMS 0x0000000747c00000, 0x0000000747c00000| Untracked 
| 125|0x0000000747d00000, 0x0000000747d00000, 0x0000000747e00000|  0%| F|  |TAMS 0x0000000747d00000, 0x0000000747d00000| Untracked 
| 126|0x0000000747e00000, 0x0000000747e00000, 0x0000000747f00000|  0%| F|  |TAMS 0x0000000747e00000, 0x0000000747e00000| Untracked 
| 127|0x0000000747f00000, 0x0000000747f00000, 0x0000000748000000|  0%| F|  |TAMS 0x0000000747f00000, 0x0000000747f00000| Untracked 
| 128|0x0000000748000000, 0x0000000748000000, 0x0000000748100000|  0%| F|  |TAMS 0x0000000748000000, 0x0000000748000000| Untracked 
| 129|0x0000000748100000, 0x0000000748100000, 0x0000000748200000|  0%| F|  |TAMS 0x0000000748100000, 0x0000000748100000| Untracked 
| 130|0x0000000748200000, 0x0000000748200000, 0x0000000748300000|  0%| F|  |TAMS 0x0000000748200000, 0x0000000748200000| Untracked 
| 131|0x0000000748300000, 0x0000000748300000, 0x0000000748400000|  0%| F|  |TAMS 0x0000000748300000, 0x0000000748300000| Untracked 
| 132|0x0000000748400000, 0x0000000748400000, 0x0000000748500000|  0%| F|  |TAMS 0x0000000748400000, 0x0000000748400000| Untracked 
| 133|0x0000000748500000, 0x0000000748500000, 0x0000000748600000|  0%| F|  |TAMS 0x0000000748500000, 0x0000000748500000| Untracked 
| 134|0x0000000748600000, 0x0000000748600000, 0x0000000748700000|  0%| F|  |TAMS 0x0000000748600000, 0x0000000748600000| Untracked 
| 135|0x0000000748700000, 0x000000074870de50, 0x0000000748800000|  5%| O|  |TAMS 0x0000000748700000, 0x0000000748700000| Untracked 
| 136|0x0000000748800000, 0x0000000748800000, 0x0000000748900000|  0%| F|  |TAMS 0x0000000748800000, 0x0000000748800000| Untracked 
| 137|0x0000000748900000, 0x0000000748900000, 0x0000000748a00000|  0%| F|  |TAMS 0x0000000748900000, 0x0000000748900000| Untracked 
| 138|0x0000000748a00000, 0x0000000748a00000, 0x0000000748b00000|  0%| F|  |TAMS 0x0000000748a00000, 0x0000000748a00000| Untracked 
| 139|0x0000000748b00000, 0x0000000748b00000, 0x0000000748c00000|  0%| F|  |TAMS 0x0000000748b00000, 0x0000000748b00000| Untracked 
| 140|0x0000000748c00000, 0x0000000748c00000, 0x0000000748d00000|  0%| F|  |TAMS 0x0000000748c00000, 0x0000000748c00000| Untracked 
| 141|0x0000000748d00000, 0x0000000748d00000, 0x0000000748e00000|  0%| F|  |TAMS 0x0000000748d00000, 0x0000000748d00000| Untracked 
| 142|0x0000000748e00000, 0x0000000748e00000, 0x0000000748f00000|  0%| F|  |TAMS 0x0000000748e00000, 0x0000000748e00000| Untracked 
| 143|0x0000000748f00000, 0x0000000748f00000, 0x0000000749000000|  0%| F|  |TAMS 0x0000000748f00000, 0x0000000748f00000| Untracked 
| 144|0x0000000749000000, 0x0000000749000000, 0x0000000749100000|  0%| F|  |TAMS 0x0000000749000000, 0x0000000749000000| Untracked 
| 145|0x0000000749100000, 0x0000000749100000, 0x0000000749200000|  0%| F|  |TAMS 0x0000000749100000, 0x0000000749100000| Untracked 
| 146|0x0000000749200000, 0x0000000749200000, 0x0000000749300000|  0%| F|  |TAMS 0x0000000749200000, 0x0000000749200000| Untracked 
| 147|0x0000000749300000, 0x0000000749300000, 0x0000000749400000|  0%| F|  |TAMS 0x0000000749300000, 0x0000000749300000| Untracked 
| 148|0x0000000749400000, 0x0000000749400000, 0x0000000749500000|  0%| F|  |TAMS 0x0000000749400000, 0x0000000749400000| Untracked 
| 149|0x0000000749500000, 0x0000000749500000, 0x0000000749600000|  0%| F|  |TAMS 0x0000000749500000, 0x0000000749500000| Untracked 
| 150|0x0000000749600000, 0x0000000749600000, 0x0000000749700000|  0%| F|  |TAMS 0x0000000749600000, 0x0000000749600000| Untracked 
| 151|0x0000000749700000, 0x0000000749700000, 0x0000000749800000|  0%| F|  |TAMS 0x0000000749700000, 0x0000000749700000| Untracked 
| 152|0x0000000749800000, 0x0000000749800000, 0x0000000749900000|  0%| F|  |TAMS 0x0000000749800000, 0x0000000749800000| Untracked 
| 153|0x0000000749900000, 0x0000000749900000, 0x0000000749a00000|  0%| F|  |TAMS 0x0000000749900000, 0x0000000749900000| Untracked 
| 154|0x0000000749a00000, 0x0000000749a00000, 0x0000000749b00000|  0%| F|  |TAMS 0x0000000749a00000, 0x0000000749a00000| Untracked 
| 155|0x0000000749b00000, 0x0000000749b00000, 0x0000000749c00000|  0%| F|  |TAMS 0x0000000749b00000, 0x0000000749b00000| Untracked 
| 156|0x0000000749c00000, 0x0000000749c00000, 0x0000000749d00000|  0%| F|  |TAMS 0x0000000749c00000, 0x0000000749c00000| Untracked 
| 157|0x0000000749d00000, 0x0000000749d00000, 0x0000000749e00000|  0%| F|  |TAMS 0x0000000749d00000, 0x0000000749d00000| Untracked 
| 158|0x0000000749e00000, 0x0000000749e00000, 0x0000000749f00000|  0%| F|  |TAMS 0x0000000749e00000, 0x0000000749e00000| Untracked 
| 159|0x0000000749f00000, 0x0000000749f00000, 0x000000074a000000|  0%| F|  |TAMS 0x0000000749f00000, 0x0000000749f00000| Untracked 
| 160|0x000000074a000000, 0x000000074a000000, 0x000000074a100000|  0%| F|  |TAMS 0x000000074a000000, 0x000000074a000000| Untracked 
| 161|0x000000074a100000, 0x000000074a100000, 0x000000074a200000|  0%| F|  |TAMS 0x000000074a100000, 0x000000074a100000| Untracked 
| 162|0x000000074a200000, 0x000000074a200000, 0x000000074a300000|  0%| F|  |TAMS 0x000000074a200000, 0x000000074a200000| Untracked 
| 163|0x000000074a300000, 0x000000074a300000, 0x000000074a400000|  0%| F|  |TAMS 0x000000074a300000, 0x000000074a300000| Untracked 
| 164|0x000000074a400000, 0x000000074a400000, 0x000000074a500000|  0%| F|  |TAMS 0x000000074a400000, 0x000000074a400000| Untracked 
| 165|0x000000074a500000, 0x000000074a500000, 0x000000074a600000|  0%| F|  |TAMS 0x000000074a500000, 0x000000074a500000| Untracked 
| 166|0x000000074a600000, 0x000000074a600000, 0x000000074a700000|  0%| F|  |TAMS 0x000000074a600000, 0x000000074a600000| Untracked 
| 167|0x000000074a700000, 0x000000074a700000, 0x000000074a800000|  0%| F|  |TAMS 0x000000074a700000, 0x000000074a700000| Untracked 
| 168|0x000000074a800000, 0x000000074a800000, 0x000000074a900000|  0%| F|  |TAMS 0x000000074a800000, 0x000000074a800000| Untracked 
| 169|0x000000074a900000, 0x000000074a900000, 0x000000074aa00000|  0%| F|  |TAMS 0x000000074a900000, 0x000000074a900000| Untracked 
| 170|0x000000074aa00000, 0x000000074aa00000, 0x000000074ab00000|  0%| F|  |TAMS 0x000000074aa00000, 0x000000074aa00000| Untracked 
| 171|0x000000074ab00000, 0x000000074ab00000, 0x000000074ac00000|  0%| F|  |TAMS 0x000000074ab00000, 0x000000074ab00000| Untracked 
| 172|0x000000074ac00000, 0x000000074ac00000, 0x000000074ad00000|  0%| F|  |TAMS 0x000000074ac00000, 0x000000074ac00000| Untracked 
| 173|0x000000074ad00000, 0x000000074ad00000, 0x000000074ae00000|  0%| F|  |TAMS 0x000000074ad00000, 0x000000074ad00000| Untracked 
| 174|0x000000074ae00000, 0x000000074ae00000, 0x000000074af00000|  0%| F|  |TAMS 0x000000074ae00000, 0x000000074ae00000| Untracked 
| 175|0x000000074af00000, 0x000000074af00000, 0x000000074b000000|  0%| F|  |TAMS 0x000000074af00000, 0x000000074af00000| Untracked 
| 176|0x000000074b000000, 0x000000074b000000, 0x000000074b100000|  0%| F|  |TAMS 0x000000074b000000, 0x000000074b000000| Untracked 
| 177|0x000000074b100000, 0x000000074b100000, 0x000000074b200000|  0%| F|  |TAMS 0x000000074b100000, 0x000000074b100000| Untracked 
| 178|0x000000074b200000, 0x000000074b200000, 0x000000074b300000|  0%| F|  |TAMS 0x000000074b200000, 0x000000074b200000| Untracked 
| 179|0x000000074b300000, 0x000000074b300000, 0x000000074b400000|  0%| F|  |TAMS 0x000000074b300000, 0x000000074b300000| Untracked 
| 180|0x000000074b400000, 0x000000074b400000, 0x000000074b500000|  0%| F|  |TAMS 0x000000074b400000, 0x000000074b400000| Untracked 
| 181|0x000000074b500000, 0x000000074b500000, 0x000000074b600000|  0%| F|  |TAMS 0x000000074b500000, 0x000000074b500000| Untracked 
| 182|0x000000074b600000, 0x000000074b600000, 0x000000074b700000|  0%| F|  |TAMS 0x000000074b600000, 0x000000074b600000| Untracked 
| 183|0x000000074b700000, 0x000000074b700000, 0x000000074b800000|  0%| F|  |TAMS 0x000000074b700000, 0x000000074b700000| Untracked 
| 184|0x000000074b800000, 0x000000074b800000, 0x000000074b900000|  0%| F|  |TAMS 0x000000074b800000, 0x000000074b800000| Untracked 
| 185|0x000000074b900000, 0x000000074b900000, 0x000000074ba00000|  0%| F|  |TAMS 0x000000074b900000, 0x000000074b900000| Untracked 
| 186|0x000000074ba00000, 0x000000074ba00000, 0x000000074bb00000|  0%| F|  |TAMS 0x000000074ba00000, 0x000000074ba00000| Untracked 
| 187|0x000000074bb00000, 0x000000074bb00000, 0x000000074bc00000|  0%| F|  |TAMS 0x000000074bb00000, 0x000000074bb00000| Untracked 
| 188|0x000000074bc00000, 0x000000074bc00000, 0x000000074bd00000|  0%| F|  |TAMS 0x000000074bc00000, 0x000000074bc00000| Untracked 
| 189|0x000000074bd00000, 0x000000074bd00000, 0x000000074be00000|  0%| F|  |TAMS 0x000000074bd00000, 0x000000074bd00000| Untracked 
| 190|0x000000074be00000, 0x000000074be00000, 0x000000074bf00000|  0%| F|  |TAMS 0x000000074be00000, 0x000000074be00000| Untracked 
| 191|0x000000074bf00000, 0x000000074bf00000, 0x000000074c000000|  0%| F|  |TAMS 0x000000074bf00000, 0x000000074bf00000| Untracked 
| 192|0x000000074c000000, 0x000000074c000000, 0x000000074c100000|  0%| F|  |TAMS 0x000000074c000000, 0x000000074c000000| Untracked 
| 193|0x000000074c100000, 0x000000074c100000, 0x000000074c200000|  0%| F|  |TAMS 0x000000074c100000, 0x000000074c100000| Untracked 
| 194|0x000000074c200000, 0x000000074c200000, 0x000000074c300000|  0%| F|  |TAMS 0x000000074c200000, 0x000000074c200000| Untracked 
| 195|0x000000074c300000, 0x000000074c300000, 0x000000074c400000|  0%| F|  |TAMS 0x000000074c300000, 0x000000074c300000| Untracked 
| 196|0x000000074c400000, 0x000000074c400000, 0x000000074c500000|  0%| F|  |TAMS 0x000000074c400000, 0x000000074c400000| Untracked 
| 197|0x000000074c500000, 0x000000074c500000, 0x000000074c600000|  0%| F|  |TAMS 0x000000074c500000, 0x000000074c500000| Untracked 
| 198|0x000000074c600000, 0x000000074c600000, 0x000000074c700000|  0%| F|  |TAMS 0x000000074c600000, 0x000000074c600000| Untracked 
| 199|0x000000074c700000, 0x000000074c700000, 0x000000074c800000|  0%| F|  |TAMS 0x000000074c700000, 0x000000074c700000| Untracked 
| 200|0x000000074c800000, 0x000000074c800000, 0x000000074c900000|  0%| F|  |TAMS 0x000000074c800000, 0x000000074c800000| Untracked 
| 201|0x000000074c900000, 0x000000074c900000, 0x000000074ca00000|  0%| F|  |TAMS 0x000000074c900000, 0x000000074c900000| Untracked 
| 202|0x000000074ca00000, 0x000000074ca00000, 0x000000074cb00000|  0%| F|  |TAMS 0x000000074ca00000, 0x000000074ca00000| Untracked 
| 203|0x000000074cb00000, 0x000000074cb00000, 0x000000074cc00000|  0%| F|  |TAMS 0x000000074cb00000, 0x000000074cb00000| Untracked 
| 204|0x000000074cc00000, 0x000000074cc00000, 0x000000074cd00000|  0%| F|  |TAMS 0x000000074cc00000, 0x000000074cc00000| Untracked 
| 205|0x000000074cd00000, 0x000000074cd00000, 0x000000074ce00000|  0%| F|  |TAMS 0x000000074cd00000, 0x000000074cd00000| Untracked 
| 206|0x000000074ce00000, 0x000000074ce00000, 0x000000074cf00000|  0%| F|  |TAMS 0x000000074ce00000, 0x000000074ce00000| Untracked 
| 207|0x000000074cf00000, 0x000000074cf00000, 0x000000074d000000|  0%| F|  |TAMS 0x000000074cf00000, 0x000000074cf00000| Untracked 
| 208|0x000000074d000000, 0x000000074d000000, 0x000000074d100000|  0%| F|  |TAMS 0x000000074d000000, 0x000000074d000000| Untracked 
| 209|0x000000074d100000, 0x000000074d100000, 0x000000074d200000|  0%| F|  |TAMS 0x000000074d100000, 0x000000074d100000| Untracked 
| 210|0x000000074d200000, 0x000000074d200000, 0x000000074d300000|  0%| F|  |TAMS 0x000000074d200000, 0x000000074d200000| Untracked 
| 211|0x000000074d300000, 0x000000074d300000, 0x000000074d400000|  0%| F|  |TAMS 0x000000074d300000, 0x000000074d300000| Untracked 
| 212|0x000000074d400000, 0x000000074d400000, 0x000000074d500000|  0%| F|  |TAMS 0x000000074d400000, 0x000000074d400000| Untracked 
| 213|0x000000074d500000, 0x000000074d500000, 0x000000074d600000|  0%| F|  |TAMS 0x000000074d500000, 0x000000074d500000| Untracked 
| 214|0x000000074d600000, 0x000000074d600000, 0x000000074d700000|  0%| F|  |TAMS 0x000000074d600000, 0x000000074d600000| Untracked 
| 215|0x000000074d700000, 0x000000074d700000, 0x000000074d800000|  0%| F|  |TAMS 0x000000074d700000, 0x000000074d700000| Untracked 
| 216|0x000000074d800000, 0x000000074d800000, 0x000000074d900000|  0%| F|  |TAMS 0x000000074d800000, 0x000000074d800000| Untracked 
| 217|0x000000074d900000, 0x000000074d900000, 0x000000074da00000|  0%| F|  |TAMS 0x000000074d900000, 0x000000074d900000| Untracked 
| 218|0x000000074da00000, 0x000000074da00000, 0x000000074db00000|  0%| F|  |TAMS 0x000000074da00000, 0x000000074da00000| Untracked 
| 219|0x000000074db00000, 0x000000074db00000, 0x000000074dc00000|  0%| F|  |TAMS 0x000000074db00000, 0x000000074db00000| Untracked 
| 220|0x000000074dc00000, 0x000000074dc00000, 0x000000074dd00000|  0%| F|  |TAMS 0x000000074dc00000, 0x000000074dc00000| Untracked 
| 221|0x000000074dd00000, 0x000000074dd00000, 0x000000074de00000|  0%| F|  |TAMS 0x000000074dd00000, 0x000000074dd00000| Untracked 
| 222|0x000000074de00000, 0x000000074de00000, 0x000000074df00000|  0%| F|  |TAMS 0x000000074de00000, 0x000000074de00000| Untracked 
| 223|0x000000074df00000, 0x000000074df00000, 0x000000074e000000|  0%| F|  |TAMS 0x000000074df00000, 0x000000074df00000| Untracked 
| 224|0x000000074e000000, 0x000000074e000000, 0x000000074e100000|  0%| F|  |TAMS 0x000000074e000000, 0x000000074e000000| Untracked 
| 225|0x000000074e100000, 0x000000074e100000, 0x000000074e200000|  0%| F|  |TAMS 0x000000074e100000, 0x000000074e100000| Untracked 
| 226|0x000000074e200000, 0x000000074e200000, 0x000000074e300000|  0%| F|  |TAMS 0x000000074e200000, 0x000000074e200000| Untracked 
| 227|0x000000074e300000, 0x000000074e300000, 0x000000074e400000|  0%| F|  |TAMS 0x000000074e300000, 0x000000074e300000| Untracked 
| 228|0x000000074e400000, 0x000000074e400000, 0x000000074e500000|  0%| F|  |TAMS 0x000000074e400000, 0x000000074e400000| Untracked 
| 229|0x000000074e500000, 0x000000074e500000, 0x000000074e600000|  0%| F|  |TAMS 0x000000074e500000, 0x000000074e500000| Untracked 
| 230|0x000000074e600000, 0x000000074e600000, 0x000000074e700000|  0%| F|  |TAMS 0x000000074e600000, 0x000000074e600000| Untracked 
| 231|0x000000074e700000, 0x000000074e700000, 0x000000074e800000|  0%| F|  |TAMS 0x000000074e700000, 0x000000074e700000| Untracked 
| 232|0x000000074e800000, 0x000000074e800000, 0x000000074e900000|  0%| F|  |TAMS 0x000000074e800000, 0x000000074e800000| Untracked 
| 233|0x000000074e900000, 0x000000074e900000, 0x000000074ea00000|  0%| F|  |TAMS 0x000000074e900000, 0x000000074e900000| Untracked 
| 234|0x000000074ea00000, 0x000000074ea00000, 0x000000074eb00000|  0%| F|  |TAMS 0x000000074ea00000, 0x000000074ea00000| Untracked 
| 235|0x000000074eb00000, 0x000000074eb00000, 0x000000074ec00000|  0%| F|  |TAMS 0x000000074eb00000, 0x000000074eb00000| Untracked 
| 236|0x000000074ec00000, 0x000000074ec00000, 0x000000074ed00000|  0%| F|  |TAMS 0x000000074ec00000, 0x000000074ec00000| Untracked 
| 237|0x000000074ed00000, 0x000000074ed00000, 0x000000074ee00000|  0%| F|  |TAMS 0x000000074ed00000, 0x000000074ed00000| Untracked 
| 238|0x000000074ee00000, 0x000000074ee00000, 0x000000074ef00000|  0%| F|  |TAMS 0x000000074ee00000, 0x000000074ee00000| Untracked 
| 239|0x000000074ef00000, 0x000000074ef00000, 0x000000074f000000|  0%| F|  |TAMS 0x000000074ef00000, 0x000000074ef00000| Untracked 
| 240|0x000000074f000000, 0x000000074f000000, 0x000000074f100000|  0%| F|  |TAMS 0x000000074f000000, 0x000000074f000000| Untracked 
| 241|0x000000074f100000, 0x000000074f100000, 0x000000074f200000|  0%| F|  |TAMS 0x000000074f100000, 0x000000074f100000| Untracked 
| 242|0x000000074f200000, 0x000000074f200000, 0x000000074f300000|  0%| F|  |TAMS 0x000000074f200000, 0x000000074f200000| Untracked 
| 243|0x000000074f300000, 0x000000074f300000, 0x000000074f400000|  0%| F|  |TAMS 0x000000074f300000, 0x000000074f300000| Untracked 
| 244|0x000000074f400000, 0x000000074f400000, 0x000000074f500000|  0%| F|  |TAMS 0x000000074f400000, 0x000000074f400000| Untracked 
| 245|0x000000074f500000, 0x000000074f500000, 0x000000074f600000|  0%| F|  |TAMS 0x000000074f500000, 0x000000074f500000| Untracked 
| 246|0x000000074f600000, 0x000000074f600000, 0x000000074f700000|  0%| F|  |TAMS 0x000000074f600000, 0x000000074f600000| Untracked 
| 247|0x000000074f700000, 0x000000074f700000, 0x000000074f800000|  0%| F|  |TAMS 0x000000074f700000, 0x000000074f700000| Untracked 
| 248|0x000000074f800000, 0x000000074f800000, 0x000000074f900000|  0%| F|  |TAMS 0x000000074f800000, 0x000000074f800000| Untracked 
| 249|0x000000074f900000, 0x000000074f900000, 0x000000074fa00000|  0%| F|  |TAMS 0x000000074f900000, 0x000000074f900000| Untracked 
| 250|0x000000074fa00000, 0x000000074fa09268, 0x000000074fb00000|  3%| E|  |TAMS 0x000000074fa00000, 0x000000074fa00000| Complete 
| 251|0x000000074fb00000, 0x000000074fc00000, 0x000000074fc00000|100%| E|CS|TAMS 0x000000074fb00000, 0x000000074fb00000| Complete 
| 252|0x000000074fc00000, 0x000000074fd00000, 0x000000074fd00000|100%| E|CS|TAMS 0x000000074fc00000, 0x000000074fc00000| Complete 
| 253|0x000000074fd00000, 0x000000074fe00000, 0x000000074fe00000|100%| E|CS|TAMS 0x000000074fd00000, 0x000000074fd00000| Complete 
| 254|0x000000074fe00000, 0x000000074ff00000, 0x000000074ff00000|100%| E|CS|TAMS 0x000000074fe00000, 0x000000074fe00000| Complete 
| 255|0x000000074ff00000, 0x0000000750000000, 0x0000000750000000|100%| E|CS|TAMS 0x000000074ff00000, 0x000000074ff00000| Complete 
| 256|0x0000000750000000, 0x0000000750100000, 0x0000000750100000|100%| E|CS|TAMS 0x0000000750000000, 0x0000000750000000| Complete 
| 257|0x0000000750100000, 0x0000000750200000, 0x0000000750200000|100%| E|CS|TAMS 0x0000000750100000, 0x0000000750100000| Complete 
| 258|0x0000000750200000, 0x0000000750300000, 0x0000000750300000|100%| E|CS|TAMS 0x0000000750200000, 0x0000000750200000| Complete 
| 259|0x0000000750300000, 0x0000000750400000, 0x0000000750400000|100%| E|CS|TAMS 0x0000000750300000, 0x0000000750300000| Complete 
| 260|0x0000000750400000, 0x0000000750500000, 0x0000000750500000|100%| E|CS|TAMS 0x0000000750400000, 0x0000000750400000| Complete 
| 261|0x0000000750500000, 0x0000000750600000, 0x0000000750600000|100%| E|CS|TAMS 0x0000000750500000, 0x0000000750500000| Complete 
| 262|0x0000000750600000, 0x0000000750700000, 0x0000000750700000|100%| E|CS|TAMS 0x0000000750600000, 0x0000000750600000| Complete 
| 263|0x0000000750700000, 0x0000000750800000, 0x0000000750800000|100%| E|CS|TAMS 0x0000000750700000, 0x0000000750700000| Complete 
| 264|0x0000000750800000, 0x0000000750900000, 0x0000000750900000|100%| E|CS|TAMS 0x0000000750800000, 0x0000000750800000| Complete 
| 265|0x0000000750900000, 0x0000000750a00000, 0x0000000750a00000|100%| E|CS|TAMS 0x0000000750900000, 0x0000000750900000| Complete 
| 266|0x0000000750a00000, 0x0000000750b00000, 0x0000000750b00000|100%| E|CS|TAMS 0x0000000750a00000, 0x0000000750a00000| Complete 
| 267|0x0000000750b00000, 0x0000000750c00000, 0x0000000750c00000|100%| E|CS|TAMS 0x0000000750b00000, 0x0000000750b00000| Complete 
| 268|0x0000000750c00000, 0x0000000750d00000, 0x0000000750d00000|100%| E|CS|TAMS 0x0000000750c00000, 0x0000000750c00000| Complete 
| 269|0x0000000750d00000, 0x0000000750e00000, 0x0000000750e00000|100%| E|CS|TAMS 0x0000000750d00000, 0x0000000750d00000| Complete 
| 270|0x0000000750e00000, 0x0000000750f00000, 0x0000000750f00000|100%| E|CS|TAMS 0x0000000750e00000, 0x0000000750e00000| Complete 
| 271|0x0000000750f00000, 0x0000000751000000, 0x0000000751000000|100%| E|CS|TAMS 0x0000000750f00000, 0x0000000750f00000| Complete 
| 272|0x0000000751000000, 0x0000000751100000, 0x0000000751100000|100%| E|CS|TAMS 0x0000000751000000, 0x0000000751000000| Complete 
| 273|0x0000000751100000, 0x0000000751200000, 0x0000000751200000|100%| E|CS|TAMS 0x0000000751100000, 0x0000000751100000| Complete 
| 274|0x0000000751200000, 0x0000000751300000, 0x0000000751300000|100%| E|CS|TAMS 0x0000000751200000, 0x0000000751200000| Complete 
| 275|0x0000000751300000, 0x0000000751400000, 0x0000000751400000|100%| E|CS|TAMS 0x0000000751300000, 0x0000000751300000| Complete 
| 276|0x0000000751400000, 0x0000000751500000, 0x0000000751500000|100%| E|CS|TAMS 0x0000000751400000, 0x0000000751400000| Complete 
| 277|0x0000000751500000, 0x0000000751600000, 0x0000000751600000|100%| E|CS|TAMS 0x0000000751500000, 0x0000000751500000| Complete 
| 278|0x0000000751600000, 0x0000000751700000, 0x0000000751700000|100%| E|CS|TAMS 0x0000000751600000, 0x0000000751600000| Complete 
| 279|0x0000000751700000, 0x0000000751800000, 0x0000000751800000|100%| E|CS|TAMS 0x0000000751700000, 0x0000000751700000| Complete 

Card table byte_map: [0x000001ed7f8b0000,0x000001ed7feb0000] _byte_map_base: 0x000001ed7beb0000

Marking Bits (Prev, Next): (CMBitMap*) 0x000001ed33b1b9b0, (CMBitMap*) 0x000001ed33b1b978
 Prev Bits: [0x000001ed0df50000, 0x000001ed10f50000)
 Next Bits: [0x000001ed0af50000, 0x000001ed0df50000)

Polling page: 0x000001ed76360000

Metaspace:

Usage:
  Non-class:     79.91 MB capacity,    79.31 MB (>99%) used,   451.48 KB ( <1%) free+waste,   160.44 KB ( <1%) overhead. 
      Class:     12.29 MB capacity,    11.89 MB ( 97%) used,   335.83 KB (  3%) free+waste,    68.13 KB ( <1%) overhead. 
       Both:     92.19 MB capacity,    91.20 MB ( 99%) used,   787.31 KB ( <1%) free+waste,   228.56 KB ( <1%) overhead. 

Virtual space:
  Non-class space:       84.00 MB reserved,      83.08 MB ( 99%) committed 
      Class space:        1.00 GB reserved,      14.07 MB (  1%) committed 
             Both:        1.08 GB reserved,      97.15 MB (  9%) committed 

Chunk freelists:
   Non-Class:  406.13 KB
       Class:  219.00 KB
        Both:  625.13 KB

CodeHeap 'non-profiled nmethods': size=120000Kb used=25675Kb max_used=25675Kb free=94324Kb
 bounds [0x000001ed21070000, 0x000001ed22990000, 0x000001ed285a0000]
CodeHeap 'profiled nmethods': size=120000Kb used=40760Kb max_used=45138Kb free=79240Kb
 bounds [0x000001ed19b40000, 0x000001ed1c7d0000, 0x000001ed21070000]
CodeHeap 'non-nmethods': size=5760Kb used=1684Kb max_used=1751Kb free=4075Kb
 bounds [0x000001ed195a0000, 0x000001ed19810000, 0x000001ed19b40000]
 total_blobs=37668 nmethods=18538 adapters=1149
 compilation: enabled
              stopped_count=0, restarted_count=0
 full_count=0

Compilation events (10 events):
Event: 36815.085 Thread 0x000001ed02431000 25351       4       javax.swing.ComponentInputMap::setParent (58 bytes)
Event: 36815.088 Thread 0x000001ed02431000 nmethod 25351 0x000001ed22985f90 code [0x000001ed22986140, 0x000001ed229863d8]
Event: 36817.712 Thread 0x000001ed02431000 25352       4       java.util.Date::getTimeImpl (27 bytes)
Event: 36817.712 Thread 0x000001ed02431000 nmethod 25352 0x000001ed22986590 code [0x000001ed22986720, 0x000001ed22986798]
Event: 36833.873 Thread 0x000001ed02431000 25353       4       javax.swing.LookAndFeel::installColorsAndFont (34 bytes)
Event: 36833.885 Thread 0x000001ed02431000 nmethod 25353 0x000001ed22986810 code [0x000001ed22986a40, 0x000001ed22987120]
Event: 36833.920 Thread 0x000001ed02432000 25354       3       javax.swing.SortingFocusTraversalPolicy::legacySort (107 bytes)
Event: 36833.921 Thread 0x000001ed02432000 nmethod 25354 0x000001ed1b8f6890 code [0x000001ed1b8f6ae0, 0x000001ed1b8f7620]
Event: 36835.406 Thread 0x000001ed02432000 25355   !   3       java.awt.KeyboardFocusManager::setGlobalCurrentFocusCycleRoot (38 bytes)
Event: 36835.407 Thread 0x000001ed02432000 nmethod 25355 0x000001ed1b8a0690 code [0x000001ed1b8a08c0, 0x000001ed1b8a12c0]

GC Heap History (10 events):
Event: 36818.543 GC heap before
{Heap before GC invocations=1836 (full 1373):
 garbage-first heap   total 286720K, used 99528K [0x0000000740000000, 0x0000000800000000)
  region size 1024K, 2 young (2048K), 0 survivors (0K)
 Metaspace       used 93389K, capacity 94407K, committed 99484K, reserved 1134592K
  class space    used 12180K, capacity 12584K, committed 14412K, reserved 1048576K
}
Event: 36818.639 GC heap after
{Heap after GC invocations=1837 (full 1374):
 garbage-first heap   total 286720K, used 86217K [0x0000000740000000, 0x0000000800000000)
  region size 1024K, 0 young (0K), 0 survivors (0K)
 Metaspace       used 93389K, capacity 94407K, committed 99484K, reserved 1134592K
  class space    used 12180K, capacity 12584K, committed 14412K, reserved 1048576K
}
Event: 36818.680 GC heap before
{Heap before GC invocations=1837 (full 1374):
 garbage-first heap   total 286720K, used 91337K [0x0000000740000000, 0x0000000800000000)
  region size 1024K, 2 young (2048K), 0 survivors (0K)
 Metaspace       used 93389K, capacity 94407K, committed 99484K, reserved 1134592K
  class space    used 12180K, capacity 12584K, committed 14412K, reserved 1048576K
}
Event: 36818.771 GC heap after
{Heap after GC invocations=1838 (full 1375):
 garbage-first heap   total 286720K, used 86217K [0x0000000740000000, 0x0000000800000000)
  region size 1024K, 0 young (0K), 0 survivors (0K)
 Metaspace       used 93389K, capacity 94407K, committed 99484K, reserved 1134592K
  class space    used 12180K, capacity 12584K, committed 14412K, reserved 1048576K
}
Event: 36818.845 GC heap before
{Heap before GC invocations=1838 (full 1375):
 garbage-first heap   total 286720K, used 99529K [0x0000000740000000, 0x0000000800000000)
  region size 1024K, 2 young (2048K), 0 survivors (0K)
 Metaspace       used 93389K, capacity 94407K, committed 99484K, reserved 1134592K
  class space    used 12180K, capacity 12584K, committed 14412K, reserved 1048576K
}
Event: 36818.938 GC heap after
{Heap after GC invocations=1839 (full 1376):
 garbage-first heap   total 286720K, used 86232K [0x0000000740000000, 0x0000000800000000)
  region size 1024K, 0 young (0K), 0 survivors (0K)
 Metaspace       used 93389K, capacity 94407K, committed 99484K, reserved 1134592K
  class space    used 12180K, capacity 12584K, committed 14412K, reserved 1048576K
}
Event: 36818.988 GC heap before
{Heap before GC invocations=1839 (full 1376):
 garbage-first heap   total 286720K, used 91352K [0x0000000740000000, 0x0000000800000000)
  region size 1024K, 2 young (2048K), 0 survivors (0K)
 Metaspace       used 93389K, capacity 94407K, committed 99484K, reserved 1134592K
  class space    used 12180K, capacity 12584K, committed 14412K, reserved 1048576K
}
Event: 36819.082 GC heap after
{Heap after GC invocations=1840 (full 1377):
 garbage-first heap   total 286720K, used 86240K [0x0000000740000000, 0x0000000800000000)
  region size 1024K, 0 young (0K), 0 survivors (0K)
 Metaspace       used 93389K, capacity 94407K, committed 99484K, reserved 1134592K
  class space    used 12180K, capacity 12584K, committed 14412K, reserved 1048576K
}
Event: 36819.139 GC heap before
{Heap before GC invocations=1840 (full 1377):
 garbage-first heap   total 286720K, used 87264K [0x0000000740000000, 0x0000000800000000)
  region size 1024K, 2 young (2048K), 0 survivors (0K)
 Metaspace       used 93389K, capacity 94407K, committed 99484K, reserved 1134592K
  class space    used 12180K, capacity 12584K, committed 14412K, reserved 1048576K
}
Event: 36819.256 GC heap after
{Heap after GC invocations=1841 (full 1378):
 garbage-first heap   total 286720K, used 86238K [0x0000000740000000, 0x0000000800000000)
  region size 1024K, 0 young (0K), 0 survivors (0K)
 Metaspace       used 93389K, capacity 94407K, committed 99484K, reserved 1134592K
  class space    used 12180K, capacity 12584K, committed 14412K, reserved 1048576K
}

Deoptimization events (10 events):
Event: 34393.456 Thread 0x000001ed13dc4000 Uncommon trap: reason=unstable_if action=reinterpret pc=0x000001ed21b46694 method=sun.awt.windows.WWindowPeer.preprocessPostEvent(Ljava/awt/AWTEvent;)V @ 4 c2
Event: 35841.599 Thread 0x000001ed153e5800 Uncommon trap: reason=array_check action=maybe_recompile pc=0x000001ed219271b0 method=java.util.TimSort.mergeHi(IIII)V @ 101 c2
Event: 35841.601 Thread 0x000001ed153e5800 Uncommon trap: reason=array_check action=maybe_recompile pc=0x000001ed2172b4b8 method=java.util.TimSort.mergeLo(IIII)V @ 81 c2
Event: 35841.602 Thread 0x000001ed153e5800 Uncommon trap: reason=array_check action=maybe_recompile pc=0x000001ed2172b4b8 method=java.util.TimSort.mergeLo(IIII)V @ 81 c2
Event: 35841.603 Thread 0x000001ed153e5800 Uncommon trap: reason=class_check action=maybe_recompile pc=0x000001ed21b7f7c4 method=java.nio.charset.CharsetDecoder.flush(Ljava/nio/CharBuffer;)Ljava/nio/charset/CoderResult; @ 10 c2
Event: 35843.021 Thread 0x000001ed153e5800 Uncommon trap: reason=bimorphic_or_optimized_type_check action=maybe_recompile pc=0x000001ed21f0eb20 method=java.lang.StringCoding$StringDecoder.charsetName()Ljava/lang/String; @ 17 c2
Event: 36304.085 Thread 0x000001ed153e5800 Uncommon trap: reason=bimorphic_or_optimized_type_check action=maybe_recompile pc=0x000001ed21c515c0 method=java.awt.LightweightDispatcher.eventDispatched(Ljava/awt/AWTEvent;)V @ 269 c2
Event: 36478.467 Thread 0x000001ed153e5800 Uncommon trap: reason=unstable_if action=reinterpret pc=0x000001ed221e8b8c method=javax.swing.text.GapContent.getPositionsInRange(Ljava/util/Vector;II)Ljava/util/Vector; @ 20 c2
Event: 36478.467 Thread 0x000001ed153e5800 Uncommon trap: reason=unstable_if action=reinterpret pc=0x000001ed21f63820 method=javax.swing.text.GapVector.close(II)V @ 27 c2
Event: 36478.695 Thread 0x000001ed153e5800 Uncommon trap: reason=unstable_if action=reinterpret pc=0x000001ed214a1a5c method=jdk.internal.math.FloatingDecimal.readJavaFormatString(Ljava/lang/String;)Ljdk/internal/math/FloatingDecimal$ASCIIToBinaryConverter; @ 17 c2

Classes redefined (0 events):
No events

Internal exceptions (10 events):
Event: 36813.840 Thread 0x000001ed153e5800 Exception <a 'java/io/FileNotFoundException'{0x0000000750040fe8}> (0x0000000750040fe8) thrown at [t:/workspace/open/src/hotspot/share/prims/jni.cpp, line 615]
Event: 36813.840 Thread 0x000001ed153e5800 Exception <a 'java/io/FileNotFoundException'{0x0000000750041858}> (0x0000000750041858) thrown at [t:/workspace/open/src/hotspot/share/prims/jni.cpp, line 615]
Event: 36818.939 Thread 0x000001ed153e5800 Exception <a 'java/io/FileNotFoundException'{0x00000007517764f8}> (0x00000007517764f8) thrown at [t:/workspace/open/src/hotspot/share/prims/jni.cpp, line 615]
Event: 36818.939 Thread 0x000001ed153e5800 Exception <a 'java/io/FileNotFoundException'{0x0000000751776d68}> (0x0000000751776d68) thrown at [t:/workspace/open/src/hotspot/share/prims/jni.cpp, line 615]
Event: 36823.841 Thread 0x000001ed153e5800 Exception <a 'java/io/FileNotFoundException'{0x00000007515bc6a8}> (0x00000007515bc6a8) thrown at [t:/workspace/open/src/hotspot/share/prims/jni.cpp, line 615]
Event: 36823.842 Thread 0x000001ed153e5800 Exception <a 'java/io/FileNotFoundException'{0x00000007515bcf18}> (0x00000007515bcf18) thrown at [t:/workspace/open/src/hotspot/share/prims/jni.cpp, line 615]
Event: 36828.850 Thread 0x000001ed153e5800 Exception <a 'java/io/FileNotFoundException'{0x00000007515d9140}> (0x00000007515d9140) thrown at [t:/workspace/open/src/hotspot/share/prims/jni.cpp, line 615]
Event: 36828.850 Thread 0x000001ed153e5800 Exception <a 'java/io/FileNotFoundException'{0x00000007515d99b0}> (0x00000007515d99b0) thrown at [t:/workspace/open/src/hotspot/share/prims/jni.cpp, line 615]
Event: 36833.854 Thread 0x000001ed153e5800 Exception <a 'java/io/FileNotFoundException'{0x0000000750eaa980}> (0x0000000750eaa980) thrown at [t:/workspace/open/src/hotspot/share/prims/jni.cpp, line 615]
Event: 36833.854 Thread 0x000001ed153e5800 Exception <a 'java/io/FileNotFoundException'{0x0000000750eab1f0}> (0x0000000750eab1f0) thrown at [t:/workspace/open/src/hotspot/share/prims/jni.cpp, line 615]

Events (10 events):
Event: 36833.918 Executing VM operation: BulkRevokeBias
Event: 36833.918 Executing VM operation: BulkRevokeBias done
Event: 36834.136 Thread 0x000001ed17481800 Thread added: 0x000001ed17481800
Event: 36834.144 Thread 0x000001ed17481800 Thread exited: 0x000001ed17481800
Event: 36834.781 Thread 0x000001ed17481800 Thread added: 0x000001ed17481800
Event: 36834.789 Executing VM operation: RevokeBias
Event: 36834.789 Executing VM operation: RevokeBias done
Event: 36834.790 Thread 0x000001ed17481800 Thread exited: 0x000001ed17481800
Event: 36835.144 Thread 0x000001ed1747c800 Thread added: 0x000001ed1747c800
Event: 36835.152 Thread 0x000001ed1747c800 Thread exited: 0x000001ed1747c800


Dynamic libraries:
0x00007ff7abff0000 - 0x00007ff7ac01f000 	C:\Xilinx\Vivado\2020.2\bin\unwrapped\win64.o\vivado.exe
0x00007ff94cb50000 - 0x00007ff94cd67000 	C:\Windows\SYSTEM32\ntdll.dll
0x00007ff94bc20000 - 0x00007ff94bce4000 	C:\Windows\System32\KERNEL32.DLL
0x00007ff94a3a0000 - 0x00007ff94a745000 	C:\Windows\System32\KERNELBASE.dll
0x00007ff94a750000 - 0x00007ff94a861000 	C:\Windows\System32\ucrtbase.dll
0x00007ff8e3b70000 - 0x00007ff8e3bfe000 	C:\Windows\SYSTEM32\MSVCP140.dll
0x00007ff8e3e70000 - 0x00007ff8e3e8b000 	C:\Windows\SYSTEM32\VCRUNTIME140.dll
0x00007ff8e3b30000 - 0x00007ff8e3b48000 	C:\Xilinx\Vivado\2020.2\lib\win64.o\librdi_commonmain.dll
0x00007ff8e2e30000 - 0x00007ff8e2e43000 	C:\Xilinx\Vivado\2020.2\lib\win64.o\libboost_signals.dll
0x00007ff91af10000 - 0x00007ff91af1c000 	C:\Windows\SYSTEM32\VCRUNTIME140_1.dll
0x00007ff8c8670000 - 0x00007ff8c97e7000 	C:\Xilinx\Vivado\2020.2\lib\win64.o\librdi_common.dll
0x00007ff8ddd70000 - 0x00007ff8ddd92000 	C:\Xilinx\Vivado\2020.2\lib\win64.o\libboost_filesystem.dll
0x00007ff94c680000 - 0x00007ff94c731000 	C:\Windows\System32\ADVAPI32.dll
0x00007ff94c420000 - 0x00007ff94c5ce000 	C:\Windows\System32\USER32.dll
0x00007ff94c5d0000 - 0x00007ff94c677000 	C:\Windows\System32\msvcrt.dll
0x00007ff94a870000 - 0x00007ff94a896000 	C:\Windows\System32\win32u.dll
0x00007ff94b9d0000 - 0x00007ff94ba76000 	C:\Windows\System32\sechost.dll
0x00007ff94aa70000 - 0x00007ff94aa99000 	C:\Windows\System32\GDI32.dll
0x00007ff94a950000 - 0x00007ff94aa67000 	C:\Windows\System32\RPCRT4.dll
0x00007ff949f60000 - 0x00007ff94a079000 	C:\Windows\System32\gdi32full.dll
0x00007ff949ec0000 - 0x00007ff949f5a000 	C:\Windows\System32\msvcp_win.dll
0x00007ff94b090000 - 0x00007ff94b8e9000 	C:\Windows\System32\SHELL32.dll
0x00007ff94aaa0000 - 0x00007ff94ab11000 	C:\Windows\System32\WS2_32.dll
0x00007ff91aea0000 - 0x00007ff91aea9000 	C:\Xilinx\Vivado\2020.2\lib\win64.o\librdi_commonversion.dll
0x00007ff8ddbd0000 - 0x00007ff8ddd69000 	C:\Xilinx\Vivado\2020.2\lib\win64.o\librdi_commonxillic.dll
0x0000000055790000 - 0x00000000558bb000 	C:\Xilinx\Vivado\2020.2\lib\win64.o\tcl85t.dll
0x00007ff91acb0000 - 0x00007ff91acb9000 	C:\Xilinx\Vivado\2020.2\lib\win64.o\libboost_system.dll
0x00007ff8c8300000 - 0x00007ff8c866e000 	C:\Xilinx\Vivado\2020.2\lib\win64.o\libCOIN-all.dll
0x00007ff91a880000 - 0x00007ff91a890000 	C:\Xilinx\Vivado\2020.2\lib\win64.o\libboost_date_time.dll
0x00007ff8ddb50000 - 0x00007ff8ddbc3000 	C:\Xilinx\Vivado\2020.2\lib\win64.o\libboost_program_options.dll
0x00007ff8dda30000 - 0x00007ff8ddb41000 	C:\Xilinx\Vivado\2020.2\lib\win64.o\libboost_regex.dll
0x00007ff91a6c0000 - 0x00007ff91a6cc000 	C:\Xilinx\Vivado\2020.2\lib\win64.o\libboost_xilinx.dll
0x00007ff8dd980000 - 0x00007ff8dda25000 	C:\Xilinx\Vivado\2020.2\lib\win64.o\libhdxml.dll
0x00007ff8dd960000 - 0x00007ff8dd97e000 	C:\Xilinx\Vivado\2020.2\lib\win64.o\libboost_thread.dll
0x00007ff8dd930000 - 0x00007ff8dd958000 	C:\Xilinx\Vivado\2020.2\lib\win64.o\libisl_sysinfo.dll
0x00007ff8dd8a0000 - 0x00007ff8dd922000 	C:\Xilinx\Vivado\2020.2\lib\win64.o\libhdlpsolve.dll
0x00007ff8c5bd0000 - 0x00007ff8c69c2600 	C:\Xilinx\Vivado\2020.2\lib\win64.o\libisl_iostreams.dll
0x00007ff8dd480000 - 0x00007ff8dd4e5000 	C:\Xilinx\Vivado\2020.2\lib\win64.o\liblmx6.0.dll
0x00007ff8dd880000 - 0x00007ff8dd89c000 	C:\Xilinx\Vivado\2020.2\lib\win64.o\librdiconfig.dll
0x00007ff94be60000 - 0x00007ff94bebe000 	C:\Windows\System32\SHLWAPI.dll
0x00007ff8dd450000 - 0x00007ff8dd471000 	C:\Xilinx\Vivado\2020.2\lib\win64.o\librdizlib.dll
0x00007ff92a9b0000 - 0x00007ff92a9c9000 	C:\Windows\SYSTEM32\NETAPI32.dll
0x00007ff92fce0000 - 0x00007ff9301d4000 	C:\Windows\SYSTEM32\WININET.dll
0x00007ff93e060000 - 0x00007ff93e197000 	C:\Windows\SYSTEM32\WINHTTP.dll
0x00007ff927ae0000 - 0x00007ff927cd0000 	C:\Windows\SYSTEM32\urlmon.dll
0x00007ff925170000 - 0x00007ff925179000 	C:\Windows\SYSTEM32\WSOCK32.dll
0x0000000012000000 - 0x0000000012270000 	C:\Xilinx\Vivado\2020.2\lib\win64.o\xerces-c_3_1.dll
0x00007ff8dd410000 - 0x00007ff8dd441000 	C:\Windows\SYSTEM32\VCOMP140.DLL
0x00007ff949870000 - 0x00007ff949898000 	C:\Windows\SYSTEM32\bcrypt.dll
0x00007ff8c3cb0000 - 0x00007ff8c5bc7000 	C:\Xilinx\Vivado\2020.2\lib\win64.o\gurobi90.dll
0x00007ff8dd3f0000 - 0x00007ff8dd40a000 	C:\Xilinx\Vivado\2020.2\lib\win64.o\pthreadVC2.dll
0x00007ff94a080000 - 0x00007ff94a1e6000 	C:\Windows\System32\CRYPT32.dll
0x00007ff94bdf0000 - 0x00007ff94be52000 	C:\Windows\System32\WLDAP32.dll
0x00007ff94b9a0000 - 0x00007ff94b9a8000 	C:\Windows\System32\Normaliz.dll
0x00007ff8c7c80000 - 0x00007ff8c7f5b000 	C:\Xilinx\Vivado\2020.2\lib\win64.o\libXil_lmgr11.dll
0x00007ff94bcf0000 - 0x00007ff94bde9000 	C:\Windows\System32\COMDLG32.dll
0x00007ff94ab20000 - 0x00007ff94aea9000 	C:\Windows\System32\combase.dll
0x00007ff94c910000 - 0x00007ff94ca03000 	C:\Windows\System32\shcore.dll
0x00007ff91a3c0000 - 0x00007ff91a3cc000 	C:\Xilinx\Vivado\2020.2\lib\win64.o\libboost_chrono.dll
0x00007ff8dd3c0000 - 0x00007ff8dd3e3000 	C:\Xilinx\Vivado\2020.2\lib\win64.o\libisl_iosutils.dll
0x00007ff8dd3a0000 - 0x00007ff8dd3b6000 	C:\Xilinx\Vivado\2020.2\lib\win64.o\libboost_iostreams.dll
0x00007ff94ca10000 - 0x00007ff94cae7000 	C:\Windows\System32\OLEAUT32.dll
0x00007ff94ba80000 - 0x00007ff94bc20000 	C:\Windows\System32\ole32.dll
0x00007ff94a1f0000 - 0x00007ff94a25c000 	C:\Windows\System32\WINTRUST.dll
0x00007ff931920000 - 0x00007ff931bdc000 	C:\Windows\SYSTEM32\iertutil.dll
0x00007ff927ab0000 - 0x00007ff927ad8000 	C:\Windows\SYSTEM32\srvcli.dll
0x00007ff948960000 - 0x00007ff94896c000 	C:\Windows\SYSTEM32\netutils.dll
0x00007ff920200000 - 0x00007ff9202b3000 	C:\Windows\WinSxS\amd64_microsoft.windows.common-controls_6595b64144ccf1df_5.82.22621.2506_none_b43bab19638c9595\COMCTL32.dll
0x00007ff93e040000 - 0x00007ff93e05f000 	C:\Windows\SYSTEM32\dhcpcsvc.DLL
0x00007ff9493f0000 - 0x00007ff949459000 	C:\Windows\SYSTEM32\MSWSOCK.DLL
0x00007ff94a910000 - 0x00007ff94a941000 	C:\Windows\System32\IMM32.DLL
0x00007ff949720000 - 0x00007ff949732000 	C:\Windows\SYSTEM32\MSASN1.dll
0x00007ff948f10000 - 0x00007ff948f28000 	C:\Windows\SYSTEM32\kernel.appcore.dll
0x00007ff8c7750000 - 0x00007ff8c7c72000 	C:\Xilinx\Vivado\2020.2\lib\win64.o\librdi_commontasks.dll
0x00007ff936870000 - 0x00007ff93687a000 	C:\Windows\SYSTEM32\VERSION.dll
0x00007ff8c7470000 - 0x00007ff8c7745000 	C:\Xilinx\Vivado\2020.2\lib\win64.o\librdi_sio.dll
0x00007ff8c3180000 - 0x00007ff8c3ca3000 	C:\Xilinx\Vivado\2020.2\tps\win64\jre11.0.2\bin\server\jvm.dll
0x00007ff948970000 - 0x00007ff94899d000 	C:\Windows\SYSTEM32\IPHLPAPI.DLL
0x00007ff94c900000 - 0x00007ff94c908000 	C:\Windows\System32\PSAPI.DLL
0x00007ff93ce30000 - 0x00007ff93ce64000 	C:\Windows\SYSTEM32\WINMM.dll
0x00007ff947da0000 - 0x00007ff948694000 	C:\Windows\SYSTEM32\windows.storage.dll
0x00007ff947c60000 - 0x00007ff947d9e000 	C:\Windows\SYSTEM32\wintypes.dll
0x00007ff8be3c0000 - 0x00007ff8c0e7e000 	C:\Xilinx\Vivado\2020.2\lib\win64.o\librdi_tcltasks.dll
0x00007ff8c8140000 - 0x00007ff8c82f3000 	C:\Xilinx\Vivado\2020.2\lib\win64.o\librdi_board.dll
0x00007ff8dd320000 - 0x00007ff8dd39e000 	C:\Xilinx\Vivado\2020.2\lib\win64.o\librdi_boarddep.dll
0x00007ff8c2cd0000 - 0x00007ff8c3176000 	C:\Xilinx\Vivado\2020.2\lib\win64.o\librdi_bitstream.dll
0x00007ff8c2ae0000 - 0x00007ff8c2cca000 	C:\Xilinx\Vivado\2020.2\lib\win64.o\librdi_chipscopeimpl.dll
0x00007ff8c2970000 - 0x00007ff8c2ad1000 	C:\Xilinx\Vivado\2020.2\lib\win64.o\librdi_containers.dll
0x00007ff8bc590000 - 0x00007ff8be3bc000 	C:\Xilinx\Vivado\2020.2\lib\win64.o\librdi_constraints.dll
0x00007ff8c2250000 - 0x00007ff8c2968000 	C:\Xilinx\Vivado\2020.2\lib\win64.o\librdi_coregenipxact.dll
0x00007ff8ba1d0000 - 0x00007ff8bc58d000 	C:\Xilinx\Vivado\2020.2\lib\win64.o\librdi_coregen.dll
0x00007ff8c1ee0000 - 0x00007ff8c2248000 	C:\Xilinx\Vivado\2020.2\lib\win64.o\librdi_dlyest.dll
0x00007ff8b8460000 - 0x00007ff8ba1c1000 	C:\Xilinx\Vivado\2020.2\lib\win64.o\librdi_designutils.dll
0x00007ff8c12a0000 - 0x00007ff8c18fd000 	C:\Xilinx\Vivado\2020.2\lib\win64.o\librdi_drc.dll
0x00007ff8b7d90000 - 0x00007ff8b8452000 	C:\Xilinx\Vivado\2020.2\lib\win64.o\librdi_filemgmt.dll
0x00007ff8c8080000 - 0x00007ff8c8133000 	C:\Xilinx\Vivado\2020.2\lib\win64.o\librdi_dsp.dll
0x00007ff870270000 - 0x00007ff88884f000 	C:\Xilinx\Vivado\2020.2\lib\win64.o\librdi_device.dll
0x00007ff8c1bc0000 - 0x00007ff8c1edd000 	C:\Xilinx\Vivado\2020.2\lib\win64.o\librdi_guitools.dll
0x00007ff8c7400000 - 0x00007ff8c746b000 	C:\Xilinx\Vivado\2020.2\lib\win64.o\librdi_hdf.dll
0x00007ff8c1020000 - 0x00007ff8c1297000 	C:\Xilinx\Vivado\2020.2\lib\win64.o\librdi_hip_devdesign.dll
0x00007ff8c7200000 - 0x00007ff8c72f6000 	C:\Xilinx\Vivado\2020.2\lib\win64.o\librdi_chipscope.dll
0x00007ff8b7c40000 - 0x00007ff8b7d87000 	C:\Xilinx\Vivado\2020.2\lib\win64.o\librdi_hip_perf_analysis.dll
0x00007ff8b75f0000 - 0x00007ff8b7c3c000 	C:\Xilinx\Vivado\2020.2\lib\win64.o\librdi_memdata.dll
0x00007ff8c7380000 - 0x00007ff8c73f2000 	C:\Xilinx\Vivado\2020.2\lib\win64.o\librdi_memoryarray.dll
0x00007ff8b5a10000 - 0x00007ff8b75e4000 	C:\Xilinx\Vivado\2020.2\lib\win64.o\librdi_implflow.dll
0x00007ff8c1b60000 - 0x00007ff8c1bb4000 	C:\Xilinx\Vivado\2020.2\lib\win64.o\librdi_pfi.dll
0x00007ff8b35c0000 - 0x00007ff8b5a04000 	C:\Xilinx\Vivado\2020.2\lib\win64.o\librdi_mig.dll
0x00007ff8b2e90000 - 0x00007ff8b35bc000 	C:\Xilinx\Vivado\2020.2\lib\win64.o\librdi_netlist.dll
0x00007ff8b2670000 - 0x00007ff8b2e87000 	C:\Xilinx\Vivado\2020.2\lib\win64.o\librdi_power.dll
0x00007ff8b22d0000 - 0x00007ff8b266e000 	C:\Xilinx\Vivado\2020.2\lib\win64.o\librdi_platform.dll
0x00007ff8b1c50000 - 0x00007ff8b22c4000 	C:\Xilinx\Vivado\2020.2\lib\win64.o\librdi_project.dll
0x00007ff8b1520000 - 0x00007ff8b1c42000 	C:\Xilinx\Vivado\2020.2\lib\win64.o\librdi_psta.dll
0x00007ff8b0d10000 - 0x00007ff8b151c000 	C:\Xilinx\Vivado\2020.2\lib\win64.o\librdi_rsb.dll
0x00007ff8b07e0000 - 0x00007ff8b0d0b000 	C:\Xilinx\Vivado\2020.2\lib\win64.o\librdi_runs.dll
0x00007ff8b06d0000 - 0x00007ff8b07d9000 	C:\Xilinx\Vivado\2020.2\lib\win64.o\librdi_runsbase.dll
0x00007ff8b0450000 - 0x00007ff8b06c4000 	C:\Xilinx\Vivado\2020.2\lib\win64.o\librdi_simdata.dll
0x00007ff8b0330000 - 0x00007ff8b0446000 	C:\Xilinx\Vivado\2020.2\lib\win64.o\librdi_xhub.dll
0x00007ff8ad120000 - 0x00007ff8b0327000 	C:\Xilinx\Vivado\2020.2\lib\win64.o\librdi_place.dll
0x00007ff8c1ab0000 - 0x00007ff8c1b57000 	C:\Xilinx\Vivado\2020.2\lib\win64.o\librdi_xhubtasks.dll
0x00007ff8ad0d0000 - 0x00007ff8ad117000 	C:\Xilinx\Vivado\2020.2\lib\win64.o\libboost_serialization.dll
0x00007ff8acfe0000 - 0x00007ff8ad0cb000 	C:\Xilinx\Vivado\2020.2\lib\win64.o\librdi_ipconfig_readwrite.dll
0x00007ff8acf70000 - 0x00007ff8acfda000 	C:\Xilinx\Vivado\2020.2\lib\win64.o\librdi_noc_frameworks.dll
0x00007ff8acf20000 - 0x00007ff8acf66000 	C:\Xilinx\Vivado\2020.2\lib\win64.o\libboost_graph.dll
0x00007ff8acda0000 - 0x00007ff8ace66000 	C:\Xilinx\Vivado\2020.2\lib\win64.o\librdi_bda.dll
0x00007ff8aa050000 - 0x00007ff8aa7b7000 	C:\Xilinx\Vivado\2020.2\lib\win64.o\librdi_ippcw.dll
0x00007ff8acd00000 - 0x00007ff8acd9e000 	C:\Xilinx\Vivado\2020.2\lib\win64.o\libise.dll
0x00007ff8ddf70000 - 0x00007ff8de26b000 	C:\Xilinx\Vivado\2020.2\lib\win64.o\librdi_hip_config.dll
0x00007ff8ab890000 - 0x00007ff8abdde000 	C:\Xilinx\Vivado\2020.2\lib\win64.o\librdi_xdm.dll

dbghelp: loaded successfully - version: 4.0.5 - missing functions: none
symbol engine: initialized successfully - sym options: 0x614 - pdb path: .;C:\Xilinx\Vivado\2020.2\bin\unwrapped\win64.o;C:\Windows\SYSTEM32;C:\Xilinx\Vivado\2020.2\lib\win64.o;C:\Windows\WinSxS\amd64_microsoft.windows.common-controls_6595b64144ccf1df_5.82.22621.2506_none_b43bab19638c9595;C:\Xilinx\Vivado\2020.2\tps\win64\jre11.0.2\bin\server;C:\Xilinx\Vivado\2020.2\tps\win64\python-3.8.3;C:\Xilinx\Vivado\2020.2\tps\win64\jre11.0.2\bin;C:\Windows\WinSxS\amd64_microsoft.vc90.crt_1fc8b3b9a1e18e3b_9.0.30729.9635_none_08e2c157a83ed5da;C:\Windows\WinSxS\amd64_microsoft.windows.common-controls_6595b64144ccf1df_6.0.22621.2506_none_270c5ae97388e100

VM Arguments:
jvm_args: -Dsun.java2d.pmoffscreen=false -Dhttps.protocols=TLSv1,TLSv1.1,TLSv1.2 -Dsun.java2d.xrender=false -Dsun.java2d.d3d=false -Dsun.awt.nopixfmt=true -Dsun.java2d.dpiaware=true -Dsun.java2d.uiScale.enabled=false -Xverify:none -Dswing.aatext=true -XX:-UsePerfData -Djdk.map.althashing.threshold=512 -XX:StringTableSize=4072 --add-opens=java.base/java.nio=ALL-UNNAMED --add-opens=java.desktop/sun.swing=ALL-UNNAMED --add-opens=java.desktop/javax.swing=ALL-UNNAMED --add-opens=java.desktop/javax.swing.tree=ALL-UNNAMED --add-opens=java.desktop/javax.swing.plaf.basic=ALL-UNNAMED --add-opens=java.desktop/javax.swing.plaf.synth=ALL-UNNAMED --add-opens=java.desktop/com.sun.awt=ALL-UNNAMED -XX:NewSize=60m -XX:MaxNewSize=60m -Xms128m -Xmx3072m -Xss5m 
java_command: <unknown>
java_class_path (initial): C:/Xilinx/Vivado/2020.2\lib\classes\alloy.jar;C:/Xilinx/Vivado/2020.2\lib\classes\ArchiveSummary.jar;C:/Xilinx/Vivado/2020.2\lib\classes\autoesl-models.jar;C:/Xilinx/Vivado/2020.2\lib\classes\autopilot.scelaborator.jar;C:/Xilinx/Vivado/2020.2\lib\classes\autopilot.sourceprocessor.jar;C:/Xilinx/Vivado/2020.2\lib\classes\autopilot.tbprocessor.jar;C:/Xilinx/Vivado/2020.2\lib\classes\batik-anim.jar;C:/Xilinx/Vivado/2020.2\lib\classes\batik-awt-util.jar;C:/Xilinx/Vivado/2020.2\lib\classes\batik-bridge.jar;C:/Xilinx/Vivado/2020.2\lib\classes\batik-codec.jar;C:/Xilinx/Vivado/2020.2\lib\classes\batik-css.jar;C:/Xilinx/Vivado/2020.2\lib\classes\batik-dom.jar;C:/Xilinx/Vivado/2020.2\lib\classes\batik-ext.jar;C:/Xilinx/Vivado/2020.2\lib\classes\batik-gui-util.jar;C:/Xilinx/Vivado/2020.2\lib\classes\batik-gvt.jar;C:/Xilinx/Vivado/2020.2\lib\classes\batik-parser.jar;C:/Xilinx/Vivado/2020.2\lib\classes\batik-script.jar;C:/Xilinx/Vivado/2020.2\lib\classes\batik-svg-dom.jar;C:/Xilinx/Vivado/2020.2\lib\classes\batik-swing.jar;C:/Xilinx/Vivado/2020.2\lib\classes\batik-transcoder.jar;C:/Xilinx/Vivado/2020.2\lib\classes\batik-util.jar;C:/Xilinx/Vivado/2020.2\lib\classes\batik-xml.jar;C:/Xilinx/Vivado/2020.2\lib\classes\com.google.gson_2.8.2.v20180104-1110.jar;C:/Xilinx/Vivado/2020.2\lib\classes\com.google.guava_27.1.0.v20190517-1946.jar;C:/Xilinx/Vivado/2020.2\lib\classes\com.ibm.icu_4.4.2.v20110208.jar;C:/Xilinx/Vivado/2020.2\lib\classes\com.sigasi.hdt.connection_4.9.0.202009050929.jar;C:/Xilinx/Vivado/2020.2\lib\classes\com.sigasi.hdt.epl_4.9.0.202009050929.jar;C:/Xilinx/Vivado/2020.2\lib\classes\com.sigasi.hdt.project_4.9.0.202009050929.jar;C:/Xilinx/Vivado/2020.2\lib\classes\com.sigasi.hdt.readonlyfilesystem_4.9.0.202009050929.jar;C:/Xilinx/Vivado/2020.2\lib\classes\com.sigasi.lcm_4.9.0.202009050929.jar;C:/Xilinx/Vivado/2020.2\lib\classes\com.sigasi.sdk.client_4.9.0.202009050929.jar;C:/Xilinx/Vivado/2020.2\lib\classes\com.xilinx.hls.services.jar;C:/Xili
Launcher Type: generic

[Global flags]
     bool BytecodeVerificationLocal                = false                                     {product} {command line}
     bool BytecodeVerificationRemote               = false                                     {product} {command line}
     intx CICompilerCount                          = 4                                         {product} {ergonomic}
     uint ConcGCThreads                            = 2                                         {product} {ergonomic}
     uint G1ConcRefinementThreads                  = 8                                         {product} {ergonomic}
   size_t G1HeapRegionSize                         = 1048576                                   {product} {ergonomic}
    uintx GCDrainStackTargetSize                   = 64                                        {product} {ergonomic}
   size_t InitialHeapSize                          = 134217728                                 {product} {command line}
   size_t MarkStackSize                            = 4194304                                   {product} {ergonomic}
   size_t MaxHeapSize                              = 3221225472                                {product} {command line}
   size_t MaxNewSize                               = 62914560                                  {product} {command line}
   size_t MinHeapDeltaBytes                        = 1048576                                   {product} {ergonomic}
   size_t NewSize                                  = 62914560                                  {product} {command line}
    uintx NonNMethodCodeHeapSize                   = 5835340                                {pd product} {ergonomic}
    uintx NonProfiledCodeHeapSize                  = 122911450                              {pd product} {ergonomic}
    uintx ProfiledCodeHeapSize                     = 122911450                              {pd product} {ergonomic}
    uintx ReservedCodeCacheSize                    = 251658240                              {pd product} {ergonomic}
     bool SegmentedCodeCache                       = true                                      {product} {ergonomic}
    uintx StringTableSize                          = 4072                                      {product} {command line}
     intx ThreadStackSize                          = 5120                                   {pd product} {command line}
     bool UseCompressedClassPointers               = true                                 {lp64_product} {ergonomic}
     bool UseCompressedOops                        = true                                 {lp64_product} {ergonomic}
     bool UseG1GC                                  = true                                      {product} {ergonomic}
     bool UseLargePagesIndividualAllocation        = false                                  {pd product} {ergonomic}
     bool UsePerfData                              = false                                     {product} {command line}

Logging:
Log output configuration:
 #0: stdout all=warning uptime,level,tags
 #1: stderr all=off uptime,level,tags

Environment Variables:
PATH=C:/Xilinx/Vivado/2020.2\gnuwin\bin;C:/Xilinx/Vivado/2020.2\gnu\microblaze\nt\bin;C:/Xilinx/Vivado/2020.2/bin;C:/Xilinx/Vivado/2020.2/tps/win64/javafx-sdk-11.0.2/lib;C:/Xilinx/Vivado/2020.2/tps/win64/javafx-sdk-11.0.2/bin;C:/Xilinx/Vivado/2020.2/lib/win64.o;C:/Xilinx/Vivado/2020.2/tps/win64/jre11.0.2/bin/server;C:/Xilinx/Vivado/2020.2/tps/win64/jre11.0.2/bin;C:/Xilinx/Vivado/2020.2/ids_lite/ISE/bin/nt64;C:/Xilinx/Vivado/2020.2/ids_lite/ISE/lib/nt64;C:/Xilinx/Vitis_HLS/2020.2/bin;C:\Windows\system32;C:\Windows;C:\Windows\System32\Wbem;C:\Windows\System32\WindowsPowerShell\v1.0\;C:\Windows\System32\OpenSSH\;C:\Program Files\Git\cmd;C:\mingw64\bin;C:\Program Files (x86)\Vim\vim90;C:\Program Files\dotnet\;C:\Program Files (x86)\GnuWin32\bin;C:\Program Files\MATLAB\R2023a\bin;C:\msys64\ucrt64\bin;C:\Users\rlatk\AppData\Local\Microsoft\WindowsApps;C:\Users\rlatk\AppData\Local\Programs\Microsoft VS Code\bin;;C:/Xilinx/Vivado/2020.2\tps\mingw\6.2.0\win64.o\nt\bin;C:/Xilinx/Vivado/2020.2\tps\mingw\6.2.0\win64.o\nt\libexec\gcc\x86_64-w64-mingw32\6.2.0;C:/Xilinx/Vivado/2020.2\tps\win64\python-3.8.3;C:/Xilinx/Vivado/2020.2\tps\win64\python-3.8.3\bin;C:/Xilinx/Vivado/2020.2\tps\win64\python-3.8.3\lib;C:/Xilinx/Vivado/2020.2\tps\win64\python-3.8.3\lib\site-packages
USERNAME=Kim San
OS=Windows_NT
PROCESSOR_IDENTIFIER=Intel64 Family 6 Model 142 Stepping 12, GenuineIntel



---------------  S Y S T E M  ---------------

OS: Windows 10 , 64 bit Build 22621 (10.0.22621.2506)

CPU:total 8 (initial active 8) (4 cores per cpu, 2 threads per core) family 6 model 142 stepping 12, cmov, cx8, fxsr, mmx, sse, sse2, sse3, ssse3, sse4.1, sse4.2, popcnt, avx, avx2, aes, clmul, erms, 3dnowpref, lzcnt, ht, tsc, tscinvbit, bmi1, bmi2, adx, fma

Memory: 4k page, system-wide physical 16138M (8295M free)
TotalPageFile size 17162M (AvailPageFile size 9073M)
current process WorkingSet (physical memory assigned to process): 1144M, peak: 1172M
current process commit charge ("private bytes"): 1207M, peak: 1871M

vm_info: OpenJDK 64-Bit Server VM (11.0.2+9) for windows-amd64 JRE (11.0.2+9), built on Jan 18 2019 05:23:22 by "mach5one" with MS VC++ 15.5 (VS2017)

END.
